[2024-03-21T02:51:45.343+0000] {processor.py:161} INFO - Started process (PID=2240) to work on /opt/airflow/dags/my_dag.py
[2024-03-21T02:51:45.344+0000] {processor.py:830} INFO - Processing file /opt/airflow/dags/my_dag.py for tasks to queue
[2024-03-21T02:51:45.346+0000] {logging_mixin.py:188} INFO - [2024-03-21T02:51:45.346+0000] {dagbag.py:538} INFO - Filling up the DagBag from /opt/airflow/dags/my_dag.py
[2024-03-21T02:51:45.380+0000] {processor.py:840} INFO - DAG(s) 'my_dag' retrieved from /opt/airflow/dags/my_dag.py
[2024-03-21T02:51:45.561+0000] {logging_mixin.py:188} INFO - [2024-03-21T02:51:45.560+0000] {override.py:1769} INFO - Created Permission View: can delete on DAG:my_dag
[2024-03-21T02:51:45.574+0000] {logging_mixin.py:188} INFO - [2024-03-21T02:51:45.573+0000] {override.py:1769} INFO - Created Permission View: can read on DAG:my_dag
[2024-03-21T02:51:45.582+0000] {logging_mixin.py:188} INFO - [2024-03-21T02:51:45.582+0000] {override.py:1769} INFO - Created Permission View: can edit on DAG:my_dag
[2024-03-21T02:51:45.583+0000] {logging_mixin.py:188} INFO - [2024-03-21T02:51:45.583+0000] {dag.py:3036} INFO - Sync 1 DAGs
[2024-03-21T02:51:45.598+0000] {logging_mixin.py:188} INFO - [2024-03-21T02:51:45.597+0000] {dag.py:3058} INFO - Creating ORM DAG for my_dag
[2024-03-21T02:51:45.614+0000] {logging_mixin.py:188} INFO - [2024-03-21T02:51:45.614+0000] {dag.py:3823} INFO - Setting next_dagrun for my_dag to 2024-03-20 00:00:00+00:00, run_after=2024-03-21 00:00:00+00:00
[2024-03-21T02:51:45.813+0000] {processor.py:183} INFO - Processing /opt/airflow/dags/my_dag.py took 0.475 seconds
[2024-03-21T02:51:57.952+0000] {processor.py:161} INFO - Started process (PID=2247) to work on /opt/airflow/dags/my_dag.py
[2024-03-21T02:51:57.953+0000] {processor.py:830} INFO - Processing file /opt/airflow/dags/my_dag.py for tasks to queue
[2024-03-21T02:51:57.955+0000] {logging_mixin.py:188} INFO - [2024-03-21T02:51:57.955+0000] {dagbag.py:538} INFO - Filling up the DagBag from /opt/airflow/dags/my_dag.py
[2024-03-21T02:51:57.984+0000] {processor.py:840} INFO - DAG(s) 'my_dag' retrieved from /opt/airflow/dags/my_dag.py
[2024-03-21T02:51:57.997+0000] {logging_mixin.py:188} INFO - [2024-03-21T02:51:57.997+0000] {dag.py:3036} INFO - Sync 1 DAGs
[2024-03-21T02:51:58.023+0000] {logging_mixin.py:188} INFO - [2024-03-21T02:51:58.023+0000] {dag.py:3823} INFO - Setting next_dagrun for my_dag to 2024-03-20 00:00:00+00:00, run_after=2024-03-21 00:00:00+00:00
[2024-03-21T02:51:58.051+0000] {processor.py:183} INFO - Processing /opt/airflow/dags/my_dag.py took 0.103 seconds
[2024-03-21T02:52:29.001+0000] {processor.py:161} INFO - Started process (PID=2303) to work on /opt/airflow/dags/my_dag.py
[2024-03-21T02:52:29.002+0000] {processor.py:830} INFO - Processing file /opt/airflow/dags/my_dag.py for tasks to queue
[2024-03-21T02:52:29.004+0000] {logging_mixin.py:188} INFO - [2024-03-21T02:52:29.003+0000] {dagbag.py:538} INFO - Filling up the DagBag from /opt/airflow/dags/my_dag.py
[2024-03-21T02:52:29.020+0000] {processor.py:840} INFO - DAG(s) 'my_dag' retrieved from /opt/airflow/dags/my_dag.py
[2024-03-21T02:52:29.040+0000] {logging_mixin.py:188} INFO - [2024-03-21T02:52:29.040+0000] {dag.py:3036} INFO - Sync 1 DAGs
[2024-03-21T02:52:29.063+0000] {logging_mixin.py:188} INFO - [2024-03-21T02:52:29.063+0000] {dag.py:3823} INFO - Setting next_dagrun for my_dag to 2024-03-20 00:00:00+00:00, run_after=2024-03-21 00:00:00+00:00
[2024-03-21T02:52:29.095+0000] {processor.py:183} INFO - Processing /opt/airflow/dags/my_dag.py took 0.097 seconds
[2024-03-21T02:52:59.168+0000] {processor.py:161} INFO - Started process (PID=2359) to work on /opt/airflow/dags/my_dag.py
[2024-03-21T02:52:59.169+0000] {processor.py:830} INFO - Processing file /opt/airflow/dags/my_dag.py for tasks to queue
[2024-03-21T02:52:59.171+0000] {logging_mixin.py:188} INFO - [2024-03-21T02:52:59.171+0000] {dagbag.py:538} INFO - Filling up the DagBag from /opt/airflow/dags/my_dag.py
[2024-03-21T02:52:59.189+0000] {processor.py:840} INFO - DAG(s) 'my_dag' retrieved from /opt/airflow/dags/my_dag.py
[2024-03-21T02:52:59.209+0000] {logging_mixin.py:188} INFO - [2024-03-21T02:52:59.209+0000] {dag.py:3036} INFO - Sync 1 DAGs
[2024-03-21T02:52:59.231+0000] {logging_mixin.py:188} INFO - [2024-03-21T02:52:59.230+0000] {dag.py:3823} INFO - Setting next_dagrun for my_dag to 2024-03-20 00:00:00+00:00, run_after=2024-03-21 00:00:00+00:00
[2024-03-21T02:52:59.261+0000] {processor.py:183} INFO - Processing /opt/airflow/dags/my_dag.py took 0.096 seconds
[2024-03-21T02:53:29.780+0000] {processor.py:161} INFO - Started process (PID=2415) to work on /opt/airflow/dags/my_dag.py
[2024-03-21T02:53:29.781+0000] {processor.py:830} INFO - Processing file /opt/airflow/dags/my_dag.py for tasks to queue
[2024-03-21T02:53:29.783+0000] {logging_mixin.py:188} INFO - [2024-03-21T02:53:29.783+0000] {dagbag.py:538} INFO - Filling up the DagBag from /opt/airflow/dags/my_dag.py
[2024-03-21T02:53:29.802+0000] {processor.py:840} INFO - DAG(s) 'my_dag' retrieved from /opt/airflow/dags/my_dag.py
[2024-03-21T02:53:29.823+0000] {logging_mixin.py:188} INFO - [2024-03-21T02:53:29.822+0000] {dag.py:3036} INFO - Sync 1 DAGs
[2024-03-21T02:53:29.849+0000] {logging_mixin.py:188} INFO - [2024-03-21T02:53:29.848+0000] {dag.py:3823} INFO - Setting next_dagrun for my_dag to 2024-03-20 00:00:00+00:00, run_after=2024-03-21 00:00:00+00:00
[2024-03-21T02:53:29.872+0000] {processor.py:183} INFO - Processing /opt/airflow/dags/my_dag.py took 0.095 seconds
[2024-03-21T02:54:00.382+0000] {processor.py:161} INFO - Started process (PID=2471) to work on /opt/airflow/dags/my_dag.py
[2024-03-21T02:54:00.384+0000] {processor.py:830} INFO - Processing file /opt/airflow/dags/my_dag.py for tasks to queue
[2024-03-21T02:54:00.386+0000] {logging_mixin.py:188} INFO - [2024-03-21T02:54:00.385+0000] {dagbag.py:538} INFO - Filling up the DagBag from /opt/airflow/dags/my_dag.py
[2024-03-21T02:54:00.409+0000] {processor.py:840} INFO - DAG(s) 'my_dag' retrieved from /opt/airflow/dags/my_dag.py
[2024-03-21T02:54:00.434+0000] {logging_mixin.py:188} INFO - [2024-03-21T02:54:00.434+0000] {dag.py:3036} INFO - Sync 1 DAGs
[2024-03-21T02:54:00.462+0000] {logging_mixin.py:188} INFO - [2024-03-21T02:54:00.462+0000] {dag.py:3823} INFO - Setting next_dagrun for my_dag to 2024-03-20 00:00:00+00:00, run_after=2024-03-21 00:00:00+00:00
[2024-03-21T02:54:00.489+0000] {processor.py:183} INFO - Processing /opt/airflow/dags/my_dag.py took 0.111 seconds
[2024-03-21T02:54:31.332+0000] {processor.py:161} INFO - Started process (PID=2527) to work on /opt/airflow/dags/my_dag.py
[2024-03-21T02:54:31.333+0000] {processor.py:830} INFO - Processing file /opt/airflow/dags/my_dag.py for tasks to queue
[2024-03-21T02:54:31.335+0000] {logging_mixin.py:188} INFO - [2024-03-21T02:54:31.334+0000] {dagbag.py:538} INFO - Filling up the DagBag from /opt/airflow/dags/my_dag.py
[2024-03-21T02:54:31.356+0000] {processor.py:840} INFO - DAG(s) 'my_dag' retrieved from /opt/airflow/dags/my_dag.py
[2024-03-21T02:54:31.381+0000] {logging_mixin.py:188} INFO - [2024-03-21T02:54:31.381+0000] {dag.py:3036} INFO - Sync 1 DAGs
[2024-03-21T02:54:31.408+0000] {logging_mixin.py:188} INFO - [2024-03-21T02:54:31.408+0000] {dag.py:3823} INFO - Setting next_dagrun for my_dag to 2024-03-20 00:00:00+00:00, run_after=2024-03-21 00:00:00+00:00
[2024-03-21T02:54:31.432+0000] {processor.py:183} INFO - Processing /opt/airflow/dags/my_dag.py took 0.103 seconds
[2024-03-21T02:54:49.452+0000] {processor.py:161} INFO - Started process (PID=2577) to work on /opt/airflow/dags/my_dag.py
[2024-03-21T02:54:49.454+0000] {processor.py:830} INFO - Processing file /opt/airflow/dags/my_dag.py for tasks to queue
[2024-03-21T02:54:49.456+0000] {logging_mixin.py:188} INFO - [2024-03-21T02:54:49.455+0000] {dagbag.py:538} INFO - Filling up the DagBag from /opt/airflow/dags/my_dag.py
[2024-03-21T02:54:49.488+0000] {processor.py:840} INFO - DAG(s) 'my_dag' retrieved from /opt/airflow/dags/my_dag.py
[2024-03-21T02:54:49.513+0000] {logging_mixin.py:188} INFO - [2024-03-21T02:54:49.513+0000] {dag.py:3036} INFO - Sync 1 DAGs
[2024-03-21T02:54:49.537+0000] {logging_mixin.py:188} INFO - [2024-03-21T02:54:49.537+0000] {dag.py:3823} INFO - Setting next_dagrun for my_dag to 2024-03-20 00:00:00+00:00, run_after=2024-03-21 00:00:00+00:00
[2024-03-21T02:54:49.564+0000] {processor.py:183} INFO - Processing /opt/airflow/dags/my_dag.py took 0.116 seconds
[2024-03-21T02:55:19.751+0000] {processor.py:161} INFO - Started process (PID=2633) to work on /opt/airflow/dags/my_dag.py
[2024-03-21T02:55:19.753+0000] {processor.py:830} INFO - Processing file /opt/airflow/dags/my_dag.py for tasks to queue
[2024-03-21T02:55:19.756+0000] {logging_mixin.py:188} INFO - [2024-03-21T02:55:19.756+0000] {dagbag.py:538} INFO - Filling up the DagBag from /opt/airflow/dags/my_dag.py
[2024-03-21T02:55:19.779+0000] {processor.py:840} INFO - DAG(s) 'my_dag' retrieved from /opt/airflow/dags/my_dag.py
[2024-03-21T02:55:20.084+0000] {logging_mixin.py:188} INFO - [2024-03-21T02:55:20.084+0000] {dag.py:3036} INFO - Sync 1 DAGs
[2024-03-21T02:55:20.106+0000] {logging_mixin.py:188} INFO - [2024-03-21T02:55:20.105+0000] {dag.py:3823} INFO - Setting next_dagrun for my_dag to 2024-03-20 00:00:00+00:00, run_after=2024-03-21 00:00:00+00:00
[2024-03-21T02:55:20.132+0000] {processor.py:183} INFO - Processing /opt/airflow/dags/my_dag.py took 0.384 seconds
[2024-03-21T02:55:50.243+0000] {processor.py:161} INFO - Started process (PID=2689) to work on /opt/airflow/dags/my_dag.py
[2024-03-21T02:55:50.245+0000] {processor.py:830} INFO - Processing file /opt/airflow/dags/my_dag.py for tasks to queue
[2024-03-21T02:55:50.247+0000] {logging_mixin.py:188} INFO - [2024-03-21T02:55:50.247+0000] {dagbag.py:538} INFO - Filling up the DagBag from /opt/airflow/dags/my_dag.py
[2024-03-21T02:55:50.273+0000] {processor.py:840} INFO - DAG(s) 'my_dag' retrieved from /opt/airflow/dags/my_dag.py
[2024-03-21T02:55:50.302+0000] {logging_mixin.py:188} INFO - [2024-03-21T02:55:50.302+0000] {dag.py:3036} INFO - Sync 1 DAGs
[2024-03-21T02:55:50.336+0000] {logging_mixin.py:188} INFO - [2024-03-21T02:55:50.335+0000] {dag.py:3823} INFO - Setting next_dagrun for my_dag to 2024-03-20 00:00:00+00:00, run_after=2024-03-21 00:00:00+00:00
[2024-03-21T02:55:50.371+0000] {processor.py:183} INFO - Processing /opt/airflow/dags/my_dag.py took 0.133 seconds
[2024-03-21T02:56:20.420+0000] {processor.py:161} INFO - Started process (PID=2745) to work on /opt/airflow/dags/my_dag.py
[2024-03-21T02:56:20.421+0000] {processor.py:830} INFO - Processing file /opt/airflow/dags/my_dag.py for tasks to queue
[2024-03-21T02:56:20.424+0000] {logging_mixin.py:188} INFO - [2024-03-21T02:56:20.423+0000] {dagbag.py:538} INFO - Filling up the DagBag from /opt/airflow/dags/my_dag.py
[2024-03-21T02:56:20.458+0000] {processor.py:840} INFO - DAG(s) 'my_dag' retrieved from /opt/airflow/dags/my_dag.py
[2024-03-21T02:56:20.488+0000] {logging_mixin.py:188} INFO - [2024-03-21T02:56:20.487+0000] {dag.py:3036} INFO - Sync 1 DAGs
[2024-03-21T02:56:20.519+0000] {logging_mixin.py:188} INFO - [2024-03-21T02:56:20.518+0000] {dag.py:3823} INFO - Setting next_dagrun for my_dag to 2024-03-20 00:00:00+00:00, run_after=2024-03-21 00:00:00+00:00
[2024-03-21T02:56:20.548+0000] {processor.py:183} INFO - Processing /opt/airflow/dags/my_dag.py took 0.132 seconds
[2024-03-21T02:56:50.680+0000] {processor.py:161} INFO - Started process (PID=2801) to work on /opt/airflow/dags/my_dag.py
[2024-03-21T02:56:50.681+0000] {processor.py:830} INFO - Processing file /opt/airflow/dags/my_dag.py for tasks to queue
[2024-03-21T02:56:50.684+0000] {logging_mixin.py:188} INFO - [2024-03-21T02:56:50.684+0000] {dagbag.py:538} INFO - Filling up the DagBag from /opt/airflow/dags/my_dag.py
[2024-03-21T02:56:50.710+0000] {processor.py:840} INFO - DAG(s) 'my_dag' retrieved from /opt/airflow/dags/my_dag.py
[2024-03-21T02:56:50.737+0000] {logging_mixin.py:188} INFO - [2024-03-21T02:56:50.737+0000] {dag.py:3036} INFO - Sync 1 DAGs
[2024-03-21T02:56:50.767+0000] {logging_mixin.py:188} INFO - [2024-03-21T02:56:50.767+0000] {dag.py:3823} INFO - Setting next_dagrun for my_dag to 2024-03-20 00:00:00+00:00, run_after=2024-03-21 00:00:00+00:00
[2024-03-21T02:56:50.798+0000] {processor.py:183} INFO - Processing /opt/airflow/dags/my_dag.py took 0.122 seconds
[2024-03-21T02:57:21.333+0000] {processor.py:161} INFO - Started process (PID=2857) to work on /opt/airflow/dags/my_dag.py
[2024-03-21T02:57:21.334+0000] {processor.py:830} INFO - Processing file /opt/airflow/dags/my_dag.py for tasks to queue
[2024-03-21T02:57:21.336+0000] {logging_mixin.py:188} INFO - [2024-03-21T02:57:21.336+0000] {dagbag.py:538} INFO - Filling up the DagBag from /opt/airflow/dags/my_dag.py
[2024-03-21T02:57:21.352+0000] {processor.py:840} INFO - DAG(s) 'my_dag' retrieved from /opt/airflow/dags/my_dag.py
[2024-03-21T02:57:21.372+0000] {logging_mixin.py:188} INFO - [2024-03-21T02:57:21.372+0000] {dag.py:3036} INFO - Sync 1 DAGs
[2024-03-21T02:57:21.400+0000] {logging_mixin.py:188} INFO - [2024-03-21T02:57:21.399+0000] {dag.py:3823} INFO - Setting next_dagrun for my_dag to 2024-03-20 00:00:00+00:00, run_after=2024-03-21 00:00:00+00:00
[2024-03-21T02:57:21.431+0000] {processor.py:183} INFO - Processing /opt/airflow/dags/my_dag.py took 0.101 seconds
[2024-03-21T02:57:51.923+0000] {processor.py:161} INFO - Started process (PID=2913) to work on /opt/airflow/dags/my_dag.py
[2024-03-21T02:57:51.926+0000] {processor.py:830} INFO - Processing file /opt/airflow/dags/my_dag.py for tasks to queue
[2024-03-21T02:57:51.930+0000] {logging_mixin.py:188} INFO - [2024-03-21T02:57:51.929+0000] {dagbag.py:538} INFO - Filling up the DagBag from /opt/airflow/dags/my_dag.py
[2024-03-21T02:57:51.959+0000] {processor.py:840} INFO - DAG(s) 'my_dag' retrieved from /opt/airflow/dags/my_dag.py
[2024-03-21T02:57:51.994+0000] {logging_mixin.py:188} INFO - [2024-03-21T02:57:51.994+0000] {dag.py:3036} INFO - Sync 1 DAGs
[2024-03-21T02:57:52.036+0000] {logging_mixin.py:188} INFO - [2024-03-21T02:57:52.036+0000] {dag.py:3823} INFO - Setting next_dagrun for my_dag to 2024-03-20 00:00:00+00:00, run_after=2024-03-21 00:00:00+00:00
[2024-03-21T02:57:52.074+0000] {processor.py:183} INFO - Processing /opt/airflow/dags/my_dag.py took 0.157 seconds
[2024-03-21T02:58:22.547+0000] {processor.py:161} INFO - Started process (PID=2969) to work on /opt/airflow/dags/my_dag.py
[2024-03-21T02:58:22.549+0000] {processor.py:830} INFO - Processing file /opt/airflow/dags/my_dag.py for tasks to queue
[2024-03-21T02:58:22.552+0000] {logging_mixin.py:188} INFO - [2024-03-21T02:58:22.551+0000] {dagbag.py:538} INFO - Filling up the DagBag from /opt/airflow/dags/my_dag.py
[2024-03-21T02:58:22.578+0000] {processor.py:840} INFO - DAG(s) 'my_dag' retrieved from /opt/airflow/dags/my_dag.py
[2024-03-21T02:58:22.780+0000] {logging_mixin.py:188} INFO - [2024-03-21T02:58:22.779+0000] {dag.py:3036} INFO - Sync 1 DAGs
[2024-03-21T02:58:22.811+0000] {logging_mixin.py:188} INFO - [2024-03-21T02:58:22.810+0000] {dag.py:3823} INFO - Setting next_dagrun for my_dag to 2024-03-20 00:00:00+00:00, run_after=2024-03-21 00:00:00+00:00
[2024-03-21T02:58:22.838+0000] {processor.py:183} INFO - Processing /opt/airflow/dags/my_dag.py took 0.295 seconds
[2024-03-21T02:58:52.943+0000] {processor.py:161} INFO - Started process (PID=3025) to work on /opt/airflow/dags/my_dag.py
[2024-03-21T02:58:52.946+0000] {processor.py:830} INFO - Processing file /opt/airflow/dags/my_dag.py for tasks to queue
[2024-03-21T02:58:52.949+0000] {logging_mixin.py:188} INFO - [2024-03-21T02:58:52.948+0000] {dagbag.py:538} INFO - Filling up the DagBag from /opt/airflow/dags/my_dag.py
[2024-03-21T02:58:52.976+0000] {processor.py:840} INFO - DAG(s) 'my_dag' retrieved from /opt/airflow/dags/my_dag.py
[2024-03-21T02:58:53.009+0000] {logging_mixin.py:188} INFO - [2024-03-21T02:58:53.009+0000] {dag.py:3036} INFO - Sync 1 DAGs
[2024-03-21T02:58:53.046+0000] {logging_mixin.py:188} INFO - [2024-03-21T02:58:53.046+0000] {dag.py:3823} INFO - Setting next_dagrun for my_dag to 2024-03-20 00:00:00+00:00, run_after=2024-03-21 00:00:00+00:00
[2024-03-21T02:58:53.072+0000] {processor.py:183} INFO - Processing /opt/airflow/dags/my_dag.py took 0.134 seconds
[2024-03-21T02:59:23.152+0000] {processor.py:161} INFO - Started process (PID=3082) to work on /opt/airflow/dags/my_dag.py
[2024-03-21T02:59:23.153+0000] {processor.py:830} INFO - Processing file /opt/airflow/dags/my_dag.py for tasks to queue
[2024-03-21T02:59:23.155+0000] {logging_mixin.py:188} INFO - [2024-03-21T02:59:23.155+0000] {dagbag.py:538} INFO - Filling up the DagBag from /opt/airflow/dags/my_dag.py
[2024-03-21T02:59:23.172+0000] {processor.py:840} INFO - DAG(s) 'my_dag' retrieved from /opt/airflow/dags/my_dag.py
[2024-03-21T02:59:23.192+0000] {logging_mixin.py:188} INFO - [2024-03-21T02:59:23.191+0000] {dag.py:3036} INFO - Sync 1 DAGs
[2024-03-21T02:59:23.213+0000] {logging_mixin.py:188} INFO - [2024-03-21T02:59:23.213+0000] {dag.py:3823} INFO - Setting next_dagrun for my_dag to 2024-03-20 00:00:00+00:00, run_after=2024-03-21 00:00:00+00:00
[2024-03-21T02:59:23.239+0000] {processor.py:183} INFO - Processing /opt/airflow/dags/my_dag.py took 0.090 seconds
[2024-03-21T02:59:53.717+0000] {processor.py:161} INFO - Started process (PID=3138) to work on /opt/airflow/dags/my_dag.py
[2024-03-21T02:59:53.719+0000] {processor.py:830} INFO - Processing file /opt/airflow/dags/my_dag.py for tasks to queue
[2024-03-21T02:59:53.721+0000] {logging_mixin.py:188} INFO - [2024-03-21T02:59:53.720+0000] {dagbag.py:538} INFO - Filling up the DagBag from /opt/airflow/dags/my_dag.py
[2024-03-21T02:59:53.742+0000] {processor.py:840} INFO - DAG(s) 'my_dag' retrieved from /opt/airflow/dags/my_dag.py
[2024-03-21T02:59:53.762+0000] {logging_mixin.py:188} INFO - [2024-03-21T02:59:53.762+0000] {dag.py:3036} INFO - Sync 1 DAGs
[2024-03-21T02:59:53.785+0000] {logging_mixin.py:188} INFO - [2024-03-21T02:59:53.785+0000] {dag.py:3823} INFO - Setting next_dagrun for my_dag to 2024-03-20 00:00:00+00:00, run_after=2024-03-21 00:00:00+00:00
[2024-03-21T02:59:53.806+0000] {processor.py:183} INFO - Processing /opt/airflow/dags/my_dag.py took 0.091 seconds
[2024-03-21T03:00:24.020+0000] {processor.py:161} INFO - Started process (PID=3195) to work on /opt/airflow/dags/my_dag.py
[2024-03-21T03:00:24.022+0000] {processor.py:830} INFO - Processing file /opt/airflow/dags/my_dag.py for tasks to queue
[2024-03-21T03:00:24.024+0000] {logging_mixin.py:188} INFO - [2024-03-21T03:00:24.024+0000] {dagbag.py:538} INFO - Filling up the DagBag from /opt/airflow/dags/my_dag.py
[2024-03-21T03:00:24.044+0000] {processor.py:840} INFO - DAG(s) 'my_dag' retrieved from /opt/airflow/dags/my_dag.py
[2024-03-21T03:00:24.064+0000] {logging_mixin.py:188} INFO - [2024-03-21T03:00:24.064+0000] {dag.py:3036} INFO - Sync 1 DAGs
[2024-03-21T03:00:24.085+0000] {logging_mixin.py:188} INFO - [2024-03-21T03:00:24.085+0000] {dag.py:3823} INFO - Setting next_dagrun for my_dag to 2024-03-20 00:00:00+00:00, run_after=2024-03-21 00:00:00+00:00
[2024-03-21T03:00:24.103+0000] {processor.py:183} INFO - Processing /opt/airflow/dags/my_dag.py took 0.086 seconds
[2024-03-21T03:00:54.961+0000] {processor.py:161} INFO - Started process (PID=3251) to work on /opt/airflow/dags/my_dag.py
[2024-03-21T03:00:54.962+0000] {processor.py:830} INFO - Processing file /opt/airflow/dags/my_dag.py for tasks to queue
[2024-03-21T03:00:54.965+0000] {logging_mixin.py:188} INFO - [2024-03-21T03:00:54.964+0000] {dagbag.py:538} INFO - Filling up the DagBag from /opt/airflow/dags/my_dag.py
[2024-03-21T03:00:54.985+0000] {processor.py:840} INFO - DAG(s) 'my_dag' retrieved from /opt/airflow/dags/my_dag.py
[2024-03-21T03:00:55.007+0000] {logging_mixin.py:188} INFO - [2024-03-21T03:00:55.007+0000] {dag.py:3036} INFO - Sync 1 DAGs
[2024-03-21T03:00:55.029+0000] {logging_mixin.py:188} INFO - [2024-03-21T03:00:55.029+0000] {dag.py:3823} INFO - Setting next_dagrun for my_dag to 2024-03-20 00:00:00+00:00, run_after=2024-03-21 00:00:00+00:00
[2024-03-21T03:00:55.056+0000] {processor.py:183} INFO - Processing /opt/airflow/dags/my_dag.py took 0.098 seconds
[2024-03-21T03:02:43.668+0000] {processor.py:161} INFO - Started process (PID=42) to work on /opt/airflow/dags/my_dag.py
[2024-03-21T03:02:43.671+0000] {processor.py:830} INFO - Processing file /opt/airflow/dags/my_dag.py for tasks to queue
[2024-03-21T03:02:43.675+0000] {logging_mixin.py:188} INFO - [2024-03-21T03:02:43.675+0000] {dagbag.py:538} INFO - Filling up the DagBag from /opt/airflow/dags/my_dag.py
[2024-03-21T03:02:43.706+0000] {processor.py:840} INFO - DAG(s) 'my_dag' retrieved from /opt/airflow/dags/my_dag.py
[2024-03-21T03:02:43.855+0000] {logging_mixin.py:188} INFO - [2024-03-21T03:02:43.854+0000] {dag.py:3036} INFO - Sync 1 DAGs
[2024-03-21T03:02:43.877+0000] {logging_mixin.py:188} INFO - [2024-03-21T03:02:43.877+0000] {dag.py:3823} INFO - Setting next_dagrun for my_dag to 2024-03-20 00:00:00+00:00, run_after=2024-03-21 00:00:00+00:00
[2024-03-21T03:02:43.902+0000] {processor.py:183} INFO - Processing /opt/airflow/dags/my_dag.py took 0.239 seconds
[2024-03-21T03:03:14.279+0000] {processor.py:161} INFO - Started process (PID=98) to work on /opt/airflow/dags/my_dag.py
[2024-03-21T03:03:14.281+0000] {processor.py:830} INFO - Processing file /opt/airflow/dags/my_dag.py for tasks to queue
[2024-03-21T03:03:14.283+0000] {logging_mixin.py:188} INFO - [2024-03-21T03:03:14.282+0000] {dagbag.py:538} INFO - Filling up the DagBag from /opt/airflow/dags/my_dag.py
[2024-03-21T03:03:14.300+0000] {processor.py:840} INFO - DAG(s) 'my_dag' retrieved from /opt/airflow/dags/my_dag.py
[2024-03-21T03:03:14.320+0000] {logging_mixin.py:188} INFO - [2024-03-21T03:03:14.320+0000] {dag.py:3036} INFO - Sync 1 DAGs
[2024-03-21T03:03:14.343+0000] {logging_mixin.py:188} INFO - [2024-03-21T03:03:14.343+0000] {dag.py:3823} INFO - Setting next_dagrun for my_dag to 2024-03-20 00:00:00+00:00, run_after=2024-03-21 00:00:00+00:00
[2024-03-21T03:03:14.370+0000] {processor.py:183} INFO - Processing /opt/airflow/dags/my_dag.py took 0.093 seconds
[2024-03-21T03:03:44.421+0000] {processor.py:161} INFO - Started process (PID=154) to work on /opt/airflow/dags/my_dag.py
[2024-03-21T03:03:44.422+0000] {processor.py:830} INFO - Processing file /opt/airflow/dags/my_dag.py for tasks to queue
[2024-03-21T03:03:44.424+0000] {logging_mixin.py:188} INFO - [2024-03-21T03:03:44.424+0000] {dagbag.py:538} INFO - Filling up the DagBag from /opt/airflow/dags/my_dag.py
[2024-03-21T03:03:44.439+0000] {processor.py:840} INFO - DAG(s) 'my_dag' retrieved from /opt/airflow/dags/my_dag.py
[2024-03-21T03:03:44.460+0000] {logging_mixin.py:188} INFO - [2024-03-21T03:03:44.460+0000] {dag.py:3036} INFO - Sync 1 DAGs
[2024-03-21T03:03:44.484+0000] {logging_mixin.py:188} INFO - [2024-03-21T03:03:44.483+0000] {dag.py:3823} INFO - Setting next_dagrun for my_dag to 2024-03-20 00:00:00+00:00, run_after=2024-03-21 00:00:00+00:00
[2024-03-21T03:03:44.511+0000] {processor.py:183} INFO - Processing /opt/airflow/dags/my_dag.py took 0.092 seconds
[2024-03-21T03:04:15.196+0000] {processor.py:161} INFO - Started process (PID=224) to work on /opt/airflow/dags/my_dag.py
[2024-03-21T03:04:15.197+0000] {processor.py:830} INFO - Processing file /opt/airflow/dags/my_dag.py for tasks to queue
[2024-03-21T03:04:15.200+0000] {logging_mixin.py:188} INFO - [2024-03-21T03:04:15.199+0000] {dagbag.py:538} INFO - Filling up the DagBag from /opt/airflow/dags/my_dag.py
[2024-03-21T03:04:15.216+0000] {processor.py:840} INFO - DAG(s) 'my_dag' retrieved from /opt/airflow/dags/my_dag.py
[2024-03-21T03:04:15.237+0000] {logging_mixin.py:188} INFO - [2024-03-21T03:04:15.236+0000] {dag.py:3036} INFO - Sync 1 DAGs
[2024-03-21T03:04:15.259+0000] {logging_mixin.py:188} INFO - [2024-03-21T03:04:15.259+0000] {dag.py:3823} INFO - Setting next_dagrun for my_dag to 2024-03-21 00:00:00+00:00, run_after=2024-03-22 00:00:00+00:00
[2024-03-21T03:04:15.279+0000] {processor.py:183} INFO - Processing /opt/airflow/dags/my_dag.py took 0.087 seconds
[2024-03-21T03:04:45.535+0000] {processor.py:161} INFO - Started process (PID=280) to work on /opt/airflow/dags/my_dag.py
[2024-03-21T03:04:45.536+0000] {processor.py:830} INFO - Processing file /opt/airflow/dags/my_dag.py for tasks to queue
[2024-03-21T03:04:45.538+0000] {logging_mixin.py:188} INFO - [2024-03-21T03:04:45.538+0000] {dagbag.py:538} INFO - Filling up the DagBag from /opt/airflow/dags/my_dag.py
[2024-03-21T03:04:45.559+0000] {processor.py:840} INFO - DAG(s) 'my_dag' retrieved from /opt/airflow/dags/my_dag.py
[2024-03-21T03:04:45.583+0000] {logging_mixin.py:188} INFO - [2024-03-21T03:04:45.583+0000] {dag.py:3036} INFO - Sync 1 DAGs
[2024-03-21T03:04:45.609+0000] {logging_mixin.py:188} INFO - [2024-03-21T03:04:45.609+0000] {dag.py:3823} INFO - Setting next_dagrun for my_dag to 2024-03-21 00:00:00+00:00, run_after=2024-03-22 00:00:00+00:00
[2024-03-21T03:04:45.631+0000] {processor.py:183} INFO - Processing /opt/airflow/dags/my_dag.py took 0.100 seconds
[2024-03-21T03:05:15.696+0000] {processor.py:161} INFO - Started process (PID=336) to work on /opt/airflow/dags/my_dag.py
[2024-03-21T03:05:15.698+0000] {processor.py:830} INFO - Processing file /opt/airflow/dags/my_dag.py for tasks to queue
[2024-03-21T03:05:15.700+0000] {logging_mixin.py:188} INFO - [2024-03-21T03:05:15.700+0000] {dagbag.py:538} INFO - Filling up the DagBag from /opt/airflow/dags/my_dag.py
[2024-03-21T03:05:15.720+0000] {processor.py:840} INFO - DAG(s) 'my_dag' retrieved from /opt/airflow/dags/my_dag.py
[2024-03-21T03:05:15.741+0000] {logging_mixin.py:188} INFO - [2024-03-21T03:05:15.741+0000] {dag.py:3036} INFO - Sync 1 DAGs
[2024-03-21T03:05:15.766+0000] {logging_mixin.py:188} INFO - [2024-03-21T03:05:15.766+0000] {dag.py:3823} INFO - Setting next_dagrun for my_dag to 2024-03-21 00:00:00+00:00, run_after=2024-03-22 00:00:00+00:00
[2024-03-21T03:05:15.791+0000] {processor.py:183} INFO - Processing /opt/airflow/dags/my_dag.py took 0.098 seconds
[2024-03-21T03:05:45.897+0000] {processor.py:161} INFO - Started process (PID=400) to work on /opt/airflow/dags/my_dag.py
[2024-03-21T03:05:45.898+0000] {processor.py:830} INFO - Processing file /opt/airflow/dags/my_dag.py for tasks to queue
[2024-03-21T03:05:45.901+0000] {logging_mixin.py:188} INFO - [2024-03-21T03:05:45.901+0000] {dagbag.py:538} INFO - Filling up the DagBag from /opt/airflow/dags/my_dag.py
[2024-03-21T03:05:45.922+0000] {processor.py:840} INFO - DAG(s) 'my_dag' retrieved from /opt/airflow/dags/my_dag.py
[2024-03-21T03:05:45.948+0000] {logging_mixin.py:188} INFO - [2024-03-21T03:05:45.948+0000] {dag.py:3036} INFO - Sync 1 DAGs
[2024-03-21T03:05:45.979+0000] {logging_mixin.py:188} INFO - [2024-03-21T03:05:45.979+0000] {dag.py:3823} INFO - Setting next_dagrun for my_dag to 2024-03-21 00:00:00+00:00, run_after=2024-03-22 00:00:00+00:00
[2024-03-21T03:05:46.010+0000] {processor.py:183} INFO - Processing /opt/airflow/dags/my_dag.py took 0.117 seconds
[2024-03-21T03:06:16.515+0000] {processor.py:161} INFO - Started process (PID=456) to work on /opt/airflow/dags/my_dag.py
[2024-03-21T03:06:16.517+0000] {processor.py:830} INFO - Processing file /opt/airflow/dags/my_dag.py for tasks to queue
[2024-03-21T03:06:16.520+0000] {logging_mixin.py:188} INFO - [2024-03-21T03:06:16.519+0000] {dagbag.py:538} INFO - Filling up the DagBag from /opt/airflow/dags/my_dag.py
[2024-03-21T03:06:16.542+0000] {processor.py:840} INFO - DAG(s) 'my_dag' retrieved from /opt/airflow/dags/my_dag.py
[2024-03-21T03:06:16.570+0000] {logging_mixin.py:188} INFO - [2024-03-21T03:06:16.570+0000] {dag.py:3036} INFO - Sync 1 DAGs
[2024-03-21T03:06:16.600+0000] {logging_mixin.py:188} INFO - [2024-03-21T03:06:16.600+0000] {dag.py:3823} INFO - Setting next_dagrun for my_dag to 2024-03-21 00:00:00+00:00, run_after=2024-03-22 00:00:00+00:00
[2024-03-21T03:06:16.625+0000] {processor.py:183} INFO - Processing /opt/airflow/dags/my_dag.py took 0.114 seconds
[2024-03-21T03:06:46.833+0000] {processor.py:161} INFO - Started process (PID=512) to work on /opt/airflow/dags/my_dag.py
[2024-03-21T03:06:46.834+0000] {processor.py:830} INFO - Processing file /opt/airflow/dags/my_dag.py for tasks to queue
[2024-03-21T03:06:46.836+0000] {logging_mixin.py:188} INFO - [2024-03-21T03:06:46.836+0000] {dagbag.py:538} INFO - Filling up the DagBag from /opt/airflow/dags/my_dag.py
[2024-03-21T03:06:46.860+0000] {processor.py:840} INFO - DAG(s) 'my_dag' retrieved from /opt/airflow/dags/my_dag.py
[2024-03-21T03:06:46.886+0000] {logging_mixin.py:188} INFO - [2024-03-21T03:06:46.885+0000] {dag.py:3036} INFO - Sync 1 DAGs
[2024-03-21T03:06:46.913+0000] {logging_mixin.py:188} INFO - [2024-03-21T03:06:46.913+0000] {dag.py:3823} INFO - Setting next_dagrun for my_dag to 2024-03-21 00:00:00+00:00, run_after=2024-03-22 00:00:00+00:00
[2024-03-21T03:06:46.935+0000] {processor.py:183} INFO - Processing /opt/airflow/dags/my_dag.py took 0.106 seconds
[2024-03-21T03:07:17.349+0000] {processor.py:161} INFO - Started process (PID=568) to work on /opt/airflow/dags/my_dag.py
[2024-03-21T03:07:17.350+0000] {processor.py:830} INFO - Processing file /opt/airflow/dags/my_dag.py for tasks to queue
[2024-03-21T03:07:17.352+0000] {logging_mixin.py:188} INFO - [2024-03-21T03:07:17.352+0000] {dagbag.py:538} INFO - Filling up the DagBag from /opt/airflow/dags/my_dag.py
[2024-03-21T03:07:17.377+0000] {processor.py:840} INFO - DAG(s) 'my_dag' retrieved from /opt/airflow/dags/my_dag.py
[2024-03-21T03:07:17.411+0000] {logging_mixin.py:188} INFO - [2024-03-21T03:07:17.411+0000] {dag.py:3036} INFO - Sync 1 DAGs
[2024-03-21T03:07:17.447+0000] {logging_mixin.py:188} INFO - [2024-03-21T03:07:17.447+0000] {dag.py:3823} INFO - Setting next_dagrun for my_dag to 2024-03-21 00:00:00+00:00, run_after=2024-03-22 00:00:00+00:00
[2024-03-21T03:07:17.479+0000] {processor.py:183} INFO - Processing /opt/airflow/dags/my_dag.py took 0.134 seconds
[2024-03-21T03:07:31.221+0000] {processor.py:161} INFO - Started process (PID=618) to work on /opt/airflow/dags/my_dag.py
[2024-03-21T03:07:31.223+0000] {processor.py:830} INFO - Processing file /opt/airflow/dags/my_dag.py for tasks to queue
[2024-03-21T03:07:31.226+0000] {logging_mixin.py:188} INFO - [2024-03-21T03:07:31.225+0000] {dagbag.py:538} INFO - Filling up the DagBag from /opt/airflow/dags/my_dag.py
[2024-03-21T03:07:31.273+0000] {processor.py:840} INFO - DAG(s) 'my_dag' retrieved from /opt/airflow/dags/my_dag.py
[2024-03-21T03:07:31.383+0000] {logging_mixin.py:188} INFO - [2024-03-21T03:07:31.383+0000] {dag.py:3036} INFO - Sync 1 DAGs
[2024-03-21T03:07:31.411+0000] {logging_mixin.py:188} INFO - [2024-03-21T03:07:31.410+0000] {dag.py:3823} INFO - Setting next_dagrun for my_dag to 2024-03-21 00:00:00+00:00, run_after=2024-03-22 00:00:00+00:00
[2024-03-21T03:07:31.445+0000] {processor.py:183} INFO - Processing /opt/airflow/dags/my_dag.py took 0.228 seconds
[2024-03-21T03:08:01.935+0000] {processor.py:161} INFO - Started process (PID=674) to work on /opt/airflow/dags/my_dag.py
[2024-03-21T03:08:01.937+0000] {processor.py:830} INFO - Processing file /opt/airflow/dags/my_dag.py for tasks to queue
[2024-03-21T03:08:01.940+0000] {logging_mixin.py:188} INFO - [2024-03-21T03:08:01.939+0000] {dagbag.py:538} INFO - Filling up the DagBag from /opt/airflow/dags/my_dag.py
[2024-03-21T03:08:01.964+0000] {processor.py:840} INFO - DAG(s) 'my_dag' retrieved from /opt/airflow/dags/my_dag.py
[2024-03-21T03:08:02.092+0000] {logging_mixin.py:188} INFO - [2024-03-21T03:08:02.092+0000] {dag.py:3036} INFO - Sync 1 DAGs
[2024-03-21T03:08:02.115+0000] {logging_mixin.py:188} INFO - [2024-03-21T03:08:02.115+0000] {dag.py:3823} INFO - Setting next_dagrun for my_dag to 2024-03-21 00:00:00+00:00, run_after=2024-03-22 00:00:00+00:00
[2024-03-21T03:08:02.144+0000] {processor.py:183} INFO - Processing /opt/airflow/dags/my_dag.py took 0.215 seconds
[2024-03-21T03:08:32.650+0000] {processor.py:161} INFO - Started process (PID=741) to work on /opt/airflow/dags/my_dag.py
[2024-03-21T03:08:32.651+0000] {processor.py:830} INFO - Processing file /opt/airflow/dags/my_dag.py for tasks to queue
[2024-03-21T03:08:32.654+0000] {logging_mixin.py:188} INFO - [2024-03-21T03:08:32.653+0000] {dagbag.py:538} INFO - Filling up the DagBag from /opt/airflow/dags/my_dag.py
[2024-03-21T03:08:32.673+0000] {processor.py:840} INFO - DAG(s) 'my_dag' retrieved from /opt/airflow/dags/my_dag.py
[2024-03-21T03:08:32.699+0000] {logging_mixin.py:188} INFO - [2024-03-21T03:08:32.699+0000] {dag.py:3036} INFO - Sync 1 DAGs
[2024-03-21T03:08:32.732+0000] {logging_mixin.py:188} INFO - [2024-03-21T03:08:32.731+0000] {dag.py:3823} INFO - Setting next_dagrun for my_dag to 2024-03-21 00:00:00+00:00, run_after=2024-03-22 00:00:00+00:00
[2024-03-21T03:08:32.760+0000] {processor.py:183} INFO - Processing /opt/airflow/dags/my_dag.py took 0.113 seconds
[2024-03-21T03:09:02.850+0000] {processor.py:161} INFO - Started process (PID=797) to work on /opt/airflow/dags/my_dag.py
[2024-03-21T03:09:02.851+0000] {processor.py:830} INFO - Processing file /opt/airflow/dags/my_dag.py for tasks to queue
[2024-03-21T03:09:02.853+0000] {logging_mixin.py:188} INFO - [2024-03-21T03:09:02.852+0000] {dagbag.py:538} INFO - Filling up the DagBag from /opt/airflow/dags/my_dag.py
[2024-03-21T03:09:02.871+0000] {processor.py:840} INFO - DAG(s) 'my_dag' retrieved from /opt/airflow/dags/my_dag.py
[2024-03-21T03:09:02.890+0000] {logging_mixin.py:188} INFO - [2024-03-21T03:09:02.890+0000] {dag.py:3036} INFO - Sync 1 DAGs
[2024-03-21T03:09:02.912+0000] {logging_mixin.py:188} INFO - [2024-03-21T03:09:02.912+0000] {dag.py:3823} INFO - Setting next_dagrun for my_dag to 2024-03-21 00:00:00+00:00, run_after=2024-03-22 00:00:00+00:00
[2024-03-21T03:09:02.942+0000] {processor.py:183} INFO - Processing /opt/airflow/dags/my_dag.py took 0.096 seconds
[2024-03-21T03:09:33.031+0000] {processor.py:161} INFO - Started process (PID=853) to work on /opt/airflow/dags/my_dag.py
[2024-03-21T03:09:33.032+0000] {processor.py:830} INFO - Processing file /opt/airflow/dags/my_dag.py for tasks to queue
[2024-03-21T03:09:33.034+0000] {logging_mixin.py:188} INFO - [2024-03-21T03:09:33.034+0000] {dagbag.py:538} INFO - Filling up the DagBag from /opt/airflow/dags/my_dag.py
[2024-03-21T03:09:33.051+0000] {processor.py:840} INFO - DAG(s) 'my_dag' retrieved from /opt/airflow/dags/my_dag.py
[2024-03-21T03:09:33.072+0000] {logging_mixin.py:188} INFO - [2024-03-21T03:09:33.072+0000] {dag.py:3036} INFO - Sync 1 DAGs
[2024-03-21T03:09:33.097+0000] {logging_mixin.py:188} INFO - [2024-03-21T03:09:33.096+0000] {dag.py:3823} INFO - Setting next_dagrun for my_dag to 2024-03-21 00:00:00+00:00, run_after=2024-03-22 00:00:00+00:00
[2024-03-21T03:09:33.121+0000] {processor.py:183} INFO - Processing /opt/airflow/dags/my_dag.py took 0.093 seconds
[2024-03-21T03:10:03.259+0000] {processor.py:161} INFO - Started process (PID=907) to work on /opt/airflow/dags/my_dag.py
[2024-03-21T03:10:03.260+0000] {processor.py:830} INFO - Processing file /opt/airflow/dags/my_dag.py for tasks to queue
[2024-03-21T03:10:03.262+0000] {logging_mixin.py:188} INFO - [2024-03-21T03:10:03.262+0000] {dagbag.py:538} INFO - Filling up the DagBag from /opt/airflow/dags/my_dag.py
[2024-03-21T03:10:03.282+0000] {processor.py:840} INFO - DAG(s) 'my_dag' retrieved from /opt/airflow/dags/my_dag.py
[2024-03-21T03:10:03.306+0000] {logging_mixin.py:188} INFO - [2024-03-21T03:10:03.306+0000] {dag.py:3036} INFO - Sync 1 DAGs
[2024-03-21T03:10:03.330+0000] {logging_mixin.py:188} INFO - [2024-03-21T03:10:03.330+0000] {dag.py:3823} INFO - Setting next_dagrun for my_dag to 2024-03-21 00:00:00+00:00, run_after=2024-03-22 00:00:00+00:00
[2024-03-21T03:10:03.356+0000] {processor.py:183} INFO - Processing /opt/airflow/dags/my_dag.py took 0.101 seconds
[2024-03-21T03:10:33.595+0000] {processor.py:161} INFO - Started process (PID=963) to work on /opt/airflow/dags/my_dag.py
[2024-03-21T03:10:33.596+0000] {processor.py:830} INFO - Processing file /opt/airflow/dags/my_dag.py for tasks to queue
[2024-03-21T03:10:33.598+0000] {logging_mixin.py:188} INFO - [2024-03-21T03:10:33.597+0000] {dagbag.py:538} INFO - Filling up the DagBag from /opt/airflow/dags/my_dag.py
[2024-03-21T03:10:33.614+0000] {processor.py:840} INFO - DAG(s) 'my_dag' retrieved from /opt/airflow/dags/my_dag.py
[2024-03-21T03:10:33.634+0000] {logging_mixin.py:188} INFO - [2024-03-21T03:10:33.633+0000] {dag.py:3036} INFO - Sync 1 DAGs
[2024-03-21T03:10:33.657+0000] {logging_mixin.py:188} INFO - [2024-03-21T03:10:33.656+0000] {dag.py:3823} INFO - Setting next_dagrun for my_dag to 2024-03-21 00:00:00+00:00, run_after=2024-03-22 00:00:00+00:00
[2024-03-21T03:10:33.680+0000] {processor.py:183} INFO - Processing /opt/airflow/dags/my_dag.py took 0.088 seconds
[2024-03-21T03:11:03.824+0000] {processor.py:161} INFO - Started process (PID=1019) to work on /opt/airflow/dags/my_dag.py
[2024-03-21T03:11:03.825+0000] {processor.py:830} INFO - Processing file /opt/airflow/dags/my_dag.py for tasks to queue
[2024-03-21T03:11:03.828+0000] {logging_mixin.py:188} INFO - [2024-03-21T03:11:03.827+0000] {dagbag.py:538} INFO - Filling up the DagBag from /opt/airflow/dags/my_dag.py
[2024-03-21T03:11:03.846+0000] {processor.py:840} INFO - DAG(s) 'my_dag' retrieved from /opt/airflow/dags/my_dag.py
[2024-03-21T03:11:03.864+0000] {logging_mixin.py:188} INFO - [2024-03-21T03:11:03.864+0000] {dag.py:3036} INFO - Sync 1 DAGs
[2024-03-21T03:11:03.883+0000] {logging_mixin.py:188} INFO - [2024-03-21T03:11:03.883+0000] {dag.py:3823} INFO - Setting next_dagrun for my_dag to 2024-03-21 00:00:00+00:00, run_after=2024-03-22 00:00:00+00:00
[2024-03-21T03:11:03.906+0000] {processor.py:183} INFO - Processing /opt/airflow/dags/my_dag.py took 0.084 seconds
[2024-03-21T03:11:33.984+0000] {processor.py:161} INFO - Started process (PID=1075) to work on /opt/airflow/dags/my_dag.py
[2024-03-21T03:11:33.985+0000] {processor.py:830} INFO - Processing file /opt/airflow/dags/my_dag.py for tasks to queue
[2024-03-21T03:11:33.988+0000] {logging_mixin.py:188} INFO - [2024-03-21T03:11:33.987+0000] {dagbag.py:538} INFO - Filling up the DagBag from /opt/airflow/dags/my_dag.py
[2024-03-21T03:11:34.006+0000] {processor.py:840} INFO - DAG(s) 'my_dag' retrieved from /opt/airflow/dags/my_dag.py
[2024-03-21T03:11:34.025+0000] {logging_mixin.py:188} INFO - [2024-03-21T03:11:34.025+0000] {dag.py:3036} INFO - Sync 1 DAGs
[2024-03-21T03:11:34.047+0000] {logging_mixin.py:188} INFO - [2024-03-21T03:11:34.047+0000] {dag.py:3823} INFO - Setting next_dagrun for my_dag to 2024-03-21 00:00:00+00:00, run_after=2024-03-22 00:00:00+00:00
[2024-03-21T03:11:34.074+0000] {processor.py:183} INFO - Processing /opt/airflow/dags/my_dag.py took 0.093 seconds
