[2024-03-21T20:24:32.768+0000] {taskinstance.py:1956} INFO - Dependencies all met for dep_context=non-requeueable deps ti=<TaskInstance: fundamental_concepts.templated scheduled__2024-03-20T00:00:00+00:00 [queued]>
[2024-03-21T20:24:32.781+0000] {taskinstance.py:1956} INFO - Dependencies all met for dep_context=requeueable deps ti=<TaskInstance: fundamental_concepts.templated scheduled__2024-03-20T00:00:00+00:00 [queued]>
[2024-03-21T20:24:32.782+0000] {taskinstance.py:2170} INFO - Starting attempt 1 of 2
[2024-03-21T20:24:32.804+0000] {taskinstance.py:2191} INFO - Executing <Task(BashOperator): templated> on 2024-03-20 00:00:00+00:00
[2024-03-21T20:24:32.811+0000] {standard_task_runner.py:60} INFO - Started process 116 to run task
[2024-03-21T20:24:32.816+0000] {standard_task_runner.py:87} INFO - Running: ['***', 'tasks', 'run', 'fundamental_concepts', 'templated', 'scheduled__2024-03-20T00:00:00+00:00', '--job-id', '36', '--raw', '--subdir', 'DAGS_FOLDER/fundamental_concepts.py', '--cfg-path', '/tmp/tmptxgrkm20']
[2024-03-21T20:24:32.819+0000] {standard_task_runner.py:88} INFO - Job 36: Subtask templated
[2024-03-21T20:24:32.890+0000] {task_command.py:423} INFO - Running <TaskInstance: fundamental_concepts.templated scheduled__2024-03-20T00:00:00+00:00 [running]> on host 2bc1158d847b
[2024-03-21T20:24:32.998+0000] {taskinstance.py:2480} INFO - Exporting env vars: AIRFLOW_CTX_DAG_EMAIL='***@example.com' AIRFLOW_CTX_DAG_OWNER='***' AIRFLOW_CTX_DAG_ID='fundamental_concepts' AIRFLOW_CTX_TASK_ID='templated' AIRFLOW_CTX_EXECUTION_DATE='2024-03-20T00:00:00+00:00' AIRFLOW_CTX_TRY_NUMBER='1' AIRFLOW_CTX_DAG_RUN_ID='scheduled__2024-03-20T00:00:00+00:00'
[2024-03-21T20:24:33.001+0000] {subprocess.py:63} INFO - Tmp dir root location: /tmp
[2024-03-21T20:24:33.002+0000] {subprocess.py:75} INFO - Running command: ['/usr/bin/bash', '-c', '\n\n    echo "2024-03-20"\n    echo "2024-03-27"\n\n    echo "2024-03-20"\n    echo "2024-03-27"\n\n    echo "2024-03-20"\n    echo "2024-03-27"\n\n    echo "2024-03-20"\n    echo "2024-03-27"\n\n    echo "2024-03-20"\n    echo "2024-03-27"\n']
[2024-03-21T20:24:33.015+0000] {subprocess.py:86} INFO - Output:
[2024-03-21T20:24:33.017+0000] {subprocess.py:93} INFO - 2024-03-20
[2024-03-21T20:24:33.017+0000] {subprocess.py:93} INFO - 2024-03-27
[2024-03-21T20:24:33.018+0000] {subprocess.py:93} INFO - 2024-03-20
[2024-03-21T20:24:33.018+0000] {subprocess.py:93} INFO - 2024-03-27
[2024-03-21T20:24:33.019+0000] {subprocess.py:93} INFO - 2024-03-20
[2024-03-21T20:24:33.019+0000] {subprocess.py:93} INFO - 2024-03-27
[2024-03-21T20:24:33.020+0000] {subprocess.py:93} INFO - 2024-03-20
[2024-03-21T20:24:33.021+0000] {subprocess.py:93} INFO - 2024-03-27
[2024-03-21T20:24:33.021+0000] {subprocess.py:93} INFO - 2024-03-20
[2024-03-21T20:24:33.021+0000] {subprocess.py:93} INFO - 2024-03-27
[2024-03-21T20:24:33.022+0000] {subprocess.py:97} INFO - Command exited with return code 0
[2024-03-21T20:24:33.051+0000] {taskinstance.py:1138} INFO - Marking task as SUCCESS. dag_id=fundamental_concepts, task_id=templated, execution_date=20240320T000000, start_date=20240321T202432, end_date=20240321T202433
[2024-03-21T20:24:33.108+0000] {local_task_job_runner.py:234} INFO - Task exited with return code 0
[2024-03-21T20:24:33.128+0000] {taskinstance.py:3280} INFO - 0 downstream tasks scheduled from follow-on schedule check
