[2024-03-22T00:15:05.711+0000] {taskinstance.py:1956} INFO - Dependencies all met for dep_context=non-requeueable deps ti=<TaskInstance: fundamental_concepts.templated scheduled__2024-03-21T00:00:00+00:00 [queued]>
[2024-03-22T00:15:05.717+0000] {taskinstance.py:1956} INFO - Dependencies all met for dep_context=requeueable deps ti=<TaskInstance: fundamental_concepts.templated scheduled__2024-03-21T00:00:00+00:00 [queued]>
[2024-03-22T00:15:05.718+0000] {taskinstance.py:2170} INFO - Starting attempt 1 of 2
[2024-03-22T00:15:05.730+0000] {taskinstance.py:2191} INFO - Executing <Task(BashOperator): templated> on 2024-03-21 00:00:00+00:00
[2024-03-22T00:15:05.734+0000] {standard_task_runner.py:60} INFO - Started process 137 to run task
[2024-03-22T00:15:05.737+0000] {standard_task_runner.py:87} INFO - Running: ['***', 'tasks', 'run', 'fundamental_concepts', 'templated', 'scheduled__2024-03-21T00:00:00+00:00', '--job-id', '106', '--raw', '--subdir', 'DAGS_FOLDER/fundamental_concepts.py', '--cfg-path', '/tmp/tmpm70fmjpq']
[2024-03-22T00:15:05.740+0000] {standard_task_runner.py:88} INFO - Job 106: Subtask templated
[2024-03-22T00:15:05.776+0000] {task_command.py:423} INFO - Running <TaskInstance: fundamental_concepts.templated scheduled__2024-03-21T00:00:00+00:00 [running]> on host 4b8b907c2725
[2024-03-22T00:15:05.837+0000] {taskinstance.py:2480} INFO - Exporting env vars: AIRFLOW_CTX_DAG_EMAIL='***@example.com' AIRFLOW_CTX_DAG_OWNER='***' AIRFLOW_CTX_DAG_ID='fundamental_concepts' AIRFLOW_CTX_TASK_ID='templated' AIRFLOW_CTX_EXECUTION_DATE='2024-03-21T00:00:00+00:00' AIRFLOW_CTX_TRY_NUMBER='1' AIRFLOW_CTX_DAG_RUN_ID='scheduled__2024-03-21T00:00:00+00:00'
[2024-03-22T00:15:05.838+0000] {subprocess.py:63} INFO - Tmp dir root location: /tmp
[2024-03-22T00:15:05.839+0000] {subprocess.py:75} INFO - Running command: ['/usr/bin/bash', '-c', '\n\n    echo "2024-03-21"\n    echo "2024-03-28"\n\n    echo "2024-03-21"\n    echo "2024-03-28"\n\n    echo "2024-03-21"\n    echo "2024-03-28"\n\n    echo "2024-03-21"\n    echo "2024-03-28"\n\n    echo "2024-03-21"\n    echo "2024-03-28"\n']
[2024-03-22T00:15:05.847+0000] {subprocess.py:86} INFO - Output:
[2024-03-22T00:15:05.848+0000] {subprocess.py:93} INFO - 2024-03-21
[2024-03-22T00:15:05.849+0000] {subprocess.py:93} INFO - 2024-03-28
[2024-03-22T00:15:05.849+0000] {subprocess.py:93} INFO - 2024-03-21
[2024-03-22T00:15:05.849+0000] {subprocess.py:93} INFO - 2024-03-28
[2024-03-22T00:15:05.849+0000] {subprocess.py:93} INFO - 2024-03-21
[2024-03-22T00:15:05.850+0000] {subprocess.py:93} INFO - 2024-03-28
[2024-03-22T00:15:05.850+0000] {subprocess.py:93} INFO - 2024-03-21
[2024-03-22T00:15:05.850+0000] {subprocess.py:93} INFO - 2024-03-28
[2024-03-22T00:15:05.850+0000] {subprocess.py:93} INFO - 2024-03-21
[2024-03-22T00:15:05.851+0000] {subprocess.py:93} INFO - 2024-03-28
[2024-03-22T00:15:05.851+0000] {subprocess.py:97} INFO - Command exited with return code 0
[2024-03-22T00:15:05.869+0000] {taskinstance.py:1138} INFO - Marking task as SUCCESS. dag_id=fundamental_concepts, task_id=templated, execution_date=20240321T000000, start_date=20240322T001505, end_date=20240322T001505
[2024-03-22T00:15:05.909+0000] {local_task_job_runner.py:234} INFO - Task exited with return code 0
[2024-03-22T00:15:05.921+0000] {taskinstance.py:3280} INFO - 0 downstream tasks scheduled from follow-on schedule check
