[2024-03-21T02:31:44.450+0000] {processor.py:161} INFO - Started process (PID=50) to work on /home/airflow/.local/lib/python3.8/site-packages/airflow/example_dags/example_xcom.py
[2024-03-21T02:31:44.452+0000] {processor.py:830} INFO - Processing file /home/airflow/.local/lib/python3.8/site-packages/airflow/example_dags/example_xcom.py for tasks to queue
[2024-03-21T02:31:44.455+0000] {logging_mixin.py:188} INFO - [2024-03-21T02:31:44.454+0000] {dagbag.py:538} INFO - Filling up the DagBag from /home/airflow/.local/lib/python3.8/site-packages/airflow/example_dags/example_xcom.py
[2024-03-21T02:31:44.474+0000] {processor.py:840} INFO - DAG(s) 'example_xcom' retrieved from /home/airflow/.local/lib/python3.8/site-packages/airflow/example_dags/example_xcom.py
[2024-03-21T02:31:44.494+0000] {logging_mixin.py:188} INFO - [2024-03-21T02:31:44.493+0000] {dag.py:3036} INFO - Sync 1 DAGs
[2024-03-21T02:31:44.533+0000] {logging_mixin.py:188} INFO - [2024-03-21T02:31:44.532+0000] {dag.py:3823} INFO - Setting next_dagrun for example_xcom to 2021-01-01 00:00:00+00:00, run_after=2021-01-01 00:00:00+00:00
[2024-03-21T02:31:44.560+0000] {processor.py:183} INFO - Processing /home/airflow/.local/lib/python3.8/site-packages/airflow/example_dags/example_xcom.py took 0.116 seconds
[2024-03-21T02:32:15.127+0000] {processor.py:161} INFO - Started process (PID=105) to work on /home/airflow/.local/lib/python3.8/site-packages/airflow/example_dags/example_xcom.py
[2024-03-21T02:32:15.128+0000] {processor.py:830} INFO - Processing file /home/airflow/.local/lib/python3.8/site-packages/airflow/example_dags/example_xcom.py for tasks to queue
[2024-03-21T02:32:15.130+0000] {logging_mixin.py:188} INFO - [2024-03-21T02:32:15.130+0000] {dagbag.py:538} INFO - Filling up the DagBag from /home/airflow/.local/lib/python3.8/site-packages/airflow/example_dags/example_xcom.py
[2024-03-21T02:32:15.140+0000] {processor.py:840} INFO - DAG(s) 'example_xcom' retrieved from /home/airflow/.local/lib/python3.8/site-packages/airflow/example_dags/example_xcom.py
[2024-03-21T02:32:15.154+0000] {logging_mixin.py:188} INFO - [2024-03-21T02:32:15.154+0000] {dag.py:3036} INFO - Sync 1 DAGs
[2024-03-21T02:32:15.180+0000] {logging_mixin.py:188} INFO - [2024-03-21T02:32:15.179+0000] {dag.py:3823} INFO - Setting next_dagrun for example_xcom to 2021-01-01 00:00:00+00:00, run_after=2021-01-01 00:00:00+00:00
[2024-03-21T02:32:15.205+0000] {processor.py:183} INFO - Processing /home/airflow/.local/lib/python3.8/site-packages/airflow/example_dags/example_xcom.py took 0.081 seconds
[2024-03-21T02:32:45.958+0000] {processor.py:161} INFO - Started process (PID=160) to work on /home/airflow/.local/lib/python3.8/site-packages/airflow/example_dags/example_xcom.py
[2024-03-21T02:32:45.960+0000] {processor.py:830} INFO - Processing file /home/airflow/.local/lib/python3.8/site-packages/airflow/example_dags/example_xcom.py for tasks to queue
[2024-03-21T02:32:45.962+0000] {logging_mixin.py:188} INFO - [2024-03-21T02:32:45.962+0000] {dagbag.py:538} INFO - Filling up the DagBag from /home/airflow/.local/lib/python3.8/site-packages/airflow/example_dags/example_xcom.py
[2024-03-21T02:32:45.972+0000] {processor.py:840} INFO - DAG(s) 'example_xcom' retrieved from /home/airflow/.local/lib/python3.8/site-packages/airflow/example_dags/example_xcom.py
[2024-03-21T02:32:46.096+0000] {logging_mixin.py:188} INFO - [2024-03-21T02:32:46.096+0000] {dag.py:3036} INFO - Sync 1 DAGs
[2024-03-21T02:32:46.116+0000] {logging_mixin.py:188} INFO - [2024-03-21T02:32:46.116+0000] {dag.py:3823} INFO - Setting next_dagrun for example_xcom to 2021-01-01 00:00:00+00:00, run_after=2021-01-01 00:00:00+00:00
[2024-03-21T02:32:46.138+0000] {processor.py:183} INFO - Processing /home/airflow/.local/lib/python3.8/site-packages/airflow/example_dags/example_xcom.py took 0.184 seconds
[2024-03-21T02:33:16.387+0000] {processor.py:161} INFO - Started process (PID=215) to work on /home/airflow/.local/lib/python3.8/site-packages/airflow/example_dags/example_xcom.py
[2024-03-21T02:33:16.388+0000] {processor.py:830} INFO - Processing file /home/airflow/.local/lib/python3.8/site-packages/airflow/example_dags/example_xcom.py for tasks to queue
[2024-03-21T02:33:16.390+0000] {logging_mixin.py:188} INFO - [2024-03-21T02:33:16.390+0000] {dagbag.py:538} INFO - Filling up the DagBag from /home/airflow/.local/lib/python3.8/site-packages/airflow/example_dags/example_xcom.py
[2024-03-21T02:33:16.401+0000] {processor.py:840} INFO - DAG(s) 'example_xcom' retrieved from /home/airflow/.local/lib/python3.8/site-packages/airflow/example_dags/example_xcom.py
[2024-03-21T02:33:16.426+0000] {logging_mixin.py:188} INFO - [2024-03-21T02:33:16.425+0000] {dag.py:3036} INFO - Sync 1 DAGs
[2024-03-21T02:33:16.458+0000] {logging_mixin.py:188} INFO - [2024-03-21T02:33:16.458+0000] {dag.py:3823} INFO - Setting next_dagrun for example_xcom to 2021-01-01 00:00:00+00:00, run_after=2021-01-01 00:00:00+00:00
[2024-03-21T02:33:16.484+0000] {processor.py:183} INFO - Processing /home/airflow/.local/lib/python3.8/site-packages/airflow/example_dags/example_xcom.py took 0.101 seconds
[2024-03-21T02:33:46.574+0000] {processor.py:161} INFO - Started process (PID=269) to work on /home/airflow/.local/lib/python3.8/site-packages/airflow/example_dags/example_xcom.py
[2024-03-21T02:33:46.576+0000] {processor.py:830} INFO - Processing file /home/airflow/.local/lib/python3.8/site-packages/airflow/example_dags/example_xcom.py for tasks to queue
[2024-03-21T02:33:46.579+0000] {logging_mixin.py:188} INFO - [2024-03-21T02:33:46.578+0000] {dagbag.py:538} INFO - Filling up the DagBag from /home/airflow/.local/lib/python3.8/site-packages/airflow/example_dags/example_xcom.py
[2024-03-21T02:33:46.592+0000] {processor.py:840} INFO - DAG(s) 'example_xcom' retrieved from /home/airflow/.local/lib/python3.8/site-packages/airflow/example_dags/example_xcom.py
[2024-03-21T02:33:46.623+0000] {logging_mixin.py:188} INFO - [2024-03-21T02:33:46.622+0000] {dag.py:3036} INFO - Sync 1 DAGs
[2024-03-21T02:33:46.658+0000] {logging_mixin.py:188} INFO - [2024-03-21T02:33:46.657+0000] {dag.py:3823} INFO - Setting next_dagrun for example_xcom to 2021-01-01 00:00:00+00:00, run_after=2021-01-01 00:00:00+00:00
[2024-03-21T02:33:46.686+0000] {processor.py:183} INFO - Processing /home/airflow/.local/lib/python3.8/site-packages/airflow/example_dags/example_xcom.py took 0.117 seconds
[2024-03-21T02:34:17.215+0000] {processor.py:161} INFO - Started process (PID=324) to work on /home/airflow/.local/lib/python3.8/site-packages/airflow/example_dags/example_xcom.py
[2024-03-21T02:34:17.216+0000] {processor.py:830} INFO - Processing file /home/airflow/.local/lib/python3.8/site-packages/airflow/example_dags/example_xcom.py for tasks to queue
[2024-03-21T02:34:17.219+0000] {logging_mixin.py:188} INFO - [2024-03-21T02:34:17.218+0000] {dagbag.py:538} INFO - Filling up the DagBag from /home/airflow/.local/lib/python3.8/site-packages/airflow/example_dags/example_xcom.py
[2024-03-21T02:34:17.228+0000] {processor.py:840} INFO - DAG(s) 'example_xcom' retrieved from /home/airflow/.local/lib/python3.8/site-packages/airflow/example_dags/example_xcom.py
[2024-03-21T02:34:17.260+0000] {logging_mixin.py:188} INFO - [2024-03-21T02:34:17.260+0000] {dag.py:3036} INFO - Sync 1 DAGs
[2024-03-21T02:34:17.291+0000] {logging_mixin.py:188} INFO - [2024-03-21T02:34:17.291+0000] {dag.py:3823} INFO - Setting next_dagrun for example_xcom to 2021-01-01 00:00:00+00:00, run_after=2021-01-01 00:00:00+00:00
[2024-03-21T02:34:17.316+0000] {processor.py:183} INFO - Processing /home/airflow/.local/lib/python3.8/site-packages/airflow/example_dags/example_xcom.py took 0.105 seconds
[2024-03-21T02:34:47.859+0000] {processor.py:161} INFO - Started process (PID=379) to work on /home/airflow/.local/lib/python3.8/site-packages/airflow/example_dags/example_xcom.py
[2024-03-21T02:34:47.861+0000] {processor.py:830} INFO - Processing file /home/airflow/.local/lib/python3.8/site-packages/airflow/example_dags/example_xcom.py for tasks to queue
[2024-03-21T02:34:47.863+0000] {logging_mixin.py:188} INFO - [2024-03-21T02:34:47.863+0000] {dagbag.py:538} INFO - Filling up the DagBag from /home/airflow/.local/lib/python3.8/site-packages/airflow/example_dags/example_xcom.py
[2024-03-21T02:34:47.874+0000] {processor.py:840} INFO - DAG(s) 'example_xcom' retrieved from /home/airflow/.local/lib/python3.8/site-packages/airflow/example_dags/example_xcom.py
[2024-03-21T02:34:47.903+0000] {logging_mixin.py:188} INFO - [2024-03-21T02:34:47.903+0000] {dag.py:3036} INFO - Sync 1 DAGs
[2024-03-21T02:34:47.938+0000] {logging_mixin.py:188} INFO - [2024-03-21T02:34:47.937+0000] {dag.py:3823} INFO - Setting next_dagrun for example_xcom to 2021-01-01 00:00:00+00:00, run_after=2021-01-01 00:00:00+00:00
[2024-03-21T02:34:47.963+0000] {processor.py:183} INFO - Processing /home/airflow/.local/lib/python3.8/site-packages/airflow/example_dags/example_xcom.py took 0.108 seconds
[2024-03-21T02:35:18.169+0000] {processor.py:161} INFO - Started process (PID=434) to work on /home/airflow/.local/lib/python3.8/site-packages/airflow/example_dags/example_xcom.py
[2024-03-21T02:35:18.170+0000] {processor.py:830} INFO - Processing file /home/airflow/.local/lib/python3.8/site-packages/airflow/example_dags/example_xcom.py for tasks to queue
[2024-03-21T02:35:18.174+0000] {logging_mixin.py:188} INFO - [2024-03-21T02:35:18.173+0000] {dagbag.py:538} INFO - Filling up the DagBag from /home/airflow/.local/lib/python3.8/site-packages/airflow/example_dags/example_xcom.py
[2024-03-21T02:35:18.187+0000] {processor.py:840} INFO - DAG(s) 'example_xcom' retrieved from /home/airflow/.local/lib/python3.8/site-packages/airflow/example_dags/example_xcom.py
[2024-03-21T02:35:18.233+0000] {logging_mixin.py:188} INFO - [2024-03-21T02:35:18.233+0000] {dag.py:3036} INFO - Sync 1 DAGs
[2024-03-21T02:35:18.267+0000] {logging_mixin.py:188} INFO - [2024-03-21T02:35:18.266+0000] {dag.py:3823} INFO - Setting next_dagrun for example_xcom to 2021-01-01 00:00:00+00:00, run_after=2021-01-01 00:00:00+00:00
[2024-03-21T02:35:18.296+0000] {processor.py:183} INFO - Processing /home/airflow/.local/lib/python3.8/site-packages/airflow/example_dags/example_xcom.py took 0.132 seconds
[2024-03-21T02:35:48.675+0000] {processor.py:161} INFO - Started process (PID=489) to work on /home/airflow/.local/lib/python3.8/site-packages/airflow/example_dags/example_xcom.py
[2024-03-21T02:35:48.677+0000] {processor.py:830} INFO - Processing file /home/airflow/.local/lib/python3.8/site-packages/airflow/example_dags/example_xcom.py for tasks to queue
[2024-03-21T02:35:48.679+0000] {logging_mixin.py:188} INFO - [2024-03-21T02:35:48.679+0000] {dagbag.py:538} INFO - Filling up the DagBag from /home/airflow/.local/lib/python3.8/site-packages/airflow/example_dags/example_xcom.py
[2024-03-21T02:35:48.688+0000] {processor.py:840} INFO - DAG(s) 'example_xcom' retrieved from /home/airflow/.local/lib/python3.8/site-packages/airflow/example_dags/example_xcom.py
[2024-03-21T02:35:48.714+0000] {logging_mixin.py:188} INFO - [2024-03-21T02:35:48.713+0000] {dag.py:3036} INFO - Sync 1 DAGs
[2024-03-21T02:35:48.738+0000] {logging_mixin.py:188} INFO - [2024-03-21T02:35:48.738+0000] {dag.py:3823} INFO - Setting next_dagrun for example_xcom to 2021-01-01 00:00:00+00:00, run_after=2021-01-01 00:00:00+00:00
[2024-03-21T02:35:48.764+0000] {processor.py:183} INFO - Processing /home/airflow/.local/lib/python3.8/site-packages/airflow/example_dags/example_xcom.py took 0.093 seconds
[2024-03-21T02:36:18.896+0000] {processor.py:161} INFO - Started process (PID=544) to work on /home/airflow/.local/lib/python3.8/site-packages/airflow/example_dags/example_xcom.py
[2024-03-21T02:36:18.898+0000] {processor.py:830} INFO - Processing file /home/airflow/.local/lib/python3.8/site-packages/airflow/example_dags/example_xcom.py for tasks to queue
[2024-03-21T02:36:18.900+0000] {logging_mixin.py:188} INFO - [2024-03-21T02:36:18.900+0000] {dagbag.py:538} INFO - Filling up the DagBag from /home/airflow/.local/lib/python3.8/site-packages/airflow/example_dags/example_xcom.py
[2024-03-21T02:36:18.909+0000] {processor.py:840} INFO - DAG(s) 'example_xcom' retrieved from /home/airflow/.local/lib/python3.8/site-packages/airflow/example_dags/example_xcom.py
[2024-03-21T02:36:18.937+0000] {logging_mixin.py:188} INFO - [2024-03-21T02:36:18.937+0000] {dag.py:3036} INFO - Sync 1 DAGs
[2024-03-21T02:36:18.972+0000] {logging_mixin.py:188} INFO - [2024-03-21T02:36:18.972+0000] {dag.py:3823} INFO - Setting next_dagrun for example_xcom to 2021-01-01 00:00:00+00:00, run_after=2021-01-01 00:00:00+00:00
[2024-03-21T02:36:19.001+0000] {processor.py:183} INFO - Processing /home/airflow/.local/lib/python3.8/site-packages/airflow/example_dags/example_xcom.py took 0.110 seconds
[2024-03-21T02:36:49.257+0000] {processor.py:161} INFO - Started process (PID=599) to work on /home/airflow/.local/lib/python3.8/site-packages/airflow/example_dags/example_xcom.py
[2024-03-21T02:36:49.258+0000] {processor.py:830} INFO - Processing file /home/airflow/.local/lib/python3.8/site-packages/airflow/example_dags/example_xcom.py for tasks to queue
[2024-03-21T02:36:49.261+0000] {logging_mixin.py:188} INFO - [2024-03-21T02:36:49.260+0000] {dagbag.py:538} INFO - Filling up the DagBag from /home/airflow/.local/lib/python3.8/site-packages/airflow/example_dags/example_xcom.py
[2024-03-21T02:36:49.271+0000] {processor.py:840} INFO - DAG(s) 'example_xcom' retrieved from /home/airflow/.local/lib/python3.8/site-packages/airflow/example_dags/example_xcom.py
[2024-03-21T02:36:49.299+0000] {logging_mixin.py:188} INFO - [2024-03-21T02:36:49.299+0000] {dag.py:3036} INFO - Sync 1 DAGs
[2024-03-21T02:36:49.334+0000] {logging_mixin.py:188} INFO - [2024-03-21T02:36:49.334+0000] {dag.py:3823} INFO - Setting next_dagrun for example_xcom to 2021-01-01 00:00:00+00:00, run_after=2021-01-01 00:00:00+00:00
[2024-03-21T02:36:49.364+0000] {processor.py:183} INFO - Processing /home/airflow/.local/lib/python3.8/site-packages/airflow/example_dags/example_xcom.py took 0.112 seconds
[2024-03-21T02:37:19.620+0000] {processor.py:161} INFO - Started process (PID=654) to work on /home/airflow/.local/lib/python3.8/site-packages/airflow/example_dags/example_xcom.py
[2024-03-21T02:37:19.621+0000] {processor.py:830} INFO - Processing file /home/airflow/.local/lib/python3.8/site-packages/airflow/example_dags/example_xcom.py for tasks to queue
[2024-03-21T02:37:19.624+0000] {logging_mixin.py:188} INFO - [2024-03-21T02:37:19.624+0000] {dagbag.py:538} INFO - Filling up the DagBag from /home/airflow/.local/lib/python3.8/site-packages/airflow/example_dags/example_xcom.py
[2024-03-21T02:37:19.634+0000] {processor.py:840} INFO - DAG(s) 'example_xcom' retrieved from /home/airflow/.local/lib/python3.8/site-packages/airflow/example_dags/example_xcom.py
[2024-03-21T02:37:19.662+0000] {logging_mixin.py:188} INFO - [2024-03-21T02:37:19.662+0000] {dag.py:3036} INFO - Sync 1 DAGs
[2024-03-21T02:37:19.694+0000] {logging_mixin.py:188} INFO - [2024-03-21T02:37:19.694+0000] {dag.py:3823} INFO - Setting next_dagrun for example_xcom to 2021-01-01 00:00:00+00:00, run_after=2021-01-01 00:00:00+00:00
[2024-03-21T02:37:19.721+0000] {processor.py:183} INFO - Processing /home/airflow/.local/lib/python3.8/site-packages/airflow/example_dags/example_xcom.py took 0.106 seconds
[2024-03-21T02:37:49.804+0000] {processor.py:161} INFO - Started process (PID=709) to work on /home/airflow/.local/lib/python3.8/site-packages/airflow/example_dags/example_xcom.py
[2024-03-21T02:37:49.806+0000] {processor.py:830} INFO - Processing file /home/airflow/.local/lib/python3.8/site-packages/airflow/example_dags/example_xcom.py for tasks to queue
[2024-03-21T02:37:49.808+0000] {logging_mixin.py:188} INFO - [2024-03-21T02:37:49.808+0000] {dagbag.py:538} INFO - Filling up the DagBag from /home/airflow/.local/lib/python3.8/site-packages/airflow/example_dags/example_xcom.py
[2024-03-21T02:37:49.818+0000] {processor.py:840} INFO - DAG(s) 'example_xcom' retrieved from /home/airflow/.local/lib/python3.8/site-packages/airflow/example_dags/example_xcom.py
[2024-03-21T02:37:49.846+0000] {logging_mixin.py:188} INFO - [2024-03-21T02:37:49.845+0000] {dag.py:3036} INFO - Sync 1 DAGs
[2024-03-21T02:37:49.868+0000] {logging_mixin.py:188} INFO - [2024-03-21T02:37:49.868+0000] {dag.py:3823} INFO - Setting next_dagrun for example_xcom to 2021-01-01 00:00:00+00:00, run_after=2021-01-01 00:00:00+00:00
[2024-03-21T02:37:49.890+0000] {processor.py:183} INFO - Processing /home/airflow/.local/lib/python3.8/site-packages/airflow/example_dags/example_xcom.py took 0.089 seconds
[2024-03-21T02:38:20.029+0000] {processor.py:161} INFO - Started process (PID=764) to work on /home/airflow/.local/lib/python3.8/site-packages/airflow/example_dags/example_xcom.py
[2024-03-21T02:38:20.030+0000] {processor.py:830} INFO - Processing file /home/airflow/.local/lib/python3.8/site-packages/airflow/example_dags/example_xcom.py for tasks to queue
[2024-03-21T02:38:20.032+0000] {logging_mixin.py:188} INFO - [2024-03-21T02:38:20.032+0000] {dagbag.py:538} INFO - Filling up the DagBag from /home/airflow/.local/lib/python3.8/site-packages/airflow/example_dags/example_xcom.py
[2024-03-21T02:38:20.043+0000] {processor.py:840} INFO - DAG(s) 'example_xcom' retrieved from /home/airflow/.local/lib/python3.8/site-packages/airflow/example_dags/example_xcom.py
[2024-03-21T02:38:20.067+0000] {logging_mixin.py:188} INFO - [2024-03-21T02:38:20.067+0000] {dag.py:3036} INFO - Sync 1 DAGs
[2024-03-21T02:38:20.100+0000] {logging_mixin.py:188} INFO - [2024-03-21T02:38:20.099+0000] {dag.py:3823} INFO - Setting next_dagrun for example_xcom to 2021-01-01 00:00:00+00:00, run_after=2021-01-01 00:00:00+00:00
[2024-03-21T02:38:20.125+0000] {processor.py:183} INFO - Processing /home/airflow/.local/lib/python3.8/site-packages/airflow/example_dags/example_xcom.py took 0.100 seconds
[2024-03-21T02:38:50.387+0000] {processor.py:161} INFO - Started process (PID=819) to work on /home/airflow/.local/lib/python3.8/site-packages/airflow/example_dags/example_xcom.py
[2024-03-21T02:38:50.389+0000] {processor.py:830} INFO - Processing file /home/airflow/.local/lib/python3.8/site-packages/airflow/example_dags/example_xcom.py for tasks to queue
[2024-03-21T02:38:50.393+0000] {logging_mixin.py:188} INFO - [2024-03-21T02:38:50.392+0000] {dagbag.py:538} INFO - Filling up the DagBag from /home/airflow/.local/lib/python3.8/site-packages/airflow/example_dags/example_xcom.py
[2024-03-21T02:38:50.408+0000] {processor.py:840} INFO - DAG(s) 'example_xcom' retrieved from /home/airflow/.local/lib/python3.8/site-packages/airflow/example_dags/example_xcom.py
[2024-03-21T02:38:50.445+0000] {logging_mixin.py:188} INFO - [2024-03-21T02:38:50.445+0000] {dag.py:3036} INFO - Sync 1 DAGs
[2024-03-21T02:38:50.480+0000] {logging_mixin.py:188} INFO - [2024-03-21T02:38:50.479+0000] {dag.py:3823} INFO - Setting next_dagrun for example_xcom to 2021-01-01 00:00:00+00:00, run_after=2021-01-01 00:00:00+00:00
[2024-03-21T02:38:50.503+0000] {processor.py:183} INFO - Processing /home/airflow/.local/lib/python3.8/site-packages/airflow/example_dags/example_xcom.py took 0.122 seconds
[2024-03-21T02:39:20.734+0000] {processor.py:161} INFO - Started process (PID=874) to work on /home/airflow/.local/lib/python3.8/site-packages/airflow/example_dags/example_xcom.py
[2024-03-21T02:39:20.735+0000] {processor.py:830} INFO - Processing file /home/airflow/.local/lib/python3.8/site-packages/airflow/example_dags/example_xcom.py for tasks to queue
[2024-03-21T02:39:20.737+0000] {logging_mixin.py:188} INFO - [2024-03-21T02:39:20.737+0000] {dagbag.py:538} INFO - Filling up the DagBag from /home/airflow/.local/lib/python3.8/site-packages/airflow/example_dags/example_xcom.py
[2024-03-21T02:39:20.749+0000] {processor.py:840} INFO - DAG(s) 'example_xcom' retrieved from /home/airflow/.local/lib/python3.8/site-packages/airflow/example_dags/example_xcom.py
[2024-03-21T02:39:20.774+0000] {logging_mixin.py:188} INFO - [2024-03-21T02:39:20.774+0000] {dag.py:3036} INFO - Sync 1 DAGs
[2024-03-21T02:39:20.801+0000] {logging_mixin.py:188} INFO - [2024-03-21T02:39:20.800+0000] {dag.py:3823} INFO - Setting next_dagrun for example_xcom to 2021-01-01 00:00:00+00:00, run_after=2021-01-01 00:00:00+00:00
[2024-03-21T02:39:20.826+0000] {processor.py:183} INFO - Processing /home/airflow/.local/lib/python3.8/site-packages/airflow/example_dags/example_xcom.py took 0.096 seconds
[2024-03-21T02:39:50.960+0000] {processor.py:161} INFO - Started process (PID=929) to work on /home/airflow/.local/lib/python3.8/site-packages/airflow/example_dags/example_xcom.py
[2024-03-21T02:39:50.961+0000] {processor.py:830} INFO - Processing file /home/airflow/.local/lib/python3.8/site-packages/airflow/example_dags/example_xcom.py for tasks to queue
[2024-03-21T02:39:50.964+0000] {logging_mixin.py:188} INFO - [2024-03-21T02:39:50.963+0000] {dagbag.py:538} INFO - Filling up the DagBag from /home/airflow/.local/lib/python3.8/site-packages/airflow/example_dags/example_xcom.py
[2024-03-21T02:39:50.971+0000] {processor.py:840} INFO - DAG(s) 'example_xcom' retrieved from /home/airflow/.local/lib/python3.8/site-packages/airflow/example_dags/example_xcom.py
[2024-03-21T02:39:50.994+0000] {logging_mixin.py:188} INFO - [2024-03-21T02:39:50.994+0000] {dag.py:3036} INFO - Sync 1 DAGs
[2024-03-21T02:39:51.023+0000] {logging_mixin.py:188} INFO - [2024-03-21T02:39:51.023+0000] {dag.py:3823} INFO - Setting next_dagrun for example_xcom to 2021-01-01 00:00:00+00:00, run_after=2021-01-01 00:00:00+00:00
[2024-03-21T02:39:51.044+0000] {processor.py:183} INFO - Processing /home/airflow/.local/lib/python3.8/site-packages/airflow/example_dags/example_xcom.py took 0.088 seconds
[2024-03-21T02:40:21.186+0000] {processor.py:161} INFO - Started process (PID=984) to work on /home/airflow/.local/lib/python3.8/site-packages/airflow/example_dags/example_xcom.py
[2024-03-21T02:40:21.187+0000] {processor.py:830} INFO - Processing file /home/airflow/.local/lib/python3.8/site-packages/airflow/example_dags/example_xcom.py for tasks to queue
[2024-03-21T02:40:21.189+0000] {logging_mixin.py:188} INFO - [2024-03-21T02:40:21.189+0000] {dagbag.py:538} INFO - Filling up the DagBag from /home/airflow/.local/lib/python3.8/site-packages/airflow/example_dags/example_xcom.py
[2024-03-21T02:40:21.199+0000] {processor.py:840} INFO - DAG(s) 'example_xcom' retrieved from /home/airflow/.local/lib/python3.8/site-packages/airflow/example_dags/example_xcom.py
[2024-03-21T02:40:21.222+0000] {logging_mixin.py:188} INFO - [2024-03-21T02:40:21.222+0000] {dag.py:3036} INFO - Sync 1 DAGs
[2024-03-21T02:40:21.251+0000] {logging_mixin.py:188} INFO - [2024-03-21T02:40:21.250+0000] {dag.py:3823} INFO - Setting next_dagrun for example_xcom to 2021-01-01 00:00:00+00:00, run_after=2021-01-01 00:00:00+00:00
[2024-03-21T02:40:21.273+0000] {processor.py:183} INFO - Processing /home/airflow/.local/lib/python3.8/site-packages/airflow/example_dags/example_xcom.py took 0.092 seconds
[2024-03-21T02:40:51.380+0000] {processor.py:161} INFO - Started process (PID=1039) to work on /home/airflow/.local/lib/python3.8/site-packages/airflow/example_dags/example_xcom.py
[2024-03-21T02:40:51.381+0000] {processor.py:830} INFO - Processing file /home/airflow/.local/lib/python3.8/site-packages/airflow/example_dags/example_xcom.py for tasks to queue
[2024-03-21T02:40:51.384+0000] {logging_mixin.py:188} INFO - [2024-03-21T02:40:51.384+0000] {dagbag.py:538} INFO - Filling up the DagBag from /home/airflow/.local/lib/python3.8/site-packages/airflow/example_dags/example_xcom.py
[2024-03-21T02:40:51.393+0000] {processor.py:840} INFO - DAG(s) 'example_xcom' retrieved from /home/airflow/.local/lib/python3.8/site-packages/airflow/example_dags/example_xcom.py
[2024-03-21T02:40:51.419+0000] {logging_mixin.py:188} INFO - [2024-03-21T02:40:51.419+0000] {dag.py:3036} INFO - Sync 1 DAGs
[2024-03-21T02:40:51.444+0000] {logging_mixin.py:188} INFO - [2024-03-21T02:40:51.443+0000] {dag.py:3823} INFO - Setting next_dagrun for example_xcom to 2021-01-01 00:00:00+00:00, run_after=2021-01-01 00:00:00+00:00
[2024-03-21T02:40:51.466+0000] {processor.py:183} INFO - Processing /home/airflow/.local/lib/python3.8/site-packages/airflow/example_dags/example_xcom.py took 0.090 seconds
[2024-03-21T02:41:21.743+0000] {processor.py:161} INFO - Started process (PID=1094) to work on /home/airflow/.local/lib/python3.8/site-packages/airflow/example_dags/example_xcom.py
[2024-03-21T02:41:21.745+0000] {processor.py:830} INFO - Processing file /home/airflow/.local/lib/python3.8/site-packages/airflow/example_dags/example_xcom.py for tasks to queue
[2024-03-21T02:41:21.747+0000] {logging_mixin.py:188} INFO - [2024-03-21T02:41:21.747+0000] {dagbag.py:538} INFO - Filling up the DagBag from /home/airflow/.local/lib/python3.8/site-packages/airflow/example_dags/example_xcom.py
[2024-03-21T02:41:21.756+0000] {processor.py:840} INFO - DAG(s) 'example_xcom' retrieved from /home/airflow/.local/lib/python3.8/site-packages/airflow/example_dags/example_xcom.py
[2024-03-21T02:41:21.779+0000] {logging_mixin.py:188} INFO - [2024-03-21T02:41:21.778+0000] {dag.py:3036} INFO - Sync 1 DAGs
[2024-03-21T02:41:21.803+0000] {logging_mixin.py:188} INFO - [2024-03-21T02:41:21.802+0000] {dag.py:3823} INFO - Setting next_dagrun for example_xcom to 2021-01-01 00:00:00+00:00, run_after=2021-01-01 00:00:00+00:00
[2024-03-21T02:41:21.824+0000] {processor.py:183} INFO - Processing /home/airflow/.local/lib/python3.8/site-packages/airflow/example_dags/example_xcom.py took 0.085 seconds
[2024-03-21T02:41:52.259+0000] {processor.py:161} INFO - Started process (PID=1149) to work on /home/airflow/.local/lib/python3.8/site-packages/airflow/example_dags/example_xcom.py
[2024-03-21T02:41:52.260+0000] {processor.py:830} INFO - Processing file /home/airflow/.local/lib/python3.8/site-packages/airflow/example_dags/example_xcom.py for tasks to queue
[2024-03-21T02:41:52.262+0000] {logging_mixin.py:188} INFO - [2024-03-21T02:41:52.261+0000] {dagbag.py:538} INFO - Filling up the DagBag from /home/airflow/.local/lib/python3.8/site-packages/airflow/example_dags/example_xcom.py
[2024-03-21T02:41:52.270+0000] {processor.py:840} INFO - DAG(s) 'example_xcom' retrieved from /home/airflow/.local/lib/python3.8/site-packages/airflow/example_dags/example_xcom.py
[2024-03-21T02:41:52.294+0000] {logging_mixin.py:188} INFO - [2024-03-21T02:41:52.293+0000] {dag.py:3036} INFO - Sync 1 DAGs
[2024-03-21T02:41:52.317+0000] {logging_mixin.py:188} INFO - [2024-03-21T02:41:52.316+0000] {dag.py:3823} INFO - Setting next_dagrun for example_xcom to 2021-01-01 00:00:00+00:00, run_after=2021-01-01 00:00:00+00:00
[2024-03-21T02:41:52.336+0000] {processor.py:183} INFO - Processing /home/airflow/.local/lib/python3.8/site-packages/airflow/example_dags/example_xcom.py took 0.082 seconds
[2024-03-21T02:42:22.814+0000] {processor.py:161} INFO - Started process (PID=1204) to work on /home/airflow/.local/lib/python3.8/site-packages/airflow/example_dags/example_xcom.py
[2024-03-21T02:42:22.815+0000] {processor.py:830} INFO - Processing file /home/airflow/.local/lib/python3.8/site-packages/airflow/example_dags/example_xcom.py for tasks to queue
[2024-03-21T02:42:22.817+0000] {logging_mixin.py:188} INFO - [2024-03-21T02:42:22.817+0000] {dagbag.py:538} INFO - Filling up the DagBag from /home/airflow/.local/lib/python3.8/site-packages/airflow/example_dags/example_xcom.py
[2024-03-21T02:42:22.826+0000] {processor.py:840} INFO - DAG(s) 'example_xcom' retrieved from /home/airflow/.local/lib/python3.8/site-packages/airflow/example_dags/example_xcom.py
[2024-03-21T02:42:22.850+0000] {logging_mixin.py:188} INFO - [2024-03-21T02:42:22.850+0000] {dag.py:3036} INFO - Sync 1 DAGs
[2024-03-21T02:42:22.878+0000] {logging_mixin.py:188} INFO - [2024-03-21T02:42:22.878+0000] {dag.py:3823} INFO - Setting next_dagrun for example_xcom to 2021-01-01 00:00:00+00:00, run_after=2021-01-01 00:00:00+00:00
[2024-03-21T02:42:22.906+0000] {processor.py:183} INFO - Processing /home/airflow/.local/lib/python3.8/site-packages/airflow/example_dags/example_xcom.py took 0.096 seconds
[2024-03-21T02:42:53.065+0000] {processor.py:161} INFO - Started process (PID=1259) to work on /home/airflow/.local/lib/python3.8/site-packages/airflow/example_dags/example_xcom.py
[2024-03-21T02:42:53.067+0000] {processor.py:830} INFO - Processing file /home/airflow/.local/lib/python3.8/site-packages/airflow/example_dags/example_xcom.py for tasks to queue
[2024-03-21T02:42:53.069+0000] {logging_mixin.py:188} INFO - [2024-03-21T02:42:53.069+0000] {dagbag.py:538} INFO - Filling up the DagBag from /home/airflow/.local/lib/python3.8/site-packages/airflow/example_dags/example_xcom.py
[2024-03-21T02:42:53.077+0000] {processor.py:840} INFO - DAG(s) 'example_xcom' retrieved from /home/airflow/.local/lib/python3.8/site-packages/airflow/example_dags/example_xcom.py
[2024-03-21T02:42:53.103+0000] {logging_mixin.py:188} INFO - [2024-03-21T02:42:53.103+0000] {dag.py:3036} INFO - Sync 1 DAGs
[2024-03-21T02:42:53.126+0000] {logging_mixin.py:188} INFO - [2024-03-21T02:42:53.126+0000] {dag.py:3823} INFO - Setting next_dagrun for example_xcom to 2021-01-01 00:00:00+00:00, run_after=2021-01-01 00:00:00+00:00
[2024-03-21T02:42:53.148+0000] {processor.py:183} INFO - Processing /home/airflow/.local/lib/python3.8/site-packages/airflow/example_dags/example_xcom.py took 0.087 seconds
[2024-03-21T02:43:23.240+0000] {processor.py:161} INFO - Started process (PID=1314) to work on /home/airflow/.local/lib/python3.8/site-packages/airflow/example_dags/example_xcom.py
[2024-03-21T02:43:23.242+0000] {processor.py:830} INFO - Processing file /home/airflow/.local/lib/python3.8/site-packages/airflow/example_dags/example_xcom.py for tasks to queue
[2024-03-21T02:43:23.244+0000] {logging_mixin.py:188} INFO - [2024-03-21T02:43:23.244+0000] {dagbag.py:538} INFO - Filling up the DagBag from /home/airflow/.local/lib/python3.8/site-packages/airflow/example_dags/example_xcom.py
[2024-03-21T02:43:23.252+0000] {processor.py:840} INFO - DAG(s) 'example_xcom' retrieved from /home/airflow/.local/lib/python3.8/site-packages/airflow/example_dags/example_xcom.py
[2024-03-21T02:43:23.277+0000] {logging_mixin.py:188} INFO - [2024-03-21T02:43:23.277+0000] {dag.py:3036} INFO - Sync 1 DAGs
[2024-03-21T02:43:23.299+0000] {logging_mixin.py:188} INFO - [2024-03-21T02:43:23.299+0000] {dag.py:3823} INFO - Setting next_dagrun for example_xcom to 2021-01-01 00:00:00+00:00, run_after=2021-01-01 00:00:00+00:00
[2024-03-21T02:43:23.320+0000] {processor.py:183} INFO - Processing /home/airflow/.local/lib/python3.8/site-packages/airflow/example_dags/example_xcom.py took 0.084 seconds
[2024-03-21T02:43:53.506+0000] {processor.py:161} INFO - Started process (PID=1369) to work on /home/airflow/.local/lib/python3.8/site-packages/airflow/example_dags/example_xcom.py
[2024-03-21T02:43:53.507+0000] {processor.py:830} INFO - Processing file /home/airflow/.local/lib/python3.8/site-packages/airflow/example_dags/example_xcom.py for tasks to queue
[2024-03-21T02:43:53.510+0000] {logging_mixin.py:188} INFO - [2024-03-21T02:43:53.510+0000] {dagbag.py:538} INFO - Filling up the DagBag from /home/airflow/.local/lib/python3.8/site-packages/airflow/example_dags/example_xcom.py
[2024-03-21T02:43:53.519+0000] {processor.py:840} INFO - DAG(s) 'example_xcom' retrieved from /home/airflow/.local/lib/python3.8/site-packages/airflow/example_dags/example_xcom.py
[2024-03-21T02:43:53.540+0000] {logging_mixin.py:188} INFO - [2024-03-21T02:43:53.540+0000] {dag.py:3036} INFO - Sync 1 DAGs
[2024-03-21T02:43:53.567+0000] {logging_mixin.py:188} INFO - [2024-03-21T02:43:53.566+0000] {dag.py:3823} INFO - Setting next_dagrun for example_xcom to 2021-01-01 00:00:00+00:00, run_after=2021-01-01 00:00:00+00:00
[2024-03-21T02:43:53.592+0000] {processor.py:183} INFO - Processing /home/airflow/.local/lib/python3.8/site-packages/airflow/example_dags/example_xcom.py took 0.091 seconds
[2024-03-21T02:44:23.824+0000] {processor.py:161} INFO - Started process (PID=1424) to work on /home/airflow/.local/lib/python3.8/site-packages/airflow/example_dags/example_xcom.py
[2024-03-21T02:44:23.826+0000] {processor.py:830} INFO - Processing file /home/airflow/.local/lib/python3.8/site-packages/airflow/example_dags/example_xcom.py for tasks to queue
[2024-03-21T02:44:23.829+0000] {logging_mixin.py:188} INFO - [2024-03-21T02:44:23.829+0000] {dagbag.py:538} INFO - Filling up the DagBag from /home/airflow/.local/lib/python3.8/site-packages/airflow/example_dags/example_xcom.py
[2024-03-21T02:44:23.839+0000] {processor.py:840} INFO - DAG(s) 'example_xcom' retrieved from /home/airflow/.local/lib/python3.8/site-packages/airflow/example_dags/example_xcom.py
[2024-03-21T02:44:23.867+0000] {logging_mixin.py:188} INFO - [2024-03-21T02:44:23.866+0000] {dag.py:3036} INFO - Sync 1 DAGs
[2024-03-21T02:44:23.895+0000] {logging_mixin.py:188} INFO - [2024-03-21T02:44:23.895+0000] {dag.py:3823} INFO - Setting next_dagrun for example_xcom to 2021-01-01 00:00:00+00:00, run_after=2021-01-01 00:00:00+00:00
[2024-03-21T02:44:23.922+0000] {processor.py:183} INFO - Processing /home/airflow/.local/lib/python3.8/site-packages/airflow/example_dags/example_xcom.py took 0.103 seconds
[2024-03-21T02:44:54.405+0000] {processor.py:161} INFO - Started process (PID=1479) to work on /home/airflow/.local/lib/python3.8/site-packages/airflow/example_dags/example_xcom.py
[2024-03-21T02:44:54.414+0000] {processor.py:830} INFO - Processing file /home/airflow/.local/lib/python3.8/site-packages/airflow/example_dags/example_xcom.py for tasks to queue
[2024-03-21T02:44:54.418+0000] {logging_mixin.py:188} INFO - [2024-03-21T02:44:54.417+0000] {dagbag.py:538} INFO - Filling up the DagBag from /home/airflow/.local/lib/python3.8/site-packages/airflow/example_dags/example_xcom.py
[2024-03-21T02:44:54.431+0000] {processor.py:840} INFO - DAG(s) 'example_xcom' retrieved from /home/airflow/.local/lib/python3.8/site-packages/airflow/example_dags/example_xcom.py
[2024-03-21T02:44:54.471+0000] {logging_mixin.py:188} INFO - [2024-03-21T02:44:54.470+0000] {dag.py:3036} INFO - Sync 1 DAGs
[2024-03-21T02:44:54.522+0000] {logging_mixin.py:188} INFO - [2024-03-21T02:44:54.522+0000] {dag.py:3823} INFO - Setting next_dagrun for example_xcom to 2021-01-01 00:00:00+00:00, run_after=2021-01-01 00:00:00+00:00
[2024-03-21T02:44:54.556+0000] {processor.py:183} INFO - Processing /home/airflow/.local/lib/python3.8/site-packages/airflow/example_dags/example_xcom.py took 0.158 seconds
[2024-03-21T02:45:24.780+0000] {processor.py:161} INFO - Started process (PID=1534) to work on /home/airflow/.local/lib/python3.8/site-packages/airflow/example_dags/example_xcom.py
[2024-03-21T02:45:24.781+0000] {processor.py:830} INFO - Processing file /home/airflow/.local/lib/python3.8/site-packages/airflow/example_dags/example_xcom.py for tasks to queue
[2024-03-21T02:45:24.784+0000] {logging_mixin.py:188} INFO - [2024-03-21T02:45:24.783+0000] {dagbag.py:538} INFO - Filling up the DagBag from /home/airflow/.local/lib/python3.8/site-packages/airflow/example_dags/example_xcom.py
[2024-03-21T02:45:24.793+0000] {processor.py:840} INFO - DAG(s) 'example_xcom' retrieved from /home/airflow/.local/lib/python3.8/site-packages/airflow/example_dags/example_xcom.py
[2024-03-21T02:45:24.823+0000] {logging_mixin.py:188} INFO - [2024-03-21T02:45:24.822+0000] {dag.py:3036} INFO - Sync 1 DAGs
[2024-03-21T02:45:24.849+0000] {logging_mixin.py:188} INFO - [2024-03-21T02:45:24.848+0000] {dag.py:3823} INFO - Setting next_dagrun for example_xcom to 2021-01-01 00:00:00+00:00, run_after=2021-01-01 00:00:00+00:00
[2024-03-21T02:45:24.875+0000] {processor.py:183} INFO - Processing /home/airflow/.local/lib/python3.8/site-packages/airflow/example_dags/example_xcom.py took 0.099 seconds
[2024-03-21T02:45:55.188+0000] {processor.py:161} INFO - Started process (PID=1589) to work on /home/airflow/.local/lib/python3.8/site-packages/airflow/example_dags/example_xcom.py
[2024-03-21T02:45:55.189+0000] {processor.py:830} INFO - Processing file /home/airflow/.local/lib/python3.8/site-packages/airflow/example_dags/example_xcom.py for tasks to queue
[2024-03-21T02:45:55.190+0000] {logging_mixin.py:188} INFO - [2024-03-21T02:45:55.190+0000] {dagbag.py:538} INFO - Filling up the DagBag from /home/airflow/.local/lib/python3.8/site-packages/airflow/example_dags/example_xcom.py
[2024-03-21T02:45:55.199+0000] {processor.py:840} INFO - DAG(s) 'example_xcom' retrieved from /home/airflow/.local/lib/python3.8/site-packages/airflow/example_dags/example_xcom.py
[2024-03-21T02:45:55.223+0000] {logging_mixin.py:188} INFO - [2024-03-21T02:45:55.222+0000] {dag.py:3036} INFO - Sync 1 DAGs
[2024-03-21T02:45:55.249+0000] {logging_mixin.py:188} INFO - [2024-03-21T02:45:55.249+0000] {dag.py:3823} INFO - Setting next_dagrun for example_xcom to 2021-01-01 00:00:00+00:00, run_after=2021-01-01 00:00:00+00:00
[2024-03-21T02:45:55.271+0000] {processor.py:183} INFO - Processing /home/airflow/.local/lib/python3.8/site-packages/airflow/example_dags/example_xcom.py took 0.087 seconds
[2024-03-21T02:46:25.793+0000] {processor.py:161} INFO - Started process (PID=1644) to work on /home/airflow/.local/lib/python3.8/site-packages/airflow/example_dags/example_xcom.py
[2024-03-21T02:46:25.795+0000] {processor.py:830} INFO - Processing file /home/airflow/.local/lib/python3.8/site-packages/airflow/example_dags/example_xcom.py for tasks to queue
[2024-03-21T02:46:25.798+0000] {logging_mixin.py:188} INFO - [2024-03-21T02:46:25.798+0000] {dagbag.py:538} INFO - Filling up the DagBag from /home/airflow/.local/lib/python3.8/site-packages/airflow/example_dags/example_xcom.py
[2024-03-21T02:46:25.812+0000] {processor.py:840} INFO - DAG(s) 'example_xcom' retrieved from /home/airflow/.local/lib/python3.8/site-packages/airflow/example_dags/example_xcom.py
[2024-03-21T02:46:25.843+0000] {logging_mixin.py:188} INFO - [2024-03-21T02:46:25.843+0000] {dag.py:3036} INFO - Sync 1 DAGs
[2024-03-21T02:46:25.879+0000] {logging_mixin.py:188} INFO - [2024-03-21T02:46:25.878+0000] {dag.py:3823} INFO - Setting next_dagrun for example_xcom to 2021-01-01 00:00:00+00:00, run_after=2021-01-01 00:00:00+00:00
[2024-03-21T02:46:25.911+0000] {processor.py:183} INFO - Processing /home/airflow/.local/lib/python3.8/site-packages/airflow/example_dags/example_xcom.py took 0.125 seconds
[2024-03-21T02:46:56.277+0000] {processor.py:161} INFO - Started process (PID=1705) to work on /home/airflow/.local/lib/python3.8/site-packages/airflow/example_dags/example_xcom.py
[2024-03-21T02:46:56.278+0000] {processor.py:830} INFO - Processing file /home/airflow/.local/lib/python3.8/site-packages/airflow/example_dags/example_xcom.py for tasks to queue
[2024-03-21T02:46:56.280+0000] {logging_mixin.py:188} INFO - [2024-03-21T02:46:56.280+0000] {dagbag.py:538} INFO - Filling up the DagBag from /home/airflow/.local/lib/python3.8/site-packages/airflow/example_dags/example_xcom.py
[2024-03-21T02:46:56.291+0000] {processor.py:840} INFO - DAG(s) 'example_xcom' retrieved from /home/airflow/.local/lib/python3.8/site-packages/airflow/example_dags/example_xcom.py
[2024-03-21T02:46:56.319+0000] {logging_mixin.py:188} INFO - [2024-03-21T02:46:56.319+0000] {dag.py:3036} INFO - Sync 1 DAGs
[2024-03-21T02:46:56.349+0000] {logging_mixin.py:188} INFO - [2024-03-21T02:46:56.348+0000] {dag.py:3823} INFO - Setting next_dagrun for example_xcom to 2021-01-01 00:00:00+00:00, run_after=2021-01-01 00:00:00+00:00
[2024-03-21T02:46:56.373+0000] {processor.py:183} INFO - Processing /home/airflow/.local/lib/python3.8/site-packages/airflow/example_dags/example_xcom.py took 0.100 seconds
[2024-03-21T02:47:26.507+0000] {processor.py:161} INFO - Started process (PID=1760) to work on /home/airflow/.local/lib/python3.8/site-packages/airflow/example_dags/example_xcom.py
[2024-03-21T02:47:26.509+0000] {processor.py:830} INFO - Processing file /home/airflow/.local/lib/python3.8/site-packages/airflow/example_dags/example_xcom.py for tasks to queue
[2024-03-21T02:47:26.512+0000] {logging_mixin.py:188} INFO - [2024-03-21T02:47:26.512+0000] {dagbag.py:538} INFO - Filling up the DagBag from /home/airflow/.local/lib/python3.8/site-packages/airflow/example_dags/example_xcom.py
[2024-03-21T02:47:26.520+0000] {processor.py:840} INFO - DAG(s) 'example_xcom' retrieved from /home/airflow/.local/lib/python3.8/site-packages/airflow/example_dags/example_xcom.py
[2024-03-21T02:47:26.544+0000] {logging_mixin.py:188} INFO - [2024-03-21T02:47:26.543+0000] {dag.py:3036} INFO - Sync 1 DAGs
[2024-03-21T02:47:26.567+0000] {logging_mixin.py:188} INFO - [2024-03-21T02:47:26.567+0000] {dag.py:3823} INFO - Setting next_dagrun for example_xcom to 2021-01-01 00:00:00+00:00, run_after=2021-01-01 00:00:00+00:00
[2024-03-21T02:47:26.591+0000] {processor.py:183} INFO - Processing /home/airflow/.local/lib/python3.8/site-packages/airflow/example_dags/example_xcom.py took 0.088 seconds
[2024-03-21T02:47:57.334+0000] {processor.py:161} INFO - Started process (PID=1815) to work on /home/airflow/.local/lib/python3.8/site-packages/airflow/example_dags/example_xcom.py
[2024-03-21T02:47:57.335+0000] {processor.py:830} INFO - Processing file /home/airflow/.local/lib/python3.8/site-packages/airflow/example_dags/example_xcom.py for tasks to queue
[2024-03-21T02:47:57.337+0000] {logging_mixin.py:188} INFO - [2024-03-21T02:47:57.337+0000] {dagbag.py:538} INFO - Filling up the DagBag from /home/airflow/.local/lib/python3.8/site-packages/airflow/example_dags/example_xcom.py
[2024-03-21T02:47:57.347+0000] {processor.py:840} INFO - DAG(s) 'example_xcom' retrieved from /home/airflow/.local/lib/python3.8/site-packages/airflow/example_dags/example_xcom.py
[2024-03-21T02:47:57.374+0000] {logging_mixin.py:188} INFO - [2024-03-21T02:47:57.373+0000] {dag.py:3036} INFO - Sync 1 DAGs
[2024-03-21T02:47:57.398+0000] {logging_mixin.py:188} INFO - [2024-03-21T02:47:57.398+0000] {dag.py:3823} INFO - Setting next_dagrun for example_xcom to 2021-01-01 00:00:00+00:00, run_after=2021-01-01 00:00:00+00:00
[2024-03-21T02:47:57.420+0000] {processor.py:183} INFO - Processing /home/airflow/.local/lib/python3.8/site-packages/airflow/example_dags/example_xcom.py took 0.091 seconds
[2024-03-21T02:48:27.655+0000] {processor.py:161} INFO - Started process (PID=1870) to work on /home/airflow/.local/lib/python3.8/site-packages/airflow/example_dags/example_xcom.py
[2024-03-21T02:48:27.656+0000] {processor.py:830} INFO - Processing file /home/airflow/.local/lib/python3.8/site-packages/airflow/example_dags/example_xcom.py for tasks to queue
[2024-03-21T02:48:27.659+0000] {logging_mixin.py:188} INFO - [2024-03-21T02:48:27.658+0000] {dagbag.py:538} INFO - Filling up the DagBag from /home/airflow/.local/lib/python3.8/site-packages/airflow/example_dags/example_xcom.py
[2024-03-21T02:48:27.668+0000] {processor.py:840} INFO - DAG(s) 'example_xcom' retrieved from /home/airflow/.local/lib/python3.8/site-packages/airflow/example_dags/example_xcom.py
[2024-03-21T02:48:27.703+0000] {logging_mixin.py:188} INFO - [2024-03-21T02:48:27.702+0000] {dag.py:3036} INFO - Sync 1 DAGs
[2024-03-21T02:48:27.723+0000] {logging_mixin.py:188} INFO - [2024-03-21T02:48:27.723+0000] {dag.py:3823} INFO - Setting next_dagrun for example_xcom to 2021-01-01 00:00:00+00:00, run_after=2021-01-01 00:00:00+00:00
[2024-03-21T02:48:27.749+0000] {processor.py:183} INFO - Processing /home/airflow/.local/lib/python3.8/site-packages/airflow/example_dags/example_xcom.py took 0.098 seconds
[2024-03-21T02:48:57.867+0000] {processor.py:161} INFO - Started process (PID=1925) to work on /home/airflow/.local/lib/python3.8/site-packages/airflow/example_dags/example_xcom.py
[2024-03-21T02:48:57.868+0000] {processor.py:830} INFO - Processing file /home/airflow/.local/lib/python3.8/site-packages/airflow/example_dags/example_xcom.py for tasks to queue
[2024-03-21T02:48:57.871+0000] {logging_mixin.py:188} INFO - [2024-03-21T02:48:57.870+0000] {dagbag.py:538} INFO - Filling up the DagBag from /home/airflow/.local/lib/python3.8/site-packages/airflow/example_dags/example_xcom.py
[2024-03-21T02:48:57.880+0000] {processor.py:840} INFO - DAG(s) 'example_xcom' retrieved from /home/airflow/.local/lib/python3.8/site-packages/airflow/example_dags/example_xcom.py
[2024-03-21T02:48:57.908+0000] {logging_mixin.py:188} INFO - [2024-03-21T02:48:57.907+0000] {dag.py:3036} INFO - Sync 1 DAGs
[2024-03-21T02:48:57.938+0000] {logging_mixin.py:188} INFO - [2024-03-21T02:48:57.938+0000] {dag.py:3823} INFO - Setting next_dagrun for example_xcom to 2021-01-01 00:00:00+00:00, run_after=2021-01-01 00:00:00+00:00
[2024-03-21T02:48:57.963+0000] {processor.py:183} INFO - Processing /home/airflow/.local/lib/python3.8/site-packages/airflow/example_dags/example_xcom.py took 0.100 seconds
[2024-03-21T02:49:28.200+0000] {processor.py:161} INFO - Started process (PID=1980) to work on /home/airflow/.local/lib/python3.8/site-packages/airflow/example_dags/example_xcom.py
[2024-03-21T02:49:28.202+0000] {processor.py:830} INFO - Processing file /home/airflow/.local/lib/python3.8/site-packages/airflow/example_dags/example_xcom.py for tasks to queue
[2024-03-21T02:49:28.205+0000] {logging_mixin.py:188} INFO - [2024-03-21T02:49:28.204+0000] {dagbag.py:538} INFO - Filling up the DagBag from /home/airflow/.local/lib/python3.8/site-packages/airflow/example_dags/example_xcom.py
[2024-03-21T02:49:28.215+0000] {processor.py:840} INFO - DAG(s) 'example_xcom' retrieved from /home/airflow/.local/lib/python3.8/site-packages/airflow/example_dags/example_xcom.py
[2024-03-21T02:49:28.243+0000] {logging_mixin.py:188} INFO - [2024-03-21T02:49:28.243+0000] {dag.py:3036} INFO - Sync 1 DAGs
[2024-03-21T02:49:28.267+0000] {logging_mixin.py:188} INFO - [2024-03-21T02:49:28.267+0000] {dag.py:3823} INFO - Setting next_dagrun for example_xcom to 2021-01-01 00:00:00+00:00, run_after=2021-01-01 00:00:00+00:00
[2024-03-21T02:49:28.289+0000] {processor.py:183} INFO - Processing /home/airflow/.local/lib/python3.8/site-packages/airflow/example_dags/example_xcom.py took 0.093 seconds
[2024-03-21T02:49:58.635+0000] {processor.py:161} INFO - Started process (PID=2035) to work on /home/airflow/.local/lib/python3.8/site-packages/airflow/example_dags/example_xcom.py
[2024-03-21T02:49:58.637+0000] {processor.py:830} INFO - Processing file /home/airflow/.local/lib/python3.8/site-packages/airflow/example_dags/example_xcom.py for tasks to queue
[2024-03-21T02:49:58.640+0000] {logging_mixin.py:188} INFO - [2024-03-21T02:49:58.640+0000] {dagbag.py:538} INFO - Filling up the DagBag from /home/airflow/.local/lib/python3.8/site-packages/airflow/example_dags/example_xcom.py
[2024-03-21T02:49:58.652+0000] {processor.py:840} INFO - DAG(s) 'example_xcom' retrieved from /home/airflow/.local/lib/python3.8/site-packages/airflow/example_dags/example_xcom.py
[2024-03-21T02:49:58.682+0000] {logging_mixin.py:188} INFO - [2024-03-21T02:49:58.682+0000] {dag.py:3036} INFO - Sync 1 DAGs
[2024-03-21T02:49:58.713+0000] {logging_mixin.py:188} INFO - [2024-03-21T02:49:58.713+0000] {dag.py:3823} INFO - Setting next_dagrun for example_xcom to 2021-01-01 00:00:00+00:00, run_after=2021-01-01 00:00:00+00:00
[2024-03-21T02:49:58.749+0000] {processor.py:183} INFO - Processing /home/airflow/.local/lib/python3.8/site-packages/airflow/example_dags/example_xcom.py took 0.118 seconds
[2024-03-21T02:50:29.113+0000] {processor.py:161} INFO - Started process (PID=2090) to work on /home/airflow/.local/lib/python3.8/site-packages/airflow/example_dags/example_xcom.py
[2024-03-21T02:50:29.114+0000] {processor.py:830} INFO - Processing file /home/airflow/.local/lib/python3.8/site-packages/airflow/example_dags/example_xcom.py for tasks to queue
[2024-03-21T02:50:29.117+0000] {logging_mixin.py:188} INFO - [2024-03-21T02:50:29.116+0000] {dagbag.py:538} INFO - Filling up the DagBag from /home/airflow/.local/lib/python3.8/site-packages/airflow/example_dags/example_xcom.py
[2024-03-21T02:50:29.125+0000] {processor.py:840} INFO - DAG(s) 'example_xcom' retrieved from /home/airflow/.local/lib/python3.8/site-packages/airflow/example_dags/example_xcom.py
[2024-03-21T02:50:29.147+0000] {logging_mixin.py:188} INFO - [2024-03-21T02:50:29.147+0000] {dag.py:3036} INFO - Sync 1 DAGs
[2024-03-21T02:50:29.170+0000] {logging_mixin.py:188} INFO - [2024-03-21T02:50:29.170+0000] {dag.py:3823} INFO - Setting next_dagrun for example_xcom to 2021-01-01 00:00:00+00:00, run_after=2021-01-01 00:00:00+00:00
[2024-03-21T02:50:29.192+0000] {processor.py:183} INFO - Processing /home/airflow/.local/lib/python3.8/site-packages/airflow/example_dags/example_xcom.py took 0.083 seconds
[2024-03-21T02:50:59.848+0000] {processor.py:161} INFO - Started process (PID=2145) to work on /home/airflow/.local/lib/python3.8/site-packages/airflow/example_dags/example_xcom.py
[2024-03-21T02:50:59.850+0000] {processor.py:830} INFO - Processing file /home/airflow/.local/lib/python3.8/site-packages/airflow/example_dags/example_xcom.py for tasks to queue
[2024-03-21T02:50:59.852+0000] {logging_mixin.py:188} INFO - [2024-03-21T02:50:59.851+0000] {dagbag.py:538} INFO - Filling up the DagBag from /home/airflow/.local/lib/python3.8/site-packages/airflow/example_dags/example_xcom.py
[2024-03-21T02:50:59.861+0000] {processor.py:840} INFO - DAG(s) 'example_xcom' retrieved from /home/airflow/.local/lib/python3.8/site-packages/airflow/example_dags/example_xcom.py
[2024-03-21T02:50:59.888+0000] {logging_mixin.py:188} INFO - [2024-03-21T02:50:59.888+0000] {dag.py:3036} INFO - Sync 1 DAGs
[2024-03-21T02:50:59.917+0000] {logging_mixin.py:188} INFO - [2024-03-21T02:50:59.916+0000] {dag.py:3823} INFO - Setting next_dagrun for example_xcom to 2021-01-01 00:00:00+00:00, run_after=2021-01-01 00:00:00+00:00
[2024-03-21T02:50:59.941+0000] {processor.py:183} INFO - Processing /home/airflow/.local/lib/python3.8/site-packages/airflow/example_dags/example_xcom.py took 0.097 seconds
[2024-03-21T02:51:30.561+0000] {processor.py:161} INFO - Started process (PID=2200) to work on /home/airflow/.local/lib/python3.8/site-packages/airflow/example_dags/example_xcom.py
[2024-03-21T02:51:30.563+0000] {processor.py:830} INFO - Processing file /home/airflow/.local/lib/python3.8/site-packages/airflow/example_dags/example_xcom.py for tasks to queue
[2024-03-21T02:51:30.565+0000] {logging_mixin.py:188} INFO - [2024-03-21T02:51:30.564+0000] {dagbag.py:538} INFO - Filling up the DagBag from /home/airflow/.local/lib/python3.8/site-packages/airflow/example_dags/example_xcom.py
[2024-03-21T02:51:30.576+0000] {processor.py:840} INFO - DAG(s) 'example_xcom' retrieved from /home/airflow/.local/lib/python3.8/site-packages/airflow/example_dags/example_xcom.py
[2024-03-21T02:51:30.605+0000] {logging_mixin.py:188} INFO - [2024-03-21T02:51:30.605+0000] {dag.py:3036} INFO - Sync 1 DAGs
[2024-03-21T02:51:30.635+0000] {logging_mixin.py:188} INFO - [2024-03-21T02:51:30.634+0000] {dag.py:3823} INFO - Setting next_dagrun for example_xcom to 2021-01-01 00:00:00+00:00, run_after=2021-01-01 00:00:00+00:00
[2024-03-21T02:51:30.660+0000] {processor.py:183} INFO - Processing /home/airflow/.local/lib/python3.8/site-packages/airflow/example_dags/example_xcom.py took 0.103 seconds
[2024-03-21T02:52:01.429+0000] {processor.py:161} INFO - Started process (PID=2255) to work on /home/airflow/.local/lib/python3.8/site-packages/airflow/example_dags/example_xcom.py
[2024-03-21T02:52:01.430+0000] {processor.py:830} INFO - Processing file /home/airflow/.local/lib/python3.8/site-packages/airflow/example_dags/example_xcom.py for tasks to queue
[2024-03-21T02:52:01.433+0000] {logging_mixin.py:188} INFO - [2024-03-21T02:52:01.432+0000] {dagbag.py:538} INFO - Filling up the DagBag from /home/airflow/.local/lib/python3.8/site-packages/airflow/example_dags/example_xcom.py
[2024-03-21T02:52:01.441+0000] {processor.py:840} INFO - DAG(s) 'example_xcom' retrieved from /home/airflow/.local/lib/python3.8/site-packages/airflow/example_dags/example_xcom.py
[2024-03-21T02:52:01.465+0000] {logging_mixin.py:188} INFO - [2024-03-21T02:52:01.465+0000] {dag.py:3036} INFO - Sync 1 DAGs
[2024-03-21T02:52:01.489+0000] {logging_mixin.py:188} INFO - [2024-03-21T02:52:01.489+0000] {dag.py:3823} INFO - Setting next_dagrun for example_xcom to 2021-01-01 00:00:00+00:00, run_after=2021-01-01 00:00:00+00:00
[2024-03-21T02:52:01.512+0000] {processor.py:183} INFO - Processing /home/airflow/.local/lib/python3.8/site-packages/airflow/example_dags/example_xcom.py took 0.087 seconds
[2024-03-21T02:52:32.501+0000] {processor.py:161} INFO - Started process (PID=2311) to work on /home/airflow/.local/lib/python3.8/site-packages/airflow/example_dags/example_xcom.py
[2024-03-21T02:52:32.502+0000] {processor.py:830} INFO - Processing file /home/airflow/.local/lib/python3.8/site-packages/airflow/example_dags/example_xcom.py for tasks to queue
[2024-03-21T02:52:32.505+0000] {logging_mixin.py:188} INFO - [2024-03-21T02:52:32.505+0000] {dagbag.py:538} INFO - Filling up the DagBag from /home/airflow/.local/lib/python3.8/site-packages/airflow/example_dags/example_xcom.py
[2024-03-21T02:52:32.512+0000] {processor.py:840} INFO - DAG(s) 'example_xcom' retrieved from /home/airflow/.local/lib/python3.8/site-packages/airflow/example_dags/example_xcom.py
[2024-03-21T02:52:32.536+0000] {logging_mixin.py:188} INFO - [2024-03-21T02:52:32.535+0000] {dag.py:3036} INFO - Sync 1 DAGs
[2024-03-21T02:52:32.557+0000] {logging_mixin.py:188} INFO - [2024-03-21T02:52:32.556+0000] {dag.py:3823} INFO - Setting next_dagrun for example_xcom to 2021-01-01 00:00:00+00:00, run_after=2021-01-01 00:00:00+00:00
[2024-03-21T02:52:32.579+0000] {processor.py:183} INFO - Processing /home/airflow/.local/lib/python3.8/site-packages/airflow/example_dags/example_xcom.py took 0.081 seconds
[2024-03-21T02:53:02.669+0000] {processor.py:161} INFO - Started process (PID=2367) to work on /home/airflow/.local/lib/python3.8/site-packages/airflow/example_dags/example_xcom.py
[2024-03-21T02:53:02.670+0000] {processor.py:830} INFO - Processing file /home/airflow/.local/lib/python3.8/site-packages/airflow/example_dags/example_xcom.py for tasks to queue
[2024-03-21T02:53:02.672+0000] {logging_mixin.py:188} INFO - [2024-03-21T02:53:02.672+0000] {dagbag.py:538} INFO - Filling up the DagBag from /home/airflow/.local/lib/python3.8/site-packages/airflow/example_dags/example_xcom.py
[2024-03-21T02:53:02.679+0000] {processor.py:840} INFO - DAG(s) 'example_xcom' retrieved from /home/airflow/.local/lib/python3.8/site-packages/airflow/example_dags/example_xcom.py
[2024-03-21T02:53:02.703+0000] {logging_mixin.py:188} INFO - [2024-03-21T02:53:02.703+0000] {dag.py:3036} INFO - Sync 1 DAGs
[2024-03-21T02:53:02.728+0000] {logging_mixin.py:188} INFO - [2024-03-21T02:53:02.728+0000] {dag.py:3823} INFO - Setting next_dagrun for example_xcom to 2021-01-01 00:00:00+00:00, run_after=2021-01-01 00:00:00+00:00
[2024-03-21T02:53:02.750+0000] {processor.py:183} INFO - Processing /home/airflow/.local/lib/python3.8/site-packages/airflow/example_dags/example_xcom.py took 0.084 seconds
[2024-03-21T02:53:33.226+0000] {processor.py:161} INFO - Started process (PID=2423) to work on /home/airflow/.local/lib/python3.8/site-packages/airflow/example_dags/example_xcom.py
[2024-03-21T02:53:33.227+0000] {processor.py:830} INFO - Processing file /home/airflow/.local/lib/python3.8/site-packages/airflow/example_dags/example_xcom.py for tasks to queue
[2024-03-21T02:53:33.229+0000] {logging_mixin.py:188} INFO - [2024-03-21T02:53:33.229+0000] {dagbag.py:538} INFO - Filling up the DagBag from /home/airflow/.local/lib/python3.8/site-packages/airflow/example_dags/example_xcom.py
[2024-03-21T02:53:33.237+0000] {processor.py:840} INFO - DAG(s) 'example_xcom' retrieved from /home/airflow/.local/lib/python3.8/site-packages/airflow/example_dags/example_xcom.py
[2024-03-21T02:53:33.257+0000] {logging_mixin.py:188} INFO - [2024-03-21T02:53:33.257+0000] {dag.py:3036} INFO - Sync 1 DAGs
[2024-03-21T02:53:33.298+0000] {logging_mixin.py:188} INFO - [2024-03-21T02:53:33.297+0000] {dag.py:3823} INFO - Setting next_dagrun for example_xcom to 2021-01-01 00:00:00+00:00, run_after=2021-01-01 00:00:00+00:00
[2024-03-21T02:53:33.320+0000] {processor.py:183} INFO - Processing /home/airflow/.local/lib/python3.8/site-packages/airflow/example_dags/example_xcom.py took 0.098 seconds
[2024-03-21T02:54:03.890+0000] {processor.py:161} INFO - Started process (PID=2479) to work on /home/airflow/.local/lib/python3.8/site-packages/airflow/example_dags/example_xcom.py
[2024-03-21T02:54:03.892+0000] {processor.py:830} INFO - Processing file /home/airflow/.local/lib/python3.8/site-packages/airflow/example_dags/example_xcom.py for tasks to queue
[2024-03-21T02:54:03.894+0000] {logging_mixin.py:188} INFO - [2024-03-21T02:54:03.893+0000] {dagbag.py:538} INFO - Filling up the DagBag from /home/airflow/.local/lib/python3.8/site-packages/airflow/example_dags/example_xcom.py
[2024-03-21T02:54:03.906+0000] {processor.py:840} INFO - DAG(s) 'example_xcom' retrieved from /home/airflow/.local/lib/python3.8/site-packages/airflow/example_dags/example_xcom.py
[2024-03-21T02:54:03.940+0000] {logging_mixin.py:188} INFO - [2024-03-21T02:54:03.939+0000] {dag.py:3036} INFO - Sync 1 DAGs
[2024-03-21T02:54:03.992+0000] {logging_mixin.py:188} INFO - [2024-03-21T02:54:03.991+0000] {dag.py:3823} INFO - Setting next_dagrun for example_xcom to 2021-01-01 00:00:00+00:00, run_after=2021-01-01 00:00:00+00:00
[2024-03-21T02:54:04.034+0000] {processor.py:183} INFO - Processing /home/airflow/.local/lib/python3.8/site-packages/airflow/example_dags/example_xcom.py took 0.148 seconds
[2024-03-21T02:54:34.844+0000] {processor.py:161} INFO - Started process (PID=2535) to work on /home/airflow/.local/lib/python3.8/site-packages/airflow/example_dags/example_xcom.py
[2024-03-21T02:54:34.845+0000] {processor.py:830} INFO - Processing file /home/airflow/.local/lib/python3.8/site-packages/airflow/example_dags/example_xcom.py for tasks to queue
[2024-03-21T02:54:34.847+0000] {logging_mixin.py:188} INFO - [2024-03-21T02:54:34.847+0000] {dagbag.py:538} INFO - Filling up the DagBag from /home/airflow/.local/lib/python3.8/site-packages/airflow/example_dags/example_xcom.py
[2024-03-21T02:54:34.855+0000] {processor.py:840} INFO - DAG(s) 'example_xcom' retrieved from /home/airflow/.local/lib/python3.8/site-packages/airflow/example_dags/example_xcom.py
[2024-03-21T02:54:34.883+0000] {logging_mixin.py:188} INFO - [2024-03-21T02:54:34.882+0000] {dag.py:3036} INFO - Sync 1 DAGs
[2024-03-21T02:54:34.909+0000] {logging_mixin.py:188} INFO - [2024-03-21T02:54:34.909+0000] {dag.py:3823} INFO - Setting next_dagrun for example_xcom to 2021-01-01 00:00:00+00:00, run_after=2021-01-01 00:00:00+00:00
[2024-03-21T02:54:34.933+0000] {processor.py:183} INFO - Processing /home/airflow/.local/lib/python3.8/site-packages/airflow/example_dags/example_xcom.py took 0.094 seconds
[2024-03-21T02:55:05.226+0000] {processor.py:161} INFO - Started process (PID=2591) to work on /home/airflow/.local/lib/python3.8/site-packages/airflow/example_dags/example_xcom.py
[2024-03-21T02:55:05.228+0000] {processor.py:830} INFO - Processing file /home/airflow/.local/lib/python3.8/site-packages/airflow/example_dags/example_xcom.py for tasks to queue
[2024-03-21T02:55:05.232+0000] {logging_mixin.py:188} INFO - [2024-03-21T02:55:05.231+0000] {dagbag.py:538} INFO - Filling up the DagBag from /home/airflow/.local/lib/python3.8/site-packages/airflow/example_dags/example_xcom.py
[2024-03-21T02:55:05.246+0000] {processor.py:840} INFO - DAG(s) 'example_xcom' retrieved from /home/airflow/.local/lib/python3.8/site-packages/airflow/example_dags/example_xcom.py
[2024-03-21T02:55:05.290+0000] {logging_mixin.py:188} INFO - [2024-03-21T02:55:05.289+0000] {dag.py:3036} INFO - Sync 1 DAGs
[2024-03-21T02:55:05.334+0000] {logging_mixin.py:188} INFO - [2024-03-21T02:55:05.333+0000] {dag.py:3823} INFO - Setting next_dagrun for example_xcom to 2021-01-01 00:00:00+00:00, run_after=2021-01-01 00:00:00+00:00
[2024-03-21T02:55:05.373+0000] {processor.py:183} INFO - Processing /home/airflow/.local/lib/python3.8/site-packages/airflow/example_dags/example_xcom.py took 0.152 seconds
[2024-03-21T02:55:35.501+0000] {processor.py:161} INFO - Started process (PID=2647) to work on /home/airflow/.local/lib/python3.8/site-packages/airflow/example_dags/example_xcom.py
[2024-03-21T02:55:35.502+0000] {processor.py:830} INFO - Processing file /home/airflow/.local/lib/python3.8/site-packages/airflow/example_dags/example_xcom.py for tasks to queue
[2024-03-21T02:55:35.504+0000] {logging_mixin.py:188} INFO - [2024-03-21T02:55:35.503+0000] {dagbag.py:538} INFO - Filling up the DagBag from /home/airflow/.local/lib/python3.8/site-packages/airflow/example_dags/example_xcom.py
[2024-03-21T02:55:35.512+0000] {processor.py:840} INFO - DAG(s) 'example_xcom' retrieved from /home/airflow/.local/lib/python3.8/site-packages/airflow/example_dags/example_xcom.py
[2024-03-21T02:55:35.646+0000] {logging_mixin.py:188} INFO - [2024-03-21T02:55:35.645+0000] {dag.py:3036} INFO - Sync 1 DAGs
[2024-03-21T02:55:35.843+0000] {logging_mixin.py:188} INFO - [2024-03-21T02:55:35.843+0000] {dag.py:3823} INFO - Setting next_dagrun for example_xcom to 2021-01-01 00:00:00+00:00, run_after=2021-01-01 00:00:00+00:00
[2024-03-21T02:55:35.886+0000] {processor.py:183} INFO - Processing /home/airflow/.local/lib/python3.8/site-packages/airflow/example_dags/example_xcom.py took 0.389 seconds
[2024-03-21T02:56:06.524+0000] {processor.py:161} INFO - Started process (PID=2703) to work on /home/airflow/.local/lib/python3.8/site-packages/airflow/example_dags/example_xcom.py
[2024-03-21T02:56:06.526+0000] {processor.py:830} INFO - Processing file /home/airflow/.local/lib/python3.8/site-packages/airflow/example_dags/example_xcom.py for tasks to queue
[2024-03-21T02:56:06.528+0000] {logging_mixin.py:188} INFO - [2024-03-21T02:56:06.527+0000] {dagbag.py:538} INFO - Filling up the DagBag from /home/airflow/.local/lib/python3.8/site-packages/airflow/example_dags/example_xcom.py
[2024-03-21T02:56:06.540+0000] {processor.py:840} INFO - DAG(s) 'example_xcom' retrieved from /home/airflow/.local/lib/python3.8/site-packages/airflow/example_dags/example_xcom.py
[2024-03-21T02:56:06.572+0000] {logging_mixin.py:188} INFO - [2024-03-21T02:56:06.572+0000] {dag.py:3036} INFO - Sync 1 DAGs
[2024-03-21T02:56:06.603+0000] {logging_mixin.py:188} INFO - [2024-03-21T02:56:06.602+0000] {dag.py:3823} INFO - Setting next_dagrun for example_xcom to 2021-01-01 00:00:00+00:00, run_after=2021-01-01 00:00:00+00:00
[2024-03-21T02:56:06.781+0000] {processor.py:183} INFO - Processing /home/airflow/.local/lib/python3.8/site-packages/airflow/example_dags/example_xcom.py took 0.262 seconds
[2024-03-21T02:56:37.236+0000] {processor.py:161} INFO - Started process (PID=2759) to work on /home/airflow/.local/lib/python3.8/site-packages/airflow/example_dags/example_xcom.py
[2024-03-21T02:56:37.237+0000] {processor.py:830} INFO - Processing file /home/airflow/.local/lib/python3.8/site-packages/airflow/example_dags/example_xcom.py for tasks to queue
[2024-03-21T02:56:37.238+0000] {logging_mixin.py:188} INFO - [2024-03-21T02:56:37.238+0000] {dagbag.py:538} INFO - Filling up the DagBag from /home/airflow/.local/lib/python3.8/site-packages/airflow/example_dags/example_xcom.py
[2024-03-21T02:56:37.245+0000] {processor.py:840} INFO - DAG(s) 'example_xcom' retrieved from /home/airflow/.local/lib/python3.8/site-packages/airflow/example_dags/example_xcom.py
[2024-03-21T02:56:37.268+0000] {logging_mixin.py:188} INFO - [2024-03-21T02:56:37.268+0000] {dag.py:3036} INFO - Sync 1 DAGs
[2024-03-21T02:56:37.291+0000] {logging_mixin.py:188} INFO - [2024-03-21T02:56:37.290+0000] {dag.py:3823} INFO - Setting next_dagrun for example_xcom to 2021-01-01 00:00:00+00:00, run_after=2021-01-01 00:00:00+00:00
[2024-03-21T02:56:37.443+0000] {processor.py:183} INFO - Processing /home/airflow/.local/lib/python3.8/site-packages/airflow/example_dags/example_xcom.py took 0.211 seconds
[2024-03-21T02:57:07.749+0000] {processor.py:161} INFO - Started process (PID=2815) to work on /home/airflow/.local/lib/python3.8/site-packages/airflow/example_dags/example_xcom.py
[2024-03-21T02:57:07.750+0000] {processor.py:830} INFO - Processing file /home/airflow/.local/lib/python3.8/site-packages/airflow/example_dags/example_xcom.py for tasks to queue
[2024-03-21T02:57:07.752+0000] {logging_mixin.py:188} INFO - [2024-03-21T02:57:07.752+0000] {dagbag.py:538} INFO - Filling up the DagBag from /home/airflow/.local/lib/python3.8/site-packages/airflow/example_dags/example_xcom.py
[2024-03-21T02:57:07.759+0000] {processor.py:840} INFO - DAG(s) 'example_xcom' retrieved from /home/airflow/.local/lib/python3.8/site-packages/airflow/example_dags/example_xcom.py
[2024-03-21T02:57:07.780+0000] {logging_mixin.py:188} INFO - [2024-03-21T02:57:07.780+0000] {dag.py:3036} INFO - Sync 1 DAGs
[2024-03-21T02:57:07.801+0000] {logging_mixin.py:188} INFO - [2024-03-21T02:57:07.800+0000] {dag.py:3823} INFO - Setting next_dagrun for example_xcom to 2021-01-01 00:00:00+00:00, run_after=2021-01-01 00:00:00+00:00
[2024-03-21T02:57:07.931+0000] {processor.py:183} INFO - Processing /home/airflow/.local/lib/python3.8/site-packages/airflow/example_dags/example_xcom.py took 0.185 seconds
[2024-03-21T02:57:37.997+0000] {processor.py:161} INFO - Started process (PID=2871) to work on /home/airflow/.local/lib/python3.8/site-packages/airflow/example_dags/example_xcom.py
[2024-03-21T02:57:37.998+0000] {processor.py:830} INFO - Processing file /home/airflow/.local/lib/python3.8/site-packages/airflow/example_dags/example_xcom.py for tasks to queue
[2024-03-21T02:57:38.001+0000] {logging_mixin.py:188} INFO - [2024-03-21T02:57:38.000+0000] {dagbag.py:538} INFO - Filling up the DagBag from /home/airflow/.local/lib/python3.8/site-packages/airflow/example_dags/example_xcom.py
[2024-03-21T02:57:38.011+0000] {processor.py:840} INFO - DAG(s) 'example_xcom' retrieved from /home/airflow/.local/lib/python3.8/site-packages/airflow/example_dags/example_xcom.py
[2024-03-21T02:57:38.032+0000] {logging_mixin.py:188} INFO - [2024-03-21T02:57:38.032+0000] {dag.py:3036} INFO - Sync 1 DAGs
[2024-03-21T02:57:38.053+0000] {logging_mixin.py:188} INFO - [2024-03-21T02:57:38.053+0000] {dag.py:3823} INFO - Setting next_dagrun for example_xcom to 2021-01-01 00:00:00+00:00, run_after=2021-01-01 00:00:00+00:00
[2024-03-21T02:57:38.075+0000] {processor.py:183} INFO - Processing /home/airflow/.local/lib/python3.8/site-packages/airflow/example_dags/example_xcom.py took 0.082 seconds
[2024-03-21T02:58:08.626+0000] {processor.py:161} INFO - Started process (PID=2927) to work on /home/airflow/.local/lib/python3.8/site-packages/airflow/example_dags/example_xcom.py
[2024-03-21T02:58:08.627+0000] {processor.py:830} INFO - Processing file /home/airflow/.local/lib/python3.8/site-packages/airflow/example_dags/example_xcom.py for tasks to queue
[2024-03-21T02:58:08.631+0000] {logging_mixin.py:188} INFO - [2024-03-21T02:58:08.630+0000] {dagbag.py:538} INFO - Filling up the DagBag from /home/airflow/.local/lib/python3.8/site-packages/airflow/example_dags/example_xcom.py
[2024-03-21T02:58:08.643+0000] {processor.py:840} INFO - DAG(s) 'example_xcom' retrieved from /home/airflow/.local/lib/python3.8/site-packages/airflow/example_dags/example_xcom.py
[2024-03-21T02:58:08.676+0000] {logging_mixin.py:188} INFO - [2024-03-21T02:58:08.675+0000] {dag.py:3036} INFO - Sync 1 DAGs
[2024-03-21T02:58:08.711+0000] {logging_mixin.py:188} INFO - [2024-03-21T02:58:08.710+0000] {dag.py:3823} INFO - Setting next_dagrun for example_xcom to 2021-01-01 00:00:00+00:00, run_after=2021-01-01 00:00:00+00:00
[2024-03-21T02:58:08.744+0000] {processor.py:183} INFO - Processing /home/airflow/.local/lib/python3.8/site-packages/airflow/example_dags/example_xcom.py took 0.124 seconds
[2024-03-21T02:58:39.047+0000] {processor.py:161} INFO - Started process (PID=2983) to work on /home/airflow/.local/lib/python3.8/site-packages/airflow/example_dags/example_xcom.py
[2024-03-21T02:58:39.049+0000] {processor.py:830} INFO - Processing file /home/airflow/.local/lib/python3.8/site-packages/airflow/example_dags/example_xcom.py for tasks to queue
[2024-03-21T02:58:39.053+0000] {logging_mixin.py:188} INFO - [2024-03-21T02:58:39.052+0000] {dagbag.py:538} INFO - Filling up the DagBag from /home/airflow/.local/lib/python3.8/site-packages/airflow/example_dags/example_xcom.py
[2024-03-21T02:58:39.296+0000] {processor.py:840} INFO - DAG(s) 'example_xcom' retrieved from /home/airflow/.local/lib/python3.8/site-packages/airflow/example_dags/example_xcom.py
[2024-03-21T02:58:39.335+0000] {logging_mixin.py:188} INFO - [2024-03-21T02:58:39.334+0000] {dag.py:3036} INFO - Sync 1 DAGs
[2024-03-21T02:58:39.385+0000] {logging_mixin.py:188} INFO - [2024-03-21T02:58:39.385+0000] {dag.py:3823} INFO - Setting next_dagrun for example_xcom to 2021-01-01 00:00:00+00:00, run_after=2021-01-01 00:00:00+00:00
[2024-03-21T02:58:39.415+0000] {processor.py:183} INFO - Processing /home/airflow/.local/lib/python3.8/site-packages/airflow/example_dags/example_xcom.py took 0.375 seconds
[2024-03-21T02:59:09.669+0000] {processor.py:161} INFO - Started process (PID=3040) to work on /home/airflow/.local/lib/python3.8/site-packages/airflow/example_dags/example_xcom.py
[2024-03-21T02:59:09.670+0000] {processor.py:830} INFO - Processing file /home/airflow/.local/lib/python3.8/site-packages/airflow/example_dags/example_xcom.py for tasks to queue
[2024-03-21T02:59:09.672+0000] {logging_mixin.py:188} INFO - [2024-03-21T02:59:09.672+0000] {dagbag.py:538} INFO - Filling up the DagBag from /home/airflow/.local/lib/python3.8/site-packages/airflow/example_dags/example_xcom.py
[2024-03-21T02:59:09.680+0000] {processor.py:840} INFO - DAG(s) 'example_xcom' retrieved from /home/airflow/.local/lib/python3.8/site-packages/airflow/example_dags/example_xcom.py
[2024-03-21T02:59:09.702+0000] {logging_mixin.py:188} INFO - [2024-03-21T02:59:09.702+0000] {dag.py:3036} INFO - Sync 1 DAGs
[2024-03-21T02:59:09.724+0000] {logging_mixin.py:188} INFO - [2024-03-21T02:59:09.724+0000] {dag.py:3823} INFO - Setting next_dagrun for example_xcom to 2021-01-01 00:00:00+00:00, run_after=2021-01-01 00:00:00+00:00
[2024-03-21T02:59:09.745+0000] {processor.py:183} INFO - Processing /home/airflow/.local/lib/python3.8/site-packages/airflow/example_dags/example_xcom.py took 0.080 seconds
[2024-03-21T02:59:39.839+0000] {processor.py:161} INFO - Started process (PID=3096) to work on /home/airflow/.local/lib/python3.8/site-packages/airflow/example_dags/example_xcom.py
[2024-03-21T02:59:39.840+0000] {processor.py:830} INFO - Processing file /home/airflow/.local/lib/python3.8/site-packages/airflow/example_dags/example_xcom.py for tasks to queue
[2024-03-21T02:59:39.842+0000] {logging_mixin.py:188} INFO - [2024-03-21T02:59:39.841+0000] {dagbag.py:538} INFO - Filling up the DagBag from /home/airflow/.local/lib/python3.8/site-packages/airflow/example_dags/example_xcom.py
[2024-03-21T02:59:39.850+0000] {processor.py:840} INFO - DAG(s) 'example_xcom' retrieved from /home/airflow/.local/lib/python3.8/site-packages/airflow/example_dags/example_xcom.py
[2024-03-21T02:59:39.869+0000] {logging_mixin.py:188} INFO - [2024-03-21T02:59:39.868+0000] {dag.py:3036} INFO - Sync 1 DAGs
[2024-03-21T02:59:39.889+0000] {logging_mixin.py:188} INFO - [2024-03-21T02:59:39.889+0000] {dag.py:3823} INFO - Setting next_dagrun for example_xcom to 2021-01-01 00:00:00+00:00, run_after=2021-01-01 00:00:00+00:00
[2024-03-21T02:59:39.909+0000] {processor.py:183} INFO - Processing /home/airflow/.local/lib/python3.8/site-packages/airflow/example_dags/example_xcom.py took 0.073 seconds
[2024-03-21T03:00:10.293+0000] {processor.py:161} INFO - Started process (PID=3153) to work on /home/airflow/.local/lib/python3.8/site-packages/airflow/example_dags/example_xcom.py
[2024-03-21T03:00:10.294+0000] {processor.py:830} INFO - Processing file /home/airflow/.local/lib/python3.8/site-packages/airflow/example_dags/example_xcom.py for tasks to queue
[2024-03-21T03:00:10.296+0000] {logging_mixin.py:188} INFO - [2024-03-21T03:00:10.296+0000] {dagbag.py:538} INFO - Filling up the DagBag from /home/airflow/.local/lib/python3.8/site-packages/airflow/example_dags/example_xcom.py
[2024-03-21T03:00:10.304+0000] {processor.py:840} INFO - DAG(s) 'example_xcom' retrieved from /home/airflow/.local/lib/python3.8/site-packages/airflow/example_dags/example_xcom.py
[2024-03-21T03:00:10.334+0000] {logging_mixin.py:188} INFO - [2024-03-21T03:00:10.333+0000] {dag.py:3036} INFO - Sync 1 DAGs
[2024-03-21T03:00:10.364+0000] {logging_mixin.py:188} INFO - [2024-03-21T03:00:10.363+0000] {dag.py:3823} INFO - Setting next_dagrun for example_xcom to 2021-01-01 00:00:00+00:00, run_after=2021-01-01 00:00:00+00:00
[2024-03-21T03:00:10.389+0000] {processor.py:183} INFO - Processing /home/airflow/.local/lib/python3.8/site-packages/airflow/example_dags/example_xcom.py took 0.100 seconds
[2024-03-21T03:00:40.549+0000] {processor.py:161} INFO - Started process (PID=3209) to work on /home/airflow/.local/lib/python3.8/site-packages/airflow/example_dags/example_xcom.py
[2024-03-21T03:00:40.550+0000] {processor.py:830} INFO - Processing file /home/airflow/.local/lib/python3.8/site-packages/airflow/example_dags/example_xcom.py for tasks to queue
[2024-03-21T03:00:40.553+0000] {logging_mixin.py:188} INFO - [2024-03-21T03:00:40.552+0000] {dagbag.py:538} INFO - Filling up the DagBag from /home/airflow/.local/lib/python3.8/site-packages/airflow/example_dags/example_xcom.py
[2024-03-21T03:00:40.562+0000] {processor.py:840} INFO - DAG(s) 'example_xcom' retrieved from /home/airflow/.local/lib/python3.8/site-packages/airflow/example_dags/example_xcom.py
[2024-03-21T03:00:40.586+0000] {logging_mixin.py:188} INFO - [2024-03-21T03:00:40.586+0000] {dag.py:3036} INFO - Sync 1 DAGs
[2024-03-21T03:00:40.612+0000] {logging_mixin.py:188} INFO - [2024-03-21T03:00:40.611+0000] {dag.py:3823} INFO - Setting next_dagrun for example_xcom to 2021-01-01 00:00:00+00:00, run_after=2021-01-01 00:00:00+00:00
[2024-03-21T03:00:40.633+0000] {processor.py:183} INFO - Processing /home/airflow/.local/lib/python3.8/site-packages/airflow/example_dags/example_xcom.py took 0.088 seconds
[2024-03-21T03:02:44.334+0000] {processor.py:161} INFO - Started process (PID=51) to work on /home/airflow/.local/lib/python3.8/site-packages/airflow/example_dags/example_xcom.py
[2024-03-21T03:02:44.337+0000] {processor.py:830} INFO - Processing file /home/airflow/.local/lib/python3.8/site-packages/airflow/example_dags/example_xcom.py for tasks to queue
[2024-03-21T03:02:44.342+0000] {logging_mixin.py:188} INFO - [2024-03-21T03:02:44.341+0000] {dagbag.py:538} INFO - Filling up the DagBag from /home/airflow/.local/lib/python3.8/site-packages/airflow/example_dags/example_xcom.py
[2024-03-21T03:02:44.360+0000] {processor.py:840} INFO - DAG(s) 'example_xcom' retrieved from /home/airflow/.local/lib/python3.8/site-packages/airflow/example_dags/example_xcom.py
[2024-03-21T03:02:44.378+0000] {logging_mixin.py:188} INFO - [2024-03-21T03:02:44.378+0000] {dag.py:3036} INFO - Sync 1 DAGs
[2024-03-21T03:02:44.410+0000] {logging_mixin.py:188} INFO - [2024-03-21T03:02:44.409+0000] {dag.py:3823} INFO - Setting next_dagrun for example_xcom to 2021-01-01 00:00:00+00:00, run_after=2021-01-01 00:00:00+00:00
[2024-03-21T03:02:44.433+0000] {processor.py:183} INFO - Processing /home/airflow/.local/lib/python3.8/site-packages/airflow/example_dags/example_xcom.py took 0.111 seconds
[2024-03-21T03:03:15.078+0000] {processor.py:161} INFO - Started process (PID=107) to work on /home/airflow/.local/lib/python3.8/site-packages/airflow/example_dags/example_xcom.py
[2024-03-21T03:03:15.080+0000] {processor.py:830} INFO - Processing file /home/airflow/.local/lib/python3.8/site-packages/airflow/example_dags/example_xcom.py for tasks to queue
[2024-03-21T03:03:15.081+0000] {logging_mixin.py:188} INFO - [2024-03-21T03:03:15.081+0000] {dagbag.py:538} INFO - Filling up the DagBag from /home/airflow/.local/lib/python3.8/site-packages/airflow/example_dags/example_xcom.py
[2024-03-21T03:03:15.088+0000] {processor.py:840} INFO - DAG(s) 'example_xcom' retrieved from /home/airflow/.local/lib/python3.8/site-packages/airflow/example_dags/example_xcom.py
[2024-03-21T03:03:15.180+0000] {logging_mixin.py:188} INFO - [2024-03-21T03:03:15.180+0000] {dag.py:3036} INFO - Sync 1 DAGs
[2024-03-21T03:03:15.202+0000] {logging_mixin.py:188} INFO - [2024-03-21T03:03:15.201+0000] {dag.py:3823} INFO - Setting next_dagrun for example_xcom to 2021-01-01 00:00:00+00:00, run_after=2021-01-01 00:00:00+00:00
[2024-03-21T03:03:15.222+0000] {processor.py:183} INFO - Processing /home/airflow/.local/lib/python3.8/site-packages/airflow/example_dags/example_xcom.py took 0.147 seconds
[2024-03-21T03:03:45.257+0000] {processor.py:161} INFO - Started process (PID=163) to work on /home/airflow/.local/lib/python3.8/site-packages/airflow/example_dags/example_xcom.py
[2024-03-21T03:03:45.258+0000] {processor.py:830} INFO - Processing file /home/airflow/.local/lib/python3.8/site-packages/airflow/example_dags/example_xcom.py for tasks to queue
[2024-03-21T03:03:45.260+0000] {logging_mixin.py:188} INFO - [2024-03-21T03:03:45.260+0000] {dagbag.py:538} INFO - Filling up the DagBag from /home/airflow/.local/lib/python3.8/site-packages/airflow/example_dags/example_xcom.py
[2024-03-21T03:03:45.267+0000] {processor.py:840} INFO - DAG(s) 'example_xcom' retrieved from /home/airflow/.local/lib/python3.8/site-packages/airflow/example_dags/example_xcom.py
[2024-03-21T03:03:45.291+0000] {logging_mixin.py:188} INFO - [2024-03-21T03:03:45.290+0000] {dag.py:3036} INFO - Sync 1 DAGs
[2024-03-21T03:03:45.314+0000] {logging_mixin.py:188} INFO - [2024-03-21T03:03:45.314+0000] {dag.py:3823} INFO - Setting next_dagrun for example_xcom to 2021-01-01 00:00:00+00:00, run_after=2021-01-01 00:00:00+00:00
[2024-03-21T03:03:45.336+0000] {processor.py:183} INFO - Processing /home/airflow/.local/lib/python3.8/site-packages/airflow/example_dags/example_xcom.py took 0.082 seconds
[2024-03-21T03:04:15.731+0000] {processor.py:161} INFO - Started process (PID=233) to work on /home/airflow/.local/lib/python3.8/site-packages/airflow/example_dags/example_xcom.py
[2024-03-21T03:04:15.732+0000] {processor.py:830} INFO - Processing file /home/airflow/.local/lib/python3.8/site-packages/airflow/example_dags/example_xcom.py for tasks to queue
[2024-03-21T03:04:15.734+0000] {logging_mixin.py:188} INFO - [2024-03-21T03:04:15.734+0000] {dagbag.py:538} INFO - Filling up the DagBag from /home/airflow/.local/lib/python3.8/site-packages/airflow/example_dags/example_xcom.py
[2024-03-21T03:04:15.743+0000] {processor.py:840} INFO - DAG(s) 'example_xcom' retrieved from /home/airflow/.local/lib/python3.8/site-packages/airflow/example_dags/example_xcom.py
[2024-03-21T03:04:15.767+0000] {logging_mixin.py:188} INFO - [2024-03-21T03:04:15.767+0000] {dag.py:3036} INFO - Sync 1 DAGs
[2024-03-21T03:04:15.792+0000] {logging_mixin.py:188} INFO - [2024-03-21T03:04:15.791+0000] {dag.py:3823} INFO - Setting next_dagrun for example_xcom to 2021-01-01 00:00:00+00:00, run_after=2021-01-01 00:00:00+00:00
[2024-03-21T03:04:15.816+0000] {processor.py:183} INFO - Processing /home/airflow/.local/lib/python3.8/site-packages/airflow/example_dags/example_xcom.py took 0.089 seconds
[2024-03-21T03:04:46.052+0000] {processor.py:161} INFO - Started process (PID=289) to work on /home/airflow/.local/lib/python3.8/site-packages/airflow/example_dags/example_xcom.py
[2024-03-21T03:04:46.054+0000] {processor.py:830} INFO - Processing file /home/airflow/.local/lib/python3.8/site-packages/airflow/example_dags/example_xcom.py for tasks to queue
[2024-03-21T03:04:46.056+0000] {logging_mixin.py:188} INFO - [2024-03-21T03:04:46.056+0000] {dagbag.py:538} INFO - Filling up the DagBag from /home/airflow/.local/lib/python3.8/site-packages/airflow/example_dags/example_xcom.py
[2024-03-21T03:04:46.067+0000] {processor.py:840} INFO - DAG(s) 'example_xcom' retrieved from /home/airflow/.local/lib/python3.8/site-packages/airflow/example_dags/example_xcom.py
[2024-03-21T03:04:46.095+0000] {logging_mixin.py:188} INFO - [2024-03-21T03:04:46.095+0000] {dag.py:3036} INFO - Sync 1 DAGs
[2024-03-21T03:04:46.120+0000] {logging_mixin.py:188} INFO - [2024-03-21T03:04:46.119+0000] {dag.py:3823} INFO - Setting next_dagrun for example_xcom to 2021-01-01 00:00:00+00:00, run_after=2021-01-01 00:00:00+00:00
[2024-03-21T03:04:46.144+0000] {processor.py:183} INFO - Processing /home/airflow/.local/lib/python3.8/site-packages/airflow/example_dags/example_xcom.py took 0.097 seconds
[2024-03-21T03:05:16.226+0000] {processor.py:161} INFO - Started process (PID=344) to work on /home/airflow/.local/lib/python3.8/site-packages/airflow/example_dags/example_xcom.py
[2024-03-21T03:05:16.227+0000] {processor.py:830} INFO - Processing file /home/airflow/.local/lib/python3.8/site-packages/airflow/example_dags/example_xcom.py for tasks to queue
[2024-03-21T03:05:16.230+0000] {logging_mixin.py:188} INFO - [2024-03-21T03:05:16.229+0000] {dagbag.py:538} INFO - Filling up the DagBag from /home/airflow/.local/lib/python3.8/site-packages/airflow/example_dags/example_xcom.py
[2024-03-21T03:05:16.239+0000] {processor.py:840} INFO - DAG(s) 'example_xcom' retrieved from /home/airflow/.local/lib/python3.8/site-packages/airflow/example_dags/example_xcom.py
[2024-03-21T03:05:16.263+0000] {logging_mixin.py:188} INFO - [2024-03-21T03:05:16.263+0000] {dag.py:3036} INFO - Sync 1 DAGs
[2024-03-21T03:05:16.285+0000] {logging_mixin.py:188} INFO - [2024-03-21T03:05:16.285+0000] {dag.py:3823} INFO - Setting next_dagrun for example_xcom to 2021-01-01 00:00:00+00:00, run_after=2021-01-01 00:00:00+00:00
[2024-03-21T03:05:16.302+0000] {processor.py:183} INFO - Processing /home/airflow/.local/lib/python3.8/site-packages/airflow/example_dags/example_xcom.py took 0.080 seconds
[2024-03-21T03:05:46.517+0000] {processor.py:161} INFO - Started process (PID=408) to work on /home/airflow/.local/lib/python3.8/site-packages/airflow/example_dags/example_xcom.py
[2024-03-21T03:05:46.519+0000] {processor.py:830} INFO - Processing file /home/airflow/.local/lib/python3.8/site-packages/airflow/example_dags/example_xcom.py for tasks to queue
[2024-03-21T03:05:46.522+0000] {logging_mixin.py:188} INFO - [2024-03-21T03:05:46.522+0000] {dagbag.py:538} INFO - Filling up the DagBag from /home/airflow/.local/lib/python3.8/site-packages/airflow/example_dags/example_xcom.py
[2024-03-21T03:05:46.537+0000] {processor.py:840} INFO - DAG(s) 'example_xcom' retrieved from /home/airflow/.local/lib/python3.8/site-packages/airflow/example_dags/example_xcom.py
[2024-03-21T03:05:46.572+0000] {logging_mixin.py:188} INFO - [2024-03-21T03:05:46.572+0000] {dag.py:3036} INFO - Sync 1 DAGs
[2024-03-21T03:05:46.610+0000] {logging_mixin.py:188} INFO - [2024-03-21T03:05:46.609+0000] {dag.py:3823} INFO - Setting next_dagrun for example_xcom to 2021-01-01 00:00:00+00:00, run_after=2021-01-01 00:00:00+00:00
[2024-03-21T03:05:46.643+0000] {processor.py:183} INFO - Processing /home/airflow/.local/lib/python3.8/site-packages/airflow/example_dags/example_xcom.py took 0.132 seconds
[2024-03-21T03:06:17.074+0000] {processor.py:161} INFO - Started process (PID=464) to work on /home/airflow/.local/lib/python3.8/site-packages/airflow/example_dags/example_xcom.py
[2024-03-21T03:06:17.075+0000] {processor.py:830} INFO - Processing file /home/airflow/.local/lib/python3.8/site-packages/airflow/example_dags/example_xcom.py for tasks to queue
[2024-03-21T03:06:17.077+0000] {logging_mixin.py:188} INFO - [2024-03-21T03:06:17.077+0000] {dagbag.py:538} INFO - Filling up the DagBag from /home/airflow/.local/lib/python3.8/site-packages/airflow/example_dags/example_xcom.py
[2024-03-21T03:06:17.085+0000] {processor.py:840} INFO - DAG(s) 'example_xcom' retrieved from /home/airflow/.local/lib/python3.8/site-packages/airflow/example_dags/example_xcom.py
[2024-03-21T03:06:17.110+0000] {logging_mixin.py:188} INFO - [2024-03-21T03:06:17.110+0000] {dag.py:3036} INFO - Sync 1 DAGs
[2024-03-21T03:06:17.134+0000] {logging_mixin.py:188} INFO - [2024-03-21T03:06:17.134+0000] {dag.py:3823} INFO - Setting next_dagrun for example_xcom to 2021-01-01 00:00:00+00:00, run_after=2021-01-01 00:00:00+00:00
[2024-03-21T03:06:17.154+0000] {processor.py:183} INFO - Processing /home/airflow/.local/lib/python3.8/site-packages/airflow/example_dags/example_xcom.py took 0.083 seconds
[2024-03-21T03:06:47.310+0000] {processor.py:161} INFO - Started process (PID=520) to work on /home/airflow/.local/lib/python3.8/site-packages/airflow/example_dags/example_xcom.py
[2024-03-21T03:06:47.312+0000] {processor.py:830} INFO - Processing file /home/airflow/.local/lib/python3.8/site-packages/airflow/example_dags/example_xcom.py for tasks to queue
[2024-03-21T03:06:47.315+0000] {logging_mixin.py:188} INFO - [2024-03-21T03:06:47.314+0000] {dagbag.py:538} INFO - Filling up the DagBag from /home/airflow/.local/lib/python3.8/site-packages/airflow/example_dags/example_xcom.py
[2024-03-21T03:06:47.324+0000] {processor.py:840} INFO - DAG(s) 'example_xcom' retrieved from /home/airflow/.local/lib/python3.8/site-packages/airflow/example_dags/example_xcom.py
[2024-03-21T03:06:47.351+0000] {logging_mixin.py:188} INFO - [2024-03-21T03:06:47.350+0000] {dag.py:3036} INFO - Sync 1 DAGs
[2024-03-21T03:06:47.382+0000] {logging_mixin.py:188} INFO - [2024-03-21T03:06:47.381+0000] {dag.py:3823} INFO - Setting next_dagrun for example_xcom to 2021-01-01 00:00:00+00:00, run_after=2021-01-01 00:00:00+00:00
[2024-03-21T03:06:47.405+0000] {processor.py:183} INFO - Processing /home/airflow/.local/lib/python3.8/site-packages/airflow/example_dags/example_xcom.py took 0.099 seconds
[2024-03-21T03:07:17.915+0000] {processor.py:161} INFO - Started process (PID=576) to work on /home/airflow/.local/lib/python3.8/site-packages/airflow/example_dags/example_xcom.py
[2024-03-21T03:07:17.917+0000] {processor.py:830} INFO - Processing file /home/airflow/.local/lib/python3.8/site-packages/airflow/example_dags/example_xcom.py for tasks to queue
[2024-03-21T03:07:17.920+0000] {logging_mixin.py:188} INFO - [2024-03-21T03:07:17.919+0000] {dagbag.py:538} INFO - Filling up the DagBag from /home/airflow/.local/lib/python3.8/site-packages/airflow/example_dags/example_xcom.py
[2024-03-21T03:07:17.928+0000] {processor.py:840} INFO - DAG(s) 'example_xcom' retrieved from /home/airflow/.local/lib/python3.8/site-packages/airflow/example_dags/example_xcom.py
[2024-03-21T03:07:17.952+0000] {logging_mixin.py:188} INFO - [2024-03-21T03:07:17.951+0000] {dag.py:3036} INFO - Sync 1 DAGs
[2024-03-21T03:07:17.976+0000] {logging_mixin.py:188} INFO - [2024-03-21T03:07:17.975+0000] {dag.py:3823} INFO - Setting next_dagrun for example_xcom to 2021-01-01 00:00:00+00:00, run_after=2021-01-01 00:00:00+00:00
[2024-03-21T03:07:18.000+0000] {processor.py:183} INFO - Processing /home/airflow/.local/lib/python3.8/site-packages/airflow/example_dags/example_xcom.py took 0.088 seconds
[2024-03-21T03:07:48.180+0000] {processor.py:161} INFO - Started process (PID=632) to work on /home/airflow/.local/lib/python3.8/site-packages/airflow/example_dags/example_xcom.py
[2024-03-21T03:07:48.181+0000] {processor.py:830} INFO - Processing file /home/airflow/.local/lib/python3.8/site-packages/airflow/example_dags/example_xcom.py for tasks to queue
[2024-03-21T03:07:48.183+0000] {logging_mixin.py:188} INFO - [2024-03-21T03:07:48.183+0000] {dagbag.py:538} INFO - Filling up the DagBag from /home/airflow/.local/lib/python3.8/site-packages/airflow/example_dags/example_xcom.py
[2024-03-21T03:07:48.192+0000] {processor.py:840} INFO - DAG(s) 'example_xcom' retrieved from /home/airflow/.local/lib/python3.8/site-packages/airflow/example_dags/example_xcom.py
[2024-03-21T03:07:48.207+0000] {logging_mixin.py:188} INFO - [2024-03-21T03:07:48.207+0000] {dag.py:3036} INFO - Sync 1 DAGs
[2024-03-21T03:07:48.236+0000] {logging_mixin.py:188} INFO - [2024-03-21T03:07:48.235+0000] {dag.py:3823} INFO - Setting next_dagrun for example_xcom to 2021-01-01 00:00:00+00:00, run_after=2021-01-01 00:00:00+00:00
[2024-03-21T03:07:48.262+0000] {processor.py:183} INFO - Processing /home/airflow/.local/lib/python3.8/site-packages/airflow/example_dags/example_xcom.py took 0.086 seconds
[2024-03-21T03:08:18.790+0000] {processor.py:161} INFO - Started process (PID=693) to work on /home/airflow/.local/lib/python3.8/site-packages/airflow/example_dags/example_xcom.py
[2024-03-21T03:08:18.791+0000] {processor.py:830} INFO - Processing file /home/airflow/.local/lib/python3.8/site-packages/airflow/example_dags/example_xcom.py for tasks to queue
[2024-03-21T03:08:18.793+0000] {logging_mixin.py:188} INFO - [2024-03-21T03:08:18.793+0000] {dagbag.py:538} INFO - Filling up the DagBag from /home/airflow/.local/lib/python3.8/site-packages/airflow/example_dags/example_xcom.py
[2024-03-21T03:08:18.801+0000] {processor.py:840} INFO - DAG(s) 'example_xcom' retrieved from /home/airflow/.local/lib/python3.8/site-packages/airflow/example_dags/example_xcom.py
[2024-03-21T03:08:18.910+0000] {logging_mixin.py:188} INFO - [2024-03-21T03:08:18.910+0000] {dag.py:3036} INFO - Sync 1 DAGs
[2024-03-21T03:08:18.934+0000] {logging_mixin.py:188} INFO - [2024-03-21T03:08:18.934+0000] {dag.py:3823} INFO - Setting next_dagrun for example_xcom to 2021-01-01 00:00:00+00:00, run_after=2021-01-01 00:00:00+00:00
[2024-03-21T03:08:18.955+0000] {processor.py:183} INFO - Processing /home/airflow/.local/lib/python3.8/site-packages/airflow/example_dags/example_xcom.py took 0.169 seconds
[2024-03-21T03:08:49.235+0000] {processor.py:161} INFO - Started process (PID=749) to work on /home/airflow/.local/lib/python3.8/site-packages/airflow/example_dags/example_xcom.py
[2024-03-21T03:08:49.236+0000] {processor.py:830} INFO - Processing file /home/airflow/.local/lib/python3.8/site-packages/airflow/example_dags/example_xcom.py for tasks to queue
[2024-03-21T03:08:49.239+0000] {logging_mixin.py:188} INFO - [2024-03-21T03:08:49.238+0000] {dagbag.py:538} INFO - Filling up the DagBag from /home/airflow/.local/lib/python3.8/site-packages/airflow/example_dags/example_xcom.py
[2024-03-21T03:08:49.246+0000] {processor.py:840} INFO - DAG(s) 'example_xcom' retrieved from /home/airflow/.local/lib/python3.8/site-packages/airflow/example_dags/example_xcom.py
[2024-03-21T03:08:49.269+0000] {logging_mixin.py:188} INFO - [2024-03-21T03:08:49.269+0000] {dag.py:3036} INFO - Sync 1 DAGs
[2024-03-21T03:08:49.287+0000] {logging_mixin.py:188} INFO - [2024-03-21T03:08:49.287+0000] {dag.py:3823} INFO - Setting next_dagrun for example_xcom to 2021-01-01 00:00:00+00:00, run_after=2021-01-01 00:00:00+00:00
[2024-03-21T03:08:49.303+0000] {processor.py:183} INFO - Processing /home/airflow/.local/lib/python3.8/site-packages/airflow/example_dags/example_xcom.py took 0.072 seconds
[2024-03-21T03:09:19.335+0000] {processor.py:161} INFO - Started process (PID=804) to work on /home/airflow/.local/lib/python3.8/site-packages/airflow/example_dags/example_xcom.py
[2024-03-21T03:09:19.336+0000] {processor.py:830} INFO - Processing file /home/airflow/.local/lib/python3.8/site-packages/airflow/example_dags/example_xcom.py for tasks to queue
[2024-03-21T03:09:19.338+0000] {logging_mixin.py:188} INFO - [2024-03-21T03:09:19.338+0000] {dagbag.py:538} INFO - Filling up the DagBag from /home/airflow/.local/lib/python3.8/site-packages/airflow/example_dags/example_xcom.py
[2024-03-21T03:09:19.346+0000] {processor.py:840} INFO - DAG(s) 'example_xcom' retrieved from /home/airflow/.local/lib/python3.8/site-packages/airflow/example_dags/example_xcom.py
[2024-03-21T03:09:19.369+0000] {logging_mixin.py:188} INFO - [2024-03-21T03:09:19.369+0000] {dag.py:3036} INFO - Sync 1 DAGs
[2024-03-21T03:09:19.391+0000] {logging_mixin.py:188} INFO - [2024-03-21T03:09:19.391+0000] {dag.py:3823} INFO - Setting next_dagrun for example_xcom to 2021-01-01 00:00:00+00:00, run_after=2021-01-01 00:00:00+00:00
[2024-03-21T03:09:19.410+0000] {processor.py:183} INFO - Processing /home/airflow/.local/lib/python3.8/site-packages/airflow/example_dags/example_xcom.py took 0.078 seconds
[2024-03-21T03:09:49.621+0000] {processor.py:161} INFO - Started process (PID=860) to work on /home/airflow/.local/lib/python3.8/site-packages/airflow/example_dags/example_xcom.py
[2024-03-21T03:09:49.623+0000] {processor.py:830} INFO - Processing file /home/airflow/.local/lib/python3.8/site-packages/airflow/example_dags/example_xcom.py for tasks to queue
[2024-03-21T03:09:49.625+0000] {logging_mixin.py:188} INFO - [2024-03-21T03:09:49.625+0000] {dagbag.py:538} INFO - Filling up the DagBag from /home/airflow/.local/lib/python3.8/site-packages/airflow/example_dags/example_xcom.py
[2024-03-21T03:09:49.632+0000] {processor.py:840} INFO - DAG(s) 'example_xcom' retrieved from /home/airflow/.local/lib/python3.8/site-packages/airflow/example_dags/example_xcom.py
[2024-03-21T03:09:49.654+0000] {logging_mixin.py:188} INFO - [2024-03-21T03:09:49.654+0000] {dag.py:3036} INFO - Sync 1 DAGs
[2024-03-21T03:09:49.675+0000] {logging_mixin.py:188} INFO - [2024-03-21T03:09:49.674+0000] {dag.py:3823} INFO - Setting next_dagrun for example_xcom to 2021-01-01 00:00:00+00:00, run_after=2021-01-01 00:00:00+00:00
[2024-03-21T03:09:49.694+0000] {processor.py:183} INFO - Processing /home/airflow/.local/lib/python3.8/site-packages/airflow/example_dags/example_xcom.py took 0.076 seconds
[2024-03-21T03:10:19.801+0000] {processor.py:161} INFO - Started process (PID=916) to work on /home/airflow/.local/lib/python3.8/site-packages/airflow/example_dags/example_xcom.py
[2024-03-21T03:10:19.802+0000] {processor.py:830} INFO - Processing file /home/airflow/.local/lib/python3.8/site-packages/airflow/example_dags/example_xcom.py for tasks to queue
[2024-03-21T03:10:19.804+0000] {logging_mixin.py:188} INFO - [2024-03-21T03:10:19.803+0000] {dagbag.py:538} INFO - Filling up the DagBag from /home/airflow/.local/lib/python3.8/site-packages/airflow/example_dags/example_xcom.py
[2024-03-21T03:10:19.811+0000] {processor.py:840} INFO - DAG(s) 'example_xcom' retrieved from /home/airflow/.local/lib/python3.8/site-packages/airflow/example_dags/example_xcom.py
[2024-03-21T03:10:19.831+0000] {logging_mixin.py:188} INFO - [2024-03-21T03:10:19.831+0000] {dag.py:3036} INFO - Sync 1 DAGs
[2024-03-21T03:10:19.852+0000] {logging_mixin.py:188} INFO - [2024-03-21T03:10:19.852+0000] {dag.py:3823} INFO - Setting next_dagrun for example_xcom to 2021-01-01 00:00:00+00:00, run_after=2021-01-01 00:00:00+00:00
[2024-03-21T03:10:19.869+0000] {processor.py:183} INFO - Processing /home/airflow/.local/lib/python3.8/site-packages/airflow/example_dags/example_xcom.py took 0.071 seconds
[2024-03-21T03:10:50.189+0000] {processor.py:161} INFO - Started process (PID=973) to work on /home/airflow/.local/lib/python3.8/site-packages/airflow/example_dags/example_xcom.py
[2024-03-21T03:10:50.190+0000] {processor.py:830} INFO - Processing file /home/airflow/.local/lib/python3.8/site-packages/airflow/example_dags/example_xcom.py for tasks to queue
[2024-03-21T03:10:50.192+0000] {logging_mixin.py:188} INFO - [2024-03-21T03:10:50.192+0000] {dagbag.py:538} INFO - Filling up the DagBag from /home/airflow/.local/lib/python3.8/site-packages/airflow/example_dags/example_xcom.py
[2024-03-21T03:10:50.199+0000] {processor.py:840} INFO - DAG(s) 'example_xcom' retrieved from /home/airflow/.local/lib/python3.8/site-packages/airflow/example_dags/example_xcom.py
[2024-03-21T03:10:50.220+0000] {logging_mixin.py:188} INFO - [2024-03-21T03:10:50.220+0000] {dag.py:3036} INFO - Sync 1 DAGs
[2024-03-21T03:10:50.245+0000] {logging_mixin.py:188} INFO - [2024-03-21T03:10:50.244+0000] {dag.py:3823} INFO - Setting next_dagrun for example_xcom to 2021-01-01 00:00:00+00:00, run_after=2021-01-01 00:00:00+00:00
[2024-03-21T03:10:50.265+0000] {processor.py:183} INFO - Processing /home/airflow/.local/lib/python3.8/site-packages/airflow/example_dags/example_xcom.py took 0.079 seconds
[2024-03-21T03:11:20.459+0000] {processor.py:161} INFO - Started process (PID=1029) to work on /home/airflow/.local/lib/python3.8/site-packages/airflow/example_dags/example_xcom.py
[2024-03-21T03:11:20.461+0000] {processor.py:830} INFO - Processing file /home/airflow/.local/lib/python3.8/site-packages/airflow/example_dags/example_xcom.py for tasks to queue
[2024-03-21T03:11:20.463+0000] {logging_mixin.py:188} INFO - [2024-03-21T03:11:20.462+0000] {dagbag.py:538} INFO - Filling up the DagBag from /home/airflow/.local/lib/python3.8/site-packages/airflow/example_dags/example_xcom.py
[2024-03-21T03:11:20.472+0000] {processor.py:840} INFO - DAG(s) 'example_xcom' retrieved from /home/airflow/.local/lib/python3.8/site-packages/airflow/example_dags/example_xcom.py
[2024-03-21T03:11:20.494+0000] {logging_mixin.py:188} INFO - [2024-03-21T03:11:20.494+0000] {dag.py:3036} INFO - Sync 1 DAGs
[2024-03-21T03:11:20.520+0000] {logging_mixin.py:188} INFO - [2024-03-21T03:11:20.520+0000] {dag.py:3823} INFO - Setting next_dagrun for example_xcom to 2021-01-01 00:00:00+00:00, run_after=2021-01-01 00:00:00+00:00
[2024-03-21T03:11:20.538+0000] {processor.py:183} INFO - Processing /home/airflow/.local/lib/python3.8/site-packages/airflow/example_dags/example_xcom.py took 0.083 seconds
[2024-03-21T03:11:50.668+0000] {processor.py:161} INFO - Started process (PID=1085) to work on /home/airflow/.local/lib/python3.8/site-packages/airflow/example_dags/example_xcom.py
[2024-03-21T03:11:50.669+0000] {processor.py:830} INFO - Processing file /home/airflow/.local/lib/python3.8/site-packages/airflow/example_dags/example_xcom.py for tasks to queue
[2024-03-21T03:11:50.671+0000] {logging_mixin.py:188} INFO - [2024-03-21T03:11:50.671+0000] {dagbag.py:538} INFO - Filling up the DagBag from /home/airflow/.local/lib/python3.8/site-packages/airflow/example_dags/example_xcom.py
[2024-03-21T03:11:50.678+0000] {processor.py:840} INFO - DAG(s) 'example_xcom' retrieved from /home/airflow/.local/lib/python3.8/site-packages/airflow/example_dags/example_xcom.py
[2024-03-21T03:11:50.702+0000] {logging_mixin.py:188} INFO - [2024-03-21T03:11:50.702+0000] {dag.py:3036} INFO - Sync 1 DAGs
[2024-03-21T03:11:50.725+0000] {logging_mixin.py:188} INFO - [2024-03-21T03:11:50.724+0000] {dag.py:3823} INFO - Setting next_dagrun for example_xcom to 2021-01-01 00:00:00+00:00, run_after=2021-01-01 00:00:00+00:00
[2024-03-21T03:11:50.747+0000] {processor.py:183} INFO - Processing /home/airflow/.local/lib/python3.8/site-packages/airflow/example_dags/example_xcom.py took 0.083 seconds
