[2024-03-21T02:31:46.289+0000] {processor.py:161} INFO - Started process (PID=60) to work on /home/airflow/.local/lib/python3.8/site-packages/airflow/example_dags/example_sensors.py
[2024-03-21T02:31:46.292+0000] {processor.py:830} INFO - Processing file /home/airflow/.local/lib/python3.8/site-packages/airflow/example_dags/example_sensors.py for tasks to queue
[2024-03-21T02:31:46.294+0000] {logging_mixin.py:188} INFO - [2024-03-21T02:31:46.294+0000] {dagbag.py:538} INFO - Filling up the DagBag from /home/airflow/.local/lib/python3.8/site-packages/airflow/example_dags/example_sensors.py
[2024-03-21T02:31:46.315+0000] {processor.py:840} INFO - DAG(s) 'example_sensors' retrieved from /home/airflow/.local/lib/python3.8/site-packages/airflow/example_dags/example_sensors.py
[2024-03-21T02:31:46.479+0000] {logging_mixin.py:188} INFO - [2024-03-21T02:31:46.479+0000] {dag.py:3036} INFO - Sync 1 DAGs
[2024-03-21T02:31:46.493+0000] {logging_mixin.py:188} INFO - [2024-03-21T02:31:46.493+0000] {dag.py:3823} INFO - Setting next_dagrun for example_sensors to None, run_after=None
[2024-03-21T02:31:46.527+0000] {processor.py:183} INFO - Processing /home/airflow/.local/lib/python3.8/site-packages/airflow/example_dags/example_sensors.py took 0.244 seconds
[2024-03-21T02:32:16.797+0000] {processor.py:161} INFO - Started process (PID=115) to work on /home/airflow/.local/lib/python3.8/site-packages/airflow/example_dags/example_sensors.py
[2024-03-21T02:32:16.798+0000] {processor.py:830} INFO - Processing file /home/airflow/.local/lib/python3.8/site-packages/airflow/example_dags/example_sensors.py for tasks to queue
[2024-03-21T02:32:16.800+0000] {logging_mixin.py:188} INFO - [2024-03-21T02:32:16.800+0000] {dagbag.py:538} INFO - Filling up the DagBag from /home/airflow/.local/lib/python3.8/site-packages/airflow/example_dags/example_sensors.py
[2024-03-21T02:32:16.810+0000] {processor.py:840} INFO - DAG(s) 'example_sensors' retrieved from /home/airflow/.local/lib/python3.8/site-packages/airflow/example_dags/example_sensors.py
[2024-03-21T02:32:16.825+0000] {logging_mixin.py:188} INFO - [2024-03-21T02:32:16.825+0000] {dag.py:3036} INFO - Sync 1 DAGs
[2024-03-21T02:32:16.840+0000] {logging_mixin.py:188} INFO - [2024-03-21T02:32:16.839+0000] {dag.py:3823} INFO - Setting next_dagrun for example_sensors to None, run_after=None
[2024-03-21T02:32:16.866+0000] {processor.py:183} INFO - Processing /home/airflow/.local/lib/python3.8/site-packages/airflow/example_dags/example_sensors.py took 0.072 seconds
[2024-03-21T02:32:47.456+0000] {processor.py:161} INFO - Started process (PID=170) to work on /home/airflow/.local/lib/python3.8/site-packages/airflow/example_dags/example_sensors.py
[2024-03-21T02:32:47.458+0000] {processor.py:830} INFO - Processing file /home/airflow/.local/lib/python3.8/site-packages/airflow/example_dags/example_sensors.py for tasks to queue
[2024-03-21T02:32:47.460+0000] {logging_mixin.py:188} INFO - [2024-03-21T02:32:47.459+0000] {dagbag.py:538} INFO - Filling up the DagBag from /home/airflow/.local/lib/python3.8/site-packages/airflow/example_dags/example_sensors.py
[2024-03-21T02:32:47.469+0000] {processor.py:840} INFO - DAG(s) 'example_sensors' retrieved from /home/airflow/.local/lib/python3.8/site-packages/airflow/example_dags/example_sensors.py
[2024-03-21T02:32:47.594+0000] {logging_mixin.py:188} INFO - [2024-03-21T02:32:47.593+0000] {dag.py:3036} INFO - Sync 1 DAGs
[2024-03-21T02:32:47.605+0000] {logging_mixin.py:188} INFO - [2024-03-21T02:32:47.605+0000] {dag.py:3823} INFO - Setting next_dagrun for example_sensors to None, run_after=None
[2024-03-21T02:32:47.628+0000] {processor.py:183} INFO - Processing /home/airflow/.local/lib/python3.8/site-packages/airflow/example_dags/example_sensors.py took 0.176 seconds
[2024-03-21T02:33:18.200+0000] {processor.py:161} INFO - Started process (PID=225) to work on /home/airflow/.local/lib/python3.8/site-packages/airflow/example_dags/example_sensors.py
[2024-03-21T02:33:18.202+0000] {processor.py:830} INFO - Processing file /home/airflow/.local/lib/python3.8/site-packages/airflow/example_dags/example_sensors.py for tasks to queue
[2024-03-21T02:33:18.205+0000] {logging_mixin.py:188} INFO - [2024-03-21T02:33:18.205+0000] {dagbag.py:538} INFO - Filling up the DagBag from /home/airflow/.local/lib/python3.8/site-packages/airflow/example_dags/example_sensors.py
[2024-03-21T02:33:18.224+0000] {processor.py:840} INFO - DAG(s) 'example_sensors' retrieved from /home/airflow/.local/lib/python3.8/site-packages/airflow/example_dags/example_sensors.py
[2024-03-21T02:33:18.272+0000] {logging_mixin.py:188} INFO - [2024-03-21T02:33:18.271+0000] {dag.py:3036} INFO - Sync 1 DAGs
[2024-03-21T02:33:18.297+0000] {logging_mixin.py:188} INFO - [2024-03-21T02:33:18.297+0000] {dag.py:3823} INFO - Setting next_dagrun for example_sensors to None, run_after=None
[2024-03-21T02:33:18.329+0000] {processor.py:183} INFO - Processing /home/airflow/.local/lib/python3.8/site-packages/airflow/example_dags/example_sensors.py took 0.136 seconds
[2024-03-21T02:33:48.467+0000] {processor.py:161} INFO - Started process (PID=280) to work on /home/airflow/.local/lib/python3.8/site-packages/airflow/example_dags/example_sensors.py
[2024-03-21T02:33:48.468+0000] {processor.py:830} INFO - Processing file /home/airflow/.local/lib/python3.8/site-packages/airflow/example_dags/example_sensors.py for tasks to queue
[2024-03-21T02:33:48.471+0000] {logging_mixin.py:188} INFO - [2024-03-21T02:33:48.470+0000] {dagbag.py:538} INFO - Filling up the DagBag from /home/airflow/.local/lib/python3.8/site-packages/airflow/example_dags/example_sensors.py
[2024-03-21T02:33:48.481+0000] {processor.py:840} INFO - DAG(s) 'example_sensors' retrieved from /home/airflow/.local/lib/python3.8/site-packages/airflow/example_dags/example_sensors.py
[2024-03-21T02:33:48.509+0000] {logging_mixin.py:188} INFO - [2024-03-21T02:33:48.509+0000] {dag.py:3036} INFO - Sync 1 DAGs
[2024-03-21T02:33:48.522+0000] {logging_mixin.py:188} INFO - [2024-03-21T02:33:48.522+0000] {dag.py:3823} INFO - Setting next_dagrun for example_sensors to None, run_after=None
[2024-03-21T02:33:48.544+0000] {processor.py:183} INFO - Processing /home/airflow/.local/lib/python3.8/site-packages/airflow/example_dags/example_sensors.py took 0.082 seconds
[2024-03-21T02:34:18.999+0000] {processor.py:161} INFO - Started process (PID=334) to work on /home/airflow/.local/lib/python3.8/site-packages/airflow/example_dags/example_sensors.py
[2024-03-21T02:34:19.000+0000] {processor.py:830} INFO - Processing file /home/airflow/.local/lib/python3.8/site-packages/airflow/example_dags/example_sensors.py for tasks to queue
[2024-03-21T02:34:19.003+0000] {logging_mixin.py:188} INFO - [2024-03-21T02:34:19.003+0000] {dagbag.py:538} INFO - Filling up the DagBag from /home/airflow/.local/lib/python3.8/site-packages/airflow/example_dags/example_sensors.py
[2024-03-21T02:34:19.019+0000] {processor.py:840} INFO - DAG(s) 'example_sensors' retrieved from /home/airflow/.local/lib/python3.8/site-packages/airflow/example_dags/example_sensors.py
[2024-03-21T02:34:19.063+0000] {logging_mixin.py:188} INFO - [2024-03-21T02:34:19.062+0000] {dag.py:3036} INFO - Sync 1 DAGs
[2024-03-21T02:34:19.083+0000] {logging_mixin.py:188} INFO - [2024-03-21T02:34:19.082+0000] {dag.py:3823} INFO - Setting next_dagrun for example_sensors to None, run_after=None
[2024-03-21T02:34:19.125+0000] {processor.py:183} INFO - Processing /home/airflow/.local/lib/python3.8/site-packages/airflow/example_dags/example_sensors.py took 0.132 seconds
[2024-03-21T02:34:49.757+0000] {processor.py:161} INFO - Started process (PID=390) to work on /home/airflow/.local/lib/python3.8/site-packages/airflow/example_dags/example_sensors.py
[2024-03-21T02:34:49.759+0000] {processor.py:830} INFO - Processing file /home/airflow/.local/lib/python3.8/site-packages/airflow/example_dags/example_sensors.py for tasks to queue
[2024-03-21T02:34:49.761+0000] {logging_mixin.py:188} INFO - [2024-03-21T02:34:49.761+0000] {dagbag.py:538} INFO - Filling up the DagBag from /home/airflow/.local/lib/python3.8/site-packages/airflow/example_dags/example_sensors.py
[2024-03-21T02:34:49.774+0000] {processor.py:840} INFO - DAG(s) 'example_sensors' retrieved from /home/airflow/.local/lib/python3.8/site-packages/airflow/example_dags/example_sensors.py
[2024-03-21T02:34:49.807+0000] {logging_mixin.py:188} INFO - [2024-03-21T02:34:49.806+0000] {dag.py:3036} INFO - Sync 1 DAGs
[2024-03-21T02:34:49.821+0000] {logging_mixin.py:188} INFO - [2024-03-21T02:34:49.820+0000] {dag.py:3823} INFO - Setting next_dagrun for example_sensors to None, run_after=None
[2024-03-21T02:34:49.845+0000] {processor.py:183} INFO - Processing /home/airflow/.local/lib/python3.8/site-packages/airflow/example_dags/example_sensors.py took 0.092 seconds
[2024-03-21T02:35:20.064+0000] {processor.py:161} INFO - Started process (PID=445) to work on /home/airflow/.local/lib/python3.8/site-packages/airflow/example_dags/example_sensors.py
[2024-03-21T02:35:20.065+0000] {processor.py:830} INFO - Processing file /home/airflow/.local/lib/python3.8/site-packages/airflow/example_dags/example_sensors.py for tasks to queue
[2024-03-21T02:35:20.068+0000] {logging_mixin.py:188} INFO - [2024-03-21T02:35:20.067+0000] {dagbag.py:538} INFO - Filling up the DagBag from /home/airflow/.local/lib/python3.8/site-packages/airflow/example_dags/example_sensors.py
[2024-03-21T02:35:20.080+0000] {processor.py:840} INFO - DAG(s) 'example_sensors' retrieved from /home/airflow/.local/lib/python3.8/site-packages/airflow/example_dags/example_sensors.py
[2024-03-21T02:35:20.114+0000] {logging_mixin.py:188} INFO - [2024-03-21T02:35:20.114+0000] {dag.py:3036} INFO - Sync 1 DAGs
[2024-03-21T02:35:20.129+0000] {logging_mixin.py:188} INFO - [2024-03-21T02:35:20.129+0000] {dag.py:3823} INFO - Setting next_dagrun for example_sensors to None, run_after=None
[2024-03-21T02:35:20.152+0000] {processor.py:183} INFO - Processing /home/airflow/.local/lib/python3.8/site-packages/airflow/example_dags/example_sensors.py took 0.094 seconds
[2024-03-21T02:35:50.439+0000] {processor.py:161} INFO - Started process (PID=500) to work on /home/airflow/.local/lib/python3.8/site-packages/airflow/example_dags/example_sensors.py
[2024-03-21T02:35:50.440+0000] {processor.py:830} INFO - Processing file /home/airflow/.local/lib/python3.8/site-packages/airflow/example_dags/example_sensors.py for tasks to queue
[2024-03-21T02:35:50.442+0000] {logging_mixin.py:188} INFO - [2024-03-21T02:35:50.441+0000] {dagbag.py:538} INFO - Filling up the DagBag from /home/airflow/.local/lib/python3.8/site-packages/airflow/example_dags/example_sensors.py
[2024-03-21T02:35:50.452+0000] {processor.py:840} INFO - DAG(s) 'example_sensors' retrieved from /home/airflow/.local/lib/python3.8/site-packages/airflow/example_dags/example_sensors.py
[2024-03-21T02:35:50.482+0000] {logging_mixin.py:188} INFO - [2024-03-21T02:35:50.481+0000] {dag.py:3036} INFO - Sync 1 DAGs
[2024-03-21T02:35:50.495+0000] {logging_mixin.py:188} INFO - [2024-03-21T02:35:50.494+0000] {dag.py:3823} INFO - Setting next_dagrun for example_sensors to None, run_after=None
[2024-03-21T02:35:50.519+0000] {processor.py:183} INFO - Processing /home/airflow/.local/lib/python3.8/site-packages/airflow/example_dags/example_sensors.py took 0.084 seconds
[2024-03-21T02:36:20.736+0000] {processor.py:161} INFO - Started process (PID=555) to work on /home/airflow/.local/lib/python3.8/site-packages/airflow/example_dags/example_sensors.py
[2024-03-21T02:36:20.737+0000] {processor.py:830} INFO - Processing file /home/airflow/.local/lib/python3.8/site-packages/airflow/example_dags/example_sensors.py for tasks to queue
[2024-03-21T02:36:20.740+0000] {logging_mixin.py:188} INFO - [2024-03-21T02:36:20.739+0000] {dagbag.py:538} INFO - Filling up the DagBag from /home/airflow/.local/lib/python3.8/site-packages/airflow/example_dags/example_sensors.py
[2024-03-21T02:36:20.751+0000] {processor.py:840} INFO - DAG(s) 'example_sensors' retrieved from /home/airflow/.local/lib/python3.8/site-packages/airflow/example_dags/example_sensors.py
[2024-03-21T02:36:20.781+0000] {logging_mixin.py:188} INFO - [2024-03-21T02:36:20.780+0000] {dag.py:3036} INFO - Sync 1 DAGs
[2024-03-21T02:36:20.793+0000] {logging_mixin.py:188} INFO - [2024-03-21T02:36:20.793+0000] {dag.py:3823} INFO - Setting next_dagrun for example_sensors to None, run_after=None
[2024-03-21T02:36:20.815+0000] {processor.py:183} INFO - Processing /home/airflow/.local/lib/python3.8/site-packages/airflow/example_dags/example_sensors.py took 0.085 seconds
[2024-03-21T02:36:51.053+0000] {processor.py:161} INFO - Started process (PID=610) to work on /home/airflow/.local/lib/python3.8/site-packages/airflow/example_dags/example_sensors.py
[2024-03-21T02:36:51.055+0000] {processor.py:830} INFO - Processing file /home/airflow/.local/lib/python3.8/site-packages/airflow/example_dags/example_sensors.py for tasks to queue
[2024-03-21T02:36:51.057+0000] {logging_mixin.py:188} INFO - [2024-03-21T02:36:51.057+0000] {dagbag.py:538} INFO - Filling up the DagBag from /home/airflow/.local/lib/python3.8/site-packages/airflow/example_dags/example_sensors.py
[2024-03-21T02:36:51.072+0000] {processor.py:840} INFO - DAG(s) 'example_sensors' retrieved from /home/airflow/.local/lib/python3.8/site-packages/airflow/example_dags/example_sensors.py
[2024-03-21T02:36:51.106+0000] {logging_mixin.py:188} INFO - [2024-03-21T02:36:51.105+0000] {dag.py:3036} INFO - Sync 1 DAGs
[2024-03-21T02:36:51.121+0000] {logging_mixin.py:188} INFO - [2024-03-21T02:36:51.121+0000] {dag.py:3823} INFO - Setting next_dagrun for example_sensors to None, run_after=None
[2024-03-21T02:36:51.145+0000] {processor.py:183} INFO - Processing /home/airflow/.local/lib/python3.8/site-packages/airflow/example_dags/example_sensors.py took 0.096 seconds
[2024-03-21T02:37:21.333+0000] {processor.py:161} INFO - Started process (PID=665) to work on /home/airflow/.local/lib/python3.8/site-packages/airflow/example_dags/example_sensors.py
[2024-03-21T02:37:21.334+0000] {processor.py:830} INFO - Processing file /home/airflow/.local/lib/python3.8/site-packages/airflow/example_dags/example_sensors.py for tasks to queue
[2024-03-21T02:37:21.337+0000] {logging_mixin.py:188} INFO - [2024-03-21T02:37:21.336+0000] {dagbag.py:538} INFO - Filling up the DagBag from /home/airflow/.local/lib/python3.8/site-packages/airflow/example_dags/example_sensors.py
[2024-03-21T02:37:21.345+0000] {processor.py:840} INFO - DAG(s) 'example_sensors' retrieved from /home/airflow/.local/lib/python3.8/site-packages/airflow/example_dags/example_sensors.py
[2024-03-21T02:37:21.376+0000] {logging_mixin.py:188} INFO - [2024-03-21T02:37:21.376+0000] {dag.py:3036} INFO - Sync 1 DAGs
[2024-03-21T02:37:21.389+0000] {logging_mixin.py:188} INFO - [2024-03-21T02:37:21.389+0000] {dag.py:3823} INFO - Setting next_dagrun for example_sensors to None, run_after=None
[2024-03-21T02:37:21.410+0000] {processor.py:183} INFO - Processing /home/airflow/.local/lib/python3.8/site-packages/airflow/example_dags/example_sensors.py took 0.080 seconds
[2024-03-21T02:37:51.631+0000] {processor.py:161} INFO - Started process (PID=720) to work on /home/airflow/.local/lib/python3.8/site-packages/airflow/example_dags/example_sensors.py
[2024-03-21T02:37:51.632+0000] {processor.py:830} INFO - Processing file /home/airflow/.local/lib/python3.8/site-packages/airflow/example_dags/example_sensors.py for tasks to queue
[2024-03-21T02:37:51.634+0000] {logging_mixin.py:188} INFO - [2024-03-21T02:37:51.634+0000] {dagbag.py:538} INFO - Filling up the DagBag from /home/airflow/.local/lib/python3.8/site-packages/airflow/example_dags/example_sensors.py
[2024-03-21T02:37:51.646+0000] {processor.py:840} INFO - DAG(s) 'example_sensors' retrieved from /home/airflow/.local/lib/python3.8/site-packages/airflow/example_dags/example_sensors.py
[2024-03-21T02:37:51.677+0000] {logging_mixin.py:188} INFO - [2024-03-21T02:37:51.677+0000] {dag.py:3036} INFO - Sync 1 DAGs
[2024-03-21T02:37:51.692+0000] {logging_mixin.py:188} INFO - [2024-03-21T02:37:51.692+0000] {dag.py:3823} INFO - Setting next_dagrun for example_sensors to None, run_after=None
[2024-03-21T02:37:51.715+0000] {processor.py:183} INFO - Processing /home/airflow/.local/lib/python3.8/site-packages/airflow/example_dags/example_sensors.py took 0.088 seconds
[2024-03-21T02:38:21.957+0000] {processor.py:161} INFO - Started process (PID=775) to work on /home/airflow/.local/lib/python3.8/site-packages/airflow/example_dags/example_sensors.py
[2024-03-21T02:38:21.958+0000] {processor.py:830} INFO - Processing file /home/airflow/.local/lib/python3.8/site-packages/airflow/example_dags/example_sensors.py for tasks to queue
[2024-03-21T02:38:21.961+0000] {logging_mixin.py:188} INFO - [2024-03-21T02:38:21.960+0000] {dagbag.py:538} INFO - Filling up the DagBag from /home/airflow/.local/lib/python3.8/site-packages/airflow/example_dags/example_sensors.py
[2024-03-21T02:38:21.971+0000] {processor.py:840} INFO - DAG(s) 'example_sensors' retrieved from /home/airflow/.local/lib/python3.8/site-packages/airflow/example_dags/example_sensors.py
[2024-03-21T02:38:21.997+0000] {logging_mixin.py:188} INFO - [2024-03-21T02:38:21.997+0000] {dag.py:3036} INFO - Sync 1 DAGs
[2024-03-21T02:38:22.009+0000] {logging_mixin.py:188} INFO - [2024-03-21T02:38:22.009+0000] {dag.py:3823} INFO - Setting next_dagrun for example_sensors to None, run_after=None
[2024-03-21T02:38:22.032+0000] {processor.py:183} INFO - Processing /home/airflow/.local/lib/python3.8/site-packages/airflow/example_dags/example_sensors.py took 0.079 seconds
[2024-03-21T02:38:52.334+0000] {processor.py:161} INFO - Started process (PID=830) to work on /home/airflow/.local/lib/python3.8/site-packages/airflow/example_dags/example_sensors.py
[2024-03-21T02:38:52.336+0000] {processor.py:830} INFO - Processing file /home/airflow/.local/lib/python3.8/site-packages/airflow/example_dags/example_sensors.py for tasks to queue
[2024-03-21T02:38:52.338+0000] {logging_mixin.py:188} INFO - [2024-03-21T02:38:52.338+0000] {dagbag.py:538} INFO - Filling up the DagBag from /home/airflow/.local/lib/python3.8/site-packages/airflow/example_dags/example_sensors.py
[2024-03-21T02:38:52.350+0000] {processor.py:840} INFO - DAG(s) 'example_sensors' retrieved from /home/airflow/.local/lib/python3.8/site-packages/airflow/example_dags/example_sensors.py
[2024-03-21T02:38:52.383+0000] {logging_mixin.py:188} INFO - [2024-03-21T02:38:52.383+0000] {dag.py:3036} INFO - Sync 1 DAGs
[2024-03-21T02:38:52.397+0000] {logging_mixin.py:188} INFO - [2024-03-21T02:38:52.397+0000] {dag.py:3823} INFO - Setting next_dagrun for example_sensors to None, run_after=None
[2024-03-21T02:38:52.423+0000] {processor.py:183} INFO - Processing /home/airflow/.local/lib/python3.8/site-packages/airflow/example_dags/example_sensors.py took 0.094 seconds
[2024-03-21T02:39:22.749+0000] {processor.py:161} INFO - Started process (PID=885) to work on /home/airflow/.local/lib/python3.8/site-packages/airflow/example_dags/example_sensors.py
[2024-03-21T02:39:22.750+0000] {processor.py:830} INFO - Processing file /home/airflow/.local/lib/python3.8/site-packages/airflow/example_dags/example_sensors.py for tasks to queue
[2024-03-21T02:39:22.753+0000] {logging_mixin.py:188} INFO - [2024-03-21T02:39:22.753+0000] {dagbag.py:538} INFO - Filling up the DagBag from /home/airflow/.local/lib/python3.8/site-packages/airflow/example_dags/example_sensors.py
[2024-03-21T02:39:22.764+0000] {processor.py:840} INFO - DAG(s) 'example_sensors' retrieved from /home/airflow/.local/lib/python3.8/site-packages/airflow/example_dags/example_sensors.py
[2024-03-21T02:39:22.797+0000] {logging_mixin.py:188} INFO - [2024-03-21T02:39:22.796+0000] {dag.py:3036} INFO - Sync 1 DAGs
[2024-03-21T02:39:22.811+0000] {logging_mixin.py:188} INFO - [2024-03-21T02:39:22.811+0000] {dag.py:3823} INFO - Setting next_dagrun for example_sensors to None, run_after=None
[2024-03-21T02:39:22.835+0000] {processor.py:183} INFO - Processing /home/airflow/.local/lib/python3.8/site-packages/airflow/example_dags/example_sensors.py took 0.091 seconds
[2024-03-21T02:39:53.699+0000] {processor.py:161} INFO - Started process (PID=940) to work on /home/airflow/.local/lib/python3.8/site-packages/airflow/example_dags/example_sensors.py
[2024-03-21T02:39:53.701+0000] {processor.py:830} INFO - Processing file /home/airflow/.local/lib/python3.8/site-packages/airflow/example_dags/example_sensors.py for tasks to queue
[2024-03-21T02:39:53.704+0000] {logging_mixin.py:188} INFO - [2024-03-21T02:39:53.703+0000] {dagbag.py:538} INFO - Filling up the DagBag from /home/airflow/.local/lib/python3.8/site-packages/airflow/example_dags/example_sensors.py
[2024-03-21T02:39:53.719+0000] {processor.py:840} INFO - DAG(s) 'example_sensors' retrieved from /home/airflow/.local/lib/python3.8/site-packages/airflow/example_dags/example_sensors.py
[2024-03-21T02:39:53.754+0000] {logging_mixin.py:188} INFO - [2024-03-21T02:39:53.754+0000] {dag.py:3036} INFO - Sync 1 DAGs
[2024-03-21T02:39:53.772+0000] {logging_mixin.py:188} INFO - [2024-03-21T02:39:53.772+0000] {dag.py:3823} INFO - Setting next_dagrun for example_sensors to None, run_after=None
[2024-03-21T02:39:53.798+0000] {processor.py:183} INFO - Processing /home/airflow/.local/lib/python3.8/site-packages/airflow/example_dags/example_sensors.py took 0.103 seconds
[2024-03-21T02:40:23.924+0000] {processor.py:161} INFO - Started process (PID=995) to work on /home/airflow/.local/lib/python3.8/site-packages/airflow/example_dags/example_sensors.py
[2024-03-21T02:40:23.925+0000] {processor.py:830} INFO - Processing file /home/airflow/.local/lib/python3.8/site-packages/airflow/example_dags/example_sensors.py for tasks to queue
[2024-03-21T02:40:23.928+0000] {logging_mixin.py:188} INFO - [2024-03-21T02:40:23.927+0000] {dagbag.py:538} INFO - Filling up the DagBag from /home/airflow/.local/lib/python3.8/site-packages/airflow/example_dags/example_sensors.py
[2024-03-21T02:40:23.939+0000] {processor.py:840} INFO - DAG(s) 'example_sensors' retrieved from /home/airflow/.local/lib/python3.8/site-packages/airflow/example_dags/example_sensors.py
[2024-03-21T02:40:23.970+0000] {logging_mixin.py:188} INFO - [2024-03-21T02:40:23.969+0000] {dag.py:3036} INFO - Sync 1 DAGs
[2024-03-21T02:40:23.985+0000] {logging_mixin.py:188} INFO - [2024-03-21T02:40:23.985+0000] {dag.py:3823} INFO - Setting next_dagrun for example_sensors to None, run_after=None
[2024-03-21T02:40:24.010+0000] {processor.py:183} INFO - Processing /home/airflow/.local/lib/python3.8/site-packages/airflow/example_dags/example_sensors.py took 0.091 seconds
[2024-03-21T02:40:54.056+0000] {processor.py:161} INFO - Started process (PID=1049) to work on /home/airflow/.local/lib/python3.8/site-packages/airflow/example_dags/example_sensors.py
[2024-03-21T02:40:54.057+0000] {processor.py:830} INFO - Processing file /home/airflow/.local/lib/python3.8/site-packages/airflow/example_dags/example_sensors.py for tasks to queue
[2024-03-21T02:40:54.058+0000] {logging_mixin.py:188} INFO - [2024-03-21T02:40:54.058+0000] {dagbag.py:538} INFO - Filling up the DagBag from /home/airflow/.local/lib/python3.8/site-packages/airflow/example_dags/example_sensors.py
[2024-03-21T02:40:54.068+0000] {processor.py:840} INFO - DAG(s) 'example_sensors' retrieved from /home/airflow/.local/lib/python3.8/site-packages/airflow/example_dags/example_sensors.py
[2024-03-21T02:40:54.096+0000] {logging_mixin.py:188} INFO - [2024-03-21T02:40:54.095+0000] {dag.py:3036} INFO - Sync 1 DAGs
[2024-03-21T02:40:54.110+0000] {logging_mixin.py:188} INFO - [2024-03-21T02:40:54.110+0000] {dag.py:3823} INFO - Setting next_dagrun for example_sensors to None, run_after=None
[2024-03-21T02:40:54.130+0000] {processor.py:183} INFO - Processing /home/airflow/.local/lib/python3.8/site-packages/airflow/example_dags/example_sensors.py took 0.077 seconds
[2024-03-21T02:41:24.287+0000] {processor.py:161} INFO - Started process (PID=1104) to work on /home/airflow/.local/lib/python3.8/site-packages/airflow/example_dags/example_sensors.py
[2024-03-21T02:41:24.288+0000] {processor.py:830} INFO - Processing file /home/airflow/.local/lib/python3.8/site-packages/airflow/example_dags/example_sensors.py for tasks to queue
[2024-03-21T02:41:24.291+0000] {logging_mixin.py:188} INFO - [2024-03-21T02:41:24.290+0000] {dagbag.py:538} INFO - Filling up the DagBag from /home/airflow/.local/lib/python3.8/site-packages/airflow/example_dags/example_sensors.py
[2024-03-21T02:41:24.301+0000] {processor.py:840} INFO - DAG(s) 'example_sensors' retrieved from /home/airflow/.local/lib/python3.8/site-packages/airflow/example_dags/example_sensors.py
[2024-03-21T02:41:24.333+0000] {logging_mixin.py:188} INFO - [2024-03-21T02:41:24.332+0000] {dag.py:3036} INFO - Sync 1 DAGs
[2024-03-21T02:41:24.347+0000] {logging_mixin.py:188} INFO - [2024-03-21T02:41:24.346+0000] {dag.py:3823} INFO - Setting next_dagrun for example_sensors to None, run_after=None
[2024-03-21T02:41:24.375+0000] {processor.py:183} INFO - Processing /home/airflow/.local/lib/python3.8/site-packages/airflow/example_dags/example_sensors.py took 0.092 seconds
[2024-03-21T02:41:54.941+0000] {processor.py:161} INFO - Started process (PID=1159) to work on /home/airflow/.local/lib/python3.8/site-packages/airflow/example_dags/example_sensors.py
[2024-03-21T02:41:54.942+0000] {processor.py:830} INFO - Processing file /home/airflow/.local/lib/python3.8/site-packages/airflow/example_dags/example_sensors.py for tasks to queue
[2024-03-21T02:41:54.945+0000] {logging_mixin.py:188} INFO - [2024-03-21T02:41:54.944+0000] {dagbag.py:538} INFO - Filling up the DagBag from /home/airflow/.local/lib/python3.8/site-packages/airflow/example_dags/example_sensors.py
[2024-03-21T02:41:54.954+0000] {processor.py:840} INFO - DAG(s) 'example_sensors' retrieved from /home/airflow/.local/lib/python3.8/site-packages/airflow/example_dags/example_sensors.py
[2024-03-21T02:41:54.977+0000] {logging_mixin.py:188} INFO - [2024-03-21T02:41:54.977+0000] {dag.py:3036} INFO - Sync 1 DAGs
[2024-03-21T02:41:54.991+0000] {logging_mixin.py:188} INFO - [2024-03-21T02:41:54.991+0000] {dag.py:3823} INFO - Setting next_dagrun for example_sensors to None, run_after=None
[2024-03-21T02:41:55.013+0000] {processor.py:183} INFO - Processing /home/airflow/.local/lib/python3.8/site-packages/airflow/example_dags/example_sensors.py took 0.076 seconds
[2024-03-21T02:42:25.466+0000] {processor.py:161} INFO - Started process (PID=1220) to work on /home/airflow/.local/lib/python3.8/site-packages/airflow/example_dags/example_sensors.py
[2024-03-21T02:42:25.467+0000] {processor.py:830} INFO - Processing file /home/airflow/.local/lib/python3.8/site-packages/airflow/example_dags/example_sensors.py for tasks to queue
[2024-03-21T02:42:25.470+0000] {logging_mixin.py:188} INFO - [2024-03-21T02:42:25.469+0000] {dagbag.py:538} INFO - Filling up the DagBag from /home/airflow/.local/lib/python3.8/site-packages/airflow/example_dags/example_sensors.py
[2024-03-21T02:42:25.483+0000] {processor.py:840} INFO - DAG(s) 'example_sensors' retrieved from /home/airflow/.local/lib/python3.8/site-packages/airflow/example_dags/example_sensors.py
[2024-03-21T02:42:25.521+0000] {logging_mixin.py:188} INFO - [2024-03-21T02:42:25.521+0000] {dag.py:3036} INFO - Sync 1 DAGs
[2024-03-21T02:42:25.541+0000] {logging_mixin.py:188} INFO - [2024-03-21T02:42:25.540+0000] {dag.py:3823} INFO - Setting next_dagrun for example_sensors to None, run_after=None
[2024-03-21T02:42:25.570+0000] {processor.py:183} INFO - Processing /home/airflow/.local/lib/python3.8/site-packages/airflow/example_dags/example_sensors.py took 0.108 seconds
[2024-03-21T02:42:55.672+0000] {processor.py:161} INFO - Started process (PID=1275) to work on /home/airflow/.local/lib/python3.8/site-packages/airflow/example_dags/example_sensors.py
[2024-03-21T02:42:55.673+0000] {processor.py:830} INFO - Processing file /home/airflow/.local/lib/python3.8/site-packages/airflow/example_dags/example_sensors.py for tasks to queue
[2024-03-21T02:42:55.676+0000] {logging_mixin.py:188} INFO - [2024-03-21T02:42:55.675+0000] {dagbag.py:538} INFO - Filling up the DagBag from /home/airflow/.local/lib/python3.8/site-packages/airflow/example_dags/example_sensors.py
[2024-03-21T02:42:55.686+0000] {processor.py:840} INFO - DAG(s) 'example_sensors' retrieved from /home/airflow/.local/lib/python3.8/site-packages/airflow/example_dags/example_sensors.py
[2024-03-21T02:42:55.714+0000] {logging_mixin.py:188} INFO - [2024-03-21T02:42:55.714+0000] {dag.py:3036} INFO - Sync 1 DAGs
[2024-03-21T02:42:55.731+0000] {logging_mixin.py:188} INFO - [2024-03-21T02:42:55.730+0000] {dag.py:3823} INFO - Setting next_dagrun for example_sensors to None, run_after=None
[2024-03-21T02:42:55.760+0000] {processor.py:183} INFO - Processing /home/airflow/.local/lib/python3.8/site-packages/airflow/example_dags/example_sensors.py took 0.094 seconds
[2024-03-21T02:43:25.956+0000] {processor.py:161} INFO - Started process (PID=1330) to work on /home/airflow/.local/lib/python3.8/site-packages/airflow/example_dags/example_sensors.py
[2024-03-21T02:43:25.957+0000] {processor.py:830} INFO - Processing file /home/airflow/.local/lib/python3.8/site-packages/airflow/example_dags/example_sensors.py for tasks to queue
[2024-03-21T02:43:25.961+0000] {logging_mixin.py:188} INFO - [2024-03-21T02:43:25.960+0000] {dagbag.py:538} INFO - Filling up the DagBag from /home/airflow/.local/lib/python3.8/site-packages/airflow/example_dags/example_sensors.py
[2024-03-21T02:43:25.976+0000] {processor.py:840} INFO - DAG(s) 'example_sensors' retrieved from /home/airflow/.local/lib/python3.8/site-packages/airflow/example_dags/example_sensors.py
[2024-03-21T02:43:26.018+0000] {logging_mixin.py:188} INFO - [2024-03-21T02:43:26.018+0000] {dag.py:3036} INFO - Sync 1 DAGs
[2024-03-21T02:43:26.039+0000] {logging_mixin.py:188} INFO - [2024-03-21T02:43:26.039+0000] {dag.py:3823} INFO - Setting next_dagrun for example_sensors to None, run_after=None
[2024-03-21T02:43:26.070+0000] {processor.py:183} INFO - Processing /home/airflow/.local/lib/python3.8/site-packages/airflow/example_dags/example_sensors.py took 0.118 seconds
[2024-03-21T02:43:56.144+0000] {processor.py:161} INFO - Started process (PID=1385) to work on /home/airflow/.local/lib/python3.8/site-packages/airflow/example_dags/example_sensors.py
[2024-03-21T02:43:56.145+0000] {processor.py:830} INFO - Processing file /home/airflow/.local/lib/python3.8/site-packages/airflow/example_dags/example_sensors.py for tasks to queue
[2024-03-21T02:43:56.148+0000] {logging_mixin.py:188} INFO - [2024-03-21T02:43:56.148+0000] {dagbag.py:538} INFO - Filling up the DagBag from /home/airflow/.local/lib/python3.8/site-packages/airflow/example_dags/example_sensors.py
[2024-03-21T02:43:56.159+0000] {processor.py:840} INFO - DAG(s) 'example_sensors' retrieved from /home/airflow/.local/lib/python3.8/site-packages/airflow/example_dags/example_sensors.py
[2024-03-21T02:43:56.186+0000] {logging_mixin.py:188} INFO - [2024-03-21T02:43:56.185+0000] {dag.py:3036} INFO - Sync 1 DAGs
[2024-03-21T02:43:56.198+0000] {logging_mixin.py:188} INFO - [2024-03-21T02:43:56.198+0000] {dag.py:3823} INFO - Setting next_dagrun for example_sensors to None, run_after=None
[2024-03-21T02:43:56.221+0000] {processor.py:183} INFO - Processing /home/airflow/.local/lib/python3.8/site-packages/airflow/example_dags/example_sensors.py took 0.080 seconds
[2024-03-21T02:44:26.408+0000] {processor.py:161} INFO - Started process (PID=1440) to work on /home/airflow/.local/lib/python3.8/site-packages/airflow/example_dags/example_sensors.py
[2024-03-21T02:44:26.409+0000] {processor.py:830} INFO - Processing file /home/airflow/.local/lib/python3.8/site-packages/airflow/example_dags/example_sensors.py for tasks to queue
[2024-03-21T02:44:26.412+0000] {logging_mixin.py:188} INFO - [2024-03-21T02:44:26.411+0000] {dagbag.py:538} INFO - Filling up the DagBag from /home/airflow/.local/lib/python3.8/site-packages/airflow/example_dags/example_sensors.py
[2024-03-21T02:44:26.423+0000] {processor.py:840} INFO - DAG(s) 'example_sensors' retrieved from /home/airflow/.local/lib/python3.8/site-packages/airflow/example_dags/example_sensors.py
[2024-03-21T02:44:26.453+0000] {logging_mixin.py:188} INFO - [2024-03-21T02:44:26.453+0000] {dag.py:3036} INFO - Sync 1 DAGs
[2024-03-21T02:44:26.465+0000] {logging_mixin.py:188} INFO - [2024-03-21T02:44:26.465+0000] {dag.py:3823} INFO - Setting next_dagrun for example_sensors to None, run_after=None
[2024-03-21T02:44:26.488+0000] {processor.py:183} INFO - Processing /home/airflow/.local/lib/python3.8/site-packages/airflow/example_dags/example_sensors.py took 0.084 seconds
[2024-03-21T02:44:57.032+0000] {processor.py:161} INFO - Started process (PID=1495) to work on /home/airflow/.local/lib/python3.8/site-packages/airflow/example_dags/example_sensors.py
[2024-03-21T02:44:57.034+0000] {processor.py:830} INFO - Processing file /home/airflow/.local/lib/python3.8/site-packages/airflow/example_dags/example_sensors.py for tasks to queue
[2024-03-21T02:44:57.036+0000] {logging_mixin.py:188} INFO - [2024-03-21T02:44:57.036+0000] {dagbag.py:538} INFO - Filling up the DagBag from /home/airflow/.local/lib/python3.8/site-packages/airflow/example_dags/example_sensors.py
[2024-03-21T02:44:57.048+0000] {processor.py:840} INFO - DAG(s) 'example_sensors' retrieved from /home/airflow/.local/lib/python3.8/site-packages/airflow/example_dags/example_sensors.py
[2024-03-21T02:44:57.080+0000] {logging_mixin.py:188} INFO - [2024-03-21T02:44:57.080+0000] {dag.py:3036} INFO - Sync 1 DAGs
[2024-03-21T02:44:57.096+0000] {logging_mixin.py:188} INFO - [2024-03-21T02:44:57.096+0000] {dag.py:3823} INFO - Setting next_dagrun for example_sensors to None, run_after=None
[2024-03-21T02:44:57.118+0000] {processor.py:183} INFO - Processing /home/airflow/.local/lib/python3.8/site-packages/airflow/example_dags/example_sensors.py took 0.089 seconds
[2024-03-21T02:45:27.370+0000] {processor.py:161} INFO - Started process (PID=1550) to work on /home/airflow/.local/lib/python3.8/site-packages/airflow/example_dags/example_sensors.py
[2024-03-21T02:45:27.371+0000] {processor.py:830} INFO - Processing file /home/airflow/.local/lib/python3.8/site-packages/airflow/example_dags/example_sensors.py for tasks to queue
[2024-03-21T02:45:27.374+0000] {logging_mixin.py:188} INFO - [2024-03-21T02:45:27.373+0000] {dagbag.py:538} INFO - Filling up the DagBag from /home/airflow/.local/lib/python3.8/site-packages/airflow/example_dags/example_sensors.py
[2024-03-21T02:45:27.383+0000] {processor.py:840} INFO - DAG(s) 'example_sensors' retrieved from /home/airflow/.local/lib/python3.8/site-packages/airflow/example_dags/example_sensors.py
[2024-03-21T02:45:27.407+0000] {logging_mixin.py:188} INFO - [2024-03-21T02:45:27.407+0000] {dag.py:3036} INFO - Sync 1 DAGs
[2024-03-21T02:45:27.422+0000] {logging_mixin.py:188} INFO - [2024-03-21T02:45:27.422+0000] {dag.py:3823} INFO - Setting next_dagrun for example_sensors to None, run_after=None
[2024-03-21T02:45:27.447+0000] {processor.py:183} INFO - Processing /home/airflow/.local/lib/python3.8/site-packages/airflow/example_dags/example_sensors.py took 0.081 seconds
[2024-03-21T02:45:57.768+0000] {processor.py:161} INFO - Started process (PID=1605) to work on /home/airflow/.local/lib/python3.8/site-packages/airflow/example_dags/example_sensors.py
[2024-03-21T02:45:57.770+0000] {processor.py:830} INFO - Processing file /home/airflow/.local/lib/python3.8/site-packages/airflow/example_dags/example_sensors.py for tasks to queue
[2024-03-21T02:45:57.773+0000] {logging_mixin.py:188} INFO - [2024-03-21T02:45:57.773+0000] {dagbag.py:538} INFO - Filling up the DagBag from /home/airflow/.local/lib/python3.8/site-packages/airflow/example_dags/example_sensors.py
[2024-03-21T02:45:57.783+0000] {processor.py:840} INFO - DAG(s) 'example_sensors' retrieved from /home/airflow/.local/lib/python3.8/site-packages/airflow/example_dags/example_sensors.py
[2024-03-21T02:45:57.811+0000] {logging_mixin.py:188} INFO - [2024-03-21T02:45:57.810+0000] {dag.py:3036} INFO - Sync 1 DAGs
[2024-03-21T02:45:57.824+0000] {logging_mixin.py:188} INFO - [2024-03-21T02:45:57.824+0000] {dag.py:3823} INFO - Setting next_dagrun for example_sensors to None, run_after=None
[2024-03-21T02:45:57.847+0000] {processor.py:183} INFO - Processing /home/airflow/.local/lib/python3.8/site-packages/airflow/example_dags/example_sensors.py took 0.082 seconds
[2024-03-21T02:46:28.427+0000] {processor.py:161} INFO - Started process (PID=1660) to work on /home/airflow/.local/lib/python3.8/site-packages/airflow/example_dags/example_sensors.py
[2024-03-21T02:46:28.428+0000] {processor.py:830} INFO - Processing file /home/airflow/.local/lib/python3.8/site-packages/airflow/example_dags/example_sensors.py for tasks to queue
[2024-03-21T02:46:28.430+0000] {logging_mixin.py:188} INFO - [2024-03-21T02:46:28.430+0000] {dagbag.py:538} INFO - Filling up the DagBag from /home/airflow/.local/lib/python3.8/site-packages/airflow/example_dags/example_sensors.py
[2024-03-21T02:46:28.442+0000] {processor.py:840} INFO - DAG(s) 'example_sensors' retrieved from /home/airflow/.local/lib/python3.8/site-packages/airflow/example_dags/example_sensors.py
[2024-03-21T02:46:28.481+0000] {logging_mixin.py:188} INFO - [2024-03-21T02:46:28.481+0000] {dag.py:3036} INFO - Sync 1 DAGs
[2024-03-21T02:46:28.499+0000] {logging_mixin.py:188} INFO - [2024-03-21T02:46:28.498+0000] {dag.py:3823} INFO - Setting next_dagrun for example_sensors to None, run_after=None
[2024-03-21T02:46:28.547+0000] {processor.py:183} INFO - Processing /home/airflow/.local/lib/python3.8/site-packages/airflow/example_dags/example_sensors.py took 0.124 seconds
[2024-03-21T02:46:58.849+0000] {processor.py:161} INFO - Started process (PID=1715) to work on /home/airflow/.local/lib/python3.8/site-packages/airflow/example_dags/example_sensors.py
[2024-03-21T02:46:58.851+0000] {processor.py:830} INFO - Processing file /home/airflow/.local/lib/python3.8/site-packages/airflow/example_dags/example_sensors.py for tasks to queue
[2024-03-21T02:46:58.853+0000] {logging_mixin.py:188} INFO - [2024-03-21T02:46:58.853+0000] {dagbag.py:538} INFO - Filling up the DagBag from /home/airflow/.local/lib/python3.8/site-packages/airflow/example_dags/example_sensors.py
[2024-03-21T02:46:58.863+0000] {processor.py:840} INFO - DAG(s) 'example_sensors' retrieved from /home/airflow/.local/lib/python3.8/site-packages/airflow/example_dags/example_sensors.py
[2024-03-21T02:46:58.895+0000] {logging_mixin.py:188} INFO - [2024-03-21T02:46:58.895+0000] {dag.py:3036} INFO - Sync 1 DAGs
[2024-03-21T02:46:58.910+0000] {logging_mixin.py:188} INFO - [2024-03-21T02:46:58.910+0000] {dag.py:3823} INFO - Setting next_dagrun for example_sensors to None, run_after=None
[2024-03-21T02:46:58.928+0000] {processor.py:183} INFO - Processing /home/airflow/.local/lib/python3.8/site-packages/airflow/example_dags/example_sensors.py took 0.083 seconds
[2024-03-21T02:47:29.394+0000] {processor.py:161} INFO - Started process (PID=1770) to work on /home/airflow/.local/lib/python3.8/site-packages/airflow/example_dags/example_sensors.py
[2024-03-21T02:47:29.396+0000] {processor.py:830} INFO - Processing file /home/airflow/.local/lib/python3.8/site-packages/airflow/example_dags/example_sensors.py for tasks to queue
[2024-03-21T02:47:29.399+0000] {logging_mixin.py:188} INFO - [2024-03-21T02:47:29.398+0000] {dagbag.py:538} INFO - Filling up the DagBag from /home/airflow/.local/lib/python3.8/site-packages/airflow/example_dags/example_sensors.py
[2024-03-21T02:47:29.413+0000] {processor.py:840} INFO - DAG(s) 'example_sensors' retrieved from /home/airflow/.local/lib/python3.8/site-packages/airflow/example_dags/example_sensors.py
[2024-03-21T02:47:29.455+0000] {logging_mixin.py:188} INFO - [2024-03-21T02:47:29.455+0000] {dag.py:3036} INFO - Sync 1 DAGs
[2024-03-21T02:47:29.479+0000] {logging_mixin.py:188} INFO - [2024-03-21T02:47:29.478+0000] {dag.py:3823} INFO - Setting next_dagrun for example_sensors to None, run_after=None
[2024-03-21T02:47:29.517+0000] {processor.py:183} INFO - Processing /home/airflow/.local/lib/python3.8/site-packages/airflow/example_dags/example_sensors.py took 0.128 seconds
[2024-03-21T02:47:59.978+0000] {processor.py:161} INFO - Started process (PID=1825) to work on /home/airflow/.local/lib/python3.8/site-packages/airflow/example_dags/example_sensors.py
[2024-03-21T02:47:59.980+0000] {processor.py:830} INFO - Processing file /home/airflow/.local/lib/python3.8/site-packages/airflow/example_dags/example_sensors.py for tasks to queue
[2024-03-21T02:47:59.982+0000] {logging_mixin.py:188} INFO - [2024-03-21T02:47:59.982+0000] {dagbag.py:538} INFO - Filling up the DagBag from /home/airflow/.local/lib/python3.8/site-packages/airflow/example_dags/example_sensors.py
[2024-03-21T02:47:59.996+0000] {processor.py:840} INFO - DAG(s) 'example_sensors' retrieved from /home/airflow/.local/lib/python3.8/site-packages/airflow/example_dags/example_sensors.py
[2024-03-21T02:48:00.037+0000] {logging_mixin.py:188} INFO - [2024-03-21T02:48:00.037+0000] {dag.py:3036} INFO - Sync 1 DAGs
[2024-03-21T02:48:00.053+0000] {logging_mixin.py:188} INFO - [2024-03-21T02:48:00.053+0000] {dag.py:3823} INFO - Setting next_dagrun for example_sensors to None, run_after=None
[2024-03-21T02:48:00.080+0000] {processor.py:183} INFO - Processing /home/airflow/.local/lib/python3.8/site-packages/airflow/example_dags/example_sensors.py took 0.107 seconds
[2024-03-21T02:48:30.304+0000] {processor.py:161} INFO - Started process (PID=1880) to work on /home/airflow/.local/lib/python3.8/site-packages/airflow/example_dags/example_sensors.py
[2024-03-21T02:48:30.305+0000] {processor.py:830} INFO - Processing file /home/airflow/.local/lib/python3.8/site-packages/airflow/example_dags/example_sensors.py for tasks to queue
[2024-03-21T02:48:30.308+0000] {logging_mixin.py:188} INFO - [2024-03-21T02:48:30.308+0000] {dagbag.py:538} INFO - Filling up the DagBag from /home/airflow/.local/lib/python3.8/site-packages/airflow/example_dags/example_sensors.py
[2024-03-21T02:48:30.321+0000] {processor.py:840} INFO - DAG(s) 'example_sensors' retrieved from /home/airflow/.local/lib/python3.8/site-packages/airflow/example_dags/example_sensors.py
[2024-03-21T02:48:30.350+0000] {logging_mixin.py:188} INFO - [2024-03-21T02:48:30.349+0000] {dag.py:3036} INFO - Sync 1 DAGs
[2024-03-21T02:48:30.363+0000] {logging_mixin.py:188} INFO - [2024-03-21T02:48:30.363+0000] {dag.py:3823} INFO - Setting next_dagrun for example_sensors to None, run_after=None
[2024-03-21T02:48:30.382+0000] {processor.py:183} INFO - Processing /home/airflow/.local/lib/python3.8/site-packages/airflow/example_dags/example_sensors.py took 0.084 seconds
[2024-03-21T02:49:00.565+0000] {processor.py:161} INFO - Started process (PID=1935) to work on /home/airflow/.local/lib/python3.8/site-packages/airflow/example_dags/example_sensors.py
[2024-03-21T02:49:00.566+0000] {processor.py:830} INFO - Processing file /home/airflow/.local/lib/python3.8/site-packages/airflow/example_dags/example_sensors.py for tasks to queue
[2024-03-21T02:49:00.568+0000] {logging_mixin.py:188} INFO - [2024-03-21T02:49:00.568+0000] {dagbag.py:538} INFO - Filling up the DagBag from /home/airflow/.local/lib/python3.8/site-packages/airflow/example_dags/example_sensors.py
[2024-03-21T02:49:00.577+0000] {processor.py:840} INFO - DAG(s) 'example_sensors' retrieved from /home/airflow/.local/lib/python3.8/site-packages/airflow/example_dags/example_sensors.py
[2024-03-21T02:49:00.602+0000] {logging_mixin.py:188} INFO - [2024-03-21T02:49:00.602+0000] {dag.py:3036} INFO - Sync 1 DAGs
[2024-03-21T02:49:00.617+0000] {logging_mixin.py:188} INFO - [2024-03-21T02:49:00.617+0000] {dag.py:3823} INFO - Setting next_dagrun for example_sensors to None, run_after=None
[2024-03-21T02:49:00.642+0000] {processor.py:183} INFO - Processing /home/airflow/.local/lib/python3.8/site-packages/airflow/example_dags/example_sensors.py took 0.080 seconds
[2024-03-21T02:49:31.023+0000] {processor.py:161} INFO - Started process (PID=1990) to work on /home/airflow/.local/lib/python3.8/site-packages/airflow/example_dags/example_sensors.py
[2024-03-21T02:49:31.025+0000] {processor.py:830} INFO - Processing file /home/airflow/.local/lib/python3.8/site-packages/airflow/example_dags/example_sensors.py for tasks to queue
[2024-03-21T02:49:31.029+0000] {logging_mixin.py:188} INFO - [2024-03-21T02:49:31.029+0000] {dagbag.py:538} INFO - Filling up the DagBag from /home/airflow/.local/lib/python3.8/site-packages/airflow/example_dags/example_sensors.py
[2024-03-21T02:49:31.049+0000] {processor.py:840} INFO - DAG(s) 'example_sensors' retrieved from /home/airflow/.local/lib/python3.8/site-packages/airflow/example_dags/example_sensors.py
[2024-03-21T02:49:31.091+0000] {logging_mixin.py:188} INFO - [2024-03-21T02:49:31.091+0000] {dag.py:3036} INFO - Sync 1 DAGs
[2024-03-21T02:49:31.116+0000] {logging_mixin.py:188} INFO - [2024-03-21T02:49:31.116+0000] {dag.py:3823} INFO - Setting next_dagrun for example_sensors to None, run_after=None
[2024-03-21T02:49:31.141+0000] {processor.py:183} INFO - Processing /home/airflow/.local/lib/python3.8/site-packages/airflow/example_dags/example_sensors.py took 0.125 seconds
[2024-03-21T02:50:01.360+0000] {processor.py:161} INFO - Started process (PID=2045) to work on /home/airflow/.local/lib/python3.8/site-packages/airflow/example_dags/example_sensors.py
[2024-03-21T02:50:01.362+0000] {processor.py:830} INFO - Processing file /home/airflow/.local/lib/python3.8/site-packages/airflow/example_dags/example_sensors.py for tasks to queue
[2024-03-21T02:50:01.365+0000] {logging_mixin.py:188} INFO - [2024-03-21T02:50:01.365+0000] {dagbag.py:538} INFO - Filling up the DagBag from /home/airflow/.local/lib/python3.8/site-packages/airflow/example_dags/example_sensors.py
[2024-03-21T02:50:01.380+0000] {processor.py:840} INFO - DAG(s) 'example_sensors' retrieved from /home/airflow/.local/lib/python3.8/site-packages/airflow/example_dags/example_sensors.py
[2024-03-21T02:50:01.413+0000] {logging_mixin.py:188} INFO - [2024-03-21T02:50:01.412+0000] {dag.py:3036} INFO - Sync 1 DAGs
[2024-03-21T02:50:01.427+0000] {logging_mixin.py:188} INFO - [2024-03-21T02:50:01.427+0000] {dag.py:3823} INFO - Setting next_dagrun for example_sensors to None, run_after=None
[2024-03-21T02:50:01.451+0000] {processor.py:183} INFO - Processing /home/airflow/.local/lib/python3.8/site-packages/airflow/example_dags/example_sensors.py took 0.099 seconds
[2024-03-21T02:50:31.690+0000] {processor.py:161} INFO - Started process (PID=2100) to work on /home/airflow/.local/lib/python3.8/site-packages/airflow/example_dags/example_sensors.py
[2024-03-21T02:50:31.691+0000] {processor.py:830} INFO - Processing file /home/airflow/.local/lib/python3.8/site-packages/airflow/example_dags/example_sensors.py for tasks to queue
[2024-03-21T02:50:31.693+0000] {logging_mixin.py:188} INFO - [2024-03-21T02:50:31.693+0000] {dagbag.py:538} INFO - Filling up the DagBag from /home/airflow/.local/lib/python3.8/site-packages/airflow/example_dags/example_sensors.py
[2024-03-21T02:50:31.706+0000] {processor.py:840} INFO - DAG(s) 'example_sensors' retrieved from /home/airflow/.local/lib/python3.8/site-packages/airflow/example_dags/example_sensors.py
[2024-03-21T02:50:31.737+0000] {logging_mixin.py:188} INFO - [2024-03-21T02:50:31.737+0000] {dag.py:3036} INFO - Sync 1 DAGs
[2024-03-21T02:50:31.751+0000] {logging_mixin.py:188} INFO - [2024-03-21T02:50:31.751+0000] {dag.py:3823} INFO - Setting next_dagrun for example_sensors to None, run_after=None
[2024-03-21T02:50:31.773+0000] {processor.py:183} INFO - Processing /home/airflow/.local/lib/python3.8/site-packages/airflow/example_dags/example_sensors.py took 0.087 seconds
[2024-03-21T02:51:02.580+0000] {processor.py:161} INFO - Started process (PID=2155) to work on /home/airflow/.local/lib/python3.8/site-packages/airflow/example_dags/example_sensors.py
[2024-03-21T02:51:02.582+0000] {processor.py:830} INFO - Processing file /home/airflow/.local/lib/python3.8/site-packages/airflow/example_dags/example_sensors.py for tasks to queue
[2024-03-21T02:51:02.584+0000] {logging_mixin.py:188} INFO - [2024-03-21T02:51:02.583+0000] {dagbag.py:538} INFO - Filling up the DagBag from /home/airflow/.local/lib/python3.8/site-packages/airflow/example_dags/example_sensors.py
[2024-03-21T02:51:02.594+0000] {processor.py:840} INFO - DAG(s) 'example_sensors' retrieved from /home/airflow/.local/lib/python3.8/site-packages/airflow/example_dags/example_sensors.py
[2024-03-21T02:51:02.621+0000] {logging_mixin.py:188} INFO - [2024-03-21T02:51:02.621+0000] {dag.py:3036} INFO - Sync 1 DAGs
[2024-03-21T02:51:02.633+0000] {logging_mixin.py:188} INFO - [2024-03-21T02:51:02.633+0000] {dag.py:3823} INFO - Setting next_dagrun for example_sensors to None, run_after=None
[2024-03-21T02:51:02.653+0000] {processor.py:183} INFO - Processing /home/airflow/.local/lib/python3.8/site-packages/airflow/example_dags/example_sensors.py took 0.077 seconds
[2024-03-21T02:51:33.089+0000] {processor.py:161} INFO - Started process (PID=2210) to work on /home/airflow/.local/lib/python3.8/site-packages/airflow/example_dags/example_sensors.py
[2024-03-21T02:51:33.090+0000] {processor.py:830} INFO - Processing file /home/airflow/.local/lib/python3.8/site-packages/airflow/example_dags/example_sensors.py for tasks to queue
[2024-03-21T02:51:33.093+0000] {logging_mixin.py:188} INFO - [2024-03-21T02:51:33.092+0000] {dagbag.py:538} INFO - Filling up the DagBag from /home/airflow/.local/lib/python3.8/site-packages/airflow/example_dags/example_sensors.py
[2024-03-21T02:51:33.101+0000] {processor.py:840} INFO - DAG(s) 'example_sensors' retrieved from /home/airflow/.local/lib/python3.8/site-packages/airflow/example_dags/example_sensors.py
[2024-03-21T02:51:33.128+0000] {logging_mixin.py:188} INFO - [2024-03-21T02:51:33.128+0000] {dag.py:3036} INFO - Sync 1 DAGs
[2024-03-21T02:51:33.140+0000] {logging_mixin.py:188} INFO - [2024-03-21T02:51:33.140+0000] {dag.py:3823} INFO - Setting next_dagrun for example_sensors to None, run_after=None
[2024-03-21T02:51:33.160+0000] {processor.py:183} INFO - Processing /home/airflow/.local/lib/python3.8/site-packages/airflow/example_dags/example_sensors.py took 0.075 seconds
[2024-03-21T02:52:03.508+0000] {processor.py:161} INFO - Started process (PID=2267) to work on /home/airflow/.local/lib/python3.8/site-packages/airflow/example_dags/example_sensors.py
[2024-03-21T02:52:03.509+0000] {processor.py:830} INFO - Processing file /home/airflow/.local/lib/python3.8/site-packages/airflow/example_dags/example_sensors.py for tasks to queue
[2024-03-21T02:52:03.512+0000] {logging_mixin.py:188} INFO - [2024-03-21T02:52:03.511+0000] {dagbag.py:538} INFO - Filling up the DagBag from /home/airflow/.local/lib/python3.8/site-packages/airflow/example_dags/example_sensors.py
[2024-03-21T02:52:03.523+0000] {processor.py:840} INFO - DAG(s) 'example_sensors' retrieved from /home/airflow/.local/lib/python3.8/site-packages/airflow/example_dags/example_sensors.py
[2024-03-21T02:52:03.550+0000] {logging_mixin.py:188} INFO - [2024-03-21T02:52:03.549+0000] {dag.py:3036} INFO - Sync 1 DAGs
[2024-03-21T02:52:03.566+0000] {logging_mixin.py:188} INFO - [2024-03-21T02:52:03.566+0000] {dag.py:3823} INFO - Setting next_dagrun for example_sensors to None, run_after=None
[2024-03-21T02:52:03.591+0000] {processor.py:183} INFO - Processing /home/airflow/.local/lib/python3.8/site-packages/airflow/example_dags/example_sensors.py took 0.086 seconds
[2024-03-21T02:52:34.118+0000] {processor.py:161} INFO - Started process (PID=2323) to work on /home/airflow/.local/lib/python3.8/site-packages/airflow/example_dags/example_sensors.py
[2024-03-21T02:52:34.119+0000] {processor.py:830} INFO - Processing file /home/airflow/.local/lib/python3.8/site-packages/airflow/example_dags/example_sensors.py for tasks to queue
[2024-03-21T02:52:34.122+0000] {logging_mixin.py:188} INFO - [2024-03-21T02:52:34.121+0000] {dagbag.py:538} INFO - Filling up the DagBag from /home/airflow/.local/lib/python3.8/site-packages/airflow/example_dags/example_sensors.py
[2024-03-21T02:52:34.134+0000] {processor.py:840} INFO - DAG(s) 'example_sensors' retrieved from /home/airflow/.local/lib/python3.8/site-packages/airflow/example_dags/example_sensors.py
[2024-03-21T02:52:34.168+0000] {logging_mixin.py:188} INFO - [2024-03-21T02:52:34.168+0000] {dag.py:3036} INFO - Sync 1 DAGs
[2024-03-21T02:52:34.184+0000] {logging_mixin.py:188} INFO - [2024-03-21T02:52:34.183+0000] {dag.py:3823} INFO - Setting next_dagrun for example_sensors to None, run_after=None
[2024-03-21T02:52:34.208+0000] {processor.py:183} INFO - Processing /home/airflow/.local/lib/python3.8/site-packages/airflow/example_dags/example_sensors.py took 0.095 seconds
[2024-03-21T02:53:04.441+0000] {processor.py:161} INFO - Started process (PID=2377) to work on /home/airflow/.local/lib/python3.8/site-packages/airflow/example_dags/example_sensors.py
[2024-03-21T02:53:04.443+0000] {processor.py:830} INFO - Processing file /home/airflow/.local/lib/python3.8/site-packages/airflow/example_dags/example_sensors.py for tasks to queue
[2024-03-21T02:53:04.445+0000] {logging_mixin.py:188} INFO - [2024-03-21T02:53:04.445+0000] {dagbag.py:538} INFO - Filling up the DagBag from /home/airflow/.local/lib/python3.8/site-packages/airflow/example_dags/example_sensors.py
[2024-03-21T02:53:04.455+0000] {processor.py:840} INFO - DAG(s) 'example_sensors' retrieved from /home/airflow/.local/lib/python3.8/site-packages/airflow/example_dags/example_sensors.py
[2024-03-21T02:53:04.484+0000] {logging_mixin.py:188} INFO - [2024-03-21T02:53:04.483+0000] {dag.py:3036} INFO - Sync 1 DAGs
[2024-03-21T02:53:04.501+0000] {logging_mixin.py:188} INFO - [2024-03-21T02:53:04.500+0000] {dag.py:3823} INFO - Setting next_dagrun for example_sensors to None, run_after=None
[2024-03-21T02:53:04.526+0000] {processor.py:183} INFO - Processing /home/airflow/.local/lib/python3.8/site-packages/airflow/example_dags/example_sensors.py took 0.088 seconds
[2024-03-21T02:53:34.763+0000] {processor.py:161} INFO - Started process (PID=2433) to work on /home/airflow/.local/lib/python3.8/site-packages/airflow/example_dags/example_sensors.py
[2024-03-21T02:53:34.765+0000] {processor.py:830} INFO - Processing file /home/airflow/.local/lib/python3.8/site-packages/airflow/example_dags/example_sensors.py for tasks to queue
[2024-03-21T02:53:34.767+0000] {logging_mixin.py:188} INFO - [2024-03-21T02:53:34.767+0000] {dagbag.py:538} INFO - Filling up the DagBag from /home/airflow/.local/lib/python3.8/site-packages/airflow/example_dags/example_sensors.py
[2024-03-21T02:53:34.781+0000] {processor.py:840} INFO - DAG(s) 'example_sensors' retrieved from /home/airflow/.local/lib/python3.8/site-packages/airflow/example_dags/example_sensors.py
[2024-03-21T02:53:34.821+0000] {logging_mixin.py:188} INFO - [2024-03-21T02:53:34.821+0000] {dag.py:3036} INFO - Sync 1 DAGs
[2024-03-21T02:53:34.836+0000] {logging_mixin.py:188} INFO - [2024-03-21T02:53:34.836+0000] {dag.py:3823} INFO - Setting next_dagrun for example_sensors to None, run_after=None
[2024-03-21T02:53:34.862+0000] {processor.py:183} INFO - Processing /home/airflow/.local/lib/python3.8/site-packages/airflow/example_dags/example_sensors.py took 0.103 seconds
[2024-03-21T02:54:05.505+0000] {processor.py:161} INFO - Started process (PID=2489) to work on /home/airflow/.local/lib/python3.8/site-packages/airflow/example_dags/example_sensors.py
[2024-03-21T02:54:05.507+0000] {processor.py:830} INFO - Processing file /home/airflow/.local/lib/python3.8/site-packages/airflow/example_dags/example_sensors.py for tasks to queue
[2024-03-21T02:54:05.510+0000] {logging_mixin.py:188} INFO - [2024-03-21T02:54:05.509+0000] {dagbag.py:538} INFO - Filling up the DagBag from /home/airflow/.local/lib/python3.8/site-packages/airflow/example_dags/example_sensors.py
[2024-03-21T02:54:05.539+0000] {processor.py:840} INFO - DAG(s) 'example_sensors' retrieved from /home/airflow/.local/lib/python3.8/site-packages/airflow/example_dags/example_sensors.py
[2024-03-21T02:54:05.590+0000] {logging_mixin.py:188} INFO - [2024-03-21T02:54:05.590+0000] {dag.py:3036} INFO - Sync 1 DAGs
[2024-03-21T02:54:05.610+0000] {logging_mixin.py:188} INFO - [2024-03-21T02:54:05.609+0000] {dag.py:3823} INFO - Setting next_dagrun for example_sensors to None, run_after=None
[2024-03-21T02:54:05.638+0000] {processor.py:183} INFO - Processing /home/airflow/.local/lib/python3.8/site-packages/airflow/example_dags/example_sensors.py took 0.139 seconds
[2024-03-21T02:54:36.389+0000] {processor.py:161} INFO - Started process (PID=2545) to work on /home/airflow/.local/lib/python3.8/site-packages/airflow/example_dags/example_sensors.py
[2024-03-21T02:54:36.390+0000] {processor.py:830} INFO - Processing file /home/airflow/.local/lib/python3.8/site-packages/airflow/example_dags/example_sensors.py for tasks to queue
[2024-03-21T02:54:36.393+0000] {logging_mixin.py:188} INFO - [2024-03-21T02:54:36.392+0000] {dagbag.py:538} INFO - Filling up the DagBag from /home/airflow/.local/lib/python3.8/site-packages/airflow/example_dags/example_sensors.py
[2024-03-21T02:54:36.404+0000] {processor.py:840} INFO - DAG(s) 'example_sensors' retrieved from /home/airflow/.local/lib/python3.8/site-packages/airflow/example_dags/example_sensors.py
[2024-03-21T02:54:36.442+0000] {logging_mixin.py:188} INFO - [2024-03-21T02:54:36.441+0000] {dag.py:3036} INFO - Sync 1 DAGs
[2024-03-21T02:54:36.459+0000] {logging_mixin.py:188} INFO - [2024-03-21T02:54:36.459+0000] {dag.py:3823} INFO - Setting next_dagrun for example_sensors to None, run_after=None
[2024-03-21T02:54:36.484+0000] {processor.py:183} INFO - Processing /home/airflow/.local/lib/python3.8/site-packages/airflow/example_dags/example_sensors.py took 0.100 seconds
[2024-03-21T02:55:07.479+0000] {processor.py:161} INFO - Started process (PID=2601) to work on /home/airflow/.local/lib/python3.8/site-packages/airflow/example_dags/example_sensors.py
[2024-03-21T02:55:07.481+0000] {processor.py:830} INFO - Processing file /home/airflow/.local/lib/python3.8/site-packages/airflow/example_dags/example_sensors.py for tasks to queue
[2024-03-21T02:55:07.484+0000] {logging_mixin.py:188} INFO - [2024-03-21T02:55:07.483+0000] {dagbag.py:538} INFO - Filling up the DagBag from /home/airflow/.local/lib/python3.8/site-packages/airflow/example_dags/example_sensors.py
[2024-03-21T02:55:07.496+0000] {processor.py:840} INFO - DAG(s) 'example_sensors' retrieved from /home/airflow/.local/lib/python3.8/site-packages/airflow/example_dags/example_sensors.py
[2024-03-21T02:55:07.512+0000] {logging_mixin.py:188} INFO - [2024-03-21T02:55:07.512+0000] {dag.py:3036} INFO - Sync 1 DAGs
[2024-03-21T02:55:07.531+0000] {logging_mixin.py:188} INFO - [2024-03-21T02:55:07.531+0000] {dag.py:3823} INFO - Setting next_dagrun for example_sensors to None, run_after=None
[2024-03-21T02:55:07.559+0000] {processor.py:183} INFO - Processing /home/airflow/.local/lib/python3.8/site-packages/airflow/example_dags/example_sensors.py took 0.084 seconds
[2024-03-21T02:55:37.767+0000] {processor.py:161} INFO - Started process (PID=2657) to work on /home/airflow/.local/lib/python3.8/site-packages/airflow/example_dags/example_sensors.py
[2024-03-21T02:55:37.768+0000] {processor.py:830} INFO - Processing file /home/airflow/.local/lib/python3.8/site-packages/airflow/example_dags/example_sensors.py for tasks to queue
[2024-03-21T02:55:37.771+0000] {logging_mixin.py:188} INFO - [2024-03-21T02:55:37.770+0000] {dagbag.py:538} INFO - Filling up the DagBag from /home/airflow/.local/lib/python3.8/site-packages/airflow/example_dags/example_sensors.py
[2024-03-21T02:55:37.781+0000] {processor.py:840} INFO - DAG(s) 'example_sensors' retrieved from /home/airflow/.local/lib/python3.8/site-packages/airflow/example_dags/example_sensors.py
[2024-03-21T02:55:38.033+0000] {logging_mixin.py:188} INFO - [2024-03-21T02:55:38.032+0000] {dag.py:3036} INFO - Sync 1 DAGs
[2024-03-21T02:55:38.046+0000] {logging_mixin.py:188} INFO - [2024-03-21T02:55:38.046+0000] {dag.py:3823} INFO - Setting next_dagrun for example_sensors to None, run_after=None
[2024-03-21T02:55:38.070+0000] {processor.py:183} INFO - Processing /home/airflow/.local/lib/python3.8/site-packages/airflow/example_dags/example_sensors.py took 0.306 seconds
[2024-03-21T02:56:08.674+0000] {processor.py:161} INFO - Started process (PID=2713) to work on /home/airflow/.local/lib/python3.8/site-packages/airflow/example_dags/example_sensors.py
[2024-03-21T02:56:08.676+0000] {processor.py:830} INFO - Processing file /home/airflow/.local/lib/python3.8/site-packages/airflow/example_dags/example_sensors.py for tasks to queue
[2024-03-21T02:56:08.678+0000] {logging_mixin.py:188} INFO - [2024-03-21T02:56:08.678+0000] {dagbag.py:538} INFO - Filling up the DagBag from /home/airflow/.local/lib/python3.8/site-packages/airflow/example_dags/example_sensors.py
[2024-03-21T02:56:08.688+0000] {processor.py:840} INFO - DAG(s) 'example_sensors' retrieved from /home/airflow/.local/lib/python3.8/site-packages/airflow/example_dags/example_sensors.py
[2024-03-21T02:56:08.721+0000] {logging_mixin.py:188} INFO - [2024-03-21T02:56:08.720+0000] {dag.py:3036} INFO - Sync 1 DAGs
[2024-03-21T02:56:08.737+0000] {logging_mixin.py:188} INFO - [2024-03-21T02:56:08.737+0000] {dag.py:3823} INFO - Setting next_dagrun for example_sensors to None, run_after=None
[2024-03-21T02:56:08.760+0000] {processor.py:183} INFO - Processing /home/airflow/.local/lib/python3.8/site-packages/airflow/example_dags/example_sensors.py took 0.090 seconds
[2024-03-21T02:56:39.151+0000] {processor.py:161} INFO - Started process (PID=2769) to work on /home/airflow/.local/lib/python3.8/site-packages/airflow/example_dags/example_sensors.py
[2024-03-21T02:56:39.152+0000] {processor.py:830} INFO - Processing file /home/airflow/.local/lib/python3.8/site-packages/airflow/example_dags/example_sensors.py for tasks to queue
[2024-03-21T02:56:39.154+0000] {logging_mixin.py:188} INFO - [2024-03-21T02:56:39.154+0000] {dagbag.py:538} INFO - Filling up the DagBag from /home/airflow/.local/lib/python3.8/site-packages/airflow/example_dags/example_sensors.py
[2024-03-21T02:56:39.162+0000] {processor.py:840} INFO - DAG(s) 'example_sensors' retrieved from /home/airflow/.local/lib/python3.8/site-packages/airflow/example_dags/example_sensors.py
[2024-03-21T02:56:39.191+0000] {logging_mixin.py:188} INFO - [2024-03-21T02:56:39.191+0000] {dag.py:3036} INFO - Sync 1 DAGs
[2024-03-21T02:56:39.319+0000] {logging_mixin.py:188} INFO - [2024-03-21T02:56:39.318+0000] {dag.py:3823} INFO - Setting next_dagrun for example_sensors to None, run_after=None
[2024-03-21T02:56:39.338+0000] {processor.py:183} INFO - Processing /home/airflow/.local/lib/python3.8/site-packages/airflow/example_dags/example_sensors.py took 0.191 seconds
[2024-03-21T02:57:09.594+0000] {processor.py:161} INFO - Started process (PID=2825) to work on /home/airflow/.local/lib/python3.8/site-packages/airflow/example_dags/example_sensors.py
[2024-03-21T02:57:09.595+0000] {processor.py:830} INFO - Processing file /home/airflow/.local/lib/python3.8/site-packages/airflow/example_dags/example_sensors.py for tasks to queue
[2024-03-21T02:57:09.597+0000] {logging_mixin.py:188} INFO - [2024-03-21T02:57:09.597+0000] {dagbag.py:538} INFO - Filling up the DagBag from /home/airflow/.local/lib/python3.8/site-packages/airflow/example_dags/example_sensors.py
[2024-03-21T02:57:09.607+0000] {processor.py:840} INFO - DAG(s) 'example_sensors' retrieved from /home/airflow/.local/lib/python3.8/site-packages/airflow/example_dags/example_sensors.py
[2024-03-21T02:57:09.635+0000] {logging_mixin.py:188} INFO - [2024-03-21T02:57:09.635+0000] {dag.py:3036} INFO - Sync 1 DAGs
[2024-03-21T02:57:09.801+0000] {logging_mixin.py:188} INFO - [2024-03-21T02:57:09.801+0000] {dag.py:3823} INFO - Setting next_dagrun for example_sensors to None, run_after=None
[2024-03-21T02:57:09.821+0000] {processor.py:183} INFO - Processing /home/airflow/.local/lib/python3.8/site-packages/airflow/example_dags/example_sensors.py took 0.230 seconds
[2024-03-21T02:57:39.937+0000] {processor.py:161} INFO - Started process (PID=2881) to work on /home/airflow/.local/lib/python3.8/site-packages/airflow/example_dags/example_sensors.py
[2024-03-21T02:57:39.938+0000] {processor.py:830} INFO - Processing file /home/airflow/.local/lib/python3.8/site-packages/airflow/example_dags/example_sensors.py for tasks to queue
[2024-03-21T02:57:39.941+0000] {logging_mixin.py:188} INFO - [2024-03-21T02:57:39.940+0000] {dagbag.py:538} INFO - Filling up the DagBag from /home/airflow/.local/lib/python3.8/site-packages/airflow/example_dags/example_sensors.py
[2024-03-21T02:57:39.952+0000] {processor.py:840} INFO - DAG(s) 'example_sensors' retrieved from /home/airflow/.local/lib/python3.8/site-packages/airflow/example_dags/example_sensors.py
[2024-03-21T02:57:39.984+0000] {logging_mixin.py:188} INFO - [2024-03-21T02:57:39.983+0000] {dag.py:3036} INFO - Sync 1 DAGs
[2024-03-21T02:57:40.160+0000] {logging_mixin.py:188} INFO - [2024-03-21T02:57:40.159+0000] {dag.py:3823} INFO - Setting next_dagrun for example_sensors to None, run_after=None
[2024-03-21T02:57:40.188+0000] {processor.py:183} INFO - Processing /home/airflow/.local/lib/python3.8/site-packages/airflow/example_dags/example_sensors.py took 0.256 seconds
[2024-03-21T02:58:10.422+0000] {processor.py:161} INFO - Started process (PID=2937) to work on /home/airflow/.local/lib/python3.8/site-packages/airflow/example_dags/example_sensors.py
[2024-03-21T02:58:10.424+0000] {processor.py:830} INFO - Processing file /home/airflow/.local/lib/python3.8/site-packages/airflow/example_dags/example_sensors.py for tasks to queue
[2024-03-21T02:58:10.428+0000] {logging_mixin.py:188} INFO - [2024-03-21T02:58:10.427+0000] {dagbag.py:538} INFO - Filling up the DagBag from /home/airflow/.local/lib/python3.8/site-packages/airflow/example_dags/example_sensors.py
[2024-03-21T02:58:10.445+0000] {processor.py:840} INFO - DAG(s) 'example_sensors' retrieved from /home/airflow/.local/lib/python3.8/site-packages/airflow/example_dags/example_sensors.py
[2024-03-21T02:58:10.488+0000] {logging_mixin.py:188} INFO - [2024-03-21T02:58:10.488+0000] {dag.py:3036} INFO - Sync 1 DAGs
[2024-03-21T02:58:10.508+0000] {logging_mixin.py:188} INFO - [2024-03-21T02:58:10.508+0000] {dag.py:3823} INFO - Setting next_dagrun for example_sensors to None, run_after=None
[2024-03-21T02:58:10.539+0000] {processor.py:183} INFO - Processing /home/airflow/.local/lib/python3.8/site-packages/airflow/example_dags/example_sensors.py took 0.121 seconds
[2024-03-21T02:58:40.682+0000] {processor.py:161} INFO - Started process (PID=2993) to work on /home/airflow/.local/lib/python3.8/site-packages/airflow/example_dags/example_sensors.py
[2024-03-21T02:58:40.684+0000] {processor.py:830} INFO - Processing file /home/airflow/.local/lib/python3.8/site-packages/airflow/example_dags/example_sensors.py for tasks to queue
[2024-03-21T02:58:40.689+0000] {logging_mixin.py:188} INFO - [2024-03-21T02:58:40.688+0000] {dagbag.py:538} INFO - Filling up the DagBag from /home/airflow/.local/lib/python3.8/site-packages/airflow/example_dags/example_sensors.py
[2024-03-21T02:58:40.708+0000] {processor.py:840} INFO - DAG(s) 'example_sensors' retrieved from /home/airflow/.local/lib/python3.8/site-packages/airflow/example_dags/example_sensors.py
[2024-03-21T02:58:40.749+0000] {logging_mixin.py:188} INFO - [2024-03-21T02:58:40.748+0000] {dag.py:3036} INFO - Sync 1 DAGs
[2024-03-21T02:58:40.771+0000] {logging_mixin.py:188} INFO - [2024-03-21T02:58:40.770+0000] {dag.py:3823} INFO - Setting next_dagrun for example_sensors to None, run_after=None
[2024-03-21T02:58:40.811+0000] {processor.py:183} INFO - Processing /home/airflow/.local/lib/python3.8/site-packages/airflow/example_dags/example_sensors.py took 0.135 seconds
[2024-03-21T02:59:11.374+0000] {processor.py:161} INFO - Started process (PID=3050) to work on /home/airflow/.local/lib/python3.8/site-packages/airflow/example_dags/example_sensors.py
[2024-03-21T02:59:11.375+0000] {processor.py:830} INFO - Processing file /home/airflow/.local/lib/python3.8/site-packages/airflow/example_dags/example_sensors.py for tasks to queue
[2024-03-21T02:59:11.377+0000] {logging_mixin.py:188} INFO - [2024-03-21T02:59:11.377+0000] {dagbag.py:538} INFO - Filling up the DagBag from /home/airflow/.local/lib/python3.8/site-packages/airflow/example_dags/example_sensors.py
[2024-03-21T02:59:11.387+0000] {processor.py:840} INFO - DAG(s) 'example_sensors' retrieved from /home/airflow/.local/lib/python3.8/site-packages/airflow/example_dags/example_sensors.py
[2024-03-21T02:59:11.414+0000] {logging_mixin.py:188} INFO - [2024-03-21T02:59:11.414+0000] {dag.py:3036} INFO - Sync 1 DAGs
[2024-03-21T02:59:11.427+0000] {logging_mixin.py:188} INFO - [2024-03-21T02:59:11.427+0000] {dag.py:3823} INFO - Setting next_dagrun for example_sensors to None, run_after=None
[2024-03-21T02:59:11.447+0000] {processor.py:183} INFO - Processing /home/airflow/.local/lib/python3.8/site-packages/airflow/example_dags/example_sensors.py took 0.077 seconds
[2024-03-21T02:59:41.530+0000] {processor.py:161} INFO - Started process (PID=3106) to work on /home/airflow/.local/lib/python3.8/site-packages/airflow/example_dags/example_sensors.py
[2024-03-21T02:59:41.531+0000] {processor.py:830} INFO - Processing file /home/airflow/.local/lib/python3.8/site-packages/airflow/example_dags/example_sensors.py for tasks to queue
[2024-03-21T02:59:41.533+0000] {logging_mixin.py:188} INFO - [2024-03-21T02:59:41.533+0000] {dagbag.py:538} INFO - Filling up the DagBag from /home/airflow/.local/lib/python3.8/site-packages/airflow/example_dags/example_sensors.py
[2024-03-21T02:59:41.542+0000] {processor.py:840} INFO - DAG(s) 'example_sensors' retrieved from /home/airflow/.local/lib/python3.8/site-packages/airflow/example_dags/example_sensors.py
[2024-03-21T02:59:41.574+0000] {logging_mixin.py:188} INFO - [2024-03-21T02:59:41.573+0000] {dag.py:3036} INFO - Sync 1 DAGs
[2024-03-21T02:59:41.588+0000] {logging_mixin.py:188} INFO - [2024-03-21T02:59:41.587+0000] {dag.py:3823} INFO - Setting next_dagrun for example_sensors to None, run_after=None
[2024-03-21T02:59:41.608+0000] {processor.py:183} INFO - Processing /home/airflow/.local/lib/python3.8/site-packages/airflow/example_dags/example_sensors.py took 0.081 seconds
[2024-03-21T03:00:12.079+0000] {processor.py:161} INFO - Started process (PID=3163) to work on /home/airflow/.local/lib/python3.8/site-packages/airflow/example_dags/example_sensors.py
[2024-03-21T03:00:12.080+0000] {processor.py:830} INFO - Processing file /home/airflow/.local/lib/python3.8/site-packages/airflow/example_dags/example_sensors.py for tasks to queue
[2024-03-21T03:00:12.082+0000] {logging_mixin.py:188} INFO - [2024-03-21T03:00:12.082+0000] {dagbag.py:538} INFO - Filling up the DagBag from /home/airflow/.local/lib/python3.8/site-packages/airflow/example_dags/example_sensors.py
[2024-03-21T03:00:12.091+0000] {processor.py:840} INFO - DAG(s) 'example_sensors' retrieved from /home/airflow/.local/lib/python3.8/site-packages/airflow/example_dags/example_sensors.py
[2024-03-21T03:00:12.120+0000] {logging_mixin.py:188} INFO - [2024-03-21T03:00:12.119+0000] {dag.py:3036} INFO - Sync 1 DAGs
[2024-03-21T03:00:12.132+0000] {logging_mixin.py:188} INFO - [2024-03-21T03:00:12.131+0000] {dag.py:3823} INFO - Setting next_dagrun for example_sensors to None, run_after=None
[2024-03-21T03:00:12.151+0000] {processor.py:183} INFO - Processing /home/airflow/.local/lib/python3.8/site-packages/airflow/example_dags/example_sensors.py took 0.076 seconds
[2024-03-21T03:00:42.252+0000] {processor.py:161} INFO - Started process (PID=3219) to work on /home/airflow/.local/lib/python3.8/site-packages/airflow/example_dags/example_sensors.py
[2024-03-21T03:00:42.254+0000] {processor.py:830} INFO - Processing file /home/airflow/.local/lib/python3.8/site-packages/airflow/example_dags/example_sensors.py for tasks to queue
[2024-03-21T03:00:42.256+0000] {logging_mixin.py:188} INFO - [2024-03-21T03:00:42.255+0000] {dagbag.py:538} INFO - Filling up the DagBag from /home/airflow/.local/lib/python3.8/site-packages/airflow/example_dags/example_sensors.py
[2024-03-21T03:00:42.264+0000] {processor.py:840} INFO - DAG(s) 'example_sensors' retrieved from /home/airflow/.local/lib/python3.8/site-packages/airflow/example_dags/example_sensors.py
[2024-03-21T03:00:42.295+0000] {logging_mixin.py:188} INFO - [2024-03-21T03:00:42.295+0000] {dag.py:3036} INFO - Sync 1 DAGs
[2024-03-21T03:00:42.307+0000] {logging_mixin.py:188} INFO - [2024-03-21T03:00:42.307+0000] {dag.py:3823} INFO - Setting next_dagrun for example_sensors to None, run_after=None
[2024-03-21T03:00:42.331+0000] {processor.py:183} INFO - Processing /home/airflow/.local/lib/python3.8/site-packages/airflow/example_dags/example_sensors.py took 0.081 seconds
[2024-03-21T03:02:45.029+0000] {processor.py:161} INFO - Started process (PID=61) to work on /home/airflow/.local/lib/python3.8/site-packages/airflow/example_dags/example_sensors.py
[2024-03-21T03:02:45.031+0000] {processor.py:830} INFO - Processing file /home/airflow/.local/lib/python3.8/site-packages/airflow/example_dags/example_sensors.py for tasks to queue
[2024-03-21T03:02:45.035+0000] {logging_mixin.py:188} INFO - [2024-03-21T03:02:45.034+0000] {dagbag.py:538} INFO - Filling up the DagBag from /home/airflow/.local/lib/python3.8/site-packages/airflow/example_dags/example_sensors.py
[2024-03-21T03:02:45.053+0000] {processor.py:840} INFO - DAG(s) 'example_sensors' retrieved from /home/airflow/.local/lib/python3.8/site-packages/airflow/example_dags/example_sensors.py
[2024-03-21T03:02:45.068+0000] {logging_mixin.py:188} INFO - [2024-03-21T03:02:45.068+0000] {dag.py:3036} INFO - Sync 1 DAGs
[2024-03-21T03:02:45.085+0000] {logging_mixin.py:188} INFO - [2024-03-21T03:02:45.085+0000] {dag.py:3823} INFO - Setting next_dagrun for example_sensors to None, run_after=None
[2024-03-21T03:02:45.109+0000] {processor.py:183} INFO - Processing /home/airflow/.local/lib/python3.8/site-packages/airflow/example_dags/example_sensors.py took 0.087 seconds
[2024-03-21T03:03:16.024+0000] {processor.py:161} INFO - Started process (PID=117) to work on /home/airflow/.local/lib/python3.8/site-packages/airflow/example_dags/example_sensors.py
[2024-03-21T03:03:16.025+0000] {processor.py:830} INFO - Processing file /home/airflow/.local/lib/python3.8/site-packages/airflow/example_dags/example_sensors.py for tasks to queue
[2024-03-21T03:03:16.028+0000] {logging_mixin.py:188} INFO - [2024-03-21T03:03:16.027+0000] {dagbag.py:538} INFO - Filling up the DagBag from /home/airflow/.local/lib/python3.8/site-packages/airflow/example_dags/example_sensors.py
[2024-03-21T03:03:16.041+0000] {processor.py:840} INFO - DAG(s) 'example_sensors' retrieved from /home/airflow/.local/lib/python3.8/site-packages/airflow/example_dags/example_sensors.py
[2024-03-21T03:03:16.149+0000] {logging_mixin.py:188} INFO - [2024-03-21T03:03:16.149+0000] {dag.py:3036} INFO - Sync 1 DAGs
[2024-03-21T03:03:16.162+0000] {logging_mixin.py:188} INFO - [2024-03-21T03:03:16.161+0000] {dag.py:3823} INFO - Setting next_dagrun for example_sensors to None, run_after=None
[2024-03-21T03:03:16.189+0000] {processor.py:183} INFO - Processing /home/airflow/.local/lib/python3.8/site-packages/airflow/example_dags/example_sensors.py took 0.169 seconds
[2024-03-21T03:03:46.348+0000] {processor.py:161} INFO - Started process (PID=173) to work on /home/airflow/.local/lib/python3.8/site-packages/airflow/example_dags/example_sensors.py
[2024-03-21T03:03:46.350+0000] {processor.py:830} INFO - Processing file /home/airflow/.local/lib/python3.8/site-packages/airflow/example_dags/example_sensors.py for tasks to queue
[2024-03-21T03:03:46.352+0000] {logging_mixin.py:188} INFO - [2024-03-21T03:03:46.351+0000] {dagbag.py:538} INFO - Filling up the DagBag from /home/airflow/.local/lib/python3.8/site-packages/airflow/example_dags/example_sensors.py
[2024-03-21T03:03:46.361+0000] {processor.py:840} INFO - DAG(s) 'example_sensors' retrieved from /home/airflow/.local/lib/python3.8/site-packages/airflow/example_dags/example_sensors.py
[2024-03-21T03:03:46.387+0000] {logging_mixin.py:188} INFO - [2024-03-21T03:03:46.387+0000] {dag.py:3036} INFO - Sync 1 DAGs
[2024-03-21T03:03:46.402+0000] {logging_mixin.py:188} INFO - [2024-03-21T03:03:46.401+0000] {dag.py:3823} INFO - Setting next_dagrun for example_sensors to None, run_after=None
[2024-03-21T03:03:46.420+0000] {processor.py:183} INFO - Processing /home/airflow/.local/lib/python3.8/site-packages/airflow/example_dags/example_sensors.py took 0.076 seconds
[2024-03-21T03:04:16.501+0000] {processor.py:161} INFO - Started process (PID=243) to work on /home/airflow/.local/lib/python3.8/site-packages/airflow/example_dags/example_sensors.py
[2024-03-21T03:04:16.502+0000] {processor.py:830} INFO - Processing file /home/airflow/.local/lib/python3.8/site-packages/airflow/example_dags/example_sensors.py for tasks to queue
[2024-03-21T03:04:16.505+0000] {logging_mixin.py:188} INFO - [2024-03-21T03:04:16.505+0000] {dagbag.py:538} INFO - Filling up the DagBag from /home/airflow/.local/lib/python3.8/site-packages/airflow/example_dags/example_sensors.py
[2024-03-21T03:04:16.519+0000] {processor.py:840} INFO - DAG(s) 'example_sensors' retrieved from /home/airflow/.local/lib/python3.8/site-packages/airflow/example_dags/example_sensors.py
[2024-03-21T03:04:16.553+0000] {logging_mixin.py:188} INFO - [2024-03-21T03:04:16.553+0000] {dag.py:3036} INFO - Sync 1 DAGs
[2024-03-21T03:04:16.567+0000] {logging_mixin.py:188} INFO - [2024-03-21T03:04:16.567+0000] {dag.py:3823} INFO - Setting next_dagrun for example_sensors to None, run_after=None
[2024-03-21T03:04:16.590+0000] {processor.py:183} INFO - Processing /home/airflow/.local/lib/python3.8/site-packages/airflow/example_dags/example_sensors.py took 0.094 seconds
[2024-03-21T03:04:46.782+0000] {processor.py:161} INFO - Started process (PID=299) to work on /home/airflow/.local/lib/python3.8/site-packages/airflow/example_dags/example_sensors.py
[2024-03-21T03:04:46.783+0000] {processor.py:830} INFO - Processing file /home/airflow/.local/lib/python3.8/site-packages/airflow/example_dags/example_sensors.py for tasks to queue
[2024-03-21T03:04:46.786+0000] {logging_mixin.py:188} INFO - [2024-03-21T03:04:46.785+0000] {dagbag.py:538} INFO - Filling up the DagBag from /home/airflow/.local/lib/python3.8/site-packages/airflow/example_dags/example_sensors.py
[2024-03-21T03:04:46.795+0000] {processor.py:840} INFO - DAG(s) 'example_sensors' retrieved from /home/airflow/.local/lib/python3.8/site-packages/airflow/example_dags/example_sensors.py
[2024-03-21T03:04:46.824+0000] {logging_mixin.py:188} INFO - [2024-03-21T03:04:46.824+0000] {dag.py:3036} INFO - Sync 1 DAGs
[2024-03-21T03:04:46.837+0000] {logging_mixin.py:188} INFO - [2024-03-21T03:04:46.837+0000] {dag.py:3823} INFO - Setting next_dagrun for example_sensors to None, run_after=None
[2024-03-21T03:04:46.856+0000] {processor.py:183} INFO - Processing /home/airflow/.local/lib/python3.8/site-packages/airflow/example_dags/example_sensors.py took 0.078 seconds
[2024-03-21T03:05:17.071+0000] {processor.py:161} INFO - Started process (PID=355) to work on /home/airflow/.local/lib/python3.8/site-packages/airflow/example_dags/example_sensors.py
[2024-03-21T03:05:17.072+0000] {processor.py:830} INFO - Processing file /home/airflow/.local/lib/python3.8/site-packages/airflow/example_dags/example_sensors.py for tasks to queue
[2024-03-21T03:05:17.074+0000] {logging_mixin.py:188} INFO - [2024-03-21T03:05:17.074+0000] {dagbag.py:538} INFO - Filling up the DagBag from /home/airflow/.local/lib/python3.8/site-packages/airflow/example_dags/example_sensors.py
[2024-03-21T03:05:17.083+0000] {processor.py:840} INFO - DAG(s) 'example_sensors' retrieved from /home/airflow/.local/lib/python3.8/site-packages/airflow/example_dags/example_sensors.py
[2024-03-21T03:05:17.107+0000] {logging_mixin.py:188} INFO - [2024-03-21T03:05:17.107+0000] {dag.py:3036} INFO - Sync 1 DAGs
[2024-03-21T03:05:17.120+0000] {logging_mixin.py:188} INFO - [2024-03-21T03:05:17.120+0000] {dag.py:3823} INFO - Setting next_dagrun for example_sensors to None, run_after=None
[2024-03-21T03:05:17.144+0000] {processor.py:183} INFO - Processing /home/airflow/.local/lib/python3.8/site-packages/airflow/example_dags/example_sensors.py took 0.076 seconds
[2024-03-21T03:05:47.522+0000] {processor.py:161} INFO - Started process (PID=419) to work on /home/airflow/.local/lib/python3.8/site-packages/airflow/example_dags/example_sensors.py
[2024-03-21T03:05:47.524+0000] {processor.py:830} INFO - Processing file /home/airflow/.local/lib/python3.8/site-packages/airflow/example_dags/example_sensors.py for tasks to queue
[2024-03-21T03:05:47.527+0000] {logging_mixin.py:188} INFO - [2024-03-21T03:05:47.527+0000] {dagbag.py:538} INFO - Filling up the DagBag from /home/airflow/.local/lib/python3.8/site-packages/airflow/example_dags/example_sensors.py
[2024-03-21T03:05:47.540+0000] {processor.py:840} INFO - DAG(s) 'example_sensors' retrieved from /home/airflow/.local/lib/python3.8/site-packages/airflow/example_dags/example_sensors.py
[2024-03-21T03:05:47.575+0000] {logging_mixin.py:188} INFO - [2024-03-21T03:05:47.574+0000] {dag.py:3036} INFO - Sync 1 DAGs
[2024-03-21T03:05:47.592+0000] {logging_mixin.py:188} INFO - [2024-03-21T03:05:47.592+0000] {dag.py:3823} INFO - Setting next_dagrun for example_sensors to None, run_after=None
[2024-03-21T03:05:47.618+0000] {processor.py:183} INFO - Processing /home/airflow/.local/lib/python3.8/site-packages/airflow/example_dags/example_sensors.py took 0.101 seconds
[2024-03-21T03:06:18.249+0000] {processor.py:161} INFO - Started process (PID=475) to work on /home/airflow/.local/lib/python3.8/site-packages/airflow/example_dags/example_sensors.py
[2024-03-21T03:06:18.251+0000] {processor.py:830} INFO - Processing file /home/airflow/.local/lib/python3.8/site-packages/airflow/example_dags/example_sensors.py for tasks to queue
[2024-03-21T03:06:18.253+0000] {logging_mixin.py:188} INFO - [2024-03-21T03:06:18.253+0000] {dagbag.py:538} INFO - Filling up the DagBag from /home/airflow/.local/lib/python3.8/site-packages/airflow/example_dags/example_sensors.py
[2024-03-21T03:06:18.263+0000] {processor.py:840} INFO - DAG(s) 'example_sensors' retrieved from /home/airflow/.local/lib/python3.8/site-packages/airflow/example_dags/example_sensors.py
[2024-03-21T03:06:18.299+0000] {logging_mixin.py:188} INFO - [2024-03-21T03:06:18.299+0000] {dag.py:3036} INFO - Sync 1 DAGs
[2024-03-21T03:06:18.315+0000] {logging_mixin.py:188} INFO - [2024-03-21T03:06:18.315+0000] {dag.py:3823} INFO - Setting next_dagrun for example_sensors to None, run_after=None
[2024-03-21T03:06:18.338+0000] {processor.py:183} INFO - Processing /home/airflow/.local/lib/python3.8/site-packages/airflow/example_dags/example_sensors.py took 0.093 seconds
[2024-03-21T03:06:49.103+0000] {processor.py:161} INFO - Started process (PID=531) to work on /home/airflow/.local/lib/python3.8/site-packages/airflow/example_dags/example_sensors.py
[2024-03-21T03:06:49.105+0000] {processor.py:830} INFO - Processing file /home/airflow/.local/lib/python3.8/site-packages/airflow/example_dags/example_sensors.py for tasks to queue
[2024-03-21T03:06:49.107+0000] {logging_mixin.py:188} INFO - [2024-03-21T03:06:49.106+0000] {dagbag.py:538} INFO - Filling up the DagBag from /home/airflow/.local/lib/python3.8/site-packages/airflow/example_dags/example_sensors.py
[2024-03-21T03:06:49.115+0000] {processor.py:840} INFO - DAG(s) 'example_sensors' retrieved from /home/airflow/.local/lib/python3.8/site-packages/airflow/example_dags/example_sensors.py
[2024-03-21T03:06:49.142+0000] {logging_mixin.py:188} INFO - [2024-03-21T03:06:49.142+0000] {dag.py:3036} INFO - Sync 1 DAGs
[2024-03-21T03:06:49.157+0000] {logging_mixin.py:188} INFO - [2024-03-21T03:06:49.156+0000] {dag.py:3823} INFO - Setting next_dagrun for example_sensors to None, run_after=None
[2024-03-21T03:06:49.180+0000] {processor.py:183} INFO - Processing /home/airflow/.local/lib/python3.8/site-packages/airflow/example_dags/example_sensors.py took 0.080 seconds
[2024-03-21T03:07:19.639+0000] {processor.py:161} INFO - Started process (PID=587) to work on /home/airflow/.local/lib/python3.8/site-packages/airflow/example_dags/example_sensors.py
[2024-03-21T03:07:19.641+0000] {processor.py:830} INFO - Processing file /home/airflow/.local/lib/python3.8/site-packages/airflow/example_dags/example_sensors.py for tasks to queue
[2024-03-21T03:07:19.643+0000] {logging_mixin.py:188} INFO - [2024-03-21T03:07:19.643+0000] {dagbag.py:538} INFO - Filling up the DagBag from /home/airflow/.local/lib/python3.8/site-packages/airflow/example_dags/example_sensors.py
[2024-03-21T03:07:19.653+0000] {processor.py:840} INFO - DAG(s) 'example_sensors' retrieved from /home/airflow/.local/lib/python3.8/site-packages/airflow/example_dags/example_sensors.py
[2024-03-21T03:07:19.681+0000] {logging_mixin.py:188} INFO - [2024-03-21T03:07:19.680+0000] {dag.py:3036} INFO - Sync 1 DAGs
[2024-03-21T03:07:19.697+0000] {logging_mixin.py:188} INFO - [2024-03-21T03:07:19.696+0000] {dag.py:3823} INFO - Setting next_dagrun for example_sensors to None, run_after=None
[2024-03-21T03:07:19.720+0000] {processor.py:183} INFO - Processing /home/airflow/.local/lib/python3.8/site-packages/airflow/example_dags/example_sensors.py took 0.085 seconds
[2024-03-21T03:07:50.039+0000] {processor.py:161} INFO - Started process (PID=643) to work on /home/airflow/.local/lib/python3.8/site-packages/airflow/example_dags/example_sensors.py
[2024-03-21T03:07:50.040+0000] {processor.py:830} INFO - Processing file /home/airflow/.local/lib/python3.8/site-packages/airflow/example_dags/example_sensors.py for tasks to queue
[2024-03-21T03:07:50.043+0000] {logging_mixin.py:188} INFO - [2024-03-21T03:07:50.042+0000] {dagbag.py:538} INFO - Filling up the DagBag from /home/airflow/.local/lib/python3.8/site-packages/airflow/example_dags/example_sensors.py
[2024-03-21T03:07:50.055+0000] {processor.py:840} INFO - DAG(s) 'example_sensors' retrieved from /home/airflow/.local/lib/python3.8/site-packages/airflow/example_dags/example_sensors.py
[2024-03-21T03:07:50.072+0000] {logging_mixin.py:188} INFO - [2024-03-21T03:07:50.071+0000] {dag.py:3036} INFO - Sync 1 DAGs
[2024-03-21T03:07:50.094+0000] {logging_mixin.py:188} INFO - [2024-03-21T03:07:50.094+0000] {dag.py:3823} INFO - Setting next_dagrun for example_sensors to None, run_after=None
[2024-03-21T03:07:50.122+0000] {processor.py:183} INFO - Processing /home/airflow/.local/lib/python3.8/site-packages/airflow/example_dags/example_sensors.py took 0.087 seconds
[2024-03-21T03:08:20.405+0000] {processor.py:161} INFO - Started process (PID=704) to work on /home/airflow/.local/lib/python3.8/site-packages/airflow/example_dags/example_sensors.py
[2024-03-21T03:08:20.406+0000] {processor.py:830} INFO - Processing file /home/airflow/.local/lib/python3.8/site-packages/airflow/example_dags/example_sensors.py for tasks to queue
[2024-03-21T03:08:20.408+0000] {logging_mixin.py:188} INFO - [2024-03-21T03:08:20.408+0000] {dagbag.py:538} INFO - Filling up the DagBag from /home/airflow/.local/lib/python3.8/site-packages/airflow/example_dags/example_sensors.py
[2024-03-21T03:08:20.418+0000] {processor.py:840} INFO - DAG(s) 'example_sensors' retrieved from /home/airflow/.local/lib/python3.8/site-packages/airflow/example_dags/example_sensors.py
[2024-03-21T03:08:20.528+0000] {logging_mixin.py:188} INFO - [2024-03-21T03:08:20.528+0000] {dag.py:3036} INFO - Sync 1 DAGs
[2024-03-21T03:08:20.542+0000] {logging_mixin.py:188} INFO - [2024-03-21T03:08:20.541+0000] {dag.py:3823} INFO - Setting next_dagrun for example_sensors to None, run_after=None
[2024-03-21T03:08:20.566+0000] {processor.py:183} INFO - Processing /home/airflow/.local/lib/python3.8/site-packages/airflow/example_dags/example_sensors.py took 0.165 seconds
[2024-03-21T03:08:50.986+0000] {processor.py:161} INFO - Started process (PID=760) to work on /home/airflow/.local/lib/python3.8/site-packages/airflow/example_dags/example_sensors.py
[2024-03-21T03:08:50.987+0000] {processor.py:830} INFO - Processing file /home/airflow/.local/lib/python3.8/site-packages/airflow/example_dags/example_sensors.py for tasks to queue
[2024-03-21T03:08:50.989+0000] {logging_mixin.py:188} INFO - [2024-03-21T03:08:50.989+0000] {dagbag.py:538} INFO - Filling up the DagBag from /home/airflow/.local/lib/python3.8/site-packages/airflow/example_dags/example_sensors.py
[2024-03-21T03:08:51.000+0000] {processor.py:840} INFO - DAG(s) 'example_sensors' retrieved from /home/airflow/.local/lib/python3.8/site-packages/airflow/example_dags/example_sensors.py
[2024-03-21T03:08:51.029+0000] {logging_mixin.py:188} INFO - [2024-03-21T03:08:51.028+0000] {dag.py:3036} INFO - Sync 1 DAGs
[2024-03-21T03:08:51.043+0000] {logging_mixin.py:188} INFO - [2024-03-21T03:08:51.043+0000] {dag.py:3823} INFO - Setting next_dagrun for example_sensors to None, run_after=None
[2024-03-21T03:08:51.066+0000] {processor.py:183} INFO - Processing /home/airflow/.local/lib/python3.8/site-packages/airflow/example_dags/example_sensors.py took 0.084 seconds
[2024-03-21T03:09:21.213+0000] {processor.py:161} INFO - Started process (PID=816) to work on /home/airflow/.local/lib/python3.8/site-packages/airflow/example_dags/example_sensors.py
[2024-03-21T03:09:21.214+0000] {processor.py:830} INFO - Processing file /home/airflow/.local/lib/python3.8/site-packages/airflow/example_dags/example_sensors.py for tasks to queue
[2024-03-21T03:09:21.217+0000] {logging_mixin.py:188} INFO - [2024-03-21T03:09:21.216+0000] {dagbag.py:538} INFO - Filling up the DagBag from /home/airflow/.local/lib/python3.8/site-packages/airflow/example_dags/example_sensors.py
[2024-03-21T03:09:21.229+0000] {processor.py:840} INFO - DAG(s) 'example_sensors' retrieved from /home/airflow/.local/lib/python3.8/site-packages/airflow/example_dags/example_sensors.py
[2024-03-21T03:09:21.261+0000] {logging_mixin.py:188} INFO - [2024-03-21T03:09:21.260+0000] {dag.py:3036} INFO - Sync 1 DAGs
[2024-03-21T03:09:21.275+0000] {logging_mixin.py:188} INFO - [2024-03-21T03:09:21.274+0000] {dag.py:3823} INFO - Setting next_dagrun for example_sensors to None, run_after=None
[2024-03-21T03:09:21.311+0000] {processor.py:183} INFO - Processing /home/airflow/.local/lib/python3.8/site-packages/airflow/example_dags/example_sensors.py took 0.102 seconds
[2024-03-21T03:09:51.466+0000] {processor.py:161} INFO - Started process (PID=872) to work on /home/airflow/.local/lib/python3.8/site-packages/airflow/example_dags/example_sensors.py
[2024-03-21T03:09:51.468+0000] {processor.py:830} INFO - Processing file /home/airflow/.local/lib/python3.8/site-packages/airflow/example_dags/example_sensors.py for tasks to queue
[2024-03-21T03:09:51.470+0000] {logging_mixin.py:188} INFO - [2024-03-21T03:09:51.470+0000] {dagbag.py:538} INFO - Filling up the DagBag from /home/airflow/.local/lib/python3.8/site-packages/airflow/example_dags/example_sensors.py
[2024-03-21T03:09:51.480+0000] {processor.py:840} INFO - DAG(s) 'example_sensors' retrieved from /home/airflow/.local/lib/python3.8/site-packages/airflow/example_dags/example_sensors.py
[2024-03-21T03:09:51.510+0000] {logging_mixin.py:188} INFO - [2024-03-21T03:09:51.509+0000] {dag.py:3036} INFO - Sync 1 DAGs
[2024-03-21T03:09:51.525+0000] {logging_mixin.py:188} INFO - [2024-03-21T03:09:51.525+0000] {dag.py:3823} INFO - Setting next_dagrun for example_sensors to None, run_after=None
[2024-03-21T03:09:51.548+0000] {processor.py:183} INFO - Processing /home/airflow/.local/lib/python3.8/site-packages/airflow/example_dags/example_sensors.py took 0.086 seconds
[2024-03-21T03:10:21.684+0000] {processor.py:161} INFO - Started process (PID=928) to work on /home/airflow/.local/lib/python3.8/site-packages/airflow/example_dags/example_sensors.py
[2024-03-21T03:10:21.685+0000] {processor.py:830} INFO - Processing file /home/airflow/.local/lib/python3.8/site-packages/airflow/example_dags/example_sensors.py for tasks to queue
[2024-03-21T03:10:21.687+0000] {logging_mixin.py:188} INFO - [2024-03-21T03:10:21.686+0000] {dagbag.py:538} INFO - Filling up the DagBag from /home/airflow/.local/lib/python3.8/site-packages/airflow/example_dags/example_sensors.py
[2024-03-21T03:10:21.694+0000] {processor.py:840} INFO - DAG(s) 'example_sensors' retrieved from /home/airflow/.local/lib/python3.8/site-packages/airflow/example_dags/example_sensors.py
[2024-03-21T03:10:21.720+0000] {logging_mixin.py:188} INFO - [2024-03-21T03:10:21.720+0000] {dag.py:3036} INFO - Sync 1 DAGs
[2024-03-21T03:10:21.733+0000] {logging_mixin.py:188} INFO - [2024-03-21T03:10:21.733+0000] {dag.py:3823} INFO - Setting next_dagrun for example_sensors to None, run_after=None
[2024-03-21T03:10:21.752+0000] {processor.py:183} INFO - Processing /home/airflow/.local/lib/python3.8/site-packages/airflow/example_dags/example_sensors.py took 0.071 seconds
[2024-03-21T03:10:51.782+0000] {processor.py:161} INFO - Started process (PID=983) to work on /home/airflow/.local/lib/python3.8/site-packages/airflow/example_dags/example_sensors.py
[2024-03-21T03:10:51.783+0000] {processor.py:830} INFO - Processing file /home/airflow/.local/lib/python3.8/site-packages/airflow/example_dags/example_sensors.py for tasks to queue
[2024-03-21T03:10:51.786+0000] {logging_mixin.py:188} INFO - [2024-03-21T03:10:51.785+0000] {dagbag.py:538} INFO - Filling up the DagBag from /home/airflow/.local/lib/python3.8/site-packages/airflow/example_dags/example_sensors.py
[2024-03-21T03:10:51.796+0000] {processor.py:840} INFO - DAG(s) 'example_sensors' retrieved from /home/airflow/.local/lib/python3.8/site-packages/airflow/example_dags/example_sensors.py
[2024-03-21T03:10:51.823+0000] {logging_mixin.py:188} INFO - [2024-03-21T03:10:51.822+0000] {dag.py:3036} INFO - Sync 1 DAGs
[2024-03-21T03:10:51.837+0000] {logging_mixin.py:188} INFO - [2024-03-21T03:10:51.837+0000] {dag.py:3823} INFO - Setting next_dagrun for example_sensors to None, run_after=None
[2024-03-21T03:10:51.858+0000] {processor.py:183} INFO - Processing /home/airflow/.local/lib/python3.8/site-packages/airflow/example_dags/example_sensors.py took 0.081 seconds
[2024-03-21T03:11:22.021+0000] {processor.py:161} INFO - Started process (PID=1039) to work on /home/airflow/.local/lib/python3.8/site-packages/airflow/example_dags/example_sensors.py
[2024-03-21T03:11:22.022+0000] {processor.py:830} INFO - Processing file /home/airflow/.local/lib/python3.8/site-packages/airflow/example_dags/example_sensors.py for tasks to queue
[2024-03-21T03:11:22.025+0000] {logging_mixin.py:188} INFO - [2024-03-21T03:11:22.024+0000] {dagbag.py:538} INFO - Filling up the DagBag from /home/airflow/.local/lib/python3.8/site-packages/airflow/example_dags/example_sensors.py
[2024-03-21T03:11:22.036+0000] {processor.py:840} INFO - DAG(s) 'example_sensors' retrieved from /home/airflow/.local/lib/python3.8/site-packages/airflow/example_dags/example_sensors.py
[2024-03-21T03:11:22.071+0000] {logging_mixin.py:188} INFO - [2024-03-21T03:11:22.071+0000] {dag.py:3036} INFO - Sync 1 DAGs
[2024-03-21T03:11:22.085+0000] {logging_mixin.py:188} INFO - [2024-03-21T03:11:22.085+0000] {dag.py:3823} INFO - Setting next_dagrun for example_sensors to None, run_after=None
[2024-03-21T03:11:22.108+0000] {processor.py:183} INFO - Processing /home/airflow/.local/lib/python3.8/site-packages/airflow/example_dags/example_sensors.py took 0.091 seconds
[2024-03-21T03:11:52.225+0000] {processor.py:161} INFO - Started process (PID=1095) to work on /home/airflow/.local/lib/python3.8/site-packages/airflow/example_dags/example_sensors.py
[2024-03-21T03:11:52.226+0000] {processor.py:830} INFO - Processing file /home/airflow/.local/lib/python3.8/site-packages/airflow/example_dags/example_sensors.py for tasks to queue
[2024-03-21T03:11:52.229+0000] {logging_mixin.py:188} INFO - [2024-03-21T03:11:52.228+0000] {dagbag.py:538} INFO - Filling up the DagBag from /home/airflow/.local/lib/python3.8/site-packages/airflow/example_dags/example_sensors.py
[2024-03-21T03:11:52.239+0000] {processor.py:840} INFO - DAG(s) 'example_sensors' retrieved from /home/airflow/.local/lib/python3.8/site-packages/airflow/example_dags/example_sensors.py
[2024-03-21T03:11:52.271+0000] {logging_mixin.py:188} INFO - [2024-03-21T03:11:52.271+0000] {dag.py:3036} INFO - Sync 1 DAGs
[2024-03-21T03:11:52.284+0000] {logging_mixin.py:188} INFO - [2024-03-21T03:11:52.284+0000] {dag.py:3823} INFO - Setting next_dagrun for example_sensors to None, run_after=None
[2024-03-21T03:11:52.306+0000] {processor.py:183} INFO - Processing /home/airflow/.local/lib/python3.8/site-packages/airflow/example_dags/example_sensors.py took 0.086 seconds
