[2024-03-21T02:31:46.253+0000] {processor.py:161} INFO - Started process (PID=59) to work on /home/airflow/.local/lib/python3.8/site-packages/airflow/example_dags/example_complex.py
[2024-03-21T02:31:46.255+0000] {processor.py:830} INFO - Processing file /home/airflow/.local/lib/python3.8/site-packages/airflow/example_dags/example_complex.py for tasks to queue
[2024-03-21T02:31:46.258+0000] {logging_mixin.py:188} INFO - [2024-03-21T02:31:46.258+0000] {dagbag.py:538} INFO - Filling up the DagBag from /home/airflow/.local/lib/python3.8/site-packages/airflow/example_dags/example_complex.py
[2024-03-21T02:31:46.280+0000] {processor.py:840} INFO - DAG(s) 'example_complex' retrieved from /home/airflow/.local/lib/python3.8/site-packages/airflow/example_dags/example_complex.py
[2024-03-21T02:31:46.451+0000] {logging_mixin.py:188} INFO - [2024-03-21T02:31:46.451+0000] {dag.py:3036} INFO - Sync 1 DAGs
[2024-03-21T02:31:46.468+0000] {logging_mixin.py:188} INFO - [2024-03-21T02:31:46.467+0000] {dag.py:3823} INFO - Setting next_dagrun for example_complex to None, run_after=None
[2024-03-21T02:31:46.494+0000] {processor.py:183} INFO - Processing /home/airflow/.local/lib/python3.8/site-packages/airflow/example_dags/example_complex.py took 0.246 seconds
[2024-03-21T02:32:16.797+0000] {processor.py:161} INFO - Started process (PID=114) to work on /home/airflow/.local/lib/python3.8/site-packages/airflow/example_dags/example_complex.py
[2024-03-21T02:32:16.798+0000] {processor.py:830} INFO - Processing file /home/airflow/.local/lib/python3.8/site-packages/airflow/example_dags/example_complex.py for tasks to queue
[2024-03-21T02:32:16.801+0000] {logging_mixin.py:188} INFO - [2024-03-21T02:32:16.801+0000] {dagbag.py:538} INFO - Filling up the DagBag from /home/airflow/.local/lib/python3.8/site-packages/airflow/example_dags/example_complex.py
[2024-03-21T02:32:16.812+0000] {processor.py:840} INFO - DAG(s) 'example_complex' retrieved from /home/airflow/.local/lib/python3.8/site-packages/airflow/example_dags/example_complex.py
[2024-03-21T02:32:16.824+0000] {logging_mixin.py:188} INFO - [2024-03-21T02:32:16.824+0000] {dag.py:3036} INFO - Sync 1 DAGs
[2024-03-21T02:32:16.839+0000] {logging_mixin.py:188} INFO - [2024-03-21T02:32:16.839+0000] {dag.py:3823} INFO - Setting next_dagrun for example_complex to None, run_after=None
[2024-03-21T02:32:16.865+0000] {processor.py:183} INFO - Processing /home/airflow/.local/lib/python3.8/site-packages/airflow/example_dags/example_complex.py took 0.072 seconds
[2024-03-21T02:32:47.252+0000] {processor.py:161} INFO - Started process (PID=169) to work on /home/airflow/.local/lib/python3.8/site-packages/airflow/example_dags/example_complex.py
[2024-03-21T02:32:47.254+0000] {processor.py:830} INFO - Processing file /home/airflow/.local/lib/python3.8/site-packages/airflow/example_dags/example_complex.py for tasks to queue
[2024-03-21T02:32:47.256+0000] {logging_mixin.py:188} INFO - [2024-03-21T02:32:47.255+0000] {dagbag.py:538} INFO - Filling up the DagBag from /home/airflow/.local/lib/python3.8/site-packages/airflow/example_dags/example_complex.py
[2024-03-21T02:32:47.266+0000] {processor.py:840} INFO - DAG(s) 'example_complex' retrieved from /home/airflow/.local/lib/python3.8/site-packages/airflow/example_dags/example_complex.py
[2024-03-21T02:32:47.382+0000] {logging_mixin.py:188} INFO - [2024-03-21T02:32:47.381+0000] {dag.py:3036} INFO - Sync 1 DAGs
[2024-03-21T02:32:47.395+0000] {logging_mixin.py:188} INFO - [2024-03-21T02:32:47.395+0000] {dag.py:3823} INFO - Setting next_dagrun for example_complex to None, run_after=None
[2024-03-21T02:32:47.419+0000] {processor.py:183} INFO - Processing /home/airflow/.local/lib/python3.8/site-packages/airflow/example_dags/example_complex.py took 0.170 seconds
[2024-03-21T02:33:18.165+0000] {processor.py:161} INFO - Started process (PID=224) to work on /home/airflow/.local/lib/python3.8/site-packages/airflow/example_dags/example_complex.py
[2024-03-21T02:33:18.167+0000] {processor.py:830} INFO - Processing file /home/airflow/.local/lib/python3.8/site-packages/airflow/example_dags/example_complex.py for tasks to queue
[2024-03-21T02:33:18.171+0000] {logging_mixin.py:188} INFO - [2024-03-21T02:33:18.170+0000] {dagbag.py:538} INFO - Filling up the DagBag from /home/airflow/.local/lib/python3.8/site-packages/airflow/example_dags/example_complex.py
[2024-03-21T02:33:18.188+0000] {processor.py:840} INFO - DAG(s) 'example_complex' retrieved from /home/airflow/.local/lib/python3.8/site-packages/airflow/example_dags/example_complex.py
[2024-03-21T02:33:18.245+0000] {logging_mixin.py:188} INFO - [2024-03-21T02:33:18.245+0000] {dag.py:3036} INFO - Sync 1 DAGs
[2024-03-21T02:33:18.267+0000] {logging_mixin.py:188} INFO - [2024-03-21T02:33:18.267+0000] {dag.py:3823} INFO - Setting next_dagrun for example_complex to None, run_after=None
[2024-03-21T02:33:18.304+0000] {processor.py:183} INFO - Processing /home/airflow/.local/lib/python3.8/site-packages/airflow/example_dags/example_complex.py took 0.145 seconds
[2024-03-21T02:33:48.456+0000] {processor.py:161} INFO - Started process (PID=279) to work on /home/airflow/.local/lib/python3.8/site-packages/airflow/example_dags/example_complex.py
[2024-03-21T02:33:48.457+0000] {processor.py:830} INFO - Processing file /home/airflow/.local/lib/python3.8/site-packages/airflow/example_dags/example_complex.py for tasks to queue
[2024-03-21T02:33:48.460+0000] {logging_mixin.py:188} INFO - [2024-03-21T02:33:48.460+0000] {dagbag.py:538} INFO - Filling up the DagBag from /home/airflow/.local/lib/python3.8/site-packages/airflow/example_dags/example_complex.py
[2024-03-21T02:33:48.474+0000] {processor.py:840} INFO - DAG(s) 'example_complex' retrieved from /home/airflow/.local/lib/python3.8/site-packages/airflow/example_dags/example_complex.py
[2024-03-21T02:33:48.510+0000] {logging_mixin.py:188} INFO - [2024-03-21T02:33:48.509+0000] {dag.py:3036} INFO - Sync 1 DAGs
[2024-03-21T02:33:48.523+0000] {logging_mixin.py:188} INFO - [2024-03-21T02:33:48.523+0000] {dag.py:3823} INFO - Setting next_dagrun for example_complex to None, run_after=None
[2024-03-21T02:33:48.545+0000] {processor.py:183} INFO - Processing /home/airflow/.local/lib/python3.8/site-packages/airflow/example_dags/example_complex.py took 0.092 seconds
[2024-03-21T02:34:19.033+0000] {processor.py:161} INFO - Started process (PID=335) to work on /home/airflow/.local/lib/python3.8/site-packages/airflow/example_dags/example_complex.py
[2024-03-21T02:34:19.035+0000] {processor.py:830} INFO - Processing file /home/airflow/.local/lib/python3.8/site-packages/airflow/example_dags/example_complex.py for tasks to queue
[2024-03-21T02:34:19.038+0000] {logging_mixin.py:188} INFO - [2024-03-21T02:34:19.037+0000] {dagbag.py:538} INFO - Filling up the DagBag from /home/airflow/.local/lib/python3.8/site-packages/airflow/example_dags/example_complex.py
[2024-03-21T02:34:19.058+0000] {processor.py:840} INFO - DAG(s) 'example_complex' retrieved from /home/airflow/.local/lib/python3.8/site-packages/airflow/example_dags/example_complex.py
[2024-03-21T02:34:19.121+0000] {logging_mixin.py:188} INFO - [2024-03-21T02:34:19.121+0000] {dag.py:3036} INFO - Sync 1 DAGs
[2024-03-21T02:34:19.148+0000] {logging_mixin.py:188} INFO - [2024-03-21T02:34:19.147+0000] {dag.py:3823} INFO - Setting next_dagrun for example_complex to None, run_after=None
[2024-03-21T02:34:19.182+0000] {processor.py:183} INFO - Processing /home/airflow/.local/lib/python3.8/site-packages/airflow/example_dags/example_complex.py took 0.156 seconds
[2024-03-21T02:34:49.733+0000] {processor.py:161} INFO - Started process (PID=389) to work on /home/airflow/.local/lib/python3.8/site-packages/airflow/example_dags/example_complex.py
[2024-03-21T02:34:49.736+0000] {processor.py:830} INFO - Processing file /home/airflow/.local/lib/python3.8/site-packages/airflow/example_dags/example_complex.py for tasks to queue
[2024-03-21T02:34:49.739+0000] {logging_mixin.py:188} INFO - [2024-03-21T02:34:49.738+0000] {dagbag.py:538} INFO - Filling up the DagBag from /home/airflow/.local/lib/python3.8/site-packages/airflow/example_dags/example_complex.py
[2024-03-21T02:34:49.753+0000] {processor.py:840} INFO - DAG(s) 'example_complex' retrieved from /home/airflow/.local/lib/python3.8/site-packages/airflow/example_dags/example_complex.py
[2024-03-21T02:34:49.793+0000] {logging_mixin.py:188} INFO - [2024-03-21T02:34:49.793+0000] {dag.py:3036} INFO - Sync 1 DAGs
[2024-03-21T02:34:49.809+0000] {logging_mixin.py:188} INFO - [2024-03-21T02:34:49.809+0000] {dag.py:3823} INFO - Setting next_dagrun for example_complex to None, run_after=None
[2024-03-21T02:34:49.836+0000] {processor.py:183} INFO - Processing /home/airflow/.local/lib/python3.8/site-packages/airflow/example_dags/example_complex.py took 0.107 seconds
[2024-03-21T02:35:20.059+0000] {processor.py:161} INFO - Started process (PID=444) to work on /home/airflow/.local/lib/python3.8/site-packages/airflow/example_dags/example_complex.py
[2024-03-21T02:35:20.061+0000] {processor.py:830} INFO - Processing file /home/airflow/.local/lib/python3.8/site-packages/airflow/example_dags/example_complex.py for tasks to queue
[2024-03-21T02:35:20.063+0000] {logging_mixin.py:188} INFO - [2024-03-21T02:35:20.063+0000] {dagbag.py:538} INFO - Filling up the DagBag from /home/airflow/.local/lib/python3.8/site-packages/airflow/example_dags/example_complex.py
[2024-03-21T02:35:20.077+0000] {processor.py:840} INFO - DAG(s) 'example_complex' retrieved from /home/airflow/.local/lib/python3.8/site-packages/airflow/example_dags/example_complex.py
[2024-03-21T02:35:20.121+0000] {logging_mixin.py:188} INFO - [2024-03-21T02:35:20.120+0000] {dag.py:3036} INFO - Sync 1 DAGs
[2024-03-21T02:35:20.136+0000] {logging_mixin.py:188} INFO - [2024-03-21T02:35:20.136+0000] {dag.py:3823} INFO - Setting next_dagrun for example_complex to None, run_after=None
[2024-03-21T02:35:20.159+0000] {processor.py:183} INFO - Processing /home/airflow/.local/lib/python3.8/site-packages/airflow/example_dags/example_complex.py took 0.105 seconds
[2024-03-21T02:35:50.312+0000] {processor.py:161} INFO - Started process (PID=499) to work on /home/airflow/.local/lib/python3.8/site-packages/airflow/example_dags/example_complex.py
[2024-03-21T02:35:50.314+0000] {processor.py:830} INFO - Processing file /home/airflow/.local/lib/python3.8/site-packages/airflow/example_dags/example_complex.py for tasks to queue
[2024-03-21T02:35:50.316+0000] {logging_mixin.py:188} INFO - [2024-03-21T02:35:50.315+0000] {dagbag.py:538} INFO - Filling up the DagBag from /home/airflow/.local/lib/python3.8/site-packages/airflow/example_dags/example_complex.py
[2024-03-21T02:35:50.327+0000] {processor.py:840} INFO - DAG(s) 'example_complex' retrieved from /home/airflow/.local/lib/python3.8/site-packages/airflow/example_dags/example_complex.py
[2024-03-21T02:35:50.359+0000] {logging_mixin.py:188} INFO - [2024-03-21T02:35:50.359+0000] {dag.py:3036} INFO - Sync 1 DAGs
[2024-03-21T02:35:50.373+0000] {logging_mixin.py:188} INFO - [2024-03-21T02:35:50.373+0000] {dag.py:3823} INFO - Setting next_dagrun for example_complex to None, run_after=None
[2024-03-21T02:35:50.396+0000] {processor.py:183} INFO - Processing /home/airflow/.local/lib/python3.8/site-packages/airflow/example_dags/example_complex.py took 0.087 seconds
[2024-03-21T02:36:20.716+0000] {processor.py:161} INFO - Started process (PID=554) to work on /home/airflow/.local/lib/python3.8/site-packages/airflow/example_dags/example_complex.py
[2024-03-21T02:36:20.717+0000] {processor.py:830} INFO - Processing file /home/airflow/.local/lib/python3.8/site-packages/airflow/example_dags/example_complex.py for tasks to queue
[2024-03-21T02:36:20.719+0000] {logging_mixin.py:188} INFO - [2024-03-21T02:36:20.719+0000] {dagbag.py:538} INFO - Filling up the DagBag from /home/airflow/.local/lib/python3.8/site-packages/airflow/example_dags/example_complex.py
[2024-03-21T02:36:20.733+0000] {processor.py:840} INFO - DAG(s) 'example_complex' retrieved from /home/airflow/.local/lib/python3.8/site-packages/airflow/example_dags/example_complex.py
[2024-03-21T02:36:20.773+0000] {logging_mixin.py:188} INFO - [2024-03-21T02:36:20.772+0000] {dag.py:3036} INFO - Sync 1 DAGs
[2024-03-21T02:36:20.786+0000] {logging_mixin.py:188} INFO - [2024-03-21T02:36:20.785+0000] {dag.py:3823} INFO - Setting next_dagrun for example_complex to None, run_after=None
[2024-03-21T02:36:20.808+0000] {processor.py:183} INFO - Processing /home/airflow/.local/lib/python3.8/site-packages/airflow/example_dags/example_complex.py took 0.095 seconds
[2024-03-21T02:36:51.014+0000] {processor.py:161} INFO - Started process (PID=609) to work on /home/airflow/.local/lib/python3.8/site-packages/airflow/example_dags/example_complex.py
[2024-03-21T02:36:51.015+0000] {processor.py:830} INFO - Processing file /home/airflow/.local/lib/python3.8/site-packages/airflow/example_dags/example_complex.py for tasks to queue
[2024-03-21T02:36:51.019+0000] {logging_mixin.py:188} INFO - [2024-03-21T02:36:51.018+0000] {dagbag.py:538} INFO - Filling up the DagBag from /home/airflow/.local/lib/python3.8/site-packages/airflow/example_dags/example_complex.py
[2024-03-21T02:36:51.033+0000] {processor.py:840} INFO - DAG(s) 'example_complex' retrieved from /home/airflow/.local/lib/python3.8/site-packages/airflow/example_dags/example_complex.py
[2024-03-21T02:36:51.077+0000] {logging_mixin.py:188} INFO - [2024-03-21T02:36:51.077+0000] {dag.py:3036} INFO - Sync 1 DAGs
[2024-03-21T02:36:51.093+0000] {logging_mixin.py:188} INFO - [2024-03-21T02:36:51.093+0000] {dag.py:3823} INFO - Setting next_dagrun for example_complex to None, run_after=None
[2024-03-21T02:36:51.120+0000] {processor.py:183} INFO - Processing /home/airflow/.local/lib/python3.8/site-packages/airflow/example_dags/example_complex.py took 0.112 seconds
[2024-03-21T02:37:21.304+0000] {processor.py:161} INFO - Started process (PID=664) to work on /home/airflow/.local/lib/python3.8/site-packages/airflow/example_dags/example_complex.py
[2024-03-21T02:37:21.305+0000] {processor.py:830} INFO - Processing file /home/airflow/.local/lib/python3.8/site-packages/airflow/example_dags/example_complex.py for tasks to queue
[2024-03-21T02:37:21.307+0000] {logging_mixin.py:188} INFO - [2024-03-21T02:37:21.307+0000] {dagbag.py:538} INFO - Filling up the DagBag from /home/airflow/.local/lib/python3.8/site-packages/airflow/example_dags/example_complex.py
[2024-03-21T02:37:21.320+0000] {processor.py:840} INFO - DAG(s) 'example_complex' retrieved from /home/airflow/.local/lib/python3.8/site-packages/airflow/example_dags/example_complex.py
[2024-03-21T02:37:21.353+0000] {logging_mixin.py:188} INFO - [2024-03-21T02:37:21.353+0000] {dag.py:3036} INFO - Sync 1 DAGs
[2024-03-21T02:37:21.368+0000] {logging_mixin.py:188} INFO - [2024-03-21T02:37:21.368+0000] {dag.py:3823} INFO - Setting next_dagrun for example_complex to None, run_after=None
[2024-03-21T02:37:21.390+0000] {processor.py:183} INFO - Processing /home/airflow/.local/lib/python3.8/site-packages/airflow/example_dags/example_complex.py took 0.090 seconds
[2024-03-21T02:37:51.570+0000] {processor.py:161} INFO - Started process (PID=719) to work on /home/airflow/.local/lib/python3.8/site-packages/airflow/example_dags/example_complex.py
[2024-03-21T02:37:51.572+0000] {processor.py:830} INFO - Processing file /home/airflow/.local/lib/python3.8/site-packages/airflow/example_dags/example_complex.py for tasks to queue
[2024-03-21T02:37:51.574+0000] {logging_mixin.py:188} INFO - [2024-03-21T02:37:51.574+0000] {dagbag.py:538} INFO - Filling up the DagBag from /home/airflow/.local/lib/python3.8/site-packages/airflow/example_dags/example_complex.py
[2024-03-21T02:37:51.587+0000] {processor.py:840} INFO - DAG(s) 'example_complex' retrieved from /home/airflow/.local/lib/python3.8/site-packages/airflow/example_dags/example_complex.py
[2024-03-21T02:37:51.625+0000] {logging_mixin.py:188} INFO - [2024-03-21T02:37:51.625+0000] {dag.py:3036} INFO - Sync 1 DAGs
[2024-03-21T02:37:51.642+0000] {logging_mixin.py:188} INFO - [2024-03-21T02:37:51.641+0000] {dag.py:3823} INFO - Setting next_dagrun for example_complex to None, run_after=None
[2024-03-21T02:37:51.667+0000] {processor.py:183} INFO - Processing /home/airflow/.local/lib/python3.8/site-packages/airflow/example_dags/example_complex.py took 0.101 seconds
[2024-03-21T02:38:21.942+0000] {processor.py:161} INFO - Started process (PID=774) to work on /home/airflow/.local/lib/python3.8/site-packages/airflow/example_dags/example_complex.py
[2024-03-21T02:38:21.944+0000] {processor.py:830} INFO - Processing file /home/airflow/.local/lib/python3.8/site-packages/airflow/example_dags/example_complex.py for tasks to queue
[2024-03-21T02:38:21.946+0000] {logging_mixin.py:188} INFO - [2024-03-21T02:38:21.946+0000] {dagbag.py:538} INFO - Filling up the DagBag from /home/airflow/.local/lib/python3.8/site-packages/airflow/example_dags/example_complex.py
[2024-03-21T02:38:21.958+0000] {processor.py:840} INFO - DAG(s) 'example_complex' retrieved from /home/airflow/.local/lib/python3.8/site-packages/airflow/example_dags/example_complex.py
[2024-03-21T02:38:21.990+0000] {logging_mixin.py:188} INFO - [2024-03-21T02:38:21.990+0000] {dag.py:3036} INFO - Sync 1 DAGs
[2024-03-21T02:38:22.002+0000] {logging_mixin.py:188} INFO - [2024-03-21T02:38:22.002+0000] {dag.py:3823} INFO - Setting next_dagrun for example_complex to None, run_after=None
[2024-03-21T02:38:22.025+0000] {processor.py:183} INFO - Processing /home/airflow/.local/lib/python3.8/site-packages/airflow/example_dags/example_complex.py took 0.086 seconds
[2024-03-21T02:38:52.316+0000] {processor.py:161} INFO - Started process (PID=829) to work on /home/airflow/.local/lib/python3.8/site-packages/airflow/example_dags/example_complex.py
[2024-03-21T02:38:52.318+0000] {processor.py:830} INFO - Processing file /home/airflow/.local/lib/python3.8/site-packages/airflow/example_dags/example_complex.py for tasks to queue
[2024-03-21T02:38:52.320+0000] {logging_mixin.py:188} INFO - [2024-03-21T02:38:52.320+0000] {dagbag.py:538} INFO - Filling up the DagBag from /home/airflow/.local/lib/python3.8/site-packages/airflow/example_dags/example_complex.py
[2024-03-21T02:38:52.332+0000] {processor.py:840} INFO - DAG(s) 'example_complex' retrieved from /home/airflow/.local/lib/python3.8/site-packages/airflow/example_dags/example_complex.py
[2024-03-21T02:38:52.371+0000] {logging_mixin.py:188} INFO - [2024-03-21T02:38:52.371+0000] {dag.py:3036} INFO - Sync 1 DAGs
[2024-03-21T02:38:52.386+0000] {logging_mixin.py:188} INFO - [2024-03-21T02:38:52.386+0000] {dag.py:3823} INFO - Setting next_dagrun for example_complex to None, run_after=None
[2024-03-21T02:38:52.409+0000] {processor.py:183} INFO - Processing /home/airflow/.local/lib/python3.8/site-packages/airflow/example_dags/example_complex.py took 0.097 seconds
[2024-03-21T02:39:22.599+0000] {processor.py:161} INFO - Started process (PID=884) to work on /home/airflow/.local/lib/python3.8/site-packages/airflow/example_dags/example_complex.py
[2024-03-21T02:39:22.601+0000] {processor.py:830} INFO - Processing file /home/airflow/.local/lib/python3.8/site-packages/airflow/example_dags/example_complex.py for tasks to queue
[2024-03-21T02:39:22.603+0000] {logging_mixin.py:188} INFO - [2024-03-21T02:39:22.603+0000] {dagbag.py:538} INFO - Filling up the DagBag from /home/airflow/.local/lib/python3.8/site-packages/airflow/example_dags/example_complex.py
[2024-03-21T02:39:22.624+0000] {processor.py:840} INFO - DAG(s) 'example_complex' retrieved from /home/airflow/.local/lib/python3.8/site-packages/airflow/example_dags/example_complex.py
[2024-03-21T02:39:22.666+0000] {logging_mixin.py:188} INFO - [2024-03-21T02:39:22.665+0000] {dag.py:3036} INFO - Sync 1 DAGs
[2024-03-21T02:39:22.680+0000] {logging_mixin.py:188} INFO - [2024-03-21T02:39:22.680+0000] {dag.py:3823} INFO - Setting next_dagrun for example_complex to None, run_after=None
[2024-03-21T02:39:22.707+0000] {processor.py:183} INFO - Processing /home/airflow/.local/lib/python3.8/site-packages/airflow/example_dags/example_complex.py took 0.111 seconds
[2024-03-21T02:39:53.636+0000] {processor.py:161} INFO - Started process (PID=939) to work on /home/airflow/.local/lib/python3.8/site-packages/airflow/example_dags/example_complex.py
[2024-03-21T02:39:53.638+0000] {processor.py:830} INFO - Processing file /home/airflow/.local/lib/python3.8/site-packages/airflow/example_dags/example_complex.py for tasks to queue
[2024-03-21T02:39:53.641+0000] {logging_mixin.py:188} INFO - [2024-03-21T02:39:53.640+0000] {dagbag.py:538} INFO - Filling up the DagBag from /home/airflow/.local/lib/python3.8/site-packages/airflow/example_dags/example_complex.py
[2024-03-21T02:39:53.659+0000] {processor.py:840} INFO - DAG(s) 'example_complex' retrieved from /home/airflow/.local/lib/python3.8/site-packages/airflow/example_dags/example_complex.py
[2024-03-21T02:39:53.702+0000] {logging_mixin.py:188} INFO - [2024-03-21T02:39:53.701+0000] {dag.py:3036} INFO - Sync 1 DAGs
[2024-03-21T02:39:53.718+0000] {logging_mixin.py:188} INFO - [2024-03-21T02:39:53.717+0000] {dag.py:3823} INFO - Setting next_dagrun for example_complex to None, run_after=None
[2024-03-21T02:39:53.743+0000] {processor.py:183} INFO - Processing /home/airflow/.local/lib/python3.8/site-packages/airflow/example_dags/example_complex.py took 0.112 seconds
[2024-03-21T02:40:23.785+0000] {processor.py:161} INFO - Started process (PID=994) to work on /home/airflow/.local/lib/python3.8/site-packages/airflow/example_dags/example_complex.py
[2024-03-21T02:40:23.787+0000] {processor.py:830} INFO - Processing file /home/airflow/.local/lib/python3.8/site-packages/airflow/example_dags/example_complex.py for tasks to queue
[2024-03-21T02:40:23.790+0000] {logging_mixin.py:188} INFO - [2024-03-21T02:40:23.790+0000] {dagbag.py:538} INFO - Filling up the DagBag from /home/airflow/.local/lib/python3.8/site-packages/airflow/example_dags/example_complex.py
[2024-03-21T02:40:23.807+0000] {processor.py:840} INFO - DAG(s) 'example_complex' retrieved from /home/airflow/.local/lib/python3.8/site-packages/airflow/example_dags/example_complex.py
[2024-03-21T02:40:23.845+0000] {logging_mixin.py:188} INFO - [2024-03-21T02:40:23.845+0000] {dag.py:3036} INFO - Sync 1 DAGs
[2024-03-21T02:40:23.862+0000] {logging_mixin.py:188} INFO - [2024-03-21T02:40:23.862+0000] {dag.py:3823} INFO - Setting next_dagrun for example_complex to None, run_after=None
[2024-03-21T02:40:23.887+0000] {processor.py:183} INFO - Processing /home/airflow/.local/lib/python3.8/site-packages/airflow/example_dags/example_complex.py took 0.105 seconds
[2024-03-21T02:40:53.934+0000] {processor.py:161} INFO - Started process (PID=1048) to work on /home/airflow/.local/lib/python3.8/site-packages/airflow/example_dags/example_complex.py
[2024-03-21T02:40:53.936+0000] {processor.py:830} INFO - Processing file /home/airflow/.local/lib/python3.8/site-packages/airflow/example_dags/example_complex.py for tasks to queue
[2024-03-21T02:40:53.939+0000] {logging_mixin.py:188} INFO - [2024-03-21T02:40:53.938+0000] {dagbag.py:538} INFO - Filling up the DagBag from /home/airflow/.local/lib/python3.8/site-packages/airflow/example_dags/example_complex.py
[2024-03-21T02:40:53.954+0000] {processor.py:840} INFO - DAG(s) 'example_complex' retrieved from /home/airflow/.local/lib/python3.8/site-packages/airflow/example_dags/example_complex.py
[2024-03-21T02:40:53.994+0000] {logging_mixin.py:188} INFO - [2024-03-21T02:40:53.994+0000] {dag.py:3036} INFO - Sync 1 DAGs
[2024-03-21T02:40:54.007+0000] {logging_mixin.py:188} INFO - [2024-03-21T02:40:54.006+0000] {dag.py:3823} INFO - Setting next_dagrun for example_complex to None, run_after=None
[2024-03-21T02:40:54.023+0000] {processor.py:183} INFO - Processing /home/airflow/.local/lib/python3.8/site-packages/airflow/example_dags/example_complex.py took 0.094 seconds
[2024-03-21T02:41:24.263+0000] {processor.py:161} INFO - Started process (PID=1103) to work on /home/airflow/.local/lib/python3.8/site-packages/airflow/example_dags/example_complex.py
[2024-03-21T02:41:24.265+0000] {processor.py:830} INFO - Processing file /home/airflow/.local/lib/python3.8/site-packages/airflow/example_dags/example_complex.py for tasks to queue
[2024-03-21T02:41:24.267+0000] {logging_mixin.py:188} INFO - [2024-03-21T02:41:24.267+0000] {dagbag.py:538} INFO - Filling up the DagBag from /home/airflow/.local/lib/python3.8/site-packages/airflow/example_dags/example_complex.py
[2024-03-21T02:41:24.280+0000] {processor.py:840} INFO - DAG(s) 'example_complex' retrieved from /home/airflow/.local/lib/python3.8/site-packages/airflow/example_dags/example_complex.py
[2024-03-21T02:41:24.315+0000] {logging_mixin.py:188} INFO - [2024-03-21T02:41:24.315+0000] {dag.py:3036} INFO - Sync 1 DAGs
[2024-03-21T02:41:24.330+0000] {logging_mixin.py:188} INFO - [2024-03-21T02:41:24.330+0000] {dag.py:3823} INFO - Setting next_dagrun for example_complex to None, run_after=None
[2024-03-21T02:41:24.355+0000] {processor.py:183} INFO - Processing /home/airflow/.local/lib/python3.8/site-packages/airflow/example_dags/example_complex.py took 0.097 seconds
[2024-03-21T02:41:54.821+0000] {processor.py:161} INFO - Started process (PID=1158) to work on /home/airflow/.local/lib/python3.8/site-packages/airflow/example_dags/example_complex.py
[2024-03-21T02:41:54.822+0000] {processor.py:830} INFO - Processing file /home/airflow/.local/lib/python3.8/site-packages/airflow/example_dags/example_complex.py for tasks to queue
[2024-03-21T02:41:54.824+0000] {logging_mixin.py:188} INFO - [2024-03-21T02:41:54.824+0000] {dagbag.py:538} INFO - Filling up the DagBag from /home/airflow/.local/lib/python3.8/site-packages/airflow/example_dags/example_complex.py
[2024-03-21T02:41:54.835+0000] {processor.py:840} INFO - DAG(s) 'example_complex' retrieved from /home/airflow/.local/lib/python3.8/site-packages/airflow/example_dags/example_complex.py
[2024-03-21T02:41:54.871+0000] {logging_mixin.py:188} INFO - [2024-03-21T02:41:54.871+0000] {dag.py:3036} INFO - Sync 1 DAGs
[2024-03-21T02:41:54.882+0000] {logging_mixin.py:188} INFO - [2024-03-21T02:41:54.881+0000] {dag.py:3823} INFO - Setting next_dagrun for example_complex to None, run_after=None
[2024-03-21T02:41:54.909+0000] {processor.py:183} INFO - Processing /home/airflow/.local/lib/python3.8/site-packages/airflow/example_dags/example_complex.py took 0.090 seconds
[2024-03-21T02:42:25.443+0000] {processor.py:161} INFO - Started process (PID=1219) to work on /home/airflow/.local/lib/python3.8/site-packages/airflow/example_dags/example_complex.py
[2024-03-21T02:42:25.444+0000] {processor.py:830} INFO - Processing file /home/airflow/.local/lib/python3.8/site-packages/airflow/example_dags/example_complex.py for tasks to queue
[2024-03-21T02:42:25.446+0000] {logging_mixin.py:188} INFO - [2024-03-21T02:42:25.446+0000] {dagbag.py:538} INFO - Filling up the DagBag from /home/airflow/.local/lib/python3.8/site-packages/airflow/example_dags/example_complex.py
[2024-03-21T02:42:25.460+0000] {processor.py:840} INFO - DAG(s) 'example_complex' retrieved from /home/airflow/.local/lib/python3.8/site-packages/airflow/example_dags/example_complex.py
[2024-03-21T02:42:25.503+0000] {logging_mixin.py:188} INFO - [2024-03-21T02:42:25.502+0000] {dag.py:3036} INFO - Sync 1 DAGs
[2024-03-21T02:42:25.521+0000] {logging_mixin.py:188} INFO - [2024-03-21T02:42:25.521+0000] {dag.py:3823} INFO - Setting next_dagrun for example_complex to None, run_after=None
[2024-03-21T02:42:25.552+0000] {processor.py:183} INFO - Processing /home/airflow/.local/lib/python3.8/site-packages/airflow/example_dags/example_complex.py took 0.113 seconds
[2024-03-21T02:42:55.652+0000] {processor.py:161} INFO - Started process (PID=1274) to work on /home/airflow/.local/lib/python3.8/site-packages/airflow/example_dags/example_complex.py
[2024-03-21T02:42:55.653+0000] {processor.py:830} INFO - Processing file /home/airflow/.local/lib/python3.8/site-packages/airflow/example_dags/example_complex.py for tasks to queue
[2024-03-21T02:42:55.656+0000] {logging_mixin.py:188} INFO - [2024-03-21T02:42:55.655+0000] {dagbag.py:538} INFO - Filling up the DagBag from /home/airflow/.local/lib/python3.8/site-packages/airflow/example_dags/example_complex.py
[2024-03-21T02:42:55.674+0000] {processor.py:840} INFO - DAG(s) 'example_complex' retrieved from /home/airflow/.local/lib/python3.8/site-packages/airflow/example_dags/example_complex.py
[2024-03-21T02:42:55.709+0000] {logging_mixin.py:188} INFO - [2024-03-21T02:42:55.709+0000] {dag.py:3036} INFO - Sync 1 DAGs
[2024-03-21T02:42:55.725+0000] {logging_mixin.py:188} INFO - [2024-03-21T02:42:55.724+0000] {dag.py:3823} INFO - Setting next_dagrun for example_complex to None, run_after=None
[2024-03-21T02:42:55.754+0000] {processor.py:183} INFO - Processing /home/airflow/.local/lib/python3.8/site-packages/airflow/example_dags/example_complex.py took 0.107 seconds
[2024-03-21T02:43:25.931+0000] {processor.py:161} INFO - Started process (PID=1329) to work on /home/airflow/.local/lib/python3.8/site-packages/airflow/example_dags/example_complex.py
[2024-03-21T02:43:25.932+0000] {processor.py:830} INFO - Processing file /home/airflow/.local/lib/python3.8/site-packages/airflow/example_dags/example_complex.py for tasks to queue
[2024-03-21T02:43:25.935+0000] {logging_mixin.py:188} INFO - [2024-03-21T02:43:25.935+0000] {dagbag.py:538} INFO - Filling up the DagBag from /home/airflow/.local/lib/python3.8/site-packages/airflow/example_dags/example_complex.py
[2024-03-21T02:43:25.951+0000] {processor.py:840} INFO - DAG(s) 'example_complex' retrieved from /home/airflow/.local/lib/python3.8/site-packages/airflow/example_dags/example_complex.py
[2024-03-21T02:43:26.001+0000] {logging_mixin.py:188} INFO - [2024-03-21T02:43:25.999+0000] {dag.py:3036} INFO - Sync 1 DAGs
[2024-03-21T02:43:26.024+0000] {logging_mixin.py:188} INFO - [2024-03-21T02:43:26.023+0000] {dag.py:3823} INFO - Setting next_dagrun for example_complex to None, run_after=None
[2024-03-21T02:43:26.057+0000] {processor.py:183} INFO - Processing /home/airflow/.local/lib/python3.8/site-packages/airflow/example_dags/example_complex.py took 0.131 seconds
[2024-03-21T02:43:56.142+0000] {processor.py:161} INFO - Started process (PID=1384) to work on /home/airflow/.local/lib/python3.8/site-packages/airflow/example_dags/example_complex.py
[2024-03-21T02:43:56.143+0000] {processor.py:830} INFO - Processing file /home/airflow/.local/lib/python3.8/site-packages/airflow/example_dags/example_complex.py for tasks to queue
[2024-03-21T02:43:56.145+0000] {logging_mixin.py:188} INFO - [2024-03-21T02:43:56.145+0000] {dagbag.py:538} INFO - Filling up the DagBag from /home/airflow/.local/lib/python3.8/site-packages/airflow/example_dags/example_complex.py
[2024-03-21T02:43:56.160+0000] {processor.py:840} INFO - DAG(s) 'example_complex' retrieved from /home/airflow/.local/lib/python3.8/site-packages/airflow/example_dags/example_complex.py
[2024-03-21T02:43:56.195+0000] {logging_mixin.py:188} INFO - [2024-03-21T02:43:56.195+0000] {dag.py:3036} INFO - Sync 1 DAGs
[2024-03-21T02:43:56.209+0000] {logging_mixin.py:188} INFO - [2024-03-21T02:43:56.209+0000] {dag.py:3823} INFO - Setting next_dagrun for example_complex to None, run_after=None
[2024-03-21T02:43:56.234+0000] {processor.py:183} INFO - Processing /home/airflow/.local/lib/python3.8/site-packages/airflow/example_dags/example_complex.py took 0.096 seconds
[2024-03-21T02:44:26.388+0000] {processor.py:161} INFO - Started process (PID=1439) to work on /home/airflow/.local/lib/python3.8/site-packages/airflow/example_dags/example_complex.py
[2024-03-21T02:44:26.389+0000] {processor.py:830} INFO - Processing file /home/airflow/.local/lib/python3.8/site-packages/airflow/example_dags/example_complex.py for tasks to queue
[2024-03-21T02:44:26.392+0000] {logging_mixin.py:188} INFO - [2024-03-21T02:44:26.392+0000] {dagbag.py:538} INFO - Filling up the DagBag from /home/airflow/.local/lib/python3.8/site-packages/airflow/example_dags/example_complex.py
[2024-03-21T02:44:26.405+0000] {processor.py:840} INFO - DAG(s) 'example_complex' retrieved from /home/airflow/.local/lib/python3.8/site-packages/airflow/example_dags/example_complex.py
[2024-03-21T02:44:26.440+0000] {logging_mixin.py:188} INFO - [2024-03-21T02:44:26.440+0000] {dag.py:3036} INFO - Sync 1 DAGs
[2024-03-21T02:44:26.455+0000] {logging_mixin.py:188} INFO - [2024-03-21T02:44:26.455+0000] {dag.py:3823} INFO - Setting next_dagrun for example_complex to None, run_after=None
[2024-03-21T02:44:26.481+0000] {processor.py:183} INFO - Processing /home/airflow/.local/lib/python3.8/site-packages/airflow/example_dags/example_complex.py took 0.096 seconds
[2024-03-21T02:44:57.016+0000] {processor.py:161} INFO - Started process (PID=1494) to work on /home/airflow/.local/lib/python3.8/site-packages/airflow/example_dags/example_complex.py
[2024-03-21T02:44:57.018+0000] {processor.py:830} INFO - Processing file /home/airflow/.local/lib/python3.8/site-packages/airflow/example_dags/example_complex.py for tasks to queue
[2024-03-21T02:44:57.020+0000] {logging_mixin.py:188} INFO - [2024-03-21T02:44:57.020+0000] {dagbag.py:538} INFO - Filling up the DagBag from /home/airflow/.local/lib/python3.8/site-packages/airflow/example_dags/example_complex.py
[2024-03-21T02:44:57.032+0000] {processor.py:840} INFO - DAG(s) 'example_complex' retrieved from /home/airflow/.local/lib/python3.8/site-packages/airflow/example_dags/example_complex.py
[2024-03-21T02:44:57.068+0000] {logging_mixin.py:188} INFO - [2024-03-21T02:44:57.067+0000] {dag.py:3036} INFO - Sync 1 DAGs
[2024-03-21T02:44:57.083+0000] {logging_mixin.py:188} INFO - [2024-03-21T02:44:57.083+0000] {dag.py:3823} INFO - Setting next_dagrun for example_complex to None, run_after=None
[2024-03-21T02:44:57.106+0000] {processor.py:183} INFO - Processing /home/airflow/.local/lib/python3.8/site-packages/airflow/example_dags/example_complex.py took 0.093 seconds
[2024-03-21T02:45:27.365+0000] {processor.py:161} INFO - Started process (PID=1549) to work on /home/airflow/.local/lib/python3.8/site-packages/airflow/example_dags/example_complex.py
[2024-03-21T02:45:27.366+0000] {processor.py:830} INFO - Processing file /home/airflow/.local/lib/python3.8/site-packages/airflow/example_dags/example_complex.py for tasks to queue
[2024-03-21T02:45:27.369+0000] {logging_mixin.py:188} INFO - [2024-03-21T02:45:27.368+0000] {dagbag.py:538} INFO - Filling up the DagBag from /home/airflow/.local/lib/python3.8/site-packages/airflow/example_dags/example_complex.py
[2024-03-21T02:45:27.381+0000] {processor.py:840} INFO - DAG(s) 'example_complex' retrieved from /home/airflow/.local/lib/python3.8/site-packages/airflow/example_dags/example_complex.py
[2024-03-21T02:45:27.413+0000] {logging_mixin.py:188} INFO - [2024-03-21T02:45:27.412+0000] {dag.py:3036} INFO - Sync 1 DAGs
[2024-03-21T02:45:27.426+0000] {logging_mixin.py:188} INFO - [2024-03-21T02:45:27.426+0000] {dag.py:3823} INFO - Setting next_dagrun for example_complex to None, run_after=None
[2024-03-21T02:45:27.449+0000] {processor.py:183} INFO - Processing /home/airflow/.local/lib/python3.8/site-packages/airflow/example_dags/example_complex.py took 0.087 seconds
[2024-03-21T02:45:57.741+0000] {processor.py:161} INFO - Started process (PID=1604) to work on /home/airflow/.local/lib/python3.8/site-packages/airflow/example_dags/example_complex.py
[2024-03-21T02:45:57.745+0000] {processor.py:830} INFO - Processing file /home/airflow/.local/lib/python3.8/site-packages/airflow/example_dags/example_complex.py for tasks to queue
[2024-03-21T02:45:57.750+0000] {logging_mixin.py:188} INFO - [2024-03-21T02:45:57.749+0000] {dagbag.py:538} INFO - Filling up the DagBag from /home/airflow/.local/lib/python3.8/site-packages/airflow/example_dags/example_complex.py
[2024-03-21T02:45:57.763+0000] {processor.py:840} INFO - DAG(s) 'example_complex' retrieved from /home/airflow/.local/lib/python3.8/site-packages/airflow/example_dags/example_complex.py
[2024-03-21T02:45:57.798+0000] {logging_mixin.py:188} INFO - [2024-03-21T02:45:57.797+0000] {dag.py:3036} INFO - Sync 1 DAGs
[2024-03-21T02:45:57.811+0000] {logging_mixin.py:188} INFO - [2024-03-21T02:45:57.811+0000] {dag.py:3823} INFO - Setting next_dagrun for example_complex to None, run_after=None
[2024-03-21T02:45:57.833+0000] {processor.py:183} INFO - Processing /home/airflow/.local/lib/python3.8/site-packages/airflow/example_dags/example_complex.py took 0.098 seconds
[2024-03-21T02:46:28.404+0000] {processor.py:161} INFO - Started process (PID=1659) to work on /home/airflow/.local/lib/python3.8/site-packages/airflow/example_dags/example_complex.py
[2024-03-21T02:46:28.405+0000] {processor.py:830} INFO - Processing file /home/airflow/.local/lib/python3.8/site-packages/airflow/example_dags/example_complex.py for tasks to queue
[2024-03-21T02:46:28.407+0000] {logging_mixin.py:188} INFO - [2024-03-21T02:46:28.407+0000] {dagbag.py:538} INFO - Filling up the DagBag from /home/airflow/.local/lib/python3.8/site-packages/airflow/example_dags/example_complex.py
[2024-03-21T02:46:28.421+0000] {processor.py:840} INFO - DAG(s) 'example_complex' retrieved from /home/airflow/.local/lib/python3.8/site-packages/airflow/example_dags/example_complex.py
[2024-03-21T02:46:28.466+0000] {logging_mixin.py:188} INFO - [2024-03-21T02:46:28.466+0000] {dag.py:3036} INFO - Sync 1 DAGs
[2024-03-21T02:46:28.482+0000] {logging_mixin.py:188} INFO - [2024-03-21T02:46:28.482+0000] {dag.py:3823} INFO - Setting next_dagrun for example_complex to None, run_after=None
[2024-03-21T02:46:28.526+0000] {processor.py:183} INFO - Processing /home/airflow/.local/lib/python3.8/site-packages/airflow/example_dags/example_complex.py took 0.127 seconds
[2024-03-21T02:46:58.838+0000] {processor.py:161} INFO - Started process (PID=1714) to work on /home/airflow/.local/lib/python3.8/site-packages/airflow/example_dags/example_complex.py
[2024-03-21T02:46:58.839+0000] {processor.py:830} INFO - Processing file /home/airflow/.local/lib/python3.8/site-packages/airflow/example_dags/example_complex.py for tasks to queue
[2024-03-21T02:46:58.841+0000] {logging_mixin.py:188} INFO - [2024-03-21T02:46:58.841+0000] {dagbag.py:538} INFO - Filling up the DagBag from /home/airflow/.local/lib/python3.8/site-packages/airflow/example_dags/example_complex.py
[2024-03-21T02:46:58.854+0000] {processor.py:840} INFO - DAG(s) 'example_complex' retrieved from /home/airflow/.local/lib/python3.8/site-packages/airflow/example_dags/example_complex.py
[2024-03-21T02:46:58.889+0000] {logging_mixin.py:188} INFO - [2024-03-21T02:46:58.889+0000] {dag.py:3036} INFO - Sync 1 DAGs
[2024-03-21T02:46:58.903+0000] {logging_mixin.py:188} INFO - [2024-03-21T02:46:58.903+0000] {dag.py:3823} INFO - Setting next_dagrun for example_complex to None, run_after=None
[2024-03-21T02:46:58.927+0000] {processor.py:183} INFO - Processing /home/airflow/.local/lib/python3.8/site-packages/airflow/example_dags/example_complex.py took 0.093 seconds
[2024-03-21T02:47:29.158+0000] {processor.py:161} INFO - Started process (PID=1769) to work on /home/airflow/.local/lib/python3.8/site-packages/airflow/example_dags/example_complex.py
[2024-03-21T02:47:29.160+0000] {processor.py:830} INFO - Processing file /home/airflow/.local/lib/python3.8/site-packages/airflow/example_dags/example_complex.py for tasks to queue
[2024-03-21T02:47:29.164+0000] {logging_mixin.py:188} INFO - [2024-03-21T02:47:29.163+0000] {dagbag.py:538} INFO - Filling up the DagBag from /home/airflow/.local/lib/python3.8/site-packages/airflow/example_dags/example_complex.py
[2024-03-21T02:47:29.185+0000] {processor.py:840} INFO - DAG(s) 'example_complex' retrieved from /home/airflow/.local/lib/python3.8/site-packages/airflow/example_dags/example_complex.py
[2024-03-21T02:47:29.251+0000] {logging_mixin.py:188} INFO - [2024-03-21T02:47:29.251+0000] {dag.py:3036} INFO - Sync 1 DAGs
[2024-03-21T02:47:29.285+0000] {logging_mixin.py:188} INFO - [2024-03-21T02:47:29.285+0000] {dag.py:3823} INFO - Setting next_dagrun for example_complex to None, run_after=None
[2024-03-21T02:47:29.333+0000] {processor.py:183} INFO - Processing /home/airflow/.local/lib/python3.8/site-packages/airflow/example_dags/example_complex.py took 0.180 seconds
[2024-03-21T02:47:59.959+0000] {processor.py:161} INFO - Started process (PID=1824) to work on /home/airflow/.local/lib/python3.8/site-packages/airflow/example_dags/example_complex.py
[2024-03-21T02:47:59.961+0000] {processor.py:830} INFO - Processing file /home/airflow/.local/lib/python3.8/site-packages/airflow/example_dags/example_complex.py for tasks to queue
[2024-03-21T02:47:59.965+0000] {logging_mixin.py:188} INFO - [2024-03-21T02:47:59.964+0000] {dagbag.py:538} INFO - Filling up the DagBag from /home/airflow/.local/lib/python3.8/site-packages/airflow/example_dags/example_complex.py
[2024-03-21T02:47:59.980+0000] {processor.py:840} INFO - DAG(s) 'example_complex' retrieved from /home/airflow/.local/lib/python3.8/site-packages/airflow/example_dags/example_complex.py
[2024-03-21T02:48:00.027+0000] {logging_mixin.py:188} INFO - [2024-03-21T02:48:00.026+0000] {dag.py:3036} INFO - Sync 1 DAGs
[2024-03-21T02:48:00.043+0000] {logging_mixin.py:188} INFO - [2024-03-21T02:48:00.042+0000] {dag.py:3823} INFO - Setting next_dagrun for example_complex to None, run_after=None
[2024-03-21T02:48:00.067+0000] {processor.py:183} INFO - Processing /home/airflow/.local/lib/python3.8/site-packages/airflow/example_dags/example_complex.py took 0.113 seconds
[2024-03-21T02:48:30.264+0000] {processor.py:161} INFO - Started process (PID=1879) to work on /home/airflow/.local/lib/python3.8/site-packages/airflow/example_dags/example_complex.py
[2024-03-21T02:48:30.266+0000] {processor.py:830} INFO - Processing file /home/airflow/.local/lib/python3.8/site-packages/airflow/example_dags/example_complex.py for tasks to queue
[2024-03-21T02:48:30.278+0000] {logging_mixin.py:188} INFO - [2024-03-21T02:48:30.277+0000] {dagbag.py:538} INFO - Filling up the DagBag from /home/airflow/.local/lib/python3.8/site-packages/airflow/example_dags/example_complex.py
[2024-03-21T02:48:30.301+0000] {processor.py:840} INFO - DAG(s) 'example_complex' retrieved from /home/airflow/.local/lib/python3.8/site-packages/airflow/example_dags/example_complex.py
[2024-03-21T02:48:30.342+0000] {logging_mixin.py:188} INFO - [2024-03-21T02:48:30.341+0000] {dag.py:3036} INFO - Sync 1 DAGs
[2024-03-21T02:48:30.355+0000] {logging_mixin.py:188} INFO - [2024-03-21T02:48:30.355+0000] {dag.py:3823} INFO - Setting next_dagrun for example_complex to None, run_after=None
[2024-03-21T02:48:30.373+0000] {processor.py:183} INFO - Processing /home/airflow/.local/lib/python3.8/site-packages/airflow/example_dags/example_complex.py took 0.116 seconds
[2024-03-21T02:49:00.441+0000] {processor.py:161} INFO - Started process (PID=1934) to work on /home/airflow/.local/lib/python3.8/site-packages/airflow/example_dags/example_complex.py
[2024-03-21T02:49:00.442+0000] {processor.py:830} INFO - Processing file /home/airflow/.local/lib/python3.8/site-packages/airflow/example_dags/example_complex.py for tasks to queue
[2024-03-21T02:49:00.444+0000] {logging_mixin.py:188} INFO - [2024-03-21T02:49:00.444+0000] {dagbag.py:538} INFO - Filling up the DagBag from /home/airflow/.local/lib/python3.8/site-packages/airflow/example_dags/example_complex.py
[2024-03-21T02:49:00.456+0000] {processor.py:840} INFO - DAG(s) 'example_complex' retrieved from /home/airflow/.local/lib/python3.8/site-packages/airflow/example_dags/example_complex.py
[2024-03-21T02:49:00.491+0000] {logging_mixin.py:188} INFO - [2024-03-21T02:49:00.491+0000] {dag.py:3036} INFO - Sync 1 DAGs
[2024-03-21T02:49:00.505+0000] {logging_mixin.py:188} INFO - [2024-03-21T02:49:00.505+0000] {dag.py:3823} INFO - Setting next_dagrun for example_complex to None, run_after=None
[2024-03-21T02:49:00.528+0000] {processor.py:183} INFO - Processing /home/airflow/.local/lib/python3.8/site-packages/airflow/example_dags/example_complex.py took 0.091 seconds
[2024-03-21T02:49:30.826+0000] {processor.py:161} INFO - Started process (PID=1989) to work on /home/airflow/.local/lib/python3.8/site-packages/airflow/example_dags/example_complex.py
[2024-03-21T02:49:30.829+0000] {processor.py:830} INFO - Processing file /home/airflow/.local/lib/python3.8/site-packages/airflow/example_dags/example_complex.py for tasks to queue
[2024-03-21T02:49:30.832+0000] {logging_mixin.py:188} INFO - [2024-03-21T02:49:30.832+0000] {dagbag.py:538} INFO - Filling up the DagBag from /home/airflow/.local/lib/python3.8/site-packages/airflow/example_dags/example_complex.py
[2024-03-21T02:49:30.868+0000] {processor.py:840} INFO - DAG(s) 'example_complex' retrieved from /home/airflow/.local/lib/python3.8/site-packages/airflow/example_dags/example_complex.py
[2024-03-21T02:49:30.919+0000] {logging_mixin.py:188} INFO - [2024-03-21T02:49:30.918+0000] {dag.py:3036} INFO - Sync 1 DAGs
[2024-03-21T02:49:30.934+0000] {logging_mixin.py:188} INFO - [2024-03-21T02:49:30.934+0000] {dag.py:3823} INFO - Setting next_dagrun for example_complex to None, run_after=None
[2024-03-21T02:49:30.965+0000] {processor.py:183} INFO - Processing /home/airflow/.local/lib/python3.8/site-packages/airflow/example_dags/example_complex.py took 0.145 seconds
[2024-03-21T02:50:01.324+0000] {processor.py:161} INFO - Started process (PID=2044) to work on /home/airflow/.local/lib/python3.8/site-packages/airflow/example_dags/example_complex.py
[2024-03-21T02:50:01.325+0000] {processor.py:830} INFO - Processing file /home/airflow/.local/lib/python3.8/site-packages/airflow/example_dags/example_complex.py for tasks to queue
[2024-03-21T02:50:01.329+0000] {logging_mixin.py:188} INFO - [2024-03-21T02:50:01.328+0000] {dagbag.py:538} INFO - Filling up the DagBag from /home/airflow/.local/lib/python3.8/site-packages/airflow/example_dags/example_complex.py
[2024-03-21T02:50:01.346+0000] {processor.py:840} INFO - DAG(s) 'example_complex' retrieved from /home/airflow/.local/lib/python3.8/site-packages/airflow/example_dags/example_complex.py
[2024-03-21T02:50:01.396+0000] {logging_mixin.py:188} INFO - [2024-03-21T02:50:01.396+0000] {dag.py:3036} INFO - Sync 1 DAGs
[2024-03-21T02:50:01.412+0000] {logging_mixin.py:188} INFO - [2024-03-21T02:50:01.412+0000] {dag.py:3823} INFO - Setting next_dagrun for example_complex to None, run_after=None
[2024-03-21T02:50:01.434+0000] {processor.py:183} INFO - Processing /home/airflow/.local/lib/python3.8/site-packages/airflow/example_dags/example_complex.py took 0.114 seconds
[2024-03-21T02:50:31.672+0000] {processor.py:161} INFO - Started process (PID=2099) to work on /home/airflow/.local/lib/python3.8/site-packages/airflow/example_dags/example_complex.py
[2024-03-21T02:50:31.673+0000] {processor.py:830} INFO - Processing file /home/airflow/.local/lib/python3.8/site-packages/airflow/example_dags/example_complex.py for tasks to queue
[2024-03-21T02:50:31.675+0000] {logging_mixin.py:188} INFO - [2024-03-21T02:50:31.675+0000] {dagbag.py:538} INFO - Filling up the DagBag from /home/airflow/.local/lib/python3.8/site-packages/airflow/example_dags/example_complex.py
[2024-03-21T02:50:31.689+0000] {processor.py:840} INFO - DAG(s) 'example_complex' retrieved from /home/airflow/.local/lib/python3.8/site-packages/airflow/example_dags/example_complex.py
[2024-03-21T02:50:31.728+0000] {logging_mixin.py:188} INFO - [2024-03-21T02:50:31.727+0000] {dag.py:3036} INFO - Sync 1 DAGs
[2024-03-21T02:50:31.743+0000] {logging_mixin.py:188} INFO - [2024-03-21T02:50:31.742+0000] {dag.py:3823} INFO - Setting next_dagrun for example_complex to None, run_after=None
[2024-03-21T02:50:31.766+0000] {processor.py:183} INFO - Processing /home/airflow/.local/lib/python3.8/site-packages/airflow/example_dags/example_complex.py took 0.098 seconds
[2024-03-21T02:51:02.436+0000] {processor.py:161} INFO - Started process (PID=2154) to work on /home/airflow/.local/lib/python3.8/site-packages/airflow/example_dags/example_complex.py
[2024-03-21T02:51:02.438+0000] {processor.py:830} INFO - Processing file /home/airflow/.local/lib/python3.8/site-packages/airflow/example_dags/example_complex.py for tasks to queue
[2024-03-21T02:51:02.440+0000] {logging_mixin.py:188} INFO - [2024-03-21T02:51:02.439+0000] {dagbag.py:538} INFO - Filling up the DagBag from /home/airflow/.local/lib/python3.8/site-packages/airflow/example_dags/example_complex.py
[2024-03-21T02:51:02.452+0000] {processor.py:840} INFO - DAG(s) 'example_complex' retrieved from /home/airflow/.local/lib/python3.8/site-packages/airflow/example_dags/example_complex.py
[2024-03-21T02:51:02.495+0000] {logging_mixin.py:188} INFO - [2024-03-21T02:51:02.495+0000] {dag.py:3036} INFO - Sync 1 DAGs
[2024-03-21T02:51:02.510+0000] {logging_mixin.py:188} INFO - [2024-03-21T02:51:02.510+0000] {dag.py:3823} INFO - Setting next_dagrun for example_complex to None, run_after=None
[2024-03-21T02:51:02.536+0000] {processor.py:183} INFO - Processing /home/airflow/.local/lib/python3.8/site-packages/airflow/example_dags/example_complex.py took 0.103 seconds
[2024-03-21T02:51:33.074+0000] {processor.py:161} INFO - Started process (PID=2209) to work on /home/airflow/.local/lib/python3.8/site-packages/airflow/example_dags/example_complex.py
[2024-03-21T02:51:33.075+0000] {processor.py:830} INFO - Processing file /home/airflow/.local/lib/python3.8/site-packages/airflow/example_dags/example_complex.py for tasks to queue
[2024-03-21T02:51:33.077+0000] {logging_mixin.py:188} INFO - [2024-03-21T02:51:33.077+0000] {dagbag.py:538} INFO - Filling up the DagBag from /home/airflow/.local/lib/python3.8/site-packages/airflow/example_dags/example_complex.py
[2024-03-21T02:51:33.088+0000] {processor.py:840} INFO - DAG(s) 'example_complex' retrieved from /home/airflow/.local/lib/python3.8/site-packages/airflow/example_dags/example_complex.py
[2024-03-21T02:51:33.126+0000] {logging_mixin.py:188} INFO - [2024-03-21T02:51:33.125+0000] {dag.py:3036} INFO - Sync 1 DAGs
[2024-03-21T02:51:33.138+0000] {logging_mixin.py:188} INFO - [2024-03-21T02:51:33.138+0000] {dag.py:3823} INFO - Setting next_dagrun for example_complex to None, run_after=None
[2024-03-21T02:51:33.164+0000] {processor.py:183} INFO - Processing /home/airflow/.local/lib/python3.8/site-packages/airflow/example_dags/example_complex.py took 0.094 seconds
[2024-03-21T02:52:03.488+0000] {processor.py:161} INFO - Started process (PID=2266) to work on /home/airflow/.local/lib/python3.8/site-packages/airflow/example_dags/example_complex.py
[2024-03-21T02:52:03.490+0000] {processor.py:830} INFO - Processing file /home/airflow/.local/lib/python3.8/site-packages/airflow/example_dags/example_complex.py for tasks to queue
[2024-03-21T02:52:03.493+0000] {logging_mixin.py:188} INFO - [2024-03-21T02:52:03.492+0000] {dagbag.py:538} INFO - Filling up the DagBag from /home/airflow/.local/lib/python3.8/site-packages/airflow/example_dags/example_complex.py
[2024-03-21T02:52:03.508+0000] {processor.py:840} INFO - DAG(s) 'example_complex' retrieved from /home/airflow/.local/lib/python3.8/site-packages/airflow/example_dags/example_complex.py
[2024-03-21T02:52:03.542+0000] {logging_mixin.py:188} INFO - [2024-03-21T02:52:03.541+0000] {dag.py:3036} INFO - Sync 1 DAGs
[2024-03-21T02:52:03.557+0000] {logging_mixin.py:188} INFO - [2024-03-21T02:52:03.556+0000] {dag.py:3823} INFO - Setting next_dagrun for example_complex to None, run_after=None
[2024-03-21T02:52:03.581+0000] {processor.py:183} INFO - Processing /home/airflow/.local/lib/python3.8/site-packages/airflow/example_dags/example_complex.py took 0.097 seconds
[2024-03-21T02:52:34.094+0000] {processor.py:161} INFO - Started process (PID=2322) to work on /home/airflow/.local/lib/python3.8/site-packages/airflow/example_dags/example_complex.py
[2024-03-21T02:52:34.095+0000] {processor.py:830} INFO - Processing file /home/airflow/.local/lib/python3.8/site-packages/airflow/example_dags/example_complex.py for tasks to queue
[2024-03-21T02:52:34.098+0000] {logging_mixin.py:188} INFO - [2024-03-21T02:52:34.098+0000] {dagbag.py:538} INFO - Filling up the DagBag from /home/airflow/.local/lib/python3.8/site-packages/airflow/example_dags/example_complex.py
[2024-03-21T02:52:34.110+0000] {processor.py:840} INFO - DAG(s) 'example_complex' retrieved from /home/airflow/.local/lib/python3.8/site-packages/airflow/example_dags/example_complex.py
[2024-03-21T02:52:34.143+0000] {logging_mixin.py:188} INFO - [2024-03-21T02:52:34.143+0000] {dag.py:3036} INFO - Sync 1 DAGs
[2024-03-21T02:52:34.156+0000] {logging_mixin.py:188} INFO - [2024-03-21T02:52:34.156+0000] {dag.py:3823} INFO - Setting next_dagrun for example_complex to None, run_after=None
[2024-03-21T02:52:34.180+0000] {processor.py:183} INFO - Processing /home/airflow/.local/lib/python3.8/site-packages/airflow/example_dags/example_complex.py took 0.089 seconds
[2024-03-21T02:53:04.422+0000] {processor.py:161} INFO - Started process (PID=2376) to work on /home/airflow/.local/lib/python3.8/site-packages/airflow/example_dags/example_complex.py
[2024-03-21T02:53:04.424+0000] {processor.py:830} INFO - Processing file /home/airflow/.local/lib/python3.8/site-packages/airflow/example_dags/example_complex.py for tasks to queue
[2024-03-21T02:53:04.426+0000] {logging_mixin.py:188} INFO - [2024-03-21T02:53:04.426+0000] {dagbag.py:538} INFO - Filling up the DagBag from /home/airflow/.local/lib/python3.8/site-packages/airflow/example_dags/example_complex.py
[2024-03-21T02:53:04.439+0000] {processor.py:840} INFO - DAG(s) 'example_complex' retrieved from /home/airflow/.local/lib/python3.8/site-packages/airflow/example_dags/example_complex.py
[2024-03-21T02:53:04.478+0000] {logging_mixin.py:188} INFO - [2024-03-21T02:53:04.477+0000] {dag.py:3036} INFO - Sync 1 DAGs
[2024-03-21T02:53:04.494+0000] {logging_mixin.py:188} INFO - [2024-03-21T02:53:04.494+0000] {dag.py:3823} INFO - Setting next_dagrun for example_complex to None, run_after=None
[2024-03-21T02:53:04.519+0000] {processor.py:183} INFO - Processing /home/airflow/.local/lib/python3.8/site-packages/airflow/example_dags/example_complex.py took 0.101 seconds
[2024-03-21T02:53:34.741+0000] {processor.py:161} INFO - Started process (PID=2432) to work on /home/airflow/.local/lib/python3.8/site-packages/airflow/example_dags/example_complex.py
[2024-03-21T02:53:34.743+0000] {processor.py:830} INFO - Processing file /home/airflow/.local/lib/python3.8/site-packages/airflow/example_dags/example_complex.py for tasks to queue
[2024-03-21T02:53:34.745+0000] {logging_mixin.py:188} INFO - [2024-03-21T02:53:34.745+0000] {dagbag.py:538} INFO - Filling up the DagBag from /home/airflow/.local/lib/python3.8/site-packages/airflow/example_dags/example_complex.py
[2024-03-21T02:53:34.760+0000] {processor.py:840} INFO - DAG(s) 'example_complex' retrieved from /home/airflow/.local/lib/python3.8/site-packages/airflow/example_dags/example_complex.py
[2024-03-21T02:53:34.803+0000] {logging_mixin.py:188} INFO - [2024-03-21T02:53:34.802+0000] {dag.py:3036} INFO - Sync 1 DAGs
[2024-03-21T02:53:34.820+0000] {logging_mixin.py:188} INFO - [2024-03-21T02:53:34.820+0000] {dag.py:3823} INFO - Setting next_dagrun for example_complex to None, run_after=None
[2024-03-21T02:53:34.848+0000] {processor.py:183} INFO - Processing /home/airflow/.local/lib/python3.8/site-packages/airflow/example_dags/example_complex.py took 0.111 seconds
[2024-03-21T02:54:05.482+0000] {processor.py:161} INFO - Started process (PID=2488) to work on /home/airflow/.local/lib/python3.8/site-packages/airflow/example_dags/example_complex.py
[2024-03-21T02:54:05.484+0000] {processor.py:830} INFO - Processing file /home/airflow/.local/lib/python3.8/site-packages/airflow/example_dags/example_complex.py for tasks to queue
[2024-03-21T02:54:05.487+0000] {logging_mixin.py:188} INFO - [2024-03-21T02:54:05.486+0000] {dagbag.py:538} INFO - Filling up the DagBag from /home/airflow/.local/lib/python3.8/site-packages/airflow/example_dags/example_complex.py
[2024-03-21T02:54:05.508+0000] {processor.py:840} INFO - DAG(s) 'example_complex' retrieved from /home/airflow/.local/lib/python3.8/site-packages/airflow/example_dags/example_complex.py
[2024-03-21T02:54:05.573+0000] {logging_mixin.py:188} INFO - [2024-03-21T02:54:05.572+0000] {dag.py:3036} INFO - Sync 1 DAGs
[2024-03-21T02:54:05.597+0000] {logging_mixin.py:188} INFO - [2024-03-21T02:54:05.597+0000] {dag.py:3823} INFO - Setting next_dagrun for example_complex to None, run_after=None
[2024-03-21T02:54:05.627+0000] {processor.py:183} INFO - Processing /home/airflow/.local/lib/python3.8/site-packages/airflow/example_dags/example_complex.py took 0.151 seconds
[2024-03-21T02:54:36.367+0000] {processor.py:161} INFO - Started process (PID=2544) to work on /home/airflow/.local/lib/python3.8/site-packages/airflow/example_dags/example_complex.py
[2024-03-21T02:54:36.368+0000] {processor.py:830} INFO - Processing file /home/airflow/.local/lib/python3.8/site-packages/airflow/example_dags/example_complex.py for tasks to queue
[2024-03-21T02:54:36.370+0000] {logging_mixin.py:188} INFO - [2024-03-21T02:54:36.370+0000] {dagbag.py:538} INFO - Filling up the DagBag from /home/airflow/.local/lib/python3.8/site-packages/airflow/example_dags/example_complex.py
[2024-03-21T02:54:36.385+0000] {processor.py:840} INFO - DAG(s) 'example_complex' retrieved from /home/airflow/.local/lib/python3.8/site-packages/airflow/example_dags/example_complex.py
[2024-03-21T02:54:36.433+0000] {logging_mixin.py:188} INFO - [2024-03-21T02:54:36.432+0000] {dag.py:3036} INFO - Sync 1 DAGs
[2024-03-21T02:54:36.450+0000] {logging_mixin.py:188} INFO - [2024-03-21T02:54:36.450+0000] {dag.py:3823} INFO - Setting next_dagrun for example_complex to None, run_after=None
[2024-03-21T02:54:36.476+0000] {processor.py:183} INFO - Processing /home/airflow/.local/lib/python3.8/site-packages/airflow/example_dags/example_complex.py took 0.114 seconds
[2024-03-21T02:55:07.330+0000] {processor.py:161} INFO - Started process (PID=2600) to work on /home/airflow/.local/lib/python3.8/site-packages/airflow/example_dags/example_complex.py
[2024-03-21T02:55:07.332+0000] {processor.py:830} INFO - Processing file /home/airflow/.local/lib/python3.8/site-packages/airflow/example_dags/example_complex.py for tasks to queue
[2024-03-21T02:55:07.336+0000] {logging_mixin.py:188} INFO - [2024-03-21T02:55:07.335+0000] {dagbag.py:538} INFO - Filling up the DagBag from /home/airflow/.local/lib/python3.8/site-packages/airflow/example_dags/example_complex.py
[2024-03-21T02:55:07.351+0000] {processor.py:840} INFO - DAG(s) 'example_complex' retrieved from /home/airflow/.local/lib/python3.8/site-packages/airflow/example_dags/example_complex.py
[2024-03-21T02:55:07.369+0000] {logging_mixin.py:188} INFO - [2024-03-21T02:55:07.368+0000] {dag.py:3036} INFO - Sync 1 DAGs
[2024-03-21T02:55:07.390+0000] {logging_mixin.py:188} INFO - [2024-03-21T02:55:07.390+0000] {dag.py:3823} INFO - Setting next_dagrun for example_complex to None, run_after=None
[2024-03-21T02:55:07.427+0000] {processor.py:183} INFO - Processing /home/airflow/.local/lib/python3.8/site-packages/airflow/example_dags/example_complex.py took 0.101 seconds
[2024-03-21T02:55:37.760+0000] {processor.py:161} INFO - Started process (PID=2656) to work on /home/airflow/.local/lib/python3.8/site-packages/airflow/example_dags/example_complex.py
[2024-03-21T02:55:37.761+0000] {processor.py:830} INFO - Processing file /home/airflow/.local/lib/python3.8/site-packages/airflow/example_dags/example_complex.py for tasks to queue
[2024-03-21T02:55:37.763+0000] {logging_mixin.py:188} INFO - [2024-03-21T02:55:37.763+0000] {dagbag.py:538} INFO - Filling up the DagBag from /home/airflow/.local/lib/python3.8/site-packages/airflow/example_dags/example_complex.py
[2024-03-21T02:55:37.774+0000] {processor.py:840} INFO - DAG(s) 'example_complex' retrieved from /home/airflow/.local/lib/python3.8/site-packages/airflow/example_dags/example_complex.py
[2024-03-21T02:55:38.026+0000] {logging_mixin.py:188} INFO - [2024-03-21T02:55:38.026+0000] {dag.py:3036} INFO - Sync 1 DAGs
[2024-03-21T02:55:38.038+0000] {logging_mixin.py:188} INFO - [2024-03-21T02:55:38.037+0000] {dag.py:3823} INFO - Setting next_dagrun for example_complex to None, run_after=None
[2024-03-21T02:55:38.063+0000] {processor.py:183} INFO - Processing /home/airflow/.local/lib/python3.8/site-packages/airflow/example_dags/example_complex.py took 0.306 seconds
[2024-03-21T02:56:08.551+0000] {processor.py:161} INFO - Started process (PID=2712) to work on /home/airflow/.local/lib/python3.8/site-packages/airflow/example_dags/example_complex.py
[2024-03-21T02:56:08.552+0000] {processor.py:830} INFO - Processing file /home/airflow/.local/lib/python3.8/site-packages/airflow/example_dags/example_complex.py for tasks to queue
[2024-03-21T02:56:08.554+0000] {logging_mixin.py:188} INFO - [2024-03-21T02:56:08.554+0000] {dagbag.py:538} INFO - Filling up the DagBag from /home/airflow/.local/lib/python3.8/site-packages/airflow/example_dags/example_complex.py
[2024-03-21T02:56:08.567+0000] {processor.py:840} INFO - DAG(s) 'example_complex' retrieved from /home/airflow/.local/lib/python3.8/site-packages/airflow/example_dags/example_complex.py
[2024-03-21T02:56:08.604+0000] {logging_mixin.py:188} INFO - [2024-03-21T02:56:08.604+0000] {dag.py:3036} INFO - Sync 1 DAGs
[2024-03-21T02:56:08.618+0000] {logging_mixin.py:188} INFO - [2024-03-21T02:56:08.618+0000] {dag.py:3823} INFO - Setting next_dagrun for example_complex to None, run_after=None
[2024-03-21T02:56:08.644+0000] {processor.py:183} INFO - Processing /home/airflow/.local/lib/python3.8/site-packages/airflow/example_dags/example_complex.py took 0.096 seconds
[2024-03-21T02:56:39.134+0000] {processor.py:161} INFO - Started process (PID=2768) to work on /home/airflow/.local/lib/python3.8/site-packages/airflow/example_dags/example_complex.py
[2024-03-21T02:56:39.136+0000] {processor.py:830} INFO - Processing file /home/airflow/.local/lib/python3.8/site-packages/airflow/example_dags/example_complex.py for tasks to queue
[2024-03-21T02:56:39.138+0000] {logging_mixin.py:188} INFO - [2024-03-21T02:56:39.137+0000] {dagbag.py:538} INFO - Filling up the DagBag from /home/airflow/.local/lib/python3.8/site-packages/airflow/example_dags/example_complex.py
[2024-03-21T02:56:39.150+0000] {processor.py:840} INFO - DAG(s) 'example_complex' retrieved from /home/airflow/.local/lib/python3.8/site-packages/airflow/example_dags/example_complex.py
[2024-03-21T02:56:39.181+0000] {logging_mixin.py:188} INFO - [2024-03-21T02:56:39.181+0000] {dag.py:3036} INFO - Sync 1 DAGs
[2024-03-21T02:56:39.312+0000] {logging_mixin.py:188} INFO - [2024-03-21T02:56:39.312+0000] {dag.py:3823} INFO - Setting next_dagrun for example_complex to None, run_after=None
[2024-03-21T02:56:39.339+0000] {processor.py:183} INFO - Processing /home/airflow/.local/lib/python3.8/site-packages/airflow/example_dags/example_complex.py took 0.209 seconds
[2024-03-21T02:57:09.586+0000] {processor.py:161} INFO - Started process (PID=2824) to work on /home/airflow/.local/lib/python3.8/site-packages/airflow/example_dags/example_complex.py
[2024-03-21T02:57:09.587+0000] {processor.py:830} INFO - Processing file /home/airflow/.local/lib/python3.8/site-packages/airflow/example_dags/example_complex.py for tasks to queue
[2024-03-21T02:57:09.589+0000] {logging_mixin.py:188} INFO - [2024-03-21T02:57:09.589+0000] {dagbag.py:538} INFO - Filling up the DagBag from /home/airflow/.local/lib/python3.8/site-packages/airflow/example_dags/example_complex.py
[2024-03-21T02:57:09.601+0000] {processor.py:840} INFO - DAG(s) 'example_complex' retrieved from /home/airflow/.local/lib/python3.8/site-packages/airflow/example_dags/example_complex.py
[2024-03-21T02:57:09.637+0000] {logging_mixin.py:188} INFO - [2024-03-21T02:57:09.637+0000] {dag.py:3036} INFO - Sync 1 DAGs
[2024-03-21T02:57:09.802+0000] {logging_mixin.py:188} INFO - [2024-03-21T02:57:09.801+0000] {dag.py:3823} INFO - Setting next_dagrun for example_complex to None, run_after=None
[2024-03-21T02:57:09.821+0000] {processor.py:183} INFO - Processing /home/airflow/.local/lib/python3.8/site-packages/airflow/example_dags/example_complex.py took 0.239 seconds
[2024-03-21T02:57:39.908+0000] {processor.py:161} INFO - Started process (PID=2880) to work on /home/airflow/.local/lib/python3.8/site-packages/airflow/example_dags/example_complex.py
[2024-03-21T02:57:39.909+0000] {processor.py:830} INFO - Processing file /home/airflow/.local/lib/python3.8/site-packages/airflow/example_dags/example_complex.py for tasks to queue
[2024-03-21T02:57:39.912+0000] {logging_mixin.py:188} INFO - [2024-03-21T02:57:39.912+0000] {dagbag.py:538} INFO - Filling up the DagBag from /home/airflow/.local/lib/python3.8/site-packages/airflow/example_dags/example_complex.py
[2024-03-21T02:57:39.928+0000] {processor.py:840} INFO - DAG(s) 'example_complex' retrieved from /home/airflow/.local/lib/python3.8/site-packages/airflow/example_dags/example_complex.py
[2024-03-21T02:57:39.970+0000] {logging_mixin.py:188} INFO - [2024-03-21T02:57:39.970+0000] {dag.py:3036} INFO - Sync 1 DAGs
[2024-03-21T02:57:40.142+0000] {logging_mixin.py:188} INFO - [2024-03-21T02:57:40.142+0000] {dag.py:3823} INFO - Setting next_dagrun for example_complex to None, run_after=None
[2024-03-21T02:57:40.172+0000] {processor.py:183} INFO - Processing /home/airflow/.local/lib/python3.8/site-packages/airflow/example_dags/example_complex.py took 0.270 seconds
[2024-03-21T02:58:10.390+0000] {processor.py:161} INFO - Started process (PID=2936) to work on /home/airflow/.local/lib/python3.8/site-packages/airflow/example_dags/example_complex.py
[2024-03-21T02:58:10.392+0000] {processor.py:830} INFO - Processing file /home/airflow/.local/lib/python3.8/site-packages/airflow/example_dags/example_complex.py for tasks to queue
[2024-03-21T02:58:10.397+0000] {logging_mixin.py:188} INFO - [2024-03-21T02:58:10.396+0000] {dagbag.py:538} INFO - Filling up the DagBag from /home/airflow/.local/lib/python3.8/site-packages/airflow/example_dags/example_complex.py
[2024-03-21T02:58:10.416+0000] {processor.py:840} INFO - DAG(s) 'example_complex' retrieved from /home/airflow/.local/lib/python3.8/site-packages/airflow/example_dags/example_complex.py
[2024-03-21T02:58:10.466+0000] {logging_mixin.py:188} INFO - [2024-03-21T02:58:10.465+0000] {dag.py:3036} INFO - Sync 1 DAGs
[2024-03-21T02:58:10.488+0000] {logging_mixin.py:188} INFO - [2024-03-21T02:58:10.488+0000] {dag.py:3823} INFO - Setting next_dagrun for example_complex to None, run_after=None
[2024-03-21T02:58:10.519+0000] {processor.py:183} INFO - Processing /home/airflow/.local/lib/python3.8/site-packages/airflow/example_dags/example_complex.py took 0.134 seconds
[2024-03-21T02:58:40.647+0000] {processor.py:161} INFO - Started process (PID=2992) to work on /home/airflow/.local/lib/python3.8/site-packages/airflow/example_dags/example_complex.py
[2024-03-21T02:58:40.648+0000] {processor.py:830} INFO - Processing file /home/airflow/.local/lib/python3.8/site-packages/airflow/example_dags/example_complex.py for tasks to queue
[2024-03-21T02:58:40.651+0000] {logging_mixin.py:188} INFO - [2024-03-21T02:58:40.651+0000] {dagbag.py:538} INFO - Filling up the DagBag from /home/airflow/.local/lib/python3.8/site-packages/airflow/example_dags/example_complex.py
[2024-03-21T02:58:40.682+0000] {processor.py:840} INFO - DAG(s) 'example_complex' retrieved from /home/airflow/.local/lib/python3.8/site-packages/airflow/example_dags/example_complex.py
[2024-03-21T02:58:40.732+0000] {logging_mixin.py:188} INFO - [2024-03-21T02:58:40.731+0000] {dag.py:3036} INFO - Sync 1 DAGs
[2024-03-21T02:58:40.755+0000] {logging_mixin.py:188} INFO - [2024-03-21T02:58:40.754+0000] {dag.py:3823} INFO - Setting next_dagrun for example_complex to None, run_after=None
[2024-03-21T02:58:40.793+0000] {processor.py:183} INFO - Processing /home/airflow/.local/lib/python3.8/site-packages/airflow/example_dags/example_complex.py took 0.152 seconds
[2024-03-21T02:59:11.349+0000] {processor.py:161} INFO - Started process (PID=3049) to work on /home/airflow/.local/lib/python3.8/site-packages/airflow/example_dags/example_complex.py
[2024-03-21T02:59:11.351+0000] {processor.py:830} INFO - Processing file /home/airflow/.local/lib/python3.8/site-packages/airflow/example_dags/example_complex.py for tasks to queue
[2024-03-21T02:59:11.353+0000] {logging_mixin.py:188} INFO - [2024-03-21T02:59:11.353+0000] {dagbag.py:538} INFO - Filling up the DagBag from /home/airflow/.local/lib/python3.8/site-packages/airflow/example_dags/example_complex.py
[2024-03-21T02:59:11.365+0000] {processor.py:840} INFO - DAG(s) 'example_complex' retrieved from /home/airflow/.local/lib/python3.8/site-packages/airflow/example_dags/example_complex.py
[2024-03-21T02:59:11.401+0000] {logging_mixin.py:188} INFO - [2024-03-21T02:59:11.401+0000] {dag.py:3036} INFO - Sync 1 DAGs
[2024-03-21T02:59:11.414+0000] {logging_mixin.py:188} INFO - [2024-03-21T02:59:11.413+0000] {dag.py:3823} INFO - Setting next_dagrun for example_complex to None, run_after=None
[2024-03-21T02:59:11.439+0000] {processor.py:183} INFO - Processing /home/airflow/.local/lib/python3.8/site-packages/airflow/example_dags/example_complex.py took 0.093 seconds
[2024-03-21T02:59:41.522+0000] {processor.py:161} INFO - Started process (PID=3105) to work on /home/airflow/.local/lib/python3.8/site-packages/airflow/example_dags/example_complex.py
[2024-03-21T02:59:41.523+0000] {processor.py:830} INFO - Processing file /home/airflow/.local/lib/python3.8/site-packages/airflow/example_dags/example_complex.py for tasks to queue
[2024-03-21T02:59:41.525+0000] {logging_mixin.py:188} INFO - [2024-03-21T02:59:41.525+0000] {dagbag.py:538} INFO - Filling up the DagBag from /home/airflow/.local/lib/python3.8/site-packages/airflow/example_dags/example_complex.py
[2024-03-21T02:59:41.537+0000] {processor.py:840} INFO - DAG(s) 'example_complex' retrieved from /home/airflow/.local/lib/python3.8/site-packages/airflow/example_dags/example_complex.py
[2024-03-21T02:59:41.571+0000] {logging_mixin.py:188} INFO - [2024-03-21T02:59:41.571+0000] {dag.py:3036} INFO - Sync 1 DAGs
[2024-03-21T02:59:41.586+0000] {logging_mixin.py:188} INFO - [2024-03-21T02:59:41.586+0000] {dag.py:3823} INFO - Setting next_dagrun for example_complex to None, run_after=None
[2024-03-21T02:59:41.607+0000] {processor.py:183} INFO - Processing /home/airflow/.local/lib/python3.8/site-packages/airflow/example_dags/example_complex.py took 0.089 seconds
[2024-03-21T03:00:11.928+0000] {processor.py:161} INFO - Started process (PID=3162) to work on /home/airflow/.local/lib/python3.8/site-packages/airflow/example_dags/example_complex.py
[2024-03-21T03:00:11.929+0000] {processor.py:830} INFO - Processing file /home/airflow/.local/lib/python3.8/site-packages/airflow/example_dags/example_complex.py for tasks to queue
[2024-03-21T03:00:11.932+0000] {logging_mixin.py:188} INFO - [2024-03-21T03:00:11.931+0000] {dagbag.py:538} INFO - Filling up the DagBag from /home/airflow/.local/lib/python3.8/site-packages/airflow/example_dags/example_complex.py
[2024-03-21T03:00:11.948+0000] {processor.py:840} INFO - DAG(s) 'example_complex' retrieved from /home/airflow/.local/lib/python3.8/site-packages/airflow/example_dags/example_complex.py
[2024-03-21T03:00:11.994+0000] {logging_mixin.py:188} INFO - [2024-03-21T03:00:11.993+0000] {dag.py:3036} INFO - Sync 1 DAGs
[2024-03-21T03:00:12.011+0000] {logging_mixin.py:188} INFO - [2024-03-21T03:00:12.011+0000] {dag.py:3823} INFO - Setting next_dagrun for example_complex to None, run_after=None
[2024-03-21T03:00:12.037+0000] {processor.py:183} INFO - Processing /home/airflow/.local/lib/python3.8/site-packages/airflow/example_dags/example_complex.py took 0.114 seconds
[2024-03-21T03:00:42.126+0000] {processor.py:161} INFO - Started process (PID=3218) to work on /home/airflow/.local/lib/python3.8/site-packages/airflow/example_dags/example_complex.py
[2024-03-21T03:00:42.128+0000] {processor.py:830} INFO - Processing file /home/airflow/.local/lib/python3.8/site-packages/airflow/example_dags/example_complex.py for tasks to queue
[2024-03-21T03:00:42.130+0000] {logging_mixin.py:188} INFO - [2024-03-21T03:00:42.130+0000] {dagbag.py:538} INFO - Filling up the DagBag from /home/airflow/.local/lib/python3.8/site-packages/airflow/example_dags/example_complex.py
[2024-03-21T03:00:42.142+0000] {processor.py:840} INFO - DAG(s) 'example_complex' retrieved from /home/airflow/.local/lib/python3.8/site-packages/airflow/example_dags/example_complex.py
[2024-03-21T03:00:42.176+0000] {logging_mixin.py:188} INFO - [2024-03-21T03:00:42.176+0000] {dag.py:3036} INFO - Sync 1 DAGs
[2024-03-21T03:00:42.189+0000] {logging_mixin.py:188} INFO - [2024-03-21T03:00:42.189+0000] {dag.py:3823} INFO - Setting next_dagrun for example_complex to None, run_after=None
[2024-03-21T03:00:42.210+0000] {processor.py:183} INFO - Processing /home/airflow/.local/lib/python3.8/site-packages/airflow/example_dags/example_complex.py took 0.088 seconds
[2024-03-21T03:02:44.950+0000] {processor.py:161} INFO - Started process (PID=60) to work on /home/airflow/.local/lib/python3.8/site-packages/airflow/example_dags/example_complex.py
[2024-03-21T03:02:44.952+0000] {processor.py:830} INFO - Processing file /home/airflow/.local/lib/python3.8/site-packages/airflow/example_dags/example_complex.py for tasks to queue
[2024-03-21T03:02:44.954+0000] {logging_mixin.py:188} INFO - [2024-03-21T03:02:44.954+0000] {dagbag.py:538} INFO - Filling up the DagBag from /home/airflow/.local/lib/python3.8/site-packages/airflow/example_dags/example_complex.py
[2024-03-21T03:02:44.978+0000] {processor.py:840} INFO - DAG(s) 'example_complex' retrieved from /home/airflow/.local/lib/python3.8/site-packages/airflow/example_dags/example_complex.py
[2024-03-21T03:02:44.997+0000] {logging_mixin.py:188} INFO - [2024-03-21T03:02:44.997+0000] {dag.py:3036} INFO - Sync 1 DAGs
[2024-03-21T03:02:45.020+0000] {logging_mixin.py:188} INFO - [2024-03-21T03:02:45.020+0000] {dag.py:3823} INFO - Setting next_dagrun for example_complex to None, run_after=None
[2024-03-21T03:02:45.043+0000] {processor.py:183} INFO - Processing /home/airflow/.local/lib/python3.8/site-packages/airflow/example_dags/example_complex.py took 0.097 seconds
[2024-03-21T03:03:15.963+0000] {processor.py:161} INFO - Started process (PID=116) to work on /home/airflow/.local/lib/python3.8/site-packages/airflow/example_dags/example_complex.py
[2024-03-21T03:03:15.964+0000] {processor.py:830} INFO - Processing file /home/airflow/.local/lib/python3.8/site-packages/airflow/example_dags/example_complex.py for tasks to queue
[2024-03-21T03:03:15.967+0000] {logging_mixin.py:188} INFO - [2024-03-21T03:03:15.966+0000] {dagbag.py:538} INFO - Filling up the DagBag from /home/airflow/.local/lib/python3.8/site-packages/airflow/example_dags/example_complex.py
[2024-03-21T03:03:15.981+0000] {processor.py:840} INFO - DAG(s) 'example_complex' retrieved from /home/airflow/.local/lib/python3.8/site-packages/airflow/example_dags/example_complex.py
[2024-03-21T03:03:16.115+0000] {logging_mixin.py:188} INFO - [2024-03-21T03:03:16.115+0000] {dag.py:3036} INFO - Sync 1 DAGs
[2024-03-21T03:03:16.126+0000] {logging_mixin.py:188} INFO - [2024-03-21T03:03:16.126+0000] {dag.py:3823} INFO - Setting next_dagrun for example_complex to None, run_after=None
[2024-03-21T03:03:16.150+0000] {processor.py:183} INFO - Processing /home/airflow/.local/lib/python3.8/site-packages/airflow/example_dags/example_complex.py took 0.192 seconds
[2024-03-21T03:03:46.222+0000] {processor.py:161} INFO - Started process (PID=172) to work on /home/airflow/.local/lib/python3.8/site-packages/airflow/example_dags/example_complex.py
[2024-03-21T03:03:46.223+0000] {processor.py:830} INFO - Processing file /home/airflow/.local/lib/python3.8/site-packages/airflow/example_dags/example_complex.py for tasks to queue
[2024-03-21T03:03:46.225+0000] {logging_mixin.py:188} INFO - [2024-03-21T03:03:46.225+0000] {dagbag.py:538} INFO - Filling up the DagBag from /home/airflow/.local/lib/python3.8/site-packages/airflow/example_dags/example_complex.py
[2024-03-21T03:03:46.236+0000] {processor.py:840} INFO - DAG(s) 'example_complex' retrieved from /home/airflow/.local/lib/python3.8/site-packages/airflow/example_dags/example_complex.py
[2024-03-21T03:03:46.274+0000] {logging_mixin.py:188} INFO - [2024-03-21T03:03:46.273+0000] {dag.py:3036} INFO - Sync 1 DAGs
[2024-03-21T03:03:46.288+0000] {logging_mixin.py:188} INFO - [2024-03-21T03:03:46.288+0000] {dag.py:3823} INFO - Setting next_dagrun for example_complex to None, run_after=None
[2024-03-21T03:03:46.312+0000] {processor.py:183} INFO - Processing /home/airflow/.local/lib/python3.8/site-packages/airflow/example_dags/example_complex.py took 0.093 seconds
[2024-03-21T03:04:16.400+0000] {processor.py:161} INFO - Started process (PID=242) to work on /home/airflow/.local/lib/python3.8/site-packages/airflow/example_dags/example_complex.py
[2024-03-21T03:04:16.402+0000] {processor.py:830} INFO - Processing file /home/airflow/.local/lib/python3.8/site-packages/airflow/example_dags/example_complex.py for tasks to queue
[2024-03-21T03:04:16.405+0000] {logging_mixin.py:188} INFO - [2024-03-21T03:04:16.405+0000] {dagbag.py:538} INFO - Filling up the DagBag from /home/airflow/.local/lib/python3.8/site-packages/airflow/example_dags/example_complex.py
[2024-03-21T03:04:16.422+0000] {processor.py:840} INFO - DAG(s) 'example_complex' retrieved from /home/airflow/.local/lib/python3.8/site-packages/airflow/example_dags/example_complex.py
[2024-03-21T03:04:16.468+0000] {logging_mixin.py:188} INFO - [2024-03-21T03:04:16.468+0000] {dag.py:3036} INFO - Sync 1 DAGs
[2024-03-21T03:04:16.487+0000] {logging_mixin.py:188} INFO - [2024-03-21T03:04:16.486+0000] {dag.py:3823} INFO - Setting next_dagrun for example_complex to None, run_after=None
[2024-03-21T03:04:16.515+0000] {processor.py:183} INFO - Processing /home/airflow/.local/lib/python3.8/site-packages/airflow/example_dags/example_complex.py took 0.120 seconds
[2024-03-21T03:04:46.702+0000] {processor.py:161} INFO - Started process (PID=298) to work on /home/airflow/.local/lib/python3.8/site-packages/airflow/example_dags/example_complex.py
[2024-03-21T03:04:46.703+0000] {processor.py:830} INFO - Processing file /home/airflow/.local/lib/python3.8/site-packages/airflow/example_dags/example_complex.py for tasks to queue
[2024-03-21T03:04:46.706+0000] {logging_mixin.py:188} INFO - [2024-03-21T03:04:46.705+0000] {dagbag.py:538} INFO - Filling up the DagBag from /home/airflow/.local/lib/python3.8/site-packages/airflow/example_dags/example_complex.py
[2024-03-21T03:04:46.719+0000] {processor.py:840} INFO - DAG(s) 'example_complex' retrieved from /home/airflow/.local/lib/python3.8/site-packages/airflow/example_dags/example_complex.py
[2024-03-21T03:04:46.759+0000] {logging_mixin.py:188} INFO - [2024-03-21T03:04:46.759+0000] {dag.py:3036} INFO - Sync 1 DAGs
[2024-03-21T03:04:46.777+0000] {logging_mixin.py:188} INFO - [2024-03-21T03:04:46.777+0000] {dag.py:3823} INFO - Setting next_dagrun for example_complex to None, run_after=None
[2024-03-21T03:04:46.798+0000] {processor.py:183} INFO - Processing /home/airflow/.local/lib/python3.8/site-packages/airflow/example_dags/example_complex.py took 0.102 seconds
[2024-03-21T03:05:17.070+0000] {processor.py:161} INFO - Started process (PID=354) to work on /home/airflow/.local/lib/python3.8/site-packages/airflow/example_dags/example_complex.py
[2024-03-21T03:05:17.071+0000] {processor.py:830} INFO - Processing file /home/airflow/.local/lib/python3.8/site-packages/airflow/example_dags/example_complex.py for tasks to queue
[2024-03-21T03:05:17.073+0000] {logging_mixin.py:188} INFO - [2024-03-21T03:05:17.073+0000] {dagbag.py:538} INFO - Filling up the DagBag from /home/airflow/.local/lib/python3.8/site-packages/airflow/example_dags/example_complex.py
[2024-03-21T03:05:17.086+0000] {processor.py:840} INFO - DAG(s) 'example_complex' retrieved from /home/airflow/.local/lib/python3.8/site-packages/airflow/example_dags/example_complex.py
[2024-03-21T03:05:17.118+0000] {logging_mixin.py:188} INFO - [2024-03-21T03:05:17.117+0000] {dag.py:3036} INFO - Sync 1 DAGs
[2024-03-21T03:05:17.130+0000] {logging_mixin.py:188} INFO - [2024-03-21T03:05:17.130+0000] {dag.py:3823} INFO - Setting next_dagrun for example_complex to None, run_after=None
[2024-03-21T03:05:17.152+0000] {processor.py:183} INFO - Processing /home/airflow/.local/lib/python3.8/site-packages/airflow/example_dags/example_complex.py took 0.086 seconds
[2024-03-21T03:05:47.447+0000] {processor.py:161} INFO - Started process (PID=418) to work on /home/airflow/.local/lib/python3.8/site-packages/airflow/example_dags/example_complex.py
[2024-03-21T03:05:47.448+0000] {processor.py:830} INFO - Processing file /home/airflow/.local/lib/python3.8/site-packages/airflow/example_dags/example_complex.py for tasks to queue
[2024-03-21T03:05:47.451+0000] {logging_mixin.py:188} INFO - [2024-03-21T03:05:47.451+0000] {dagbag.py:538} INFO - Filling up the DagBag from /home/airflow/.local/lib/python3.8/site-packages/airflow/example_dags/example_complex.py
[2024-03-21T03:05:47.468+0000] {processor.py:840} INFO - DAG(s) 'example_complex' retrieved from /home/airflow/.local/lib/python3.8/site-packages/airflow/example_dags/example_complex.py
[2024-03-21T03:05:47.519+0000] {logging_mixin.py:188} INFO - [2024-03-21T03:05:47.519+0000] {dag.py:3036} INFO - Sync 1 DAGs
[2024-03-21T03:05:47.540+0000] {logging_mixin.py:188} INFO - [2024-03-21T03:05:47.539+0000] {dag.py:3823} INFO - Setting next_dagrun for example_complex to None, run_after=None
[2024-03-21T03:05:47.568+0000] {processor.py:183} INFO - Processing /home/airflow/.local/lib/python3.8/site-packages/airflow/example_dags/example_complex.py took 0.127 seconds
[2024-03-21T03:06:18.125+0000] {processor.py:161} INFO - Started process (PID=474) to work on /home/airflow/.local/lib/python3.8/site-packages/airflow/example_dags/example_complex.py
[2024-03-21T03:06:18.126+0000] {processor.py:830} INFO - Processing file /home/airflow/.local/lib/python3.8/site-packages/airflow/example_dags/example_complex.py for tasks to queue
[2024-03-21T03:06:18.128+0000] {logging_mixin.py:188} INFO - [2024-03-21T03:06:18.128+0000] {dagbag.py:538} INFO - Filling up the DagBag from /home/airflow/.local/lib/python3.8/site-packages/airflow/example_dags/example_complex.py
[2024-03-21T03:06:18.140+0000] {processor.py:840} INFO - DAG(s) 'example_complex' retrieved from /home/airflow/.local/lib/python3.8/site-packages/airflow/example_dags/example_complex.py
[2024-03-21T03:06:18.176+0000] {logging_mixin.py:188} INFO - [2024-03-21T03:06:18.175+0000] {dag.py:3036} INFO - Sync 1 DAGs
[2024-03-21T03:06:18.190+0000] {logging_mixin.py:188} INFO - [2024-03-21T03:06:18.190+0000] {dag.py:3823} INFO - Setting next_dagrun for example_complex to None, run_after=None
[2024-03-21T03:06:18.212+0000] {processor.py:183} INFO - Processing /home/airflow/.local/lib/python3.8/site-packages/airflow/example_dags/example_complex.py took 0.091 seconds
[2024-03-21T03:06:49.017+0000] {processor.py:161} INFO - Started process (PID=530) to work on /home/airflow/.local/lib/python3.8/site-packages/airflow/example_dags/example_complex.py
[2024-03-21T03:06:49.018+0000] {processor.py:830} INFO - Processing file /home/airflow/.local/lib/python3.8/site-packages/airflow/example_dags/example_complex.py for tasks to queue
[2024-03-21T03:06:49.020+0000] {logging_mixin.py:188} INFO - [2024-03-21T03:06:49.020+0000] {dagbag.py:538} INFO - Filling up the DagBag from /home/airflow/.local/lib/python3.8/site-packages/airflow/example_dags/example_complex.py
[2024-03-21T03:06:49.031+0000] {processor.py:840} INFO - DAG(s) 'example_complex' retrieved from /home/airflow/.local/lib/python3.8/site-packages/airflow/example_dags/example_complex.py
[2024-03-21T03:06:49.068+0000] {logging_mixin.py:188} INFO - [2024-03-21T03:06:49.067+0000] {dag.py:3036} INFO - Sync 1 DAGs
[2024-03-21T03:06:49.082+0000] {logging_mixin.py:188} INFO - [2024-03-21T03:06:49.082+0000] {dag.py:3823} INFO - Setting next_dagrun for example_complex to None, run_after=None
[2024-03-21T03:06:49.108+0000] {processor.py:183} INFO - Processing /home/airflow/.local/lib/python3.8/site-packages/airflow/example_dags/example_complex.py took 0.094 seconds
[2024-03-21T03:07:19.539+0000] {processor.py:161} INFO - Started process (PID=586) to work on /home/airflow/.local/lib/python3.8/site-packages/airflow/example_dags/example_complex.py
[2024-03-21T03:07:19.540+0000] {processor.py:830} INFO - Processing file /home/airflow/.local/lib/python3.8/site-packages/airflow/example_dags/example_complex.py for tasks to queue
[2024-03-21T03:07:19.542+0000] {logging_mixin.py:188} INFO - [2024-03-21T03:07:19.542+0000] {dagbag.py:538} INFO - Filling up the DagBag from /home/airflow/.local/lib/python3.8/site-packages/airflow/example_dags/example_complex.py
[2024-03-21T03:07:19.555+0000] {processor.py:840} INFO - DAG(s) 'example_complex' retrieved from /home/airflow/.local/lib/python3.8/site-packages/airflow/example_dags/example_complex.py
[2024-03-21T03:07:19.595+0000] {logging_mixin.py:188} INFO - [2024-03-21T03:07:19.595+0000] {dag.py:3036} INFO - Sync 1 DAGs
[2024-03-21T03:07:19.609+0000] {logging_mixin.py:188} INFO - [2024-03-21T03:07:19.609+0000] {dag.py:3823} INFO - Setting next_dagrun for example_complex to None, run_after=None
[2024-03-21T03:07:19.631+0000] {processor.py:183} INFO - Processing /home/airflow/.local/lib/python3.8/site-packages/airflow/example_dags/example_complex.py took 0.096 seconds
[2024-03-21T03:07:49.909+0000] {processor.py:161} INFO - Started process (PID=642) to work on /home/airflow/.local/lib/python3.8/site-packages/airflow/example_dags/example_complex.py
[2024-03-21T03:07:49.910+0000] {processor.py:830} INFO - Processing file /home/airflow/.local/lib/python3.8/site-packages/airflow/example_dags/example_complex.py for tasks to queue
[2024-03-21T03:07:49.913+0000] {logging_mixin.py:188} INFO - [2024-03-21T03:07:49.912+0000] {dagbag.py:538} INFO - Filling up the DagBag from /home/airflow/.local/lib/python3.8/site-packages/airflow/example_dags/example_complex.py
[2024-03-21T03:07:49.926+0000] {processor.py:840} INFO - DAG(s) 'example_complex' retrieved from /home/airflow/.local/lib/python3.8/site-packages/airflow/example_dags/example_complex.py
[2024-03-21T03:07:49.942+0000] {logging_mixin.py:188} INFO - [2024-03-21T03:07:49.941+0000] {dag.py:3036} INFO - Sync 1 DAGs
[2024-03-21T03:07:49.957+0000] {logging_mixin.py:188} INFO - [2024-03-21T03:07:49.957+0000] {dag.py:3823} INFO - Setting next_dagrun for example_complex to None, run_after=None
[2024-03-21T03:07:49.982+0000] {processor.py:183} INFO - Processing /home/airflow/.local/lib/python3.8/site-packages/airflow/example_dags/example_complex.py took 0.078 seconds
[2024-03-21T03:08:20.206+0000] {processor.py:161} INFO - Started process (PID=703) to work on /home/airflow/.local/lib/python3.8/site-packages/airflow/example_dags/example_complex.py
[2024-03-21T03:08:20.207+0000] {processor.py:830} INFO - Processing file /home/airflow/.local/lib/python3.8/site-packages/airflow/example_dags/example_complex.py for tasks to queue
[2024-03-21T03:08:20.209+0000] {logging_mixin.py:188} INFO - [2024-03-21T03:08:20.209+0000] {dagbag.py:538} INFO - Filling up the DagBag from /home/airflow/.local/lib/python3.8/site-packages/airflow/example_dags/example_complex.py
[2024-03-21T03:08:20.220+0000] {processor.py:840} INFO - DAG(s) 'example_complex' retrieved from /home/airflow/.local/lib/python3.8/site-packages/airflow/example_dags/example_complex.py
[2024-03-21T03:08:20.329+0000] {logging_mixin.py:188} INFO - [2024-03-21T03:08:20.329+0000] {dag.py:3036} INFO - Sync 1 DAGs
[2024-03-21T03:08:20.343+0000] {logging_mixin.py:188} INFO - [2024-03-21T03:08:20.343+0000] {dag.py:3823} INFO - Setting next_dagrun for example_complex to None, run_after=None
[2024-03-21T03:08:20.370+0000] {processor.py:183} INFO - Processing /home/airflow/.local/lib/python3.8/site-packages/airflow/example_dags/example_complex.py took 0.167 seconds
[2024-03-21T03:08:50.929+0000] {processor.py:161} INFO - Started process (PID=759) to work on /home/airflow/.local/lib/python3.8/site-packages/airflow/example_dags/example_complex.py
[2024-03-21T03:08:50.931+0000] {processor.py:830} INFO - Processing file /home/airflow/.local/lib/python3.8/site-packages/airflow/example_dags/example_complex.py for tasks to queue
[2024-03-21T03:08:50.933+0000] {logging_mixin.py:188} INFO - [2024-03-21T03:08:50.932+0000] {dagbag.py:538} INFO - Filling up the DagBag from /home/airflow/.local/lib/python3.8/site-packages/airflow/example_dags/example_complex.py
[2024-03-21T03:08:50.943+0000] {processor.py:840} INFO - DAG(s) 'example_complex' retrieved from /home/airflow/.local/lib/python3.8/site-packages/airflow/example_dags/example_complex.py
[2024-03-21T03:08:50.981+0000] {logging_mixin.py:188} INFO - [2024-03-21T03:08:50.981+0000] {dag.py:3036} INFO - Sync 1 DAGs
[2024-03-21T03:08:50.995+0000] {logging_mixin.py:188} INFO - [2024-03-21T03:08:50.994+0000] {dag.py:3823} INFO - Setting next_dagrun for example_complex to None, run_after=None
[2024-03-21T03:08:51.016+0000] {processor.py:183} INFO - Processing /home/airflow/.local/lib/python3.8/site-packages/airflow/example_dags/example_complex.py took 0.092 seconds
[2024-03-21T03:09:21.124+0000] {processor.py:161} INFO - Started process (PID=815) to work on /home/airflow/.local/lib/python3.8/site-packages/airflow/example_dags/example_complex.py
[2024-03-21T03:09:21.125+0000] {processor.py:830} INFO - Processing file /home/airflow/.local/lib/python3.8/site-packages/airflow/example_dags/example_complex.py for tasks to queue
[2024-03-21T03:09:21.127+0000] {logging_mixin.py:188} INFO - [2024-03-21T03:09:21.127+0000] {dagbag.py:538} INFO - Filling up the DagBag from /home/airflow/.local/lib/python3.8/site-packages/airflow/example_dags/example_complex.py
[2024-03-21T03:09:21.140+0000] {processor.py:840} INFO - DAG(s) 'example_complex' retrieved from /home/airflow/.local/lib/python3.8/site-packages/airflow/example_dags/example_complex.py
[2024-03-21T03:09:21.187+0000] {logging_mixin.py:188} INFO - [2024-03-21T03:09:21.187+0000] {dag.py:3036} INFO - Sync 1 DAGs
[2024-03-21T03:09:21.204+0000] {logging_mixin.py:188} INFO - [2024-03-21T03:09:21.204+0000] {dag.py:3823} INFO - Setting next_dagrun for example_complex to None, run_after=None
[2024-03-21T03:09:21.230+0000] {processor.py:183} INFO - Processing /home/airflow/.local/lib/python3.8/site-packages/airflow/example_dags/example_complex.py took 0.110 seconds
[2024-03-21T03:09:51.423+0000] {processor.py:161} INFO - Started process (PID=871) to work on /home/airflow/.local/lib/python3.8/site-packages/airflow/example_dags/example_complex.py
[2024-03-21T03:09:51.425+0000] {processor.py:830} INFO - Processing file /home/airflow/.local/lib/python3.8/site-packages/airflow/example_dags/example_complex.py for tasks to queue
[2024-03-21T03:09:51.427+0000] {logging_mixin.py:188} INFO - [2024-03-21T03:09:51.426+0000] {dagbag.py:538} INFO - Filling up the DagBag from /home/airflow/.local/lib/python3.8/site-packages/airflow/example_dags/example_complex.py
[2024-03-21T03:09:51.440+0000] {processor.py:840} INFO - DAG(s) 'example_complex' retrieved from /home/airflow/.local/lib/python3.8/site-packages/airflow/example_dags/example_complex.py
[2024-03-21T03:09:51.477+0000] {logging_mixin.py:188} INFO - [2024-03-21T03:09:51.477+0000] {dag.py:3036} INFO - Sync 1 DAGs
[2024-03-21T03:09:51.491+0000] {logging_mixin.py:188} INFO - [2024-03-21T03:09:51.490+0000] {dag.py:3823} INFO - Setting next_dagrun for example_complex to None, run_after=None
[2024-03-21T03:09:51.514+0000] {processor.py:183} INFO - Processing /home/airflow/.local/lib/python3.8/site-packages/airflow/example_dags/example_complex.py took 0.095 seconds
[2024-03-21T03:10:21.563+0000] {processor.py:161} INFO - Started process (PID=927) to work on /home/airflow/.local/lib/python3.8/site-packages/airflow/example_dags/example_complex.py
[2024-03-21T03:10:21.565+0000] {processor.py:830} INFO - Processing file /home/airflow/.local/lib/python3.8/site-packages/airflow/example_dags/example_complex.py for tasks to queue
[2024-03-21T03:10:21.567+0000] {logging_mixin.py:188} INFO - [2024-03-21T03:10:21.567+0000] {dagbag.py:538} INFO - Filling up the DagBag from /home/airflow/.local/lib/python3.8/site-packages/airflow/example_dags/example_complex.py
[2024-03-21T03:10:21.580+0000] {processor.py:840} INFO - DAG(s) 'example_complex' retrieved from /home/airflow/.local/lib/python3.8/site-packages/airflow/example_dags/example_complex.py
[2024-03-21T03:10:21.617+0000] {logging_mixin.py:188} INFO - [2024-03-21T03:10:21.616+0000] {dag.py:3036} INFO - Sync 1 DAGs
[2024-03-21T03:10:21.631+0000] {logging_mixin.py:188} INFO - [2024-03-21T03:10:21.631+0000] {dag.py:3823} INFO - Setting next_dagrun for example_complex to None, run_after=None
[2024-03-21T03:10:21.653+0000] {processor.py:183} INFO - Processing /home/airflow/.local/lib/python3.8/site-packages/airflow/example_dags/example_complex.py took 0.093 seconds
[2024-03-21T03:10:51.718+0000] {processor.py:161} INFO - Started process (PID=982) to work on /home/airflow/.local/lib/python3.8/site-packages/airflow/example_dags/example_complex.py
[2024-03-21T03:10:51.720+0000] {processor.py:830} INFO - Processing file /home/airflow/.local/lib/python3.8/site-packages/airflow/example_dags/example_complex.py for tasks to queue
[2024-03-21T03:10:51.722+0000] {logging_mixin.py:188} INFO - [2024-03-21T03:10:51.722+0000] {dagbag.py:538} INFO - Filling up the DagBag from /home/airflow/.local/lib/python3.8/site-packages/airflow/example_dags/example_complex.py
[2024-03-21T03:10:51.741+0000] {processor.py:840} INFO - DAG(s) 'example_complex' retrieved from /home/airflow/.local/lib/python3.8/site-packages/airflow/example_dags/example_complex.py
[2024-03-21T03:10:51.788+0000] {logging_mixin.py:188} INFO - [2024-03-21T03:10:51.788+0000] {dag.py:3036} INFO - Sync 1 DAGs
[2024-03-21T03:10:51.802+0000] {logging_mixin.py:188} INFO - [2024-03-21T03:10:51.802+0000] {dag.py:3823} INFO - Setting next_dagrun for example_complex to None, run_after=None
[2024-03-21T03:10:51.821+0000] {processor.py:183} INFO - Processing /home/airflow/.local/lib/python3.8/site-packages/airflow/example_dags/example_complex.py took 0.108 seconds
[2024-03-21T03:11:21.963+0000] {processor.py:161} INFO - Started process (PID=1038) to work on /home/airflow/.local/lib/python3.8/site-packages/airflow/example_dags/example_complex.py
[2024-03-21T03:11:21.964+0000] {processor.py:830} INFO - Processing file /home/airflow/.local/lib/python3.8/site-packages/airflow/example_dags/example_complex.py for tasks to queue
[2024-03-21T03:11:21.966+0000] {logging_mixin.py:188} INFO - [2024-03-21T03:11:21.966+0000] {dagbag.py:538} INFO - Filling up the DagBag from /home/airflow/.local/lib/python3.8/site-packages/airflow/example_dags/example_complex.py
[2024-03-21T03:11:21.979+0000] {processor.py:840} INFO - DAG(s) 'example_complex' retrieved from /home/airflow/.local/lib/python3.8/site-packages/airflow/example_dags/example_complex.py
[2024-03-21T03:11:22.018+0000] {logging_mixin.py:188} INFO - [2024-03-21T03:11:22.017+0000] {dag.py:3036} INFO - Sync 1 DAGs
[2024-03-21T03:11:22.032+0000] {logging_mixin.py:188} INFO - [2024-03-21T03:11:22.032+0000] {dag.py:3823} INFO - Setting next_dagrun for example_complex to None, run_after=None
[2024-03-21T03:11:22.059+0000] {processor.py:183} INFO - Processing /home/airflow/.local/lib/python3.8/site-packages/airflow/example_dags/example_complex.py took 0.101 seconds
[2024-03-21T03:11:52.161+0000] {processor.py:161} INFO - Started process (PID=1094) to work on /home/airflow/.local/lib/python3.8/site-packages/airflow/example_dags/example_complex.py
[2024-03-21T03:11:52.162+0000] {processor.py:830} INFO - Processing file /home/airflow/.local/lib/python3.8/site-packages/airflow/example_dags/example_complex.py for tasks to queue
[2024-03-21T03:11:52.165+0000] {logging_mixin.py:188} INFO - [2024-03-21T03:11:52.164+0000] {dagbag.py:538} INFO - Filling up the DagBag from /home/airflow/.local/lib/python3.8/site-packages/airflow/example_dags/example_complex.py
[2024-03-21T03:11:52.178+0000] {processor.py:840} INFO - DAG(s) 'example_complex' retrieved from /home/airflow/.local/lib/python3.8/site-packages/airflow/example_dags/example_complex.py
[2024-03-21T03:11:52.216+0000] {logging_mixin.py:188} INFO - [2024-03-21T03:11:52.216+0000] {dag.py:3036} INFO - Sync 1 DAGs
[2024-03-21T03:11:52.232+0000] {logging_mixin.py:188} INFO - [2024-03-21T03:11:52.232+0000] {dag.py:3823} INFO - Setting next_dagrun for example_complex to None, run_after=None
[2024-03-21T03:11:52.255+0000] {processor.py:183} INFO - Processing /home/airflow/.local/lib/python3.8/site-packages/airflow/example_dags/example_complex.py took 0.098 seconds
