[2024-03-21T02:31:44.593+0000] {processor.py:161} INFO - Started process (PID=51) to work on /home/airflow/.local/lib/python3.8/site-packages/airflow/example_dags/tutorial_dag.py
[2024-03-21T02:31:44.595+0000] {processor.py:830} INFO - Processing file /home/airflow/.local/lib/python3.8/site-packages/airflow/example_dags/tutorial_dag.py for tasks to queue
[2024-03-21T02:31:44.598+0000] {logging_mixin.py:188} INFO - [2024-03-21T02:31:44.597+0000] {dagbag.py:538} INFO - Filling up the DagBag from /home/airflow/.local/lib/python3.8/site-packages/airflow/example_dags/tutorial_dag.py
[2024-03-21T02:31:44.610+0000] {processor.py:840} INFO - DAG(s) 'tutorial_dag' retrieved from /home/airflow/.local/lib/python3.8/site-packages/airflow/example_dags/tutorial_dag.py
[2024-03-21T02:31:44.936+0000] {logging_mixin.py:188} INFO - [2024-03-21T02:31:44.935+0000] {dag.py:3036} INFO - Sync 1 DAGs
[2024-03-21T02:31:44.953+0000] {logging_mixin.py:188} INFO - [2024-03-21T02:31:44.953+0000] {dag.py:3823} INFO - Setting next_dagrun for tutorial_dag to None, run_after=None
[2024-03-21T02:31:44.985+0000] {processor.py:183} INFO - Processing /home/airflow/.local/lib/python3.8/site-packages/airflow/example_dags/tutorial_dag.py took 0.397 seconds
[2024-03-21T02:32:15.233+0000] {processor.py:161} INFO - Started process (PID=106) to work on /home/airflow/.local/lib/python3.8/site-packages/airflow/example_dags/tutorial_dag.py
[2024-03-21T02:32:15.234+0000] {processor.py:830} INFO - Processing file /home/airflow/.local/lib/python3.8/site-packages/airflow/example_dags/tutorial_dag.py for tasks to queue
[2024-03-21T02:32:15.236+0000] {logging_mixin.py:188} INFO - [2024-03-21T02:32:15.235+0000] {dagbag.py:538} INFO - Filling up the DagBag from /home/airflow/.local/lib/python3.8/site-packages/airflow/example_dags/tutorial_dag.py
[2024-03-21T02:32:15.241+0000] {processor.py:840} INFO - DAG(s) 'tutorial_dag' retrieved from /home/airflow/.local/lib/python3.8/site-packages/airflow/example_dags/tutorial_dag.py
[2024-03-21T02:32:15.254+0000] {logging_mixin.py:188} INFO - [2024-03-21T02:32:15.253+0000] {dag.py:3036} INFO - Sync 1 DAGs
[2024-03-21T02:32:15.268+0000] {logging_mixin.py:188} INFO - [2024-03-21T02:32:15.268+0000] {dag.py:3823} INFO - Setting next_dagrun for tutorial_dag to None, run_after=None
[2024-03-21T02:32:15.290+0000] {processor.py:183} INFO - Processing /home/airflow/.local/lib/python3.8/site-packages/airflow/example_dags/tutorial_dag.py took 0.060 seconds
[2024-03-21T02:32:46.178+0000] {processor.py:161} INFO - Started process (PID=161) to work on /home/airflow/.local/lib/python3.8/site-packages/airflow/example_dags/tutorial_dag.py
[2024-03-21T02:32:46.179+0000] {processor.py:830} INFO - Processing file /home/airflow/.local/lib/python3.8/site-packages/airflow/example_dags/tutorial_dag.py for tasks to queue
[2024-03-21T02:32:46.181+0000] {logging_mixin.py:188} INFO - [2024-03-21T02:32:46.181+0000] {dagbag.py:538} INFO - Filling up the DagBag from /home/airflow/.local/lib/python3.8/site-packages/airflow/example_dags/tutorial_dag.py
[2024-03-21T02:32:46.190+0000] {processor.py:840} INFO - DAG(s) 'tutorial_dag' retrieved from /home/airflow/.local/lib/python3.8/site-packages/airflow/example_dags/tutorial_dag.py
[2024-03-21T02:32:46.284+0000] {logging_mixin.py:188} INFO - [2024-03-21T02:32:46.284+0000] {dag.py:3036} INFO - Sync 1 DAGs
[2024-03-21T02:32:46.297+0000] {logging_mixin.py:188} INFO - [2024-03-21T02:32:46.297+0000] {dag.py:3823} INFO - Setting next_dagrun for tutorial_dag to None, run_after=None
[2024-03-21T02:32:46.319+0000] {processor.py:183} INFO - Processing /home/airflow/.local/lib/python3.8/site-packages/airflow/example_dags/tutorial_dag.py took 0.144 seconds
[2024-03-21T02:33:16.517+0000] {processor.py:161} INFO - Started process (PID=216) to work on /home/airflow/.local/lib/python3.8/site-packages/airflow/example_dags/tutorial_dag.py
[2024-03-21T02:33:16.518+0000] {processor.py:830} INFO - Processing file /home/airflow/.local/lib/python3.8/site-packages/airflow/example_dags/tutorial_dag.py for tasks to queue
[2024-03-21T02:33:16.521+0000] {logging_mixin.py:188} INFO - [2024-03-21T02:33:16.520+0000] {dagbag.py:538} INFO - Filling up the DagBag from /home/airflow/.local/lib/python3.8/site-packages/airflow/example_dags/tutorial_dag.py
[2024-03-21T02:33:16.529+0000] {processor.py:840} INFO - DAG(s) 'tutorial_dag' retrieved from /home/airflow/.local/lib/python3.8/site-packages/airflow/example_dags/tutorial_dag.py
[2024-03-21T02:33:16.555+0000] {logging_mixin.py:188} INFO - [2024-03-21T02:33:16.555+0000] {dag.py:3036} INFO - Sync 1 DAGs
[2024-03-21T02:33:16.569+0000] {logging_mixin.py:188} INFO - [2024-03-21T02:33:16.569+0000] {dag.py:3823} INFO - Setting next_dagrun for tutorial_dag to None, run_after=None
[2024-03-21T02:33:16.590+0000] {processor.py:183} INFO - Processing /home/airflow/.local/lib/python3.8/site-packages/airflow/example_dags/tutorial_dag.py took 0.077 seconds
[2024-03-21T02:33:46.730+0000] {processor.py:161} INFO - Started process (PID=271) to work on /home/airflow/.local/lib/python3.8/site-packages/airflow/example_dags/tutorial_dag.py
[2024-03-21T02:33:46.732+0000] {processor.py:830} INFO - Processing file /home/airflow/.local/lib/python3.8/site-packages/airflow/example_dags/tutorial_dag.py for tasks to queue
[2024-03-21T02:33:46.735+0000] {logging_mixin.py:188} INFO - [2024-03-21T02:33:46.734+0000] {dagbag.py:538} INFO - Filling up the DagBag from /home/airflow/.local/lib/python3.8/site-packages/airflow/example_dags/tutorial_dag.py
[2024-03-21T02:33:46.743+0000] {processor.py:840} INFO - DAG(s) 'tutorial_dag' retrieved from /home/airflow/.local/lib/python3.8/site-packages/airflow/example_dags/tutorial_dag.py
[2024-03-21T02:33:46.787+0000] {logging_mixin.py:188} INFO - [2024-03-21T02:33:46.786+0000] {dag.py:3036} INFO - Sync 1 DAGs
[2024-03-21T02:33:46.808+0000] {logging_mixin.py:188} INFO - [2024-03-21T02:33:46.808+0000] {dag.py:3823} INFO - Setting next_dagrun for tutorial_dag to None, run_after=None
[2024-03-21T02:33:46.835+0000] {processor.py:183} INFO - Processing /home/airflow/.local/lib/python3.8/site-packages/airflow/example_dags/tutorial_dag.py took 0.111 seconds
[2024-03-21T02:34:17.352+0000] {processor.py:161} INFO - Started process (PID=326) to work on /home/airflow/.local/lib/python3.8/site-packages/airflow/example_dags/tutorial_dag.py
[2024-03-21T02:34:17.353+0000] {processor.py:830} INFO - Processing file /home/airflow/.local/lib/python3.8/site-packages/airflow/example_dags/tutorial_dag.py for tasks to queue
[2024-03-21T02:34:17.355+0000] {logging_mixin.py:188} INFO - [2024-03-21T02:34:17.355+0000] {dagbag.py:538} INFO - Filling up the DagBag from /home/airflow/.local/lib/python3.8/site-packages/airflow/example_dags/tutorial_dag.py
[2024-03-21T02:34:17.363+0000] {processor.py:840} INFO - DAG(s) 'tutorial_dag' retrieved from /home/airflow/.local/lib/python3.8/site-packages/airflow/example_dags/tutorial_dag.py
[2024-03-21T02:34:17.386+0000] {logging_mixin.py:188} INFO - [2024-03-21T02:34:17.385+0000] {dag.py:3036} INFO - Sync 1 DAGs
[2024-03-21T02:34:17.402+0000] {logging_mixin.py:188} INFO - [2024-03-21T02:34:17.402+0000] {dag.py:3823} INFO - Setting next_dagrun for tutorial_dag to None, run_after=None
[2024-03-21T02:34:17.426+0000] {processor.py:183} INFO - Processing /home/airflow/.local/lib/python3.8/site-packages/airflow/example_dags/tutorial_dag.py took 0.077 seconds
[2024-03-21T02:34:48.005+0000] {processor.py:161} INFO - Started process (PID=381) to work on /home/airflow/.local/lib/python3.8/site-packages/airflow/example_dags/tutorial_dag.py
[2024-03-21T02:34:48.006+0000] {processor.py:830} INFO - Processing file /home/airflow/.local/lib/python3.8/site-packages/airflow/example_dags/tutorial_dag.py for tasks to queue
[2024-03-21T02:34:48.009+0000] {logging_mixin.py:188} INFO - [2024-03-21T02:34:48.009+0000] {dagbag.py:538} INFO - Filling up the DagBag from /home/airflow/.local/lib/python3.8/site-packages/airflow/example_dags/tutorial_dag.py
[2024-03-21T02:34:48.018+0000] {processor.py:840} INFO - DAG(s) 'tutorial_dag' retrieved from /home/airflow/.local/lib/python3.8/site-packages/airflow/example_dags/tutorial_dag.py
[2024-03-21T02:34:48.044+0000] {logging_mixin.py:188} INFO - [2024-03-21T02:34:48.044+0000] {dag.py:3036} INFO - Sync 1 DAGs
[2024-03-21T02:34:48.062+0000] {logging_mixin.py:188} INFO - [2024-03-21T02:34:48.061+0000] {dag.py:3823} INFO - Setting next_dagrun for tutorial_dag to None, run_after=None
[2024-03-21T02:34:48.092+0000] {processor.py:183} INFO - Processing /home/airflow/.local/lib/python3.8/site-packages/airflow/example_dags/tutorial_dag.py took 0.093 seconds
[2024-03-21T02:35:18.233+0000] {processor.py:161} INFO - Started process (PID=435) to work on /home/airflow/.local/lib/python3.8/site-packages/airflow/example_dags/tutorial_dag.py
[2024-03-21T02:35:18.234+0000] {processor.py:830} INFO - Processing file /home/airflow/.local/lib/python3.8/site-packages/airflow/example_dags/tutorial_dag.py for tasks to queue
[2024-03-21T02:35:18.237+0000] {logging_mixin.py:188} INFO - [2024-03-21T02:35:18.237+0000] {dagbag.py:538} INFO - Filling up the DagBag from /home/airflow/.local/lib/python3.8/site-packages/airflow/example_dags/tutorial_dag.py
[2024-03-21T02:35:18.246+0000] {processor.py:840} INFO - DAG(s) 'tutorial_dag' retrieved from /home/airflow/.local/lib/python3.8/site-packages/airflow/example_dags/tutorial_dag.py
[2024-03-21T02:35:18.275+0000] {logging_mixin.py:188} INFO - [2024-03-21T02:35:18.275+0000] {dag.py:3036} INFO - Sync 1 DAGs
[2024-03-21T02:35:18.293+0000] {logging_mixin.py:188} INFO - [2024-03-21T02:35:18.292+0000] {dag.py:3823} INFO - Setting next_dagrun for tutorial_dag to None, run_after=None
[2024-03-21T02:35:18.324+0000] {processor.py:183} INFO - Processing /home/airflow/.local/lib/python3.8/site-packages/airflow/example_dags/tutorial_dag.py took 0.097 seconds
[2024-03-21T02:35:48.747+0000] {processor.py:161} INFO - Started process (PID=490) to work on /home/airflow/.local/lib/python3.8/site-packages/airflow/example_dags/tutorial_dag.py
[2024-03-21T02:35:48.749+0000] {processor.py:830} INFO - Processing file /home/airflow/.local/lib/python3.8/site-packages/airflow/example_dags/tutorial_dag.py for tasks to queue
[2024-03-21T02:35:48.752+0000] {logging_mixin.py:188} INFO - [2024-03-21T02:35:48.751+0000] {dagbag.py:538} INFO - Filling up the DagBag from /home/airflow/.local/lib/python3.8/site-packages/airflow/example_dags/tutorial_dag.py
[2024-03-21T02:35:48.759+0000] {processor.py:840} INFO - DAG(s) 'tutorial_dag' retrieved from /home/airflow/.local/lib/python3.8/site-packages/airflow/example_dags/tutorial_dag.py
[2024-03-21T02:35:48.788+0000] {logging_mixin.py:188} INFO - [2024-03-21T02:35:48.787+0000] {dag.py:3036} INFO - Sync 1 DAGs
[2024-03-21T02:35:48.804+0000] {logging_mixin.py:188} INFO - [2024-03-21T02:35:48.803+0000] {dag.py:3823} INFO - Setting next_dagrun for tutorial_dag to None, run_after=None
[2024-03-21T02:35:48.828+0000] {processor.py:183} INFO - Processing /home/airflow/.local/lib/python3.8/site-packages/airflow/example_dags/tutorial_dag.py took 0.085 seconds
[2024-03-21T02:36:18.959+0000] {processor.py:161} INFO - Started process (PID=545) to work on /home/airflow/.local/lib/python3.8/site-packages/airflow/example_dags/tutorial_dag.py
[2024-03-21T02:36:18.961+0000] {processor.py:830} INFO - Processing file /home/airflow/.local/lib/python3.8/site-packages/airflow/example_dags/tutorial_dag.py for tasks to queue
[2024-03-21T02:36:18.964+0000] {logging_mixin.py:188} INFO - [2024-03-21T02:36:18.963+0000] {dagbag.py:538} INFO - Filling up the DagBag from /home/airflow/.local/lib/python3.8/site-packages/airflow/example_dags/tutorial_dag.py
[2024-03-21T02:36:18.972+0000] {processor.py:840} INFO - DAG(s) 'tutorial_dag' retrieved from /home/airflow/.local/lib/python3.8/site-packages/airflow/example_dags/tutorial_dag.py
[2024-03-21T02:36:19.002+0000] {logging_mixin.py:188} INFO - [2024-03-21T02:36:19.001+0000] {dag.py:3036} INFO - Sync 1 DAGs
[2024-03-21T02:36:19.023+0000] {logging_mixin.py:188} INFO - [2024-03-21T02:36:19.022+0000] {dag.py:3823} INFO - Setting next_dagrun for tutorial_dag to None, run_after=None
[2024-03-21T02:36:19.057+0000] {processor.py:183} INFO - Processing /home/airflow/.local/lib/python3.8/site-packages/airflow/example_dags/tutorial_dag.py took 0.102 seconds
[2024-03-21T02:36:49.341+0000] {processor.py:161} INFO - Started process (PID=600) to work on /home/airflow/.local/lib/python3.8/site-packages/airflow/example_dags/tutorial_dag.py
[2024-03-21T02:36:49.343+0000] {processor.py:830} INFO - Processing file /home/airflow/.local/lib/python3.8/site-packages/airflow/example_dags/tutorial_dag.py for tasks to queue
[2024-03-21T02:36:49.346+0000] {logging_mixin.py:188} INFO - [2024-03-21T02:36:49.345+0000] {dagbag.py:538} INFO - Filling up the DagBag from /home/airflow/.local/lib/python3.8/site-packages/airflow/example_dags/tutorial_dag.py
[2024-03-21T02:36:49.355+0000] {processor.py:840} INFO - DAG(s) 'tutorial_dag' retrieved from /home/airflow/.local/lib/python3.8/site-packages/airflow/example_dags/tutorial_dag.py
[2024-03-21T02:36:49.390+0000] {logging_mixin.py:188} INFO - [2024-03-21T02:36:49.390+0000] {dag.py:3036} INFO - Sync 1 DAGs
[2024-03-21T02:36:49.409+0000] {logging_mixin.py:188} INFO - [2024-03-21T02:36:49.409+0000] {dag.py:3823} INFO - Setting next_dagrun for tutorial_dag to None, run_after=None
[2024-03-21T02:36:49.436+0000] {processor.py:183} INFO - Processing /home/airflow/.local/lib/python3.8/site-packages/airflow/example_dags/tutorial_dag.py took 0.099 seconds
[2024-03-21T02:37:19.689+0000] {processor.py:161} INFO - Started process (PID=655) to work on /home/airflow/.local/lib/python3.8/site-packages/airflow/example_dags/tutorial_dag.py
[2024-03-21T02:37:19.690+0000] {processor.py:830} INFO - Processing file /home/airflow/.local/lib/python3.8/site-packages/airflow/example_dags/tutorial_dag.py for tasks to queue
[2024-03-21T02:37:19.693+0000] {logging_mixin.py:188} INFO - [2024-03-21T02:37:19.692+0000] {dagbag.py:538} INFO - Filling up the DagBag from /home/airflow/.local/lib/python3.8/site-packages/airflow/example_dags/tutorial_dag.py
[2024-03-21T02:37:19.699+0000] {processor.py:840} INFO - DAG(s) 'tutorial_dag' retrieved from /home/airflow/.local/lib/python3.8/site-packages/airflow/example_dags/tutorial_dag.py
[2024-03-21T02:37:19.727+0000] {logging_mixin.py:188} INFO - [2024-03-21T02:37:19.727+0000] {dag.py:3036} INFO - Sync 1 DAGs
[2024-03-21T02:37:19.747+0000] {logging_mixin.py:188} INFO - [2024-03-21T02:37:19.747+0000] {dag.py:3823} INFO - Setting next_dagrun for tutorial_dag to None, run_after=None
[2024-03-21T02:37:19.774+0000] {processor.py:183} INFO - Processing /home/airflow/.local/lib/python3.8/site-packages/airflow/example_dags/tutorial_dag.py took 0.090 seconds
[2024-03-21T02:37:49.851+0000] {processor.py:161} INFO - Started process (PID=710) to work on /home/airflow/.local/lib/python3.8/site-packages/airflow/example_dags/tutorial_dag.py
[2024-03-21T02:37:49.852+0000] {processor.py:830} INFO - Processing file /home/airflow/.local/lib/python3.8/site-packages/airflow/example_dags/tutorial_dag.py for tasks to queue
[2024-03-21T02:37:49.854+0000] {logging_mixin.py:188} INFO - [2024-03-21T02:37:49.854+0000] {dagbag.py:538} INFO - Filling up the DagBag from /home/airflow/.local/lib/python3.8/site-packages/airflow/example_dags/tutorial_dag.py
[2024-03-21T02:37:49.861+0000] {processor.py:840} INFO - DAG(s) 'tutorial_dag' retrieved from /home/airflow/.local/lib/python3.8/site-packages/airflow/example_dags/tutorial_dag.py
[2024-03-21T02:37:49.882+0000] {logging_mixin.py:188} INFO - [2024-03-21T02:37:49.882+0000] {dag.py:3036} INFO - Sync 1 DAGs
[2024-03-21T02:37:49.896+0000] {logging_mixin.py:188} INFO - [2024-03-21T02:37:49.896+0000] {dag.py:3823} INFO - Setting next_dagrun for tutorial_dag to None, run_after=None
[2024-03-21T02:37:49.917+0000] {processor.py:183} INFO - Processing /home/airflow/.local/lib/python3.8/site-packages/airflow/example_dags/tutorial_dag.py took 0.069 seconds
[2024-03-21T02:38:20.097+0000] {processor.py:161} INFO - Started process (PID=765) to work on /home/airflow/.local/lib/python3.8/site-packages/airflow/example_dags/tutorial_dag.py
[2024-03-21T02:38:20.098+0000] {processor.py:830} INFO - Processing file /home/airflow/.local/lib/python3.8/site-packages/airflow/example_dags/tutorial_dag.py for tasks to queue
[2024-03-21T02:38:20.101+0000] {logging_mixin.py:188} INFO - [2024-03-21T02:38:20.100+0000] {dagbag.py:538} INFO - Filling up the DagBag from /home/airflow/.local/lib/python3.8/site-packages/airflow/example_dags/tutorial_dag.py
[2024-03-21T02:38:20.108+0000] {processor.py:840} INFO - DAG(s) 'tutorial_dag' retrieved from /home/airflow/.local/lib/python3.8/site-packages/airflow/example_dags/tutorial_dag.py
[2024-03-21T02:38:20.135+0000] {logging_mixin.py:188} INFO - [2024-03-21T02:38:20.134+0000] {dag.py:3036} INFO - Sync 1 DAGs
[2024-03-21T02:38:20.151+0000] {logging_mixin.py:188} INFO - [2024-03-21T02:38:20.151+0000] {dag.py:3823} INFO - Setting next_dagrun for tutorial_dag to None, run_after=None
[2024-03-21T02:38:20.174+0000] {processor.py:183} INFO - Processing /home/airflow/.local/lib/python3.8/site-packages/airflow/example_dags/tutorial_dag.py took 0.081 seconds
[2024-03-21T02:38:50.448+0000] {processor.py:161} INFO - Started process (PID=820) to work on /home/airflow/.local/lib/python3.8/site-packages/airflow/example_dags/tutorial_dag.py
[2024-03-21T02:38:50.450+0000] {processor.py:830} INFO - Processing file /home/airflow/.local/lib/python3.8/site-packages/airflow/example_dags/tutorial_dag.py for tasks to queue
[2024-03-21T02:38:50.453+0000] {logging_mixin.py:188} INFO - [2024-03-21T02:38:50.452+0000] {dagbag.py:538} INFO - Filling up the DagBag from /home/airflow/.local/lib/python3.8/site-packages/airflow/example_dags/tutorial_dag.py
[2024-03-21T02:38:50.461+0000] {processor.py:840} INFO - DAG(s) 'tutorial_dag' retrieved from /home/airflow/.local/lib/python3.8/site-packages/airflow/example_dags/tutorial_dag.py
[2024-03-21T02:38:50.490+0000] {logging_mixin.py:188} INFO - [2024-03-21T02:38:50.489+0000] {dag.py:3036} INFO - Sync 1 DAGs
[2024-03-21T02:38:50.505+0000] {logging_mixin.py:188} INFO - [2024-03-21T02:38:50.505+0000] {dag.py:3823} INFO - Setting next_dagrun for tutorial_dag to None, run_after=None
[2024-03-21T02:38:50.530+0000] {processor.py:183} INFO - Processing /home/airflow/.local/lib/python3.8/site-packages/airflow/example_dags/tutorial_dag.py took 0.087 seconds
[2024-03-21T02:39:20.743+0000] {processor.py:161} INFO - Started process (PID=875) to work on /home/airflow/.local/lib/python3.8/site-packages/airflow/example_dags/tutorial_dag.py
[2024-03-21T02:39:20.744+0000] {processor.py:830} INFO - Processing file /home/airflow/.local/lib/python3.8/site-packages/airflow/example_dags/tutorial_dag.py for tasks to queue
[2024-03-21T02:39:20.748+0000] {logging_mixin.py:188} INFO - [2024-03-21T02:39:20.747+0000] {dagbag.py:538} INFO - Filling up the DagBag from /home/airflow/.local/lib/python3.8/site-packages/airflow/example_dags/tutorial_dag.py
[2024-03-21T02:39:20.755+0000] {processor.py:840} INFO - DAG(s) 'tutorial_dag' retrieved from /home/airflow/.local/lib/python3.8/site-packages/airflow/example_dags/tutorial_dag.py
[2024-03-21T02:39:20.781+0000] {logging_mixin.py:188} INFO - [2024-03-21T02:39:20.781+0000] {dag.py:3036} INFO - Sync 1 DAGs
[2024-03-21T02:39:20.796+0000] {logging_mixin.py:188} INFO - [2024-03-21T02:39:20.796+0000] {dag.py:3823} INFO - Setting next_dagrun for tutorial_dag to None, run_after=None
[2024-03-21T02:39:20.819+0000] {processor.py:183} INFO - Processing /home/airflow/.local/lib/python3.8/site-packages/airflow/example_dags/tutorial_dag.py took 0.081 seconds
[2024-03-21T02:39:51.012+0000] {processor.py:161} INFO - Started process (PID=930) to work on /home/airflow/.local/lib/python3.8/site-packages/airflow/example_dags/tutorial_dag.py
[2024-03-21T02:39:51.014+0000] {processor.py:830} INFO - Processing file /home/airflow/.local/lib/python3.8/site-packages/airflow/example_dags/tutorial_dag.py for tasks to queue
[2024-03-21T02:39:51.016+0000] {logging_mixin.py:188} INFO - [2024-03-21T02:39:51.015+0000] {dagbag.py:538} INFO - Filling up the DagBag from /home/airflow/.local/lib/python3.8/site-packages/airflow/example_dags/tutorial_dag.py
[2024-03-21T02:39:51.022+0000] {processor.py:840} INFO - DAG(s) 'tutorial_dag' retrieved from /home/airflow/.local/lib/python3.8/site-packages/airflow/example_dags/tutorial_dag.py
[2024-03-21T02:39:51.047+0000] {logging_mixin.py:188} INFO - [2024-03-21T02:39:51.047+0000] {dag.py:3036} INFO - Sync 1 DAGs
[2024-03-21T02:39:51.066+0000] {logging_mixin.py:188} INFO - [2024-03-21T02:39:51.065+0000] {dag.py:3823} INFO - Setting next_dagrun for tutorial_dag to None, run_after=None
[2024-03-21T02:39:51.089+0000] {processor.py:183} INFO - Processing /home/airflow/.local/lib/python3.8/site-packages/airflow/example_dags/tutorial_dag.py took 0.081 seconds
[2024-03-21T02:40:21.224+0000] {processor.py:161} INFO - Started process (PID=985) to work on /home/airflow/.local/lib/python3.8/site-packages/airflow/example_dags/tutorial_dag.py
[2024-03-21T02:40:21.225+0000] {processor.py:830} INFO - Processing file /home/airflow/.local/lib/python3.8/site-packages/airflow/example_dags/tutorial_dag.py for tasks to queue
[2024-03-21T02:40:21.228+0000] {logging_mixin.py:188} INFO - [2024-03-21T02:40:21.228+0000] {dagbag.py:538} INFO - Filling up the DagBag from /home/airflow/.local/lib/python3.8/site-packages/airflow/example_dags/tutorial_dag.py
[2024-03-21T02:40:21.235+0000] {processor.py:840} INFO - DAG(s) 'tutorial_dag' retrieved from /home/airflow/.local/lib/python3.8/site-packages/airflow/example_dags/tutorial_dag.py
[2024-03-21T02:40:21.258+0000] {logging_mixin.py:188} INFO - [2024-03-21T02:40:21.258+0000] {dag.py:3036} INFO - Sync 1 DAGs
[2024-03-21T02:40:21.274+0000] {logging_mixin.py:188} INFO - [2024-03-21T02:40:21.273+0000] {dag.py:3823} INFO - Setting next_dagrun for tutorial_dag to None, run_after=None
[2024-03-21T02:40:21.298+0000] {processor.py:183} INFO - Processing /home/airflow/.local/lib/python3.8/site-packages/airflow/example_dags/tutorial_dag.py took 0.078 seconds
[2024-03-21T02:40:51.496+0000] {processor.py:161} INFO - Started process (PID=1040) to work on /home/airflow/.local/lib/python3.8/site-packages/airflow/example_dags/tutorial_dag.py
[2024-03-21T02:40:51.498+0000] {processor.py:830} INFO - Processing file /home/airflow/.local/lib/python3.8/site-packages/airflow/example_dags/tutorial_dag.py for tasks to queue
[2024-03-21T02:40:51.500+0000] {logging_mixin.py:188} INFO - [2024-03-21T02:40:51.500+0000] {dagbag.py:538} INFO - Filling up the DagBag from /home/airflow/.local/lib/python3.8/site-packages/airflow/example_dags/tutorial_dag.py
[2024-03-21T02:40:51.507+0000] {processor.py:840} INFO - DAG(s) 'tutorial_dag' retrieved from /home/airflow/.local/lib/python3.8/site-packages/airflow/example_dags/tutorial_dag.py
[2024-03-21T02:40:51.532+0000] {logging_mixin.py:188} INFO - [2024-03-21T02:40:51.532+0000] {dag.py:3036} INFO - Sync 1 DAGs
[2024-03-21T02:40:51.543+0000] {logging_mixin.py:188} INFO - [2024-03-21T02:40:51.543+0000] {dag.py:3823} INFO - Setting next_dagrun for tutorial_dag to None, run_after=None
[2024-03-21T02:40:51.566+0000] {processor.py:183} INFO - Processing /home/airflow/.local/lib/python3.8/site-packages/airflow/example_dags/tutorial_dag.py took 0.073 seconds
[2024-03-21T02:41:21.815+0000] {processor.py:161} INFO - Started process (PID=1095) to work on /home/airflow/.local/lib/python3.8/site-packages/airflow/example_dags/tutorial_dag.py
[2024-03-21T02:41:21.816+0000] {processor.py:830} INFO - Processing file /home/airflow/.local/lib/python3.8/site-packages/airflow/example_dags/tutorial_dag.py for tasks to queue
[2024-03-21T02:41:21.818+0000] {logging_mixin.py:188} INFO - [2024-03-21T02:41:21.818+0000] {dagbag.py:538} INFO - Filling up the DagBag from /home/airflow/.local/lib/python3.8/site-packages/airflow/example_dags/tutorial_dag.py
[2024-03-21T02:41:21.825+0000] {processor.py:840} INFO - DAG(s) 'tutorial_dag' retrieved from /home/airflow/.local/lib/python3.8/site-packages/airflow/example_dags/tutorial_dag.py
[2024-03-21T02:41:21.851+0000] {logging_mixin.py:188} INFO - [2024-03-21T02:41:21.851+0000] {dag.py:3036} INFO - Sync 1 DAGs
[2024-03-21T02:41:21.865+0000] {logging_mixin.py:188} INFO - [2024-03-21T02:41:21.865+0000] {dag.py:3823} INFO - Setting next_dagrun for tutorial_dag to None, run_after=None
[2024-03-21T02:41:21.891+0000] {processor.py:183} INFO - Processing /home/airflow/.local/lib/python3.8/site-packages/airflow/example_dags/tutorial_dag.py took 0.080 seconds
[2024-03-21T02:41:52.339+0000] {processor.py:161} INFO - Started process (PID=1150) to work on /home/airflow/.local/lib/python3.8/site-packages/airflow/example_dags/tutorial_dag.py
[2024-03-21T02:41:52.340+0000] {processor.py:830} INFO - Processing file /home/airflow/.local/lib/python3.8/site-packages/airflow/example_dags/tutorial_dag.py for tasks to queue
[2024-03-21T02:41:52.342+0000] {logging_mixin.py:188} INFO - [2024-03-21T02:41:52.342+0000] {dagbag.py:538} INFO - Filling up the DagBag from /home/airflow/.local/lib/python3.8/site-packages/airflow/example_dags/tutorial_dag.py
[2024-03-21T02:41:52.349+0000] {processor.py:840} INFO - DAG(s) 'tutorial_dag' retrieved from /home/airflow/.local/lib/python3.8/site-packages/airflow/example_dags/tutorial_dag.py
[2024-03-21T02:41:52.374+0000] {logging_mixin.py:188} INFO - [2024-03-21T02:41:52.373+0000] {dag.py:3036} INFO - Sync 1 DAGs
[2024-03-21T02:41:52.387+0000] {logging_mixin.py:188} INFO - [2024-03-21T02:41:52.386+0000] {dag.py:3823} INFO - Setting next_dagrun for tutorial_dag to None, run_after=None
[2024-03-21T02:41:52.415+0000] {processor.py:183} INFO - Processing /home/airflow/.local/lib/python3.8/site-packages/airflow/example_dags/tutorial_dag.py took 0.079 seconds
[2024-03-21T02:42:22.891+0000] {processor.py:161} INFO - Started process (PID=1205) to work on /home/airflow/.local/lib/python3.8/site-packages/airflow/example_dags/tutorial_dag.py
[2024-03-21T02:42:22.893+0000] {processor.py:830} INFO - Processing file /home/airflow/.local/lib/python3.8/site-packages/airflow/example_dags/tutorial_dag.py for tasks to queue
[2024-03-21T02:42:22.896+0000] {logging_mixin.py:188} INFO - [2024-03-21T02:42:22.895+0000] {dagbag.py:538} INFO - Filling up the DagBag from /home/airflow/.local/lib/python3.8/site-packages/airflow/example_dags/tutorial_dag.py
[2024-03-21T02:42:22.904+0000] {processor.py:840} INFO - DAG(s) 'tutorial_dag' retrieved from /home/airflow/.local/lib/python3.8/site-packages/airflow/example_dags/tutorial_dag.py
[2024-03-21T02:42:22.933+0000] {logging_mixin.py:188} INFO - [2024-03-21T02:42:22.933+0000] {dag.py:3036} INFO - Sync 1 DAGs
[2024-03-21T02:42:22.949+0000] {logging_mixin.py:188} INFO - [2024-03-21T02:42:22.948+0000] {dag.py:3823} INFO - Setting next_dagrun for tutorial_dag to None, run_after=None
[2024-03-21T02:42:22.974+0000] {processor.py:183} INFO - Processing /home/airflow/.local/lib/python3.8/site-packages/airflow/example_dags/tutorial_dag.py took 0.087 seconds
[2024-03-21T02:42:53.117+0000] {processor.py:161} INFO - Started process (PID=1260) to work on /home/airflow/.local/lib/python3.8/site-packages/airflow/example_dags/tutorial_dag.py
[2024-03-21T02:42:53.119+0000] {processor.py:830} INFO - Processing file /home/airflow/.local/lib/python3.8/site-packages/airflow/example_dags/tutorial_dag.py for tasks to queue
[2024-03-21T02:42:53.121+0000] {logging_mixin.py:188} INFO - [2024-03-21T02:42:53.121+0000] {dagbag.py:538} INFO - Filling up the DagBag from /home/airflow/.local/lib/python3.8/site-packages/airflow/example_dags/tutorial_dag.py
[2024-03-21T02:42:53.127+0000] {processor.py:840} INFO - DAG(s) 'tutorial_dag' retrieved from /home/airflow/.local/lib/python3.8/site-packages/airflow/example_dags/tutorial_dag.py
[2024-03-21T02:42:53.149+0000] {logging_mixin.py:188} INFO - [2024-03-21T02:42:53.148+0000] {dag.py:3036} INFO - Sync 1 DAGs
[2024-03-21T02:42:53.163+0000] {logging_mixin.py:188} INFO - [2024-03-21T02:42:53.163+0000] {dag.py:3823} INFO - Setting next_dagrun for tutorial_dag to None, run_after=None
[2024-03-21T02:42:53.186+0000] {processor.py:183} INFO - Processing /home/airflow/.local/lib/python3.8/site-packages/airflow/example_dags/tutorial_dag.py took 0.072 seconds
[2024-03-21T02:43:23.272+0000] {processor.py:161} INFO - Started process (PID=1315) to work on /home/airflow/.local/lib/python3.8/site-packages/airflow/example_dags/tutorial_dag.py
[2024-03-21T02:43:23.273+0000] {processor.py:830} INFO - Processing file /home/airflow/.local/lib/python3.8/site-packages/airflow/example_dags/tutorial_dag.py for tasks to queue
[2024-03-21T02:43:23.276+0000] {logging_mixin.py:188} INFO - [2024-03-21T02:43:23.275+0000] {dagbag.py:538} INFO - Filling up the DagBag from /home/airflow/.local/lib/python3.8/site-packages/airflow/example_dags/tutorial_dag.py
[2024-03-21T02:43:23.282+0000] {processor.py:840} INFO - DAG(s) 'tutorial_dag' retrieved from /home/airflow/.local/lib/python3.8/site-packages/airflow/example_dags/tutorial_dag.py
[2024-03-21T02:43:23.301+0000] {logging_mixin.py:188} INFO - [2024-03-21T02:43:23.301+0000] {dag.py:3036} INFO - Sync 1 DAGs
[2024-03-21T02:43:23.313+0000] {logging_mixin.py:188} INFO - [2024-03-21T02:43:23.313+0000] {dag.py:3823} INFO - Setting next_dagrun for tutorial_dag to None, run_after=None
[2024-03-21T02:43:23.336+0000] {processor.py:183} INFO - Processing /home/airflow/.local/lib/python3.8/site-packages/airflow/example_dags/tutorial_dag.py took 0.068 seconds
[2024-03-21T02:43:53.534+0000] {processor.py:161} INFO - Started process (PID=1370) to work on /home/airflow/.local/lib/python3.8/site-packages/airflow/example_dags/tutorial_dag.py
[2024-03-21T02:43:53.535+0000] {processor.py:830} INFO - Processing file /home/airflow/.local/lib/python3.8/site-packages/airflow/example_dags/tutorial_dag.py for tasks to queue
[2024-03-21T02:43:53.537+0000] {logging_mixin.py:188} INFO - [2024-03-21T02:43:53.536+0000] {dagbag.py:538} INFO - Filling up the DagBag from /home/airflow/.local/lib/python3.8/site-packages/airflow/example_dags/tutorial_dag.py
[2024-03-21T02:43:53.544+0000] {processor.py:840} INFO - DAG(s) 'tutorial_dag' retrieved from /home/airflow/.local/lib/python3.8/site-packages/airflow/example_dags/tutorial_dag.py
[2024-03-21T02:43:53.567+0000] {logging_mixin.py:188} INFO - [2024-03-21T02:43:53.567+0000] {dag.py:3036} INFO - Sync 1 DAGs
[2024-03-21T02:43:53.582+0000] {logging_mixin.py:188} INFO - [2024-03-21T02:43:53.582+0000] {dag.py:3823} INFO - Setting next_dagrun for tutorial_dag to None, run_after=None
[2024-03-21T02:43:53.606+0000] {processor.py:183} INFO - Processing /home/airflow/.local/lib/python3.8/site-packages/airflow/example_dags/tutorial_dag.py took 0.075 seconds
[2024-03-21T02:44:23.904+0000] {processor.py:161} INFO - Started process (PID=1425) to work on /home/airflow/.local/lib/python3.8/site-packages/airflow/example_dags/tutorial_dag.py
[2024-03-21T02:44:23.906+0000] {processor.py:830} INFO - Processing file /home/airflow/.local/lib/python3.8/site-packages/airflow/example_dags/tutorial_dag.py for tasks to queue
[2024-03-21T02:44:23.908+0000] {logging_mixin.py:188} INFO - [2024-03-21T02:44:23.908+0000] {dagbag.py:538} INFO - Filling up the DagBag from /home/airflow/.local/lib/python3.8/site-packages/airflow/example_dags/tutorial_dag.py
[2024-03-21T02:44:23.915+0000] {processor.py:840} INFO - DAG(s) 'tutorial_dag' retrieved from /home/airflow/.local/lib/python3.8/site-packages/airflow/example_dags/tutorial_dag.py
[2024-03-21T02:44:23.944+0000] {logging_mixin.py:188} INFO - [2024-03-21T02:44:23.944+0000] {dag.py:3036} INFO - Sync 1 DAGs
[2024-03-21T02:44:23.965+0000] {logging_mixin.py:188} INFO - [2024-03-21T02:44:23.965+0000] {dag.py:3823} INFO - Setting next_dagrun for tutorial_dag to None, run_after=None
[2024-03-21T02:44:23.991+0000] {processor.py:183} INFO - Processing /home/airflow/.local/lib/python3.8/site-packages/airflow/example_dags/tutorial_dag.py took 0.093 seconds
[2024-03-21T02:44:54.518+0000] {processor.py:161} INFO - Started process (PID=1480) to work on /home/airflow/.local/lib/python3.8/site-packages/airflow/example_dags/tutorial_dag.py
[2024-03-21T02:44:54.520+0000] {processor.py:830} INFO - Processing file /home/airflow/.local/lib/python3.8/site-packages/airflow/example_dags/tutorial_dag.py for tasks to queue
[2024-03-21T02:44:54.524+0000] {logging_mixin.py:188} INFO - [2024-03-21T02:44:54.524+0000] {dagbag.py:538} INFO - Filling up the DagBag from /home/airflow/.local/lib/python3.8/site-packages/airflow/example_dags/tutorial_dag.py
[2024-03-21T02:44:54.539+0000] {processor.py:840} INFO - DAG(s) 'tutorial_dag' retrieved from /home/airflow/.local/lib/python3.8/site-packages/airflow/example_dags/tutorial_dag.py
[2024-03-21T02:44:54.568+0000] {logging_mixin.py:188} INFO - [2024-03-21T02:44:54.568+0000] {dag.py:3036} INFO - Sync 1 DAGs
[2024-03-21T02:44:54.586+0000] {logging_mixin.py:188} INFO - [2024-03-21T02:44:54.586+0000] {dag.py:3823} INFO - Setting next_dagrun for tutorial_dag to None, run_after=None
[2024-03-21T02:44:54.607+0000] {processor.py:183} INFO - Processing /home/airflow/.local/lib/python3.8/site-packages/airflow/example_dags/tutorial_dag.py took 0.101 seconds
[2024-03-21T02:45:24.839+0000] {processor.py:161} INFO - Started process (PID=1535) to work on /home/airflow/.local/lib/python3.8/site-packages/airflow/example_dags/tutorial_dag.py
[2024-03-21T02:45:24.840+0000] {processor.py:830} INFO - Processing file /home/airflow/.local/lib/python3.8/site-packages/airflow/example_dags/tutorial_dag.py for tasks to queue
[2024-03-21T02:45:24.842+0000] {logging_mixin.py:188} INFO - [2024-03-21T02:45:24.842+0000] {dagbag.py:538} INFO - Filling up the DagBag from /home/airflow/.local/lib/python3.8/site-packages/airflow/example_dags/tutorial_dag.py
[2024-03-21T02:45:24.849+0000] {processor.py:840} INFO - DAG(s) 'tutorial_dag' retrieved from /home/airflow/.local/lib/python3.8/site-packages/airflow/example_dags/tutorial_dag.py
[2024-03-21T02:45:24.875+0000] {logging_mixin.py:188} INFO - [2024-03-21T02:45:24.874+0000] {dag.py:3036} INFO - Sync 1 DAGs
[2024-03-21T02:45:24.890+0000] {logging_mixin.py:188} INFO - [2024-03-21T02:45:24.890+0000] {dag.py:3823} INFO - Setting next_dagrun for tutorial_dag to None, run_after=None
[2024-03-21T02:45:24.916+0000] {processor.py:183} INFO - Processing /home/airflow/.local/lib/python3.8/site-packages/airflow/example_dags/tutorial_dag.py took 0.082 seconds
[2024-03-21T02:45:55.261+0000] {processor.py:161} INFO - Started process (PID=1590) to work on /home/airflow/.local/lib/python3.8/site-packages/airflow/example_dags/tutorial_dag.py
[2024-03-21T02:45:55.262+0000] {processor.py:830} INFO - Processing file /home/airflow/.local/lib/python3.8/site-packages/airflow/example_dags/tutorial_dag.py for tasks to queue
[2024-03-21T02:45:55.264+0000] {logging_mixin.py:188} INFO - [2024-03-21T02:45:55.264+0000] {dagbag.py:538} INFO - Filling up the DagBag from /home/airflow/.local/lib/python3.8/site-packages/airflow/example_dags/tutorial_dag.py
[2024-03-21T02:45:55.270+0000] {processor.py:840} INFO - DAG(s) 'tutorial_dag' retrieved from /home/airflow/.local/lib/python3.8/site-packages/airflow/example_dags/tutorial_dag.py
[2024-03-21T02:45:55.297+0000] {logging_mixin.py:188} INFO - [2024-03-21T02:45:55.296+0000] {dag.py:3036} INFO - Sync 1 DAGs
[2024-03-21T02:45:55.313+0000] {logging_mixin.py:188} INFO - [2024-03-21T02:45:55.313+0000] {dag.py:3823} INFO - Setting next_dagrun for tutorial_dag to None, run_after=None
[2024-03-21T02:45:55.334+0000] {processor.py:183} INFO - Processing /home/airflow/.local/lib/python3.8/site-packages/airflow/example_dags/tutorial_dag.py took 0.077 seconds
[2024-03-21T02:46:25.900+0000] {processor.py:161} INFO - Started process (PID=1645) to work on /home/airflow/.local/lib/python3.8/site-packages/airflow/example_dags/tutorial_dag.py
[2024-03-21T02:46:25.902+0000] {processor.py:830} INFO - Processing file /home/airflow/.local/lib/python3.8/site-packages/airflow/example_dags/tutorial_dag.py for tasks to queue
[2024-03-21T02:46:25.905+0000] {logging_mixin.py:188} INFO - [2024-03-21T02:46:25.905+0000] {dagbag.py:538} INFO - Filling up the DagBag from /home/airflow/.local/lib/python3.8/site-packages/airflow/example_dags/tutorial_dag.py
[2024-03-21T02:46:25.915+0000] {processor.py:840} INFO - DAG(s) 'tutorial_dag' retrieved from /home/airflow/.local/lib/python3.8/site-packages/airflow/example_dags/tutorial_dag.py
[2024-03-21T02:46:25.950+0000] {logging_mixin.py:188} INFO - [2024-03-21T02:46:25.950+0000] {dag.py:3036} INFO - Sync 1 DAGs
[2024-03-21T02:46:25.972+0000] {logging_mixin.py:188} INFO - [2024-03-21T02:46:25.971+0000] {dag.py:3823} INFO - Setting next_dagrun for tutorial_dag to None, run_after=None
[2024-03-21T02:46:26.001+0000] {processor.py:183} INFO - Processing /home/airflow/.local/lib/python3.8/site-packages/airflow/example_dags/tutorial_dag.py took 0.107 seconds
[2024-03-21T02:46:56.369+0000] {processor.py:161} INFO - Started process (PID=1706) to work on /home/airflow/.local/lib/python3.8/site-packages/airflow/example_dags/tutorial_dag.py
[2024-03-21T02:46:56.370+0000] {processor.py:830} INFO - Processing file /home/airflow/.local/lib/python3.8/site-packages/airflow/example_dags/tutorial_dag.py for tasks to queue
[2024-03-21T02:46:56.373+0000] {logging_mixin.py:188} INFO - [2024-03-21T02:46:56.373+0000] {dagbag.py:538} INFO - Filling up the DagBag from /home/airflow/.local/lib/python3.8/site-packages/airflow/example_dags/tutorial_dag.py
[2024-03-21T02:46:56.382+0000] {processor.py:840} INFO - DAG(s) 'tutorial_dag' retrieved from /home/airflow/.local/lib/python3.8/site-packages/airflow/example_dags/tutorial_dag.py
[2024-03-21T02:46:56.405+0000] {logging_mixin.py:188} INFO - [2024-03-21T02:46:56.405+0000] {dag.py:3036} INFO - Sync 1 DAGs
[2024-03-21T02:46:56.421+0000] {logging_mixin.py:188} INFO - [2024-03-21T02:46:56.420+0000] {dag.py:3823} INFO - Setting next_dagrun for tutorial_dag to None, run_after=None
[2024-03-21T02:46:56.443+0000] {processor.py:183} INFO - Processing /home/airflow/.local/lib/python3.8/site-packages/airflow/example_dags/tutorial_dag.py took 0.080 seconds
[2024-03-21T02:47:26.571+0000] {processor.py:161} INFO - Started process (PID=1761) to work on /home/airflow/.local/lib/python3.8/site-packages/airflow/example_dags/tutorial_dag.py
[2024-03-21T02:47:26.572+0000] {processor.py:830} INFO - Processing file /home/airflow/.local/lib/python3.8/site-packages/airflow/example_dags/tutorial_dag.py for tasks to queue
[2024-03-21T02:47:26.575+0000] {logging_mixin.py:188} INFO - [2024-03-21T02:47:26.575+0000] {dagbag.py:538} INFO - Filling up the DagBag from /home/airflow/.local/lib/python3.8/site-packages/airflow/example_dags/tutorial_dag.py
[2024-03-21T02:47:26.580+0000] {processor.py:840} INFO - DAG(s) 'tutorial_dag' retrieved from /home/airflow/.local/lib/python3.8/site-packages/airflow/example_dags/tutorial_dag.py
[2024-03-21T02:47:26.605+0000] {logging_mixin.py:188} INFO - [2024-03-21T02:47:26.605+0000] {dag.py:3036} INFO - Sync 1 DAGs
[2024-03-21T02:47:26.619+0000] {logging_mixin.py:188} INFO - [2024-03-21T02:47:26.619+0000] {dag.py:3823} INFO - Setting next_dagrun for tutorial_dag to None, run_after=None
[2024-03-21T02:47:26.639+0000] {processor.py:183} INFO - Processing /home/airflow/.local/lib/python3.8/site-packages/airflow/example_dags/tutorial_dag.py took 0.071 seconds
[2024-03-21T02:47:57.457+0000] {processor.py:161} INFO - Started process (PID=1816) to work on /home/airflow/.local/lib/python3.8/site-packages/airflow/example_dags/tutorial_dag.py
[2024-03-21T02:47:57.458+0000] {processor.py:830} INFO - Processing file /home/airflow/.local/lib/python3.8/site-packages/airflow/example_dags/tutorial_dag.py for tasks to queue
[2024-03-21T02:47:57.460+0000] {logging_mixin.py:188} INFO - [2024-03-21T02:47:57.460+0000] {dagbag.py:538} INFO - Filling up the DagBag from /home/airflow/.local/lib/python3.8/site-packages/airflow/example_dags/tutorial_dag.py
[2024-03-21T02:47:57.466+0000] {processor.py:840} INFO - DAG(s) 'tutorial_dag' retrieved from /home/airflow/.local/lib/python3.8/site-packages/airflow/example_dags/tutorial_dag.py
[2024-03-21T02:47:57.489+0000] {logging_mixin.py:188} INFO - [2024-03-21T02:47:57.488+0000] {dag.py:3036} INFO - Sync 1 DAGs
[2024-03-21T02:47:57.503+0000] {logging_mixin.py:188} INFO - [2024-03-21T02:47:57.503+0000] {dag.py:3823} INFO - Setting next_dagrun for tutorial_dag to None, run_after=None
[2024-03-21T02:47:57.527+0000] {processor.py:183} INFO - Processing /home/airflow/.local/lib/python3.8/site-packages/airflow/example_dags/tutorial_dag.py took 0.074 seconds
[2024-03-21T02:48:27.731+0000] {processor.py:161} INFO - Started process (PID=1871) to work on /home/airflow/.local/lib/python3.8/site-packages/airflow/example_dags/tutorial_dag.py
[2024-03-21T02:48:27.733+0000] {processor.py:830} INFO - Processing file /home/airflow/.local/lib/python3.8/site-packages/airflow/example_dags/tutorial_dag.py for tasks to queue
[2024-03-21T02:48:27.735+0000] {logging_mixin.py:188} INFO - [2024-03-21T02:48:27.735+0000] {dagbag.py:538} INFO - Filling up the DagBag from /home/airflow/.local/lib/python3.8/site-packages/airflow/example_dags/tutorial_dag.py
[2024-03-21T02:48:27.742+0000] {processor.py:840} INFO - DAG(s) 'tutorial_dag' retrieved from /home/airflow/.local/lib/python3.8/site-packages/airflow/example_dags/tutorial_dag.py
[2024-03-21T02:48:27.770+0000] {logging_mixin.py:188} INFO - [2024-03-21T02:48:27.770+0000] {dag.py:3036} INFO - Sync 1 DAGs
[2024-03-21T02:48:27.787+0000] {logging_mixin.py:188} INFO - [2024-03-21T02:48:27.786+0000] {dag.py:3823} INFO - Setting next_dagrun for tutorial_dag to None, run_after=None
[2024-03-21T02:48:27.810+0000] {processor.py:183} INFO - Processing /home/airflow/.local/lib/python3.8/site-packages/airflow/example_dags/tutorial_dag.py took 0.082 seconds
[2024-03-21T02:48:57.952+0000] {processor.py:161} INFO - Started process (PID=1926) to work on /home/airflow/.local/lib/python3.8/site-packages/airflow/example_dags/tutorial_dag.py
[2024-03-21T02:48:57.954+0000] {processor.py:830} INFO - Processing file /home/airflow/.local/lib/python3.8/site-packages/airflow/example_dags/tutorial_dag.py for tasks to queue
[2024-03-21T02:48:57.956+0000] {logging_mixin.py:188} INFO - [2024-03-21T02:48:57.956+0000] {dagbag.py:538} INFO - Filling up the DagBag from /home/airflow/.local/lib/python3.8/site-packages/airflow/example_dags/tutorial_dag.py
[2024-03-21T02:48:57.963+0000] {processor.py:840} INFO - DAG(s) 'tutorial_dag' retrieved from /home/airflow/.local/lib/python3.8/site-packages/airflow/example_dags/tutorial_dag.py
[2024-03-21T02:48:57.989+0000] {logging_mixin.py:188} INFO - [2024-03-21T02:48:57.988+0000] {dag.py:3036} INFO - Sync 1 DAGs
[2024-03-21T02:48:58.007+0000] {logging_mixin.py:188} INFO - [2024-03-21T02:48:58.007+0000] {dag.py:3823} INFO - Setting next_dagrun for tutorial_dag to None, run_after=None
[2024-03-21T02:48:58.032+0000] {processor.py:183} INFO - Processing /home/airflow/.local/lib/python3.8/site-packages/airflow/example_dags/tutorial_dag.py took 0.084 seconds
[2024-03-21T02:49:28.262+0000] {processor.py:161} INFO - Started process (PID=1981) to work on /home/airflow/.local/lib/python3.8/site-packages/airflow/example_dags/tutorial_dag.py
[2024-03-21T02:49:28.264+0000] {processor.py:830} INFO - Processing file /home/airflow/.local/lib/python3.8/site-packages/airflow/example_dags/tutorial_dag.py for tasks to queue
[2024-03-21T02:49:28.266+0000] {logging_mixin.py:188} INFO - [2024-03-21T02:49:28.266+0000] {dagbag.py:538} INFO - Filling up the DagBag from /home/airflow/.local/lib/python3.8/site-packages/airflow/example_dags/tutorial_dag.py
[2024-03-21T02:49:28.272+0000] {processor.py:840} INFO - DAG(s) 'tutorial_dag' retrieved from /home/airflow/.local/lib/python3.8/site-packages/airflow/example_dags/tutorial_dag.py
[2024-03-21T02:49:28.292+0000] {logging_mixin.py:188} INFO - [2024-03-21T02:49:28.292+0000] {dag.py:3036} INFO - Sync 1 DAGs
[2024-03-21T02:49:28.306+0000] {logging_mixin.py:188} INFO - [2024-03-21T02:49:28.305+0000] {dag.py:3823} INFO - Setting next_dagrun for tutorial_dag to None, run_after=None
[2024-03-21T02:49:28.332+0000] {processor.py:183} INFO - Processing /home/airflow/.local/lib/python3.8/site-packages/airflow/example_dags/tutorial_dag.py took 0.074 seconds
[2024-03-21T02:49:58.709+0000] {processor.py:161} INFO - Started process (PID=2036) to work on /home/airflow/.local/lib/python3.8/site-packages/airflow/example_dags/tutorial_dag.py
[2024-03-21T02:49:58.711+0000] {processor.py:830} INFO - Processing file /home/airflow/.local/lib/python3.8/site-packages/airflow/example_dags/tutorial_dag.py for tasks to queue
[2024-03-21T02:49:58.713+0000] {logging_mixin.py:188} INFO - [2024-03-21T02:49:58.713+0000] {dagbag.py:538} INFO - Filling up the DagBag from /home/airflow/.local/lib/python3.8/site-packages/airflow/example_dags/tutorial_dag.py
[2024-03-21T02:49:58.722+0000] {processor.py:840} INFO - DAG(s) 'tutorial_dag' retrieved from /home/airflow/.local/lib/python3.8/site-packages/airflow/example_dags/tutorial_dag.py
[2024-03-21T02:49:58.759+0000] {logging_mixin.py:188} INFO - [2024-03-21T02:49:58.758+0000] {dag.py:3036} INFO - Sync 1 DAGs
[2024-03-21T02:49:58.777+0000] {logging_mixin.py:188} INFO - [2024-03-21T02:49:58.776+0000] {dag.py:3823} INFO - Setting next_dagrun for tutorial_dag to None, run_after=None
[2024-03-21T02:49:58.806+0000] {processor.py:183} INFO - Processing /home/airflow/.local/lib/python3.8/site-packages/airflow/example_dags/tutorial_dag.py took 0.101 seconds
[2024-03-21T02:50:29.175+0000] {processor.py:161} INFO - Started process (PID=2091) to work on /home/airflow/.local/lib/python3.8/site-packages/airflow/example_dags/tutorial_dag.py
[2024-03-21T02:50:29.177+0000] {processor.py:830} INFO - Processing file /home/airflow/.local/lib/python3.8/site-packages/airflow/example_dags/tutorial_dag.py for tasks to queue
[2024-03-21T02:50:29.179+0000] {logging_mixin.py:188} INFO - [2024-03-21T02:50:29.179+0000] {dagbag.py:538} INFO - Filling up the DagBag from /home/airflow/.local/lib/python3.8/site-packages/airflow/example_dags/tutorial_dag.py
[2024-03-21T02:50:29.187+0000] {processor.py:840} INFO - DAG(s) 'tutorial_dag' retrieved from /home/airflow/.local/lib/python3.8/site-packages/airflow/example_dags/tutorial_dag.py
[2024-03-21T02:50:29.209+0000] {logging_mixin.py:188} INFO - [2024-03-21T02:50:29.209+0000] {dag.py:3036} INFO - Sync 1 DAGs
[2024-03-21T02:50:29.223+0000] {logging_mixin.py:188} INFO - [2024-03-21T02:50:29.222+0000] {dag.py:3823} INFO - Setting next_dagrun for tutorial_dag to None, run_after=None
[2024-03-21T02:50:29.244+0000] {processor.py:183} INFO - Processing /home/airflow/.local/lib/python3.8/site-packages/airflow/example_dags/tutorial_dag.py took 0.072 seconds
[2024-03-21T02:50:59.932+0000] {processor.py:161} INFO - Started process (PID=2146) to work on /home/airflow/.local/lib/python3.8/site-packages/airflow/example_dags/tutorial_dag.py
[2024-03-21T02:50:59.934+0000] {processor.py:830} INFO - Processing file /home/airflow/.local/lib/python3.8/site-packages/airflow/example_dags/tutorial_dag.py for tasks to queue
[2024-03-21T02:50:59.936+0000] {logging_mixin.py:188} INFO - [2024-03-21T02:50:59.936+0000] {dagbag.py:538} INFO - Filling up the DagBag from /home/airflow/.local/lib/python3.8/site-packages/airflow/example_dags/tutorial_dag.py
[2024-03-21T02:50:59.944+0000] {processor.py:840} INFO - DAG(s) 'tutorial_dag' retrieved from /home/airflow/.local/lib/python3.8/site-packages/airflow/example_dags/tutorial_dag.py
[2024-03-21T02:50:59.971+0000] {logging_mixin.py:188} INFO - [2024-03-21T02:50:59.971+0000] {dag.py:3036} INFO - Sync 1 DAGs
[2024-03-21T02:50:59.983+0000] {logging_mixin.py:188} INFO - [2024-03-21T02:50:59.983+0000] {dag.py:3823} INFO - Setting next_dagrun for tutorial_dag to None, run_after=None
[2024-03-21T02:51:00.009+0000] {processor.py:183} INFO - Processing /home/airflow/.local/lib/python3.8/site-packages/airflow/example_dags/tutorial_dag.py took 0.081 seconds
[2024-03-21T02:51:30.603+0000] {processor.py:161} INFO - Started process (PID=2201) to work on /home/airflow/.local/lib/python3.8/site-packages/airflow/example_dags/tutorial_dag.py
[2024-03-21T02:51:30.604+0000] {processor.py:830} INFO - Processing file /home/airflow/.local/lib/python3.8/site-packages/airflow/example_dags/tutorial_dag.py for tasks to queue
[2024-03-21T02:51:30.606+0000] {logging_mixin.py:188} INFO - [2024-03-21T02:51:30.606+0000] {dagbag.py:538} INFO - Filling up the DagBag from /home/airflow/.local/lib/python3.8/site-packages/airflow/example_dags/tutorial_dag.py
[2024-03-21T02:51:30.614+0000] {processor.py:840} INFO - DAG(s) 'tutorial_dag' retrieved from /home/airflow/.local/lib/python3.8/site-packages/airflow/example_dags/tutorial_dag.py
[2024-03-21T02:51:30.643+0000] {logging_mixin.py:188} INFO - [2024-03-21T02:51:30.643+0000] {dag.py:3036} INFO - Sync 1 DAGs
[2024-03-21T02:51:30.658+0000] {logging_mixin.py:188} INFO - [2024-03-21T02:51:30.658+0000] {dag.py:3823} INFO - Setting next_dagrun for tutorial_dag to None, run_after=None
[2024-03-21T02:51:30.684+0000] {processor.py:183} INFO - Processing /home/airflow/.local/lib/python3.8/site-packages/airflow/example_dags/tutorial_dag.py took 0.086 seconds
[2024-03-21T02:52:01.544+0000] {processor.py:161} INFO - Started process (PID=2256) to work on /home/airflow/.local/lib/python3.8/site-packages/airflow/example_dags/tutorial_dag.py
[2024-03-21T02:52:01.546+0000] {processor.py:830} INFO - Processing file /home/airflow/.local/lib/python3.8/site-packages/airflow/example_dags/tutorial_dag.py for tasks to queue
[2024-03-21T02:52:01.548+0000] {logging_mixin.py:188} INFO - [2024-03-21T02:52:01.547+0000] {dagbag.py:538} INFO - Filling up the DagBag from /home/airflow/.local/lib/python3.8/site-packages/airflow/example_dags/tutorial_dag.py
[2024-03-21T02:52:01.554+0000] {processor.py:840} INFO - DAG(s) 'tutorial_dag' retrieved from /home/airflow/.local/lib/python3.8/site-packages/airflow/example_dags/tutorial_dag.py
[2024-03-21T02:52:01.580+0000] {logging_mixin.py:188} INFO - [2024-03-21T02:52:01.579+0000] {dag.py:3036} INFO - Sync 1 DAGs
[2024-03-21T02:52:01.594+0000] {logging_mixin.py:188} INFO - [2024-03-21T02:52:01.594+0000] {dag.py:3823} INFO - Setting next_dagrun for tutorial_dag to None, run_after=None
[2024-03-21T02:52:01.619+0000] {processor.py:183} INFO - Processing /home/airflow/.local/lib/python3.8/site-packages/airflow/example_dags/tutorial_dag.py took 0.080 seconds
[2024-03-21T02:52:32.612+0000] {processor.py:161} INFO - Started process (PID=2312) to work on /home/airflow/.local/lib/python3.8/site-packages/airflow/example_dags/tutorial_dag.py
[2024-03-21T02:52:32.613+0000] {processor.py:830} INFO - Processing file /home/airflow/.local/lib/python3.8/site-packages/airflow/example_dags/tutorial_dag.py for tasks to queue
[2024-03-21T02:52:32.615+0000] {logging_mixin.py:188} INFO - [2024-03-21T02:52:32.615+0000] {dagbag.py:538} INFO - Filling up the DagBag from /home/airflow/.local/lib/python3.8/site-packages/airflow/example_dags/tutorial_dag.py
[2024-03-21T02:52:32.621+0000] {processor.py:840} INFO - DAG(s) 'tutorial_dag' retrieved from /home/airflow/.local/lib/python3.8/site-packages/airflow/example_dags/tutorial_dag.py
[2024-03-21T02:52:32.643+0000] {logging_mixin.py:188} INFO - [2024-03-21T02:52:32.642+0000] {dag.py:3036} INFO - Sync 1 DAGs
[2024-03-21T02:52:32.655+0000] {logging_mixin.py:188} INFO - [2024-03-21T02:52:32.655+0000] {dag.py:3823} INFO - Setting next_dagrun for tutorial_dag to None, run_after=None
[2024-03-21T02:52:32.678+0000] {processor.py:183} INFO - Processing /home/airflow/.local/lib/python3.8/site-packages/airflow/example_dags/tutorial_dag.py took 0.069 seconds
[2024-03-21T02:53:02.788+0000] {processor.py:161} INFO - Started process (PID=2368) to work on /home/airflow/.local/lib/python3.8/site-packages/airflow/example_dags/tutorial_dag.py
[2024-03-21T02:53:02.790+0000] {processor.py:830} INFO - Processing file /home/airflow/.local/lib/python3.8/site-packages/airflow/example_dags/tutorial_dag.py for tasks to queue
[2024-03-21T02:53:02.792+0000] {logging_mixin.py:188} INFO - [2024-03-21T02:53:02.791+0000] {dagbag.py:538} INFO - Filling up the DagBag from /home/airflow/.local/lib/python3.8/site-packages/airflow/example_dags/tutorial_dag.py
[2024-03-21T02:53:02.798+0000] {processor.py:840} INFO - DAG(s) 'tutorial_dag' retrieved from /home/airflow/.local/lib/python3.8/site-packages/airflow/example_dags/tutorial_dag.py
[2024-03-21T02:53:02.823+0000] {logging_mixin.py:188} INFO - [2024-03-21T02:53:02.822+0000] {dag.py:3036} INFO - Sync 1 DAGs
[2024-03-21T02:53:02.839+0000] {logging_mixin.py:188} INFO - [2024-03-21T02:53:02.839+0000] {dag.py:3823} INFO - Setting next_dagrun for tutorial_dag to None, run_after=None
[2024-03-21T02:53:02.865+0000] {processor.py:183} INFO - Processing /home/airflow/.local/lib/python3.8/site-packages/airflow/example_dags/tutorial_dag.py took 0.080 seconds
[2024-03-21T02:53:33.226+0000] {processor.py:161} INFO - Started process (PID=2424) to work on /home/airflow/.local/lib/python3.8/site-packages/airflow/example_dags/tutorial_dag.py
[2024-03-21T02:53:33.227+0000] {processor.py:830} INFO - Processing file /home/airflow/.local/lib/python3.8/site-packages/airflow/example_dags/tutorial_dag.py for tasks to queue
[2024-03-21T02:53:33.231+0000] {logging_mixin.py:188} INFO - [2024-03-21T02:53:33.231+0000] {dagbag.py:538} INFO - Filling up the DagBag from /home/airflow/.local/lib/python3.8/site-packages/airflow/example_dags/tutorial_dag.py
[2024-03-21T02:53:33.237+0000] {processor.py:840} INFO - DAG(s) 'tutorial_dag' retrieved from /home/airflow/.local/lib/python3.8/site-packages/airflow/example_dags/tutorial_dag.py
[2024-03-21T02:53:33.256+0000] {logging_mixin.py:188} INFO - [2024-03-21T02:53:33.256+0000] {dag.py:3036} INFO - Sync 1 DAGs
[2024-03-21T02:53:33.273+0000] {logging_mixin.py:188} INFO - [2024-03-21T02:53:33.272+0000] {dag.py:3823} INFO - Setting next_dagrun for tutorial_dag to None, run_after=None
[2024-03-21T02:53:33.309+0000] {processor.py:183} INFO - Processing /home/airflow/.local/lib/python3.8/site-packages/airflow/example_dags/tutorial_dag.py took 0.087 seconds
[2024-03-21T02:54:03.891+0000] {processor.py:161} INFO - Started process (PID=2480) to work on /home/airflow/.local/lib/python3.8/site-packages/airflow/example_dags/tutorial_dag.py
[2024-03-21T02:54:03.893+0000] {processor.py:830} INFO - Processing file /home/airflow/.local/lib/python3.8/site-packages/airflow/example_dags/tutorial_dag.py for tasks to queue
[2024-03-21T02:54:03.895+0000] {logging_mixin.py:188} INFO - [2024-03-21T02:54:03.894+0000] {dagbag.py:538} INFO - Filling up the DagBag from /home/airflow/.local/lib/python3.8/site-packages/airflow/example_dags/tutorial_dag.py
[2024-03-21T02:54:03.909+0000] {processor.py:840} INFO - DAG(s) 'tutorial_dag' retrieved from /home/airflow/.local/lib/python3.8/site-packages/airflow/example_dags/tutorial_dag.py
[2024-03-21T02:54:03.940+0000] {logging_mixin.py:188} INFO - [2024-03-21T02:54:03.940+0000] {dag.py:3036} INFO - Sync 1 DAGs
[2024-03-21T02:54:03.964+0000] {logging_mixin.py:188} INFO - [2024-03-21T02:54:03.963+0000] {dag.py:3823} INFO - Setting next_dagrun for tutorial_dag to None, run_after=None
[2024-03-21T02:54:04.005+0000] {processor.py:183} INFO - Processing /home/airflow/.local/lib/python3.8/site-packages/airflow/example_dags/tutorial_dag.py took 0.118 seconds
[2024-03-21T02:54:34.845+0000] {processor.py:161} INFO - Started process (PID=2536) to work on /home/airflow/.local/lib/python3.8/site-packages/airflow/example_dags/tutorial_dag.py
[2024-03-21T02:54:34.846+0000] {processor.py:830} INFO - Processing file /home/airflow/.local/lib/python3.8/site-packages/airflow/example_dags/tutorial_dag.py for tasks to queue
[2024-03-21T02:54:34.848+0000] {logging_mixin.py:188} INFO - [2024-03-21T02:54:34.847+0000] {dagbag.py:538} INFO - Filling up the DagBag from /home/airflow/.local/lib/python3.8/site-packages/airflow/example_dags/tutorial_dag.py
[2024-03-21T02:54:34.853+0000] {processor.py:840} INFO - DAG(s) 'tutorial_dag' retrieved from /home/airflow/.local/lib/python3.8/site-packages/airflow/example_dags/tutorial_dag.py
[2024-03-21T02:54:34.880+0000] {logging_mixin.py:188} INFO - [2024-03-21T02:54:34.879+0000] {dag.py:3036} INFO - Sync 1 DAGs
[2024-03-21T02:54:34.896+0000] {logging_mixin.py:188} INFO - [2024-03-21T02:54:34.895+0000] {dag.py:3823} INFO - Setting next_dagrun for tutorial_dag to None, run_after=None
[2024-03-21T02:54:34.922+0000] {processor.py:183} INFO - Processing /home/airflow/.local/lib/python3.8/site-packages/airflow/example_dags/tutorial_dag.py took 0.081 seconds
[2024-03-21T02:55:05.228+0000] {processor.py:161} INFO - Started process (PID=2592) to work on /home/airflow/.local/lib/python3.8/site-packages/airflow/example_dags/tutorial_dag.py
[2024-03-21T02:55:05.230+0000] {processor.py:830} INFO - Processing file /home/airflow/.local/lib/python3.8/site-packages/airflow/example_dags/tutorial_dag.py for tasks to queue
[2024-03-21T02:55:05.233+0000] {logging_mixin.py:188} INFO - [2024-03-21T02:55:05.233+0000] {dagbag.py:538} INFO - Filling up the DagBag from /home/airflow/.local/lib/python3.8/site-packages/airflow/example_dags/tutorial_dag.py
[2024-03-21T02:55:05.243+0000] {processor.py:840} INFO - DAG(s) 'tutorial_dag' retrieved from /home/airflow/.local/lib/python3.8/site-packages/airflow/example_dags/tutorial_dag.py
[2024-03-21T02:55:05.291+0000] {logging_mixin.py:188} INFO - [2024-03-21T02:55:05.290+0000] {dag.py:3036} INFO - Sync 1 DAGs
[2024-03-21T02:55:05.319+0000] {logging_mixin.py:188} INFO - [2024-03-21T02:55:05.318+0000] {dag.py:3823} INFO - Setting next_dagrun for tutorial_dag to None, run_after=None
[2024-03-21T02:55:05.362+0000] {processor.py:183} INFO - Processing /home/airflow/.local/lib/python3.8/site-packages/airflow/example_dags/tutorial_dag.py took 0.140 seconds
[2024-03-21T02:55:35.501+0000] {processor.py:161} INFO - Started process (PID=2648) to work on /home/airflow/.local/lib/python3.8/site-packages/airflow/example_dags/tutorial_dag.py
[2024-03-21T02:55:35.502+0000] {processor.py:830} INFO - Processing file /home/airflow/.local/lib/python3.8/site-packages/airflow/example_dags/tutorial_dag.py for tasks to queue
[2024-03-21T02:55:35.505+0000] {logging_mixin.py:188} INFO - [2024-03-21T02:55:35.504+0000] {dagbag.py:538} INFO - Filling up the DagBag from /home/airflow/.local/lib/python3.8/site-packages/airflow/example_dags/tutorial_dag.py
[2024-03-21T02:55:35.510+0000] {processor.py:840} INFO - DAG(s) 'tutorial_dag' retrieved from /home/airflow/.local/lib/python3.8/site-packages/airflow/example_dags/tutorial_dag.py
[2024-03-21T02:55:35.644+0000] {logging_mixin.py:188} INFO - [2024-03-21T02:55:35.643+0000] {dag.py:3036} INFO - Sync 1 DAGs
[2024-03-21T02:55:35.659+0000] {logging_mixin.py:188} INFO - [2024-03-21T02:55:35.659+0000] {dag.py:3823} INFO - Setting next_dagrun for tutorial_dag to None, run_after=None
[2024-03-21T02:55:35.891+0000] {processor.py:183} INFO - Processing /home/airflow/.local/lib/python3.8/site-packages/airflow/example_dags/tutorial_dag.py took 0.393 seconds
[2024-03-21T02:56:06.524+0000] {processor.py:161} INFO - Started process (PID=2704) to work on /home/airflow/.local/lib/python3.8/site-packages/airflow/example_dags/tutorial_dag.py
[2024-03-21T02:56:06.526+0000] {processor.py:830} INFO - Processing file /home/airflow/.local/lib/python3.8/site-packages/airflow/example_dags/tutorial_dag.py for tasks to queue
[2024-03-21T02:56:06.528+0000] {logging_mixin.py:188} INFO - [2024-03-21T02:56:06.528+0000] {dagbag.py:538} INFO - Filling up the DagBag from /home/airflow/.local/lib/python3.8/site-packages/airflow/example_dags/tutorial_dag.py
[2024-03-21T02:56:06.537+0000] {processor.py:840} INFO - DAG(s) 'tutorial_dag' retrieved from /home/airflow/.local/lib/python3.8/site-packages/airflow/example_dags/tutorial_dag.py
[2024-03-21T02:56:06.566+0000] {logging_mixin.py:188} INFO - [2024-03-21T02:56:06.565+0000] {dag.py:3036} INFO - Sync 1 DAGs
[2024-03-21T02:56:06.584+0000] {logging_mixin.py:188} INFO - [2024-03-21T02:56:06.584+0000] {dag.py:3823} INFO - Setting next_dagrun for tutorial_dag to None, run_after=None
[2024-03-21T02:56:06.612+0000] {processor.py:183} INFO - Processing /home/airflow/.local/lib/python3.8/site-packages/airflow/example_dags/tutorial_dag.py took 0.092 seconds
[2024-03-21T02:56:37.236+0000] {processor.py:161} INFO - Started process (PID=2760) to work on /home/airflow/.local/lib/python3.8/site-packages/airflow/example_dags/tutorial_dag.py
[2024-03-21T02:56:37.237+0000] {processor.py:830} INFO - Processing file /home/airflow/.local/lib/python3.8/site-packages/airflow/example_dags/tutorial_dag.py for tasks to queue
[2024-03-21T02:56:37.239+0000] {logging_mixin.py:188} INFO - [2024-03-21T02:56:37.239+0000] {dagbag.py:538} INFO - Filling up the DagBag from /home/airflow/.local/lib/python3.8/site-packages/airflow/example_dags/tutorial_dag.py
[2024-03-21T02:56:37.244+0000] {processor.py:840} INFO - DAG(s) 'tutorial_dag' retrieved from /home/airflow/.local/lib/python3.8/site-packages/airflow/example_dags/tutorial_dag.py
[2024-03-21T02:56:37.263+0000] {logging_mixin.py:188} INFO - [2024-03-21T02:56:37.263+0000] {dag.py:3036} INFO - Sync 1 DAGs
[2024-03-21T02:56:37.277+0000] {logging_mixin.py:188} INFO - [2024-03-21T02:56:37.277+0000] {dag.py:3823} INFO - Setting next_dagrun for tutorial_dag to None, run_after=None
[2024-03-21T02:56:37.300+0000] {processor.py:183} INFO - Processing /home/airflow/.local/lib/python3.8/site-packages/airflow/example_dags/tutorial_dag.py took 0.066 seconds
[2024-03-21T02:57:07.749+0000] {processor.py:161} INFO - Started process (PID=2816) to work on /home/airflow/.local/lib/python3.8/site-packages/airflow/example_dags/tutorial_dag.py
[2024-03-21T02:57:07.750+0000] {processor.py:830} INFO - Processing file /home/airflow/.local/lib/python3.8/site-packages/airflow/example_dags/tutorial_dag.py for tasks to queue
[2024-03-21T02:57:07.753+0000] {logging_mixin.py:188} INFO - [2024-03-21T02:57:07.752+0000] {dagbag.py:538} INFO - Filling up the DagBag from /home/airflow/.local/lib/python3.8/site-packages/airflow/example_dags/tutorial_dag.py
[2024-03-21T02:57:07.758+0000] {processor.py:840} INFO - DAG(s) 'tutorial_dag' retrieved from /home/airflow/.local/lib/python3.8/site-packages/airflow/example_dags/tutorial_dag.py
[2024-03-21T02:57:07.778+0000] {logging_mixin.py:188} INFO - [2024-03-21T02:57:07.778+0000] {dag.py:3036} INFO - Sync 1 DAGs
[2024-03-21T02:57:07.791+0000] {logging_mixin.py:188} INFO - [2024-03-21T02:57:07.790+0000] {dag.py:3823} INFO - Setting next_dagrun for tutorial_dag to None, run_after=None
[2024-03-21T02:57:07.817+0000] {processor.py:183} INFO - Processing /home/airflow/.local/lib/python3.8/site-packages/airflow/example_dags/tutorial_dag.py took 0.071 seconds
[2024-03-21T02:57:37.997+0000] {processor.py:161} INFO - Started process (PID=2872) to work on /home/airflow/.local/lib/python3.8/site-packages/airflow/example_dags/tutorial_dag.py
[2024-03-21T02:57:37.999+0000] {processor.py:830} INFO - Processing file /home/airflow/.local/lib/python3.8/site-packages/airflow/example_dags/tutorial_dag.py for tasks to queue
[2024-03-21T02:57:38.001+0000] {logging_mixin.py:188} INFO - [2024-03-21T02:57:38.001+0000] {dagbag.py:538} INFO - Filling up the DagBag from /home/airflow/.local/lib/python3.8/site-packages/airflow/example_dags/tutorial_dag.py
[2024-03-21T02:57:38.009+0000] {processor.py:840} INFO - DAG(s) 'tutorial_dag' retrieved from /home/airflow/.local/lib/python3.8/site-packages/airflow/example_dags/tutorial_dag.py
[2024-03-21T02:57:38.031+0000] {logging_mixin.py:188} INFO - [2024-03-21T02:57:38.030+0000] {dag.py:3036} INFO - Sync 1 DAGs
[2024-03-21T02:57:38.045+0000] {logging_mixin.py:188} INFO - [2024-03-21T02:57:38.044+0000] {dag.py:3823} INFO - Setting next_dagrun for tutorial_dag to None, run_after=None
[2024-03-21T02:57:38.065+0000] {processor.py:183} INFO - Processing /home/airflow/.local/lib/python3.8/site-packages/airflow/example_dags/tutorial_dag.py took 0.071 seconds
[2024-03-21T02:58:08.625+0000] {processor.py:161} INFO - Started process (PID=2928) to work on /home/airflow/.local/lib/python3.8/site-packages/airflow/example_dags/tutorial_dag.py
[2024-03-21T02:58:08.627+0000] {processor.py:830} INFO - Processing file /home/airflow/.local/lib/python3.8/site-packages/airflow/example_dags/tutorial_dag.py for tasks to queue
[2024-03-21T02:58:08.630+0000] {logging_mixin.py:188} INFO - [2024-03-21T02:58:08.629+0000] {dagbag.py:538} INFO - Filling up the DagBag from /home/airflow/.local/lib/python3.8/site-packages/airflow/example_dags/tutorial_dag.py
[2024-03-21T02:58:08.641+0000] {processor.py:840} INFO - DAG(s) 'tutorial_dag' retrieved from /home/airflow/.local/lib/python3.8/site-packages/airflow/example_dags/tutorial_dag.py
[2024-03-21T02:58:08.671+0000] {logging_mixin.py:188} INFO - [2024-03-21T02:58:08.671+0000] {dag.py:3036} INFO - Sync 1 DAGs
[2024-03-21T02:58:08.692+0000] {logging_mixin.py:188} INFO - [2024-03-21T02:58:08.692+0000] {dag.py:3823} INFO - Setting next_dagrun for tutorial_dag to None, run_after=None
[2024-03-21T02:58:08.728+0000] {processor.py:183} INFO - Processing /home/airflow/.local/lib/python3.8/site-packages/airflow/example_dags/tutorial_dag.py took 0.108 seconds
[2024-03-21T02:58:39.375+0000] {processor.py:161} INFO - Started process (PID=2984) to work on /home/airflow/.local/lib/python3.8/site-packages/airflow/example_dags/tutorial_dag.py
[2024-03-21T02:58:39.377+0000] {processor.py:830} INFO - Processing file /home/airflow/.local/lib/python3.8/site-packages/airflow/example_dags/tutorial_dag.py for tasks to queue
[2024-03-21T02:58:39.381+0000] {logging_mixin.py:188} INFO - [2024-03-21T02:58:39.380+0000] {dagbag.py:538} INFO - Filling up the DagBag from /home/airflow/.local/lib/python3.8/site-packages/airflow/example_dags/tutorial_dag.py
[2024-03-21T02:58:39.600+0000] {processor.py:840} INFO - DAG(s) 'tutorial_dag' retrieved from /home/airflow/.local/lib/python3.8/site-packages/airflow/example_dags/tutorial_dag.py
[2024-03-21T02:58:39.641+0000] {logging_mixin.py:188} INFO - [2024-03-21T02:58:39.640+0000] {dag.py:3036} INFO - Sync 1 DAGs
[2024-03-21T02:58:39.667+0000] {logging_mixin.py:188} INFO - [2024-03-21T02:58:39.667+0000] {dag.py:3823} INFO - Setting next_dagrun for tutorial_dag to None, run_after=None
[2024-03-21T02:58:39.712+0000] {processor.py:183} INFO - Processing /home/airflow/.local/lib/python3.8/site-packages/airflow/example_dags/tutorial_dag.py took 0.343 seconds
[2024-03-21T02:59:09.781+0000] {processor.py:161} INFO - Started process (PID=3041) to work on /home/airflow/.local/lib/python3.8/site-packages/airflow/example_dags/tutorial_dag.py
[2024-03-21T02:59:09.783+0000] {processor.py:830} INFO - Processing file /home/airflow/.local/lib/python3.8/site-packages/airflow/example_dags/tutorial_dag.py for tasks to queue
[2024-03-21T02:59:09.785+0000] {logging_mixin.py:188} INFO - [2024-03-21T02:59:09.784+0000] {dagbag.py:538} INFO - Filling up the DagBag from /home/airflow/.local/lib/python3.8/site-packages/airflow/example_dags/tutorial_dag.py
[2024-03-21T02:59:09.790+0000] {processor.py:840} INFO - DAG(s) 'tutorial_dag' retrieved from /home/airflow/.local/lib/python3.8/site-packages/airflow/example_dags/tutorial_dag.py
[2024-03-21T02:59:09.813+0000] {logging_mixin.py:188} INFO - [2024-03-21T02:59:09.812+0000] {dag.py:3036} INFO - Sync 1 DAGs
[2024-03-21T02:59:09.827+0000] {logging_mixin.py:188} INFO - [2024-03-21T02:59:09.827+0000] {dag.py:3823} INFO - Setting next_dagrun for tutorial_dag to None, run_after=None
[2024-03-21T02:59:09.849+0000] {processor.py:183} INFO - Processing /home/airflow/.local/lib/python3.8/site-packages/airflow/example_dags/tutorial_dag.py took 0.071 seconds
[2024-03-21T02:59:39.956+0000] {processor.py:161} INFO - Started process (PID=3097) to work on /home/airflow/.local/lib/python3.8/site-packages/airflow/example_dags/tutorial_dag.py
[2024-03-21T02:59:39.957+0000] {processor.py:830} INFO - Processing file /home/airflow/.local/lib/python3.8/site-packages/airflow/example_dags/tutorial_dag.py for tasks to queue
[2024-03-21T02:59:39.959+0000] {logging_mixin.py:188} INFO - [2024-03-21T02:59:39.959+0000] {dagbag.py:538} INFO - Filling up the DagBag from /home/airflow/.local/lib/python3.8/site-packages/airflow/example_dags/tutorial_dag.py
[2024-03-21T02:59:39.965+0000] {processor.py:840} INFO - DAG(s) 'tutorial_dag' retrieved from /home/airflow/.local/lib/python3.8/site-packages/airflow/example_dags/tutorial_dag.py
[2024-03-21T02:59:39.985+0000] {logging_mixin.py:188} INFO - [2024-03-21T02:59:39.985+0000] {dag.py:3036} INFO - Sync 1 DAGs
[2024-03-21T02:59:39.997+0000] {logging_mixin.py:188} INFO - [2024-03-21T02:59:39.997+0000] {dag.py:3823} INFO - Setting next_dagrun for tutorial_dag to None, run_after=None
[2024-03-21T02:59:40.016+0000] {processor.py:183} INFO - Processing /home/airflow/.local/lib/python3.8/site-packages/airflow/example_dags/tutorial_dag.py took 0.062 seconds
[2024-03-21T03:00:10.366+0000] {processor.py:161} INFO - Started process (PID=3154) to work on /home/airflow/.local/lib/python3.8/site-packages/airflow/example_dags/tutorial_dag.py
[2024-03-21T03:00:10.367+0000] {processor.py:830} INFO - Processing file /home/airflow/.local/lib/python3.8/site-packages/airflow/example_dags/tutorial_dag.py for tasks to queue
[2024-03-21T03:00:10.370+0000] {logging_mixin.py:188} INFO - [2024-03-21T03:00:10.369+0000] {dagbag.py:538} INFO - Filling up the DagBag from /home/airflow/.local/lib/python3.8/site-packages/airflow/example_dags/tutorial_dag.py
[2024-03-21T03:00:10.376+0000] {processor.py:840} INFO - DAG(s) 'tutorial_dag' retrieved from /home/airflow/.local/lib/python3.8/site-packages/airflow/example_dags/tutorial_dag.py
[2024-03-21T03:00:10.407+0000] {logging_mixin.py:188} INFO - [2024-03-21T03:00:10.407+0000] {dag.py:3036} INFO - Sync 1 DAGs
[2024-03-21T03:00:10.422+0000] {logging_mixin.py:188} INFO - [2024-03-21T03:00:10.422+0000] {dag.py:3823} INFO - Setting next_dagrun for tutorial_dag to None, run_after=None
[2024-03-21T03:00:10.448+0000] {processor.py:183} INFO - Processing /home/airflow/.local/lib/python3.8/site-packages/airflow/example_dags/tutorial_dag.py took 0.086 seconds
[2024-03-21T03:00:40.610+0000] {processor.py:161} INFO - Started process (PID=3210) to work on /home/airflow/.local/lib/python3.8/site-packages/airflow/example_dags/tutorial_dag.py
[2024-03-21T03:00:40.612+0000] {processor.py:830} INFO - Processing file /home/airflow/.local/lib/python3.8/site-packages/airflow/example_dags/tutorial_dag.py for tasks to queue
[2024-03-21T03:00:40.614+0000] {logging_mixin.py:188} INFO - [2024-03-21T03:00:40.613+0000] {dagbag.py:538} INFO - Filling up the DagBag from /home/airflow/.local/lib/python3.8/site-packages/airflow/example_dags/tutorial_dag.py
[2024-03-21T03:00:40.621+0000] {processor.py:840} INFO - DAG(s) 'tutorial_dag' retrieved from /home/airflow/.local/lib/python3.8/site-packages/airflow/example_dags/tutorial_dag.py
[2024-03-21T03:00:40.647+0000] {logging_mixin.py:188} INFO - [2024-03-21T03:00:40.646+0000] {dag.py:3036} INFO - Sync 1 DAGs
[2024-03-21T03:00:40.661+0000] {logging_mixin.py:188} INFO - [2024-03-21T03:00:40.660+0000] {dag.py:3823} INFO - Setting next_dagrun for tutorial_dag to None, run_after=None
[2024-03-21T03:00:40.683+0000] {processor.py:183} INFO - Processing /home/airflow/.local/lib/python3.8/site-packages/airflow/example_dags/tutorial_dag.py took 0.077 seconds
[2024-03-21T03:02:44.462+0000] {processor.py:161} INFO - Started process (PID=52) to work on /home/airflow/.local/lib/python3.8/site-packages/airflow/example_dags/tutorial_dag.py
[2024-03-21T03:02:44.463+0000] {processor.py:830} INFO - Processing file /home/airflow/.local/lib/python3.8/site-packages/airflow/example_dags/tutorial_dag.py for tasks to queue
[2024-03-21T03:02:44.466+0000] {logging_mixin.py:188} INFO - [2024-03-21T03:02:44.465+0000] {dagbag.py:538} INFO - Filling up the DagBag from /home/airflow/.local/lib/python3.8/site-packages/airflow/example_dags/tutorial_dag.py
[2024-03-21T03:02:44.479+0000] {processor.py:840} INFO - DAG(s) 'tutorial_dag' retrieved from /home/airflow/.local/lib/python3.8/site-packages/airflow/example_dags/tutorial_dag.py
[2024-03-21T03:02:44.496+0000] {logging_mixin.py:188} INFO - [2024-03-21T03:02:44.496+0000] {dag.py:3036} INFO - Sync 1 DAGs
[2024-03-21T03:02:44.513+0000] {logging_mixin.py:188} INFO - [2024-03-21T03:02:44.512+0000] {dag.py:3823} INFO - Setting next_dagrun for tutorial_dag to None, run_after=None
[2024-03-21T03:02:44.535+0000] {processor.py:183} INFO - Processing /home/airflow/.local/lib/python3.8/site-packages/airflow/example_dags/tutorial_dag.py took 0.076 seconds
[2024-03-21T03:03:15.209+0000] {processor.py:161} INFO - Started process (PID=108) to work on /home/airflow/.local/lib/python3.8/site-packages/airflow/example_dags/tutorial_dag.py
[2024-03-21T03:03:15.211+0000] {processor.py:830} INFO - Processing file /home/airflow/.local/lib/python3.8/site-packages/airflow/example_dags/tutorial_dag.py for tasks to queue
[2024-03-21T03:03:15.213+0000] {logging_mixin.py:188} INFO - [2024-03-21T03:03:15.213+0000] {dagbag.py:538} INFO - Filling up the DagBag from /home/airflow/.local/lib/python3.8/site-packages/airflow/example_dags/tutorial_dag.py
[2024-03-21T03:03:15.219+0000] {processor.py:840} INFO - DAG(s) 'tutorial_dag' retrieved from /home/airflow/.local/lib/python3.8/site-packages/airflow/example_dags/tutorial_dag.py
[2024-03-21T03:03:15.317+0000] {logging_mixin.py:188} INFO - [2024-03-21T03:03:15.317+0000] {dag.py:3036} INFO - Sync 1 DAGs
[2024-03-21T03:03:15.329+0000] {logging_mixin.py:188} INFO - [2024-03-21T03:03:15.329+0000] {dag.py:3823} INFO - Setting next_dagrun for tutorial_dag to None, run_after=None
[2024-03-21T03:03:15.349+0000] {processor.py:183} INFO - Processing /home/airflow/.local/lib/python3.8/site-packages/airflow/example_dags/tutorial_dag.py took 0.143 seconds
[2024-03-21T03:03:45.531+0000] {processor.py:161} INFO - Started process (PID=164) to work on /home/airflow/.local/lib/python3.8/site-packages/airflow/example_dags/tutorial_dag.py
[2024-03-21T03:03:45.533+0000] {processor.py:830} INFO - Processing file /home/airflow/.local/lib/python3.8/site-packages/airflow/example_dags/tutorial_dag.py for tasks to queue
[2024-03-21T03:03:45.536+0000] {logging_mixin.py:188} INFO - [2024-03-21T03:03:45.535+0000] {dagbag.py:538} INFO - Filling up the DagBag from /home/airflow/.local/lib/python3.8/site-packages/airflow/example_dags/tutorial_dag.py
[2024-03-21T03:03:45.543+0000] {processor.py:840} INFO - DAG(s) 'tutorial_dag' retrieved from /home/airflow/.local/lib/python3.8/site-packages/airflow/example_dags/tutorial_dag.py
[2024-03-21T03:03:45.566+0000] {logging_mixin.py:188} INFO - [2024-03-21T03:03:45.565+0000] {dag.py:3036} INFO - Sync 1 DAGs
[2024-03-21T03:03:45.580+0000] {logging_mixin.py:188} INFO - [2024-03-21T03:03:45.580+0000] {dag.py:3823} INFO - Setting next_dagrun for tutorial_dag to None, run_after=None
[2024-03-21T03:03:45.603+0000] {processor.py:183} INFO - Processing /home/airflow/.local/lib/python3.8/site-packages/airflow/example_dags/tutorial_dag.py took 0.077 seconds
[2024-03-21T03:04:15.847+0000] {processor.py:161} INFO - Started process (PID=234) to work on /home/airflow/.local/lib/python3.8/site-packages/airflow/example_dags/tutorial_dag.py
[2024-03-21T03:04:15.848+0000] {processor.py:830} INFO - Processing file /home/airflow/.local/lib/python3.8/site-packages/airflow/example_dags/tutorial_dag.py for tasks to queue
[2024-03-21T03:04:15.851+0000] {logging_mixin.py:188} INFO - [2024-03-21T03:04:15.851+0000] {dagbag.py:538} INFO - Filling up the DagBag from /home/airflow/.local/lib/python3.8/site-packages/airflow/example_dags/tutorial_dag.py
[2024-03-21T03:04:15.858+0000] {processor.py:840} INFO - DAG(s) 'tutorial_dag' retrieved from /home/airflow/.local/lib/python3.8/site-packages/airflow/example_dags/tutorial_dag.py
[2024-03-21T03:04:15.880+0000] {logging_mixin.py:188} INFO - [2024-03-21T03:04:15.880+0000] {dag.py:3036} INFO - Sync 1 DAGs
[2024-03-21T03:04:15.894+0000] {logging_mixin.py:188} INFO - [2024-03-21T03:04:15.894+0000] {dag.py:3823} INFO - Setting next_dagrun for tutorial_dag to None, run_after=None
[2024-03-21T03:04:15.916+0000] {processor.py:183} INFO - Processing /home/airflow/.local/lib/python3.8/site-packages/airflow/example_dags/tutorial_dag.py took 0.073 seconds
[2024-03-21T03:04:46.182+0000] {processor.py:161} INFO - Started process (PID=290) to work on /home/airflow/.local/lib/python3.8/site-packages/airflow/example_dags/tutorial_dag.py
[2024-03-21T03:04:46.184+0000] {processor.py:830} INFO - Processing file /home/airflow/.local/lib/python3.8/site-packages/airflow/example_dags/tutorial_dag.py for tasks to queue
[2024-03-21T03:04:46.186+0000] {logging_mixin.py:188} INFO - [2024-03-21T03:04:46.186+0000] {dagbag.py:538} INFO - Filling up the DagBag from /home/airflow/.local/lib/python3.8/site-packages/airflow/example_dags/tutorial_dag.py
[2024-03-21T03:04:46.193+0000] {processor.py:840} INFO - DAG(s) 'tutorial_dag' retrieved from /home/airflow/.local/lib/python3.8/site-packages/airflow/example_dags/tutorial_dag.py
[2024-03-21T03:04:46.218+0000] {logging_mixin.py:188} INFO - [2024-03-21T03:04:46.218+0000] {dag.py:3036} INFO - Sync 1 DAGs
[2024-03-21T03:04:46.234+0000] {logging_mixin.py:188} INFO - [2024-03-21T03:04:46.234+0000] {dag.py:3823} INFO - Setting next_dagrun for tutorial_dag to None, run_after=None
[2024-03-21T03:04:46.261+0000] {processor.py:183} INFO - Processing /home/airflow/.local/lib/python3.8/site-packages/airflow/example_dags/tutorial_dag.py took 0.084 seconds
[2024-03-21T03:05:16.334+0000] {processor.py:161} INFO - Started process (PID=346) to work on /home/airflow/.local/lib/python3.8/site-packages/airflow/example_dags/tutorial_dag.py
[2024-03-21T03:05:16.335+0000] {processor.py:830} INFO - Processing file /home/airflow/.local/lib/python3.8/site-packages/airflow/example_dags/tutorial_dag.py for tasks to queue
[2024-03-21T03:05:16.337+0000] {logging_mixin.py:188} INFO - [2024-03-21T03:05:16.337+0000] {dagbag.py:538} INFO - Filling up the DagBag from /home/airflow/.local/lib/python3.8/site-packages/airflow/example_dags/tutorial_dag.py
[2024-03-21T03:05:16.342+0000] {processor.py:840} INFO - DAG(s) 'tutorial_dag' retrieved from /home/airflow/.local/lib/python3.8/site-packages/airflow/example_dags/tutorial_dag.py
[2024-03-21T03:05:16.365+0000] {logging_mixin.py:188} INFO - [2024-03-21T03:05:16.365+0000] {dag.py:3036} INFO - Sync 1 DAGs
[2024-03-21T03:05:16.379+0000] {logging_mixin.py:188} INFO - [2024-03-21T03:05:16.379+0000] {dag.py:3823} INFO - Setting next_dagrun for tutorial_dag to None, run_after=None
[2024-03-21T03:05:16.399+0000] {processor.py:183} INFO - Processing /home/airflow/.local/lib/python3.8/site-packages/airflow/example_dags/tutorial_dag.py took 0.068 seconds
[2024-03-21T03:05:46.564+0000] {processor.py:161} INFO - Started process (PID=409) to work on /home/airflow/.local/lib/python3.8/site-packages/airflow/example_dags/tutorial_dag.py
[2024-03-21T03:05:46.566+0000] {processor.py:830} INFO - Processing file /home/airflow/.local/lib/python3.8/site-packages/airflow/example_dags/tutorial_dag.py for tasks to queue
[2024-03-21T03:05:46.569+0000] {logging_mixin.py:188} INFO - [2024-03-21T03:05:46.568+0000] {dagbag.py:538} INFO - Filling up the DagBag from /home/airflow/.local/lib/python3.8/site-packages/airflow/example_dags/tutorial_dag.py
[2024-03-21T03:05:46.578+0000] {processor.py:840} INFO - DAG(s) 'tutorial_dag' retrieved from /home/airflow/.local/lib/python3.8/site-packages/airflow/example_dags/tutorial_dag.py
[2024-03-21T03:05:46.610+0000] {logging_mixin.py:188} INFO - [2024-03-21T03:05:46.610+0000] {dag.py:3036} INFO - Sync 1 DAGs
[2024-03-21T03:05:46.629+0000] {logging_mixin.py:188} INFO - [2024-03-21T03:05:46.629+0000] {dag.py:3823} INFO - Setting next_dagrun for tutorial_dag to None, run_after=None
[2024-03-21T03:05:46.668+0000] {processor.py:183} INFO - Processing /home/airflow/.local/lib/python3.8/site-packages/airflow/example_dags/tutorial_dag.py took 0.109 seconds
[2024-03-21T03:06:17.131+0000] {processor.py:161} INFO - Started process (PID=465) to work on /home/airflow/.local/lib/python3.8/site-packages/airflow/example_dags/tutorial_dag.py
[2024-03-21T03:06:17.133+0000] {processor.py:830} INFO - Processing file /home/airflow/.local/lib/python3.8/site-packages/airflow/example_dags/tutorial_dag.py for tasks to queue
[2024-03-21T03:06:17.135+0000] {logging_mixin.py:188} INFO - [2024-03-21T03:06:17.134+0000] {dagbag.py:538} INFO - Filling up the DagBag from /home/airflow/.local/lib/python3.8/site-packages/airflow/example_dags/tutorial_dag.py
[2024-03-21T03:06:17.141+0000] {processor.py:840} INFO - DAG(s) 'tutorial_dag' retrieved from /home/airflow/.local/lib/python3.8/site-packages/airflow/example_dags/tutorial_dag.py
[2024-03-21T03:06:17.164+0000] {logging_mixin.py:188} INFO - [2024-03-21T03:06:17.163+0000] {dag.py:3036} INFO - Sync 1 DAGs
[2024-03-21T03:06:17.180+0000] {logging_mixin.py:188} INFO - [2024-03-21T03:06:17.180+0000] {dag.py:3823} INFO - Setting next_dagrun for tutorial_dag to None, run_after=None
[2024-03-21T03:06:17.204+0000] {processor.py:183} INFO - Processing /home/airflow/.local/lib/python3.8/site-packages/airflow/example_dags/tutorial_dag.py took 0.077 seconds
[2024-03-21T03:06:47.379+0000] {processor.py:161} INFO - Started process (PID=521) to work on /home/airflow/.local/lib/python3.8/site-packages/airflow/example_dags/tutorial_dag.py
[2024-03-21T03:06:47.381+0000] {processor.py:830} INFO - Processing file /home/airflow/.local/lib/python3.8/site-packages/airflow/example_dags/tutorial_dag.py for tasks to queue
[2024-03-21T03:06:47.383+0000] {logging_mixin.py:188} INFO - [2024-03-21T03:06:47.383+0000] {dagbag.py:538} INFO - Filling up the DagBag from /home/airflow/.local/lib/python3.8/site-packages/airflow/example_dags/tutorial_dag.py
[2024-03-21T03:06:47.390+0000] {processor.py:840} INFO - DAG(s) 'tutorial_dag' retrieved from /home/airflow/.local/lib/python3.8/site-packages/airflow/example_dags/tutorial_dag.py
[2024-03-21T03:06:47.419+0000] {logging_mixin.py:188} INFO - [2024-03-21T03:06:47.418+0000] {dag.py:3036} INFO - Sync 1 DAGs
[2024-03-21T03:06:47.435+0000] {logging_mixin.py:188} INFO - [2024-03-21T03:06:47.435+0000] {dag.py:3823} INFO - Setting next_dagrun for tutorial_dag to None, run_after=None
[2024-03-21T03:06:47.457+0000] {processor.py:183} INFO - Processing /home/airflow/.local/lib/python3.8/site-packages/airflow/example_dags/tutorial_dag.py took 0.083 seconds
[2024-03-21T03:07:17.971+0000] {processor.py:161} INFO - Started process (PID=577) to work on /home/airflow/.local/lib/python3.8/site-packages/airflow/example_dags/tutorial_dag.py
[2024-03-21T03:07:17.973+0000] {processor.py:830} INFO - Processing file /home/airflow/.local/lib/python3.8/site-packages/airflow/example_dags/tutorial_dag.py for tasks to queue
[2024-03-21T03:07:17.976+0000] {logging_mixin.py:188} INFO - [2024-03-21T03:07:17.976+0000] {dagbag.py:538} INFO - Filling up the DagBag from /home/airflow/.local/lib/python3.8/site-packages/airflow/example_dags/tutorial_dag.py
[2024-03-21T03:07:17.983+0000] {processor.py:840} INFO - DAG(s) 'tutorial_dag' retrieved from /home/airflow/.local/lib/python3.8/site-packages/airflow/example_dags/tutorial_dag.py
[2024-03-21T03:07:18.004+0000] {logging_mixin.py:188} INFO - [2024-03-21T03:07:18.004+0000] {dag.py:3036} INFO - Sync 1 DAGs
[2024-03-21T03:07:18.018+0000] {logging_mixin.py:188} INFO - [2024-03-21T03:07:18.018+0000] {dag.py:3823} INFO - Setting next_dagrun for tutorial_dag to None, run_after=None
[2024-03-21T03:07:18.039+0000] {processor.py:183} INFO - Processing /home/airflow/.local/lib/python3.8/site-packages/airflow/example_dags/tutorial_dag.py took 0.072 seconds
[2024-03-21T03:07:48.246+0000] {processor.py:161} INFO - Started process (PID=633) to work on /home/airflow/.local/lib/python3.8/site-packages/airflow/example_dags/tutorial_dag.py
[2024-03-21T03:07:48.247+0000] {processor.py:830} INFO - Processing file /home/airflow/.local/lib/python3.8/site-packages/airflow/example_dags/tutorial_dag.py for tasks to queue
[2024-03-21T03:07:48.250+0000] {logging_mixin.py:188} INFO - [2024-03-21T03:07:48.250+0000] {dagbag.py:538} INFO - Filling up the DagBag from /home/airflow/.local/lib/python3.8/site-packages/airflow/example_dags/tutorial_dag.py
[2024-03-21T03:07:48.257+0000] {processor.py:840} INFO - DAG(s) 'tutorial_dag' retrieved from /home/airflow/.local/lib/python3.8/site-packages/airflow/example_dags/tutorial_dag.py
[2024-03-21T03:07:48.272+0000] {logging_mixin.py:188} INFO - [2024-03-21T03:07:48.272+0000] {dag.py:3036} INFO - Sync 1 DAGs
[2024-03-21T03:07:48.289+0000] {logging_mixin.py:188} INFO - [2024-03-21T03:07:48.289+0000] {dag.py:3823} INFO - Setting next_dagrun for tutorial_dag to None, run_after=None
[2024-03-21T03:07:48.322+0000] {processor.py:183} INFO - Processing /home/airflow/.local/lib/python3.8/site-packages/airflow/example_dags/tutorial_dag.py took 0.081 seconds
[2024-03-21T03:08:18.914+0000] {processor.py:161} INFO - Started process (PID=694) to work on /home/airflow/.local/lib/python3.8/site-packages/airflow/example_dags/tutorial_dag.py
[2024-03-21T03:08:18.916+0000] {processor.py:830} INFO - Processing file /home/airflow/.local/lib/python3.8/site-packages/airflow/example_dags/tutorial_dag.py for tasks to queue
[2024-03-21T03:08:18.918+0000] {logging_mixin.py:188} INFO - [2024-03-21T03:08:18.917+0000] {dagbag.py:538} INFO - Filling up the DagBag from /home/airflow/.local/lib/python3.8/site-packages/airflow/example_dags/tutorial_dag.py
[2024-03-21T03:08:18.924+0000] {processor.py:840} INFO - DAG(s) 'tutorial_dag' retrieved from /home/airflow/.local/lib/python3.8/site-packages/airflow/example_dags/tutorial_dag.py
[2024-03-21T03:08:19.029+0000] {logging_mixin.py:188} INFO - [2024-03-21T03:08:19.029+0000] {dag.py:3036} INFO - Sync 1 DAGs
[2024-03-21T03:08:19.043+0000] {logging_mixin.py:188} INFO - [2024-03-21T03:08:19.042+0000] {dag.py:3823} INFO - Setting next_dagrun for tutorial_dag to None, run_after=None
[2024-03-21T03:08:19.067+0000] {processor.py:183} INFO - Processing /home/airflow/.local/lib/python3.8/site-packages/airflow/example_dags/tutorial_dag.py took 0.157 seconds
[2024-03-21T03:08:49.334+0000] {processor.py:161} INFO - Started process (PID=750) to work on /home/airflow/.local/lib/python3.8/site-packages/airflow/example_dags/tutorial_dag.py
[2024-03-21T03:08:49.335+0000] {processor.py:830} INFO - Processing file /home/airflow/.local/lib/python3.8/site-packages/airflow/example_dags/tutorial_dag.py for tasks to queue
[2024-03-21T03:08:49.337+0000] {logging_mixin.py:188} INFO - [2024-03-21T03:08:49.336+0000] {dagbag.py:538} INFO - Filling up the DagBag from /home/airflow/.local/lib/python3.8/site-packages/airflow/example_dags/tutorial_dag.py
[2024-03-21T03:08:49.342+0000] {processor.py:840} INFO - DAG(s) 'tutorial_dag' retrieved from /home/airflow/.local/lib/python3.8/site-packages/airflow/example_dags/tutorial_dag.py
[2024-03-21T03:08:49.362+0000] {logging_mixin.py:188} INFO - [2024-03-21T03:08:49.362+0000] {dag.py:3036} INFO - Sync 1 DAGs
[2024-03-21T03:08:49.374+0000] {logging_mixin.py:188} INFO - [2024-03-21T03:08:49.373+0000] {dag.py:3823} INFO - Setting next_dagrun for tutorial_dag to None, run_after=None
[2024-03-21T03:08:49.395+0000] {processor.py:183} INFO - Processing /home/airflow/.local/lib/python3.8/site-packages/airflow/example_dags/tutorial_dag.py took 0.064 seconds
[2024-03-21T03:09:19.563+0000] {processor.py:161} INFO - Started process (PID=806) to work on /home/airflow/.local/lib/python3.8/site-packages/airflow/example_dags/tutorial_dag.py
[2024-03-21T03:09:19.565+0000] {processor.py:830} INFO - Processing file /home/airflow/.local/lib/python3.8/site-packages/airflow/example_dags/tutorial_dag.py for tasks to queue
[2024-03-21T03:09:19.567+0000] {logging_mixin.py:188} INFO - [2024-03-21T03:09:19.566+0000] {dagbag.py:538} INFO - Filling up the DagBag from /home/airflow/.local/lib/python3.8/site-packages/airflow/example_dags/tutorial_dag.py
[2024-03-21T03:09:19.572+0000] {processor.py:840} INFO - DAG(s) 'tutorial_dag' retrieved from /home/airflow/.local/lib/python3.8/site-packages/airflow/example_dags/tutorial_dag.py
[2024-03-21T03:09:19.596+0000] {logging_mixin.py:188} INFO - [2024-03-21T03:09:19.596+0000] {dag.py:3036} INFO - Sync 1 DAGs
[2024-03-21T03:09:19.608+0000] {logging_mixin.py:188} INFO - [2024-03-21T03:09:19.607+0000] {dag.py:3823} INFO - Setting next_dagrun for tutorial_dag to None, run_after=None
[2024-03-21T03:09:19.627+0000] {processor.py:183} INFO - Processing /home/airflow/.local/lib/python3.8/site-packages/airflow/example_dags/tutorial_dag.py took 0.067 seconds
[2024-03-21T03:09:49.726+0000] {processor.py:161} INFO - Started process (PID=862) to work on /home/airflow/.local/lib/python3.8/site-packages/airflow/example_dags/tutorial_dag.py
[2024-03-21T03:09:49.727+0000] {processor.py:830} INFO - Processing file /home/airflow/.local/lib/python3.8/site-packages/airflow/example_dags/tutorial_dag.py for tasks to queue
[2024-03-21T03:09:49.729+0000] {logging_mixin.py:188} INFO - [2024-03-21T03:09:49.729+0000] {dagbag.py:538} INFO - Filling up the DagBag from /home/airflow/.local/lib/python3.8/site-packages/airflow/example_dags/tutorial_dag.py
[2024-03-21T03:09:49.735+0000] {processor.py:840} INFO - DAG(s) 'tutorial_dag' retrieved from /home/airflow/.local/lib/python3.8/site-packages/airflow/example_dags/tutorial_dag.py
[2024-03-21T03:09:49.755+0000] {logging_mixin.py:188} INFO - [2024-03-21T03:09:49.755+0000] {dag.py:3036} INFO - Sync 1 DAGs
[2024-03-21T03:09:49.767+0000] {logging_mixin.py:188} INFO - [2024-03-21T03:09:49.767+0000] {dag.py:3823} INFO - Setting next_dagrun for tutorial_dag to None, run_after=None
[2024-03-21T03:09:49.788+0000] {processor.py:183} INFO - Processing /home/airflow/.local/lib/python3.8/site-packages/airflow/example_dags/tutorial_dag.py took 0.065 seconds
[2024-03-21T03:10:19.895+0000] {processor.py:161} INFO - Started process (PID=918) to work on /home/airflow/.local/lib/python3.8/site-packages/airflow/example_dags/tutorial_dag.py
[2024-03-21T03:10:19.896+0000] {processor.py:830} INFO - Processing file /home/airflow/.local/lib/python3.8/site-packages/airflow/example_dags/tutorial_dag.py for tasks to queue
[2024-03-21T03:10:19.898+0000] {logging_mixin.py:188} INFO - [2024-03-21T03:10:19.898+0000] {dagbag.py:538} INFO - Filling up the DagBag from /home/airflow/.local/lib/python3.8/site-packages/airflow/example_dags/tutorial_dag.py
[2024-03-21T03:10:19.905+0000] {processor.py:840} INFO - DAG(s) 'tutorial_dag' retrieved from /home/airflow/.local/lib/python3.8/site-packages/airflow/example_dags/tutorial_dag.py
[2024-03-21T03:10:19.923+0000] {logging_mixin.py:188} INFO - [2024-03-21T03:10:19.923+0000] {dag.py:3036} INFO - Sync 1 DAGs
[2024-03-21T03:10:19.936+0000] {logging_mixin.py:188} INFO - [2024-03-21T03:10:19.936+0000] {dag.py:3823} INFO - Setting next_dagrun for tutorial_dag to None, run_after=None
[2024-03-21T03:10:19.960+0000] {processor.py:183} INFO - Processing /home/airflow/.local/lib/python3.8/site-packages/airflow/example_dags/tutorial_dag.py took 0.068 seconds
[2024-03-21T03:10:50.253+0000] {processor.py:161} INFO - Started process (PID=974) to work on /home/airflow/.local/lib/python3.8/site-packages/airflow/example_dags/tutorial_dag.py
[2024-03-21T03:10:50.254+0000] {processor.py:830} INFO - Processing file /home/airflow/.local/lib/python3.8/site-packages/airflow/example_dags/tutorial_dag.py for tasks to queue
[2024-03-21T03:10:50.257+0000] {logging_mixin.py:188} INFO - [2024-03-21T03:10:50.256+0000] {dagbag.py:538} INFO - Filling up the DagBag from /home/airflow/.local/lib/python3.8/site-packages/airflow/example_dags/tutorial_dag.py
[2024-03-21T03:10:50.262+0000] {processor.py:840} INFO - DAG(s) 'tutorial_dag' retrieved from /home/airflow/.local/lib/python3.8/site-packages/airflow/example_dags/tutorial_dag.py
[2024-03-21T03:10:50.286+0000] {logging_mixin.py:188} INFO - [2024-03-21T03:10:50.286+0000] {dag.py:3036} INFO - Sync 1 DAGs
[2024-03-21T03:10:50.300+0000] {logging_mixin.py:188} INFO - [2024-03-21T03:10:50.300+0000] {dag.py:3823} INFO - Setting next_dagrun for tutorial_dag to None, run_after=None
[2024-03-21T03:10:50.321+0000] {processor.py:183} INFO - Processing /home/airflow/.local/lib/python3.8/site-packages/airflow/example_dags/tutorial_dag.py took 0.070 seconds
[2024-03-21T03:11:20.502+0000] {processor.py:161} INFO - Started process (PID=1030) to work on /home/airflow/.local/lib/python3.8/site-packages/airflow/example_dags/tutorial_dag.py
[2024-03-21T03:11:20.504+0000] {processor.py:830} INFO - Processing file /home/airflow/.local/lib/python3.8/site-packages/airflow/example_dags/tutorial_dag.py for tasks to queue
[2024-03-21T03:11:20.506+0000] {logging_mixin.py:188} INFO - [2024-03-21T03:11:20.506+0000] {dagbag.py:538} INFO - Filling up the DagBag from /home/airflow/.local/lib/python3.8/site-packages/airflow/example_dags/tutorial_dag.py
[2024-03-21T03:11:20.512+0000] {processor.py:840} INFO - DAG(s) 'tutorial_dag' retrieved from /home/airflow/.local/lib/python3.8/site-packages/airflow/example_dags/tutorial_dag.py
[2024-03-21T03:11:20.531+0000] {logging_mixin.py:188} INFO - [2024-03-21T03:11:20.531+0000] {dag.py:3036} INFO - Sync 1 DAGs
[2024-03-21T03:11:20.545+0000] {logging_mixin.py:188} INFO - [2024-03-21T03:11:20.544+0000] {dag.py:3823} INFO - Setting next_dagrun for tutorial_dag to None, run_after=None
[2024-03-21T03:11:20.567+0000] {processor.py:183} INFO - Processing /home/airflow/.local/lib/python3.8/site-packages/airflow/example_dags/tutorial_dag.py took 0.069 seconds
[2024-03-21T03:11:50.704+0000] {processor.py:161} INFO - Started process (PID=1086) to work on /home/airflow/.local/lib/python3.8/site-packages/airflow/example_dags/tutorial_dag.py
[2024-03-21T03:11:50.706+0000] {processor.py:830} INFO - Processing file /home/airflow/.local/lib/python3.8/site-packages/airflow/example_dags/tutorial_dag.py for tasks to queue
[2024-03-21T03:11:50.708+0000] {logging_mixin.py:188} INFO - [2024-03-21T03:11:50.708+0000] {dagbag.py:538} INFO - Filling up the DagBag from /home/airflow/.local/lib/python3.8/site-packages/airflow/example_dags/tutorial_dag.py
[2024-03-21T03:11:50.714+0000] {processor.py:840} INFO - DAG(s) 'tutorial_dag' retrieved from /home/airflow/.local/lib/python3.8/site-packages/airflow/example_dags/tutorial_dag.py
[2024-03-21T03:11:50.737+0000] {logging_mixin.py:188} INFO - [2024-03-21T03:11:50.736+0000] {dag.py:3036} INFO - Sync 1 DAGs
[2024-03-21T03:11:50.752+0000] {logging_mixin.py:188} INFO - [2024-03-21T03:11:50.752+0000] {dag.py:3823} INFO - Setting next_dagrun for tutorial_dag to None, run_after=None
[2024-03-21T03:11:50.774+0000] {processor.py:183} INFO - Processing /home/airflow/.local/lib/python3.8/site-packages/airflow/example_dags/tutorial_dag.py took 0.073 seconds
