[2024-03-21T02:31:49.880+0000] {processor.py:161} INFO - Started process (PID=84) to work on /home/airflow/.local/lib/python3.8/site-packages/airflow/example_dags/tutorial.py
[2024-03-21T02:31:49.881+0000] {processor.py:830} INFO - Processing file /home/airflow/.local/lib/python3.8/site-packages/airflow/example_dags/tutorial.py for tasks to queue
[2024-03-21T02:31:49.883+0000] {logging_mixin.py:188} INFO - [2024-03-21T02:31:49.883+0000] {dagbag.py:538} INFO - Filling up the DagBag from /home/airflow/.local/lib/python3.8/site-packages/airflow/example_dags/tutorial.py
[2024-03-21T02:31:49.893+0000] {processor.py:840} INFO - DAG(s) 'tutorial' retrieved from /home/airflow/.local/lib/python3.8/site-packages/airflow/example_dags/tutorial.py
[2024-03-21T02:31:50.031+0000] {logging_mixin.py:188} INFO - [2024-03-21T02:31:50.031+0000] {dag.py:3036} INFO - Sync 1 DAGs
[2024-03-21T02:31:50.061+0000] {logging_mixin.py:188} INFO - [2024-03-21T02:31:50.061+0000] {dag.py:3823} INFO - Setting next_dagrun for tutorial to 2024-03-20 00:00:00+00:00, run_after=2024-03-21 00:00:00+00:00
[2024-03-21T02:31:50.086+0000] {processor.py:183} INFO - Processing /home/airflow/.local/lib/python3.8/site-packages/airflow/example_dags/tutorial.py took 0.210 seconds
[2024-03-21T02:32:20.741+0000] {processor.py:161} INFO - Started process (PID=139) to work on /home/airflow/.local/lib/python3.8/site-packages/airflow/example_dags/tutorial.py
[2024-03-21T02:32:20.742+0000] {processor.py:830} INFO - Processing file /home/airflow/.local/lib/python3.8/site-packages/airflow/example_dags/tutorial.py for tasks to queue
[2024-03-21T02:32:20.745+0000] {logging_mixin.py:188} INFO - [2024-03-21T02:32:20.744+0000] {dagbag.py:538} INFO - Filling up the DagBag from /home/airflow/.local/lib/python3.8/site-packages/airflow/example_dags/tutorial.py
[2024-03-21T02:32:20.753+0000] {processor.py:840} INFO - DAG(s) 'tutorial' retrieved from /home/airflow/.local/lib/python3.8/site-packages/airflow/example_dags/tutorial.py
[2024-03-21T02:32:20.767+0000] {logging_mixin.py:188} INFO - [2024-03-21T02:32:20.767+0000] {dag.py:3036} INFO - Sync 1 DAGs
[2024-03-21T02:32:20.794+0000] {logging_mixin.py:188} INFO - [2024-03-21T02:32:20.794+0000] {dag.py:3823} INFO - Setting next_dagrun for tutorial to 2024-03-20 00:00:00+00:00, run_after=2024-03-21 00:00:00+00:00
[2024-03-21T02:32:20.816+0000] {processor.py:183} INFO - Processing /home/airflow/.local/lib/python3.8/site-packages/airflow/example_dags/tutorial.py took 0.078 seconds
[2024-03-21T02:32:51.346+0000] {processor.py:161} INFO - Started process (PID=194) to work on /home/airflow/.local/lib/python3.8/site-packages/airflow/example_dags/tutorial.py
[2024-03-21T02:32:51.347+0000] {processor.py:830} INFO - Processing file /home/airflow/.local/lib/python3.8/site-packages/airflow/example_dags/tutorial.py for tasks to queue
[2024-03-21T02:32:51.349+0000] {logging_mixin.py:188} INFO - [2024-03-21T02:32:51.348+0000] {dagbag.py:538} INFO - Filling up the DagBag from /home/airflow/.local/lib/python3.8/site-packages/airflow/example_dags/tutorial.py
[2024-03-21T02:32:51.354+0000] {processor.py:840} INFO - DAG(s) 'tutorial' retrieved from /home/airflow/.local/lib/python3.8/site-packages/airflow/example_dags/tutorial.py
[2024-03-21T02:32:51.451+0000] {logging_mixin.py:188} INFO - [2024-03-21T02:32:51.451+0000] {dag.py:3036} INFO - Sync 1 DAGs
[2024-03-21T02:32:51.473+0000] {logging_mixin.py:188} INFO - [2024-03-21T02:32:51.473+0000] {dag.py:3823} INFO - Setting next_dagrun for tutorial to 2024-03-20 00:00:00+00:00, run_after=2024-03-21 00:00:00+00:00
[2024-03-21T02:32:51.493+0000] {processor.py:183} INFO - Processing /home/airflow/.local/lib/python3.8/site-packages/airflow/example_dags/tutorial.py took 0.150 seconds
[2024-03-21T02:33:22.143+0000] {processor.py:161} INFO - Started process (PID=249) to work on /home/airflow/.local/lib/python3.8/site-packages/airflow/example_dags/tutorial.py
[2024-03-21T02:33:22.146+0000] {processor.py:830} INFO - Processing file /home/airflow/.local/lib/python3.8/site-packages/airflow/example_dags/tutorial.py for tasks to queue
[2024-03-21T02:33:22.149+0000] {logging_mixin.py:188} INFO - [2024-03-21T02:33:22.149+0000] {dagbag.py:538} INFO - Filling up the DagBag from /home/airflow/.local/lib/python3.8/site-packages/airflow/example_dags/tutorial.py
[2024-03-21T02:33:22.160+0000] {processor.py:840} INFO - DAG(s) 'tutorial' retrieved from /home/airflow/.local/lib/python3.8/site-packages/airflow/example_dags/tutorial.py
[2024-03-21T02:33:22.190+0000] {logging_mixin.py:188} INFO - [2024-03-21T02:33:22.189+0000] {dag.py:3036} INFO - Sync 1 DAGs
[2024-03-21T02:33:22.225+0000] {logging_mixin.py:188} INFO - [2024-03-21T02:33:22.225+0000] {dag.py:3823} INFO - Setting next_dagrun for tutorial to 2024-03-20 00:00:00+00:00, run_after=2024-03-21 00:00:00+00:00
[2024-03-21T02:33:22.254+0000] {processor.py:183} INFO - Processing /home/airflow/.local/lib/python3.8/site-packages/airflow/example_dags/tutorial.py took 0.117 seconds
[2024-03-21T02:33:52.359+0000] {processor.py:161} INFO - Started process (PID=304) to work on /home/airflow/.local/lib/python3.8/site-packages/airflow/example_dags/tutorial.py
[2024-03-21T02:33:52.360+0000] {processor.py:830} INFO - Processing file /home/airflow/.local/lib/python3.8/site-packages/airflow/example_dags/tutorial.py for tasks to queue
[2024-03-21T02:33:52.362+0000] {logging_mixin.py:188} INFO - [2024-03-21T02:33:52.362+0000] {dagbag.py:538} INFO - Filling up the DagBag from /home/airflow/.local/lib/python3.8/site-packages/airflow/example_dags/tutorial.py
[2024-03-21T02:33:52.370+0000] {processor.py:840} INFO - DAG(s) 'tutorial' retrieved from /home/airflow/.local/lib/python3.8/site-packages/airflow/example_dags/tutorial.py
[2024-03-21T02:33:52.397+0000] {logging_mixin.py:188} INFO - [2024-03-21T02:33:52.397+0000] {dag.py:3036} INFO - Sync 1 DAGs
[2024-03-21T02:33:52.426+0000] {logging_mixin.py:188} INFO - [2024-03-21T02:33:52.426+0000] {dag.py:3823} INFO - Setting next_dagrun for tutorial to 2024-03-20 00:00:00+00:00, run_after=2024-03-21 00:00:00+00:00
[2024-03-21T02:33:52.449+0000] {processor.py:183} INFO - Processing /home/airflow/.local/lib/python3.8/site-packages/airflow/example_dags/tutorial.py took 0.094 seconds
[2024-03-21T02:34:22.875+0000] {processor.py:161} INFO - Started process (PID=359) to work on /home/airflow/.local/lib/python3.8/site-packages/airflow/example_dags/tutorial.py
[2024-03-21T02:34:22.877+0000] {processor.py:830} INFO - Processing file /home/airflow/.local/lib/python3.8/site-packages/airflow/example_dags/tutorial.py for tasks to queue
[2024-03-21T02:34:22.881+0000] {logging_mixin.py:188} INFO - [2024-03-21T02:34:22.880+0000] {dagbag.py:538} INFO - Filling up the DagBag from /home/airflow/.local/lib/python3.8/site-packages/airflow/example_dags/tutorial.py
[2024-03-21T02:34:22.889+0000] {processor.py:840} INFO - DAG(s) 'tutorial' retrieved from /home/airflow/.local/lib/python3.8/site-packages/airflow/example_dags/tutorial.py
[2024-03-21T02:34:22.918+0000] {logging_mixin.py:188} INFO - [2024-03-21T02:34:22.918+0000] {dag.py:3036} INFO - Sync 1 DAGs
[2024-03-21T02:34:22.947+0000] {logging_mixin.py:188} INFO - [2024-03-21T02:34:22.947+0000] {dag.py:3823} INFO - Setting next_dagrun for tutorial to 2024-03-20 00:00:00+00:00, run_after=2024-03-21 00:00:00+00:00
[2024-03-21T02:34:22.971+0000] {processor.py:183} INFO - Processing /home/airflow/.local/lib/python3.8/site-packages/airflow/example_dags/tutorial.py took 0.100 seconds
[2024-03-21T02:34:53.682+0000] {processor.py:161} INFO - Started process (PID=414) to work on /home/airflow/.local/lib/python3.8/site-packages/airflow/example_dags/tutorial.py
[2024-03-21T02:34:53.683+0000] {processor.py:830} INFO - Processing file /home/airflow/.local/lib/python3.8/site-packages/airflow/example_dags/tutorial.py for tasks to queue
[2024-03-21T02:34:53.686+0000] {logging_mixin.py:188} INFO - [2024-03-21T02:34:53.686+0000] {dagbag.py:538} INFO - Filling up the DagBag from /home/airflow/.local/lib/python3.8/site-packages/airflow/example_dags/tutorial.py
[2024-03-21T02:34:53.695+0000] {processor.py:840} INFO - DAG(s) 'tutorial' retrieved from /home/airflow/.local/lib/python3.8/site-packages/airflow/example_dags/tutorial.py
[2024-03-21T02:34:53.728+0000] {logging_mixin.py:188} INFO - [2024-03-21T02:34:53.728+0000] {dag.py:3036} INFO - Sync 1 DAGs
[2024-03-21T02:34:53.763+0000] {logging_mixin.py:188} INFO - [2024-03-21T02:34:53.762+0000] {dag.py:3823} INFO - Setting next_dagrun for tutorial to 2024-03-20 00:00:00+00:00, run_after=2024-03-21 00:00:00+00:00
[2024-03-21T02:34:53.789+0000] {processor.py:183} INFO - Processing /home/airflow/.local/lib/python3.8/site-packages/airflow/example_dags/tutorial.py took 0.112 seconds
[2024-03-21T02:35:24.184+0000] {processor.py:161} INFO - Started process (PID=469) to work on /home/airflow/.local/lib/python3.8/site-packages/airflow/example_dags/tutorial.py
[2024-03-21T02:35:24.186+0000] {processor.py:830} INFO - Processing file /home/airflow/.local/lib/python3.8/site-packages/airflow/example_dags/tutorial.py for tasks to queue
[2024-03-21T02:35:24.190+0000] {logging_mixin.py:188} INFO - [2024-03-21T02:35:24.189+0000] {dagbag.py:538} INFO - Filling up the DagBag from /home/airflow/.local/lib/python3.8/site-packages/airflow/example_dags/tutorial.py
[2024-03-21T02:35:24.198+0000] {processor.py:840} INFO - DAG(s) 'tutorial' retrieved from /home/airflow/.local/lib/python3.8/site-packages/airflow/example_dags/tutorial.py
[2024-03-21T02:35:24.233+0000] {logging_mixin.py:188} INFO - [2024-03-21T02:35:24.232+0000] {dag.py:3036} INFO - Sync 1 DAGs
[2024-03-21T02:35:24.270+0000] {logging_mixin.py:188} INFO - [2024-03-21T02:35:24.270+0000] {dag.py:3823} INFO - Setting next_dagrun for tutorial to 2024-03-20 00:00:00+00:00, run_after=2024-03-21 00:00:00+00:00
[2024-03-21T02:35:24.308+0000] {processor.py:183} INFO - Processing /home/airflow/.local/lib/python3.8/site-packages/airflow/example_dags/tutorial.py took 0.128 seconds
[2024-03-21T02:35:55.096+0000] {processor.py:161} INFO - Started process (PID=530) to work on /home/airflow/.local/lib/python3.8/site-packages/airflow/example_dags/tutorial.py
[2024-03-21T02:35:55.097+0000] {processor.py:830} INFO - Processing file /home/airflow/.local/lib/python3.8/site-packages/airflow/example_dags/tutorial.py for tasks to queue
[2024-03-21T02:35:55.099+0000] {logging_mixin.py:188} INFO - [2024-03-21T02:35:55.099+0000] {dagbag.py:538} INFO - Filling up the DagBag from /home/airflow/.local/lib/python3.8/site-packages/airflow/example_dags/tutorial.py
[2024-03-21T02:35:55.106+0000] {processor.py:840} INFO - DAG(s) 'tutorial' retrieved from /home/airflow/.local/lib/python3.8/site-packages/airflow/example_dags/tutorial.py
[2024-03-21T02:35:55.129+0000] {logging_mixin.py:188} INFO - [2024-03-21T02:35:55.128+0000] {dag.py:3036} INFO - Sync 1 DAGs
[2024-03-21T02:35:55.151+0000] {logging_mixin.py:188} INFO - [2024-03-21T02:35:55.151+0000] {dag.py:3823} INFO - Setting next_dagrun for tutorial to 2024-03-20 00:00:00+00:00, run_after=2024-03-21 00:00:00+00:00
[2024-03-21T02:35:55.175+0000] {processor.py:183} INFO - Processing /home/airflow/.local/lib/python3.8/site-packages/airflow/example_dags/tutorial.py took 0.082 seconds
[2024-03-21T02:36:25.370+0000] {processor.py:161} INFO - Started process (PID=585) to work on /home/airflow/.local/lib/python3.8/site-packages/airflow/example_dags/tutorial.py
[2024-03-21T02:36:25.371+0000] {processor.py:830} INFO - Processing file /home/airflow/.local/lib/python3.8/site-packages/airflow/example_dags/tutorial.py for tasks to queue
[2024-03-21T02:36:25.373+0000] {logging_mixin.py:188} INFO - [2024-03-21T02:36:25.373+0000] {dagbag.py:538} INFO - Filling up the DagBag from /home/airflow/.local/lib/python3.8/site-packages/airflow/example_dags/tutorial.py
[2024-03-21T02:36:25.379+0000] {processor.py:840} INFO - DAG(s) 'tutorial' retrieved from /home/airflow/.local/lib/python3.8/site-packages/airflow/example_dags/tutorial.py
[2024-03-21T02:36:25.399+0000] {logging_mixin.py:188} INFO - [2024-03-21T02:36:25.399+0000] {dag.py:3036} INFO - Sync 1 DAGs
[2024-03-21T02:36:25.422+0000] {logging_mixin.py:188} INFO - [2024-03-21T02:36:25.421+0000] {dag.py:3823} INFO - Setting next_dagrun for tutorial to 2024-03-20 00:00:00+00:00, run_after=2024-03-21 00:00:00+00:00
[2024-03-21T02:36:25.444+0000] {processor.py:183} INFO - Processing /home/airflow/.local/lib/python3.8/site-packages/airflow/example_dags/tutorial.py took 0.077 seconds
[2024-03-21T02:36:55.787+0000] {processor.py:161} INFO - Started process (PID=640) to work on /home/airflow/.local/lib/python3.8/site-packages/airflow/example_dags/tutorial.py
[2024-03-21T02:36:55.788+0000] {processor.py:830} INFO - Processing file /home/airflow/.local/lib/python3.8/site-packages/airflow/example_dags/tutorial.py for tasks to queue
[2024-03-21T02:36:55.791+0000] {logging_mixin.py:188} INFO - [2024-03-21T02:36:55.790+0000] {dagbag.py:538} INFO - Filling up the DagBag from /home/airflow/.local/lib/python3.8/site-packages/airflow/example_dags/tutorial.py
[2024-03-21T02:36:55.797+0000] {processor.py:840} INFO - DAG(s) 'tutorial' retrieved from /home/airflow/.local/lib/python3.8/site-packages/airflow/example_dags/tutorial.py
[2024-03-21T02:36:55.819+0000] {logging_mixin.py:188} INFO - [2024-03-21T02:36:55.818+0000] {dag.py:3036} INFO - Sync 1 DAGs
[2024-03-21T02:36:55.842+0000] {logging_mixin.py:188} INFO - [2024-03-21T02:36:55.841+0000] {dag.py:3823} INFO - Setting next_dagrun for tutorial to 2024-03-20 00:00:00+00:00, run_after=2024-03-21 00:00:00+00:00
[2024-03-21T02:36:55.862+0000] {processor.py:183} INFO - Processing /home/airflow/.local/lib/python3.8/site-packages/airflow/example_dags/tutorial.py took 0.079 seconds
[2024-03-21T02:37:26.019+0000] {processor.py:161} INFO - Started process (PID=696) to work on /home/airflow/.local/lib/python3.8/site-packages/airflow/example_dags/tutorial.py
[2024-03-21T02:37:26.020+0000] {processor.py:830} INFO - Processing file /home/airflow/.local/lib/python3.8/site-packages/airflow/example_dags/tutorial.py for tasks to queue
[2024-03-21T02:37:26.023+0000] {logging_mixin.py:188} INFO - [2024-03-21T02:37:26.022+0000] {dagbag.py:538} INFO - Filling up the DagBag from /home/airflow/.local/lib/python3.8/site-packages/airflow/example_dags/tutorial.py
[2024-03-21T02:37:26.033+0000] {processor.py:840} INFO - DAG(s) 'tutorial' retrieved from /home/airflow/.local/lib/python3.8/site-packages/airflow/example_dags/tutorial.py
[2024-03-21T02:37:26.062+0000] {logging_mixin.py:188} INFO - [2024-03-21T02:37:26.062+0000] {dag.py:3036} INFO - Sync 1 DAGs
[2024-03-21T02:37:26.094+0000] {logging_mixin.py:188} INFO - [2024-03-21T02:37:26.094+0000] {dag.py:3823} INFO - Setting next_dagrun for tutorial to 2024-03-20 00:00:00+00:00, run_after=2024-03-21 00:00:00+00:00
[2024-03-21T02:37:26.122+0000] {processor.py:183} INFO - Processing /home/airflow/.local/lib/python3.8/site-packages/airflow/example_dags/tutorial.py took 0.109 seconds
[2024-03-21T02:37:56.310+0000] {processor.py:161} INFO - Started process (PID=752) to work on /home/airflow/.local/lib/python3.8/site-packages/airflow/example_dags/tutorial.py
[2024-03-21T02:37:56.311+0000] {processor.py:830} INFO - Processing file /home/airflow/.local/lib/python3.8/site-packages/airflow/example_dags/tutorial.py for tasks to queue
[2024-03-21T02:37:56.314+0000] {logging_mixin.py:188} INFO - [2024-03-21T02:37:56.314+0000] {dagbag.py:538} INFO - Filling up the DagBag from /home/airflow/.local/lib/python3.8/site-packages/airflow/example_dags/tutorial.py
[2024-03-21T02:37:56.322+0000] {processor.py:840} INFO - DAG(s) 'tutorial' retrieved from /home/airflow/.local/lib/python3.8/site-packages/airflow/example_dags/tutorial.py
[2024-03-21T02:37:56.347+0000] {logging_mixin.py:188} INFO - [2024-03-21T02:37:56.347+0000] {dag.py:3036} INFO - Sync 1 DAGs
[2024-03-21T02:37:56.372+0000] {logging_mixin.py:188} INFO - [2024-03-21T02:37:56.372+0000] {dag.py:3823} INFO - Setting next_dagrun for tutorial to 2024-03-20 00:00:00+00:00, run_after=2024-03-21 00:00:00+00:00
[2024-03-21T02:37:56.394+0000] {processor.py:183} INFO - Processing /home/airflow/.local/lib/python3.8/site-packages/airflow/example_dags/tutorial.py took 0.088 seconds
[2024-03-21T02:38:26.841+0000] {processor.py:161} INFO - Started process (PID=805) to work on /home/airflow/.local/lib/python3.8/site-packages/airflow/example_dags/tutorial.py
[2024-03-21T02:38:26.843+0000] {processor.py:830} INFO - Processing file /home/airflow/.local/lib/python3.8/site-packages/airflow/example_dags/tutorial.py for tasks to queue
[2024-03-21T02:38:26.846+0000] {logging_mixin.py:188} INFO - [2024-03-21T02:38:26.845+0000] {dagbag.py:538} INFO - Filling up the DagBag from /home/airflow/.local/lib/python3.8/site-packages/airflow/example_dags/tutorial.py
[2024-03-21T02:38:26.854+0000] {processor.py:840} INFO - DAG(s) 'tutorial' retrieved from /home/airflow/.local/lib/python3.8/site-packages/airflow/example_dags/tutorial.py
[2024-03-21T02:38:26.884+0000] {logging_mixin.py:188} INFO - [2024-03-21T02:38:26.884+0000] {dag.py:3036} INFO - Sync 1 DAGs
[2024-03-21T02:38:26.921+0000] {logging_mixin.py:188} INFO - [2024-03-21T02:38:26.921+0000] {dag.py:3823} INFO - Setting next_dagrun for tutorial to 2024-03-20 00:00:00+00:00, run_after=2024-03-21 00:00:00+00:00
[2024-03-21T02:38:26.950+0000] {processor.py:183} INFO - Processing /home/airflow/.local/lib/python3.8/site-packages/airflow/example_dags/tutorial.py took 0.113 seconds
[2024-03-21T02:38:57.111+0000] {processor.py:161} INFO - Started process (PID=860) to work on /home/airflow/.local/lib/python3.8/site-packages/airflow/example_dags/tutorial.py
[2024-03-21T02:38:57.113+0000] {processor.py:830} INFO - Processing file /home/airflow/.local/lib/python3.8/site-packages/airflow/example_dags/tutorial.py for tasks to queue
[2024-03-21T02:38:57.116+0000] {logging_mixin.py:188} INFO - [2024-03-21T02:38:57.115+0000] {dagbag.py:538} INFO - Filling up the DagBag from /home/airflow/.local/lib/python3.8/site-packages/airflow/example_dags/tutorial.py
[2024-03-21T02:38:57.124+0000] {processor.py:840} INFO - DAG(s) 'tutorial' retrieved from /home/airflow/.local/lib/python3.8/site-packages/airflow/example_dags/tutorial.py
[2024-03-21T02:38:57.149+0000] {logging_mixin.py:188} INFO - [2024-03-21T02:38:57.148+0000] {dag.py:3036} INFO - Sync 1 DAGs
[2024-03-21T02:38:57.180+0000] {logging_mixin.py:188} INFO - [2024-03-21T02:38:57.179+0000] {dag.py:3823} INFO - Setting next_dagrun for tutorial to 2024-03-20 00:00:00+00:00, run_after=2024-03-21 00:00:00+00:00
[2024-03-21T02:38:57.208+0000] {processor.py:183} INFO - Processing /home/airflow/.local/lib/python3.8/site-packages/airflow/example_dags/tutorial.py took 0.102 seconds
[2024-03-21T02:39:27.604+0000] {processor.py:161} INFO - Started process (PID=915) to work on /home/airflow/.local/lib/python3.8/site-packages/airflow/example_dags/tutorial.py
[2024-03-21T02:39:27.605+0000] {processor.py:830} INFO - Processing file /home/airflow/.local/lib/python3.8/site-packages/airflow/example_dags/tutorial.py for tasks to queue
[2024-03-21T02:39:27.608+0000] {logging_mixin.py:188} INFO - [2024-03-21T02:39:27.607+0000] {dagbag.py:538} INFO - Filling up the DagBag from /home/airflow/.local/lib/python3.8/site-packages/airflow/example_dags/tutorial.py
[2024-03-21T02:39:27.620+0000] {processor.py:840} INFO - DAG(s) 'tutorial' retrieved from /home/airflow/.local/lib/python3.8/site-packages/airflow/example_dags/tutorial.py
[2024-03-21T02:39:27.650+0000] {logging_mixin.py:188} INFO - [2024-03-21T02:39:27.650+0000] {dag.py:3036} INFO - Sync 1 DAGs
[2024-03-21T02:39:27.689+0000] {logging_mixin.py:188} INFO - [2024-03-21T02:39:27.689+0000] {dag.py:3823} INFO - Setting next_dagrun for tutorial to 2024-03-20 00:00:00+00:00, run_after=2024-03-21 00:00:00+00:00
[2024-03-21T02:39:27.717+0000] {processor.py:183} INFO - Processing /home/airflow/.local/lib/python3.8/site-packages/airflow/example_dags/tutorial.py took 0.117 seconds
[2024-03-21T02:39:58.314+0000] {processor.py:161} INFO - Started process (PID=970) to work on /home/airflow/.local/lib/python3.8/site-packages/airflow/example_dags/tutorial.py
[2024-03-21T02:39:58.316+0000] {processor.py:830} INFO - Processing file /home/airflow/.local/lib/python3.8/site-packages/airflow/example_dags/tutorial.py for tasks to queue
[2024-03-21T02:39:58.319+0000] {logging_mixin.py:188} INFO - [2024-03-21T02:39:58.318+0000] {dagbag.py:538} INFO - Filling up the DagBag from /home/airflow/.local/lib/python3.8/site-packages/airflow/example_dags/tutorial.py
[2024-03-21T02:39:58.326+0000] {processor.py:840} INFO - DAG(s) 'tutorial' retrieved from /home/airflow/.local/lib/python3.8/site-packages/airflow/example_dags/tutorial.py
[2024-03-21T02:39:58.351+0000] {logging_mixin.py:188} INFO - [2024-03-21T02:39:58.350+0000] {dag.py:3036} INFO - Sync 1 DAGs
[2024-03-21T02:39:58.378+0000] {logging_mixin.py:188} INFO - [2024-03-21T02:39:58.377+0000] {dag.py:3823} INFO - Setting next_dagrun for tutorial to 2024-03-20 00:00:00+00:00, run_after=2024-03-21 00:00:00+00:00
[2024-03-21T02:39:58.408+0000] {processor.py:183} INFO - Processing /home/airflow/.local/lib/python3.8/site-packages/airflow/example_dags/tutorial.py took 0.098 seconds
[2024-03-21T02:40:28.483+0000] {processor.py:161} INFO - Started process (PID=1025) to work on /home/airflow/.local/lib/python3.8/site-packages/airflow/example_dags/tutorial.py
[2024-03-21T02:40:28.484+0000] {processor.py:830} INFO - Processing file /home/airflow/.local/lib/python3.8/site-packages/airflow/example_dags/tutorial.py for tasks to queue
[2024-03-21T02:40:28.487+0000] {logging_mixin.py:188} INFO - [2024-03-21T02:40:28.486+0000] {dagbag.py:538} INFO - Filling up the DagBag from /home/airflow/.local/lib/python3.8/site-packages/airflow/example_dags/tutorial.py
[2024-03-21T02:40:28.494+0000] {processor.py:840} INFO - DAG(s) 'tutorial' retrieved from /home/airflow/.local/lib/python3.8/site-packages/airflow/example_dags/tutorial.py
[2024-03-21T02:40:28.520+0000] {logging_mixin.py:188} INFO - [2024-03-21T02:40:28.520+0000] {dag.py:3036} INFO - Sync 1 DAGs
[2024-03-21T02:40:28.549+0000] {logging_mixin.py:188} INFO - [2024-03-21T02:40:28.549+0000] {dag.py:3823} INFO - Setting next_dagrun for tutorial to 2024-03-20 00:00:00+00:00, run_after=2024-03-21 00:00:00+00:00
[2024-03-21T02:40:28.576+0000] {processor.py:183} INFO - Processing /home/airflow/.local/lib/python3.8/site-packages/airflow/example_dags/tutorial.py took 0.098 seconds
[2024-03-21T02:40:58.997+0000] {processor.py:161} INFO - Started process (PID=1080) to work on /home/airflow/.local/lib/python3.8/site-packages/airflow/example_dags/tutorial.py
[2024-03-21T02:40:58.998+0000] {processor.py:830} INFO - Processing file /home/airflow/.local/lib/python3.8/site-packages/airflow/example_dags/tutorial.py for tasks to queue
[2024-03-21T02:40:59.001+0000] {logging_mixin.py:188} INFO - [2024-03-21T02:40:59.000+0000] {dagbag.py:538} INFO - Filling up the DagBag from /home/airflow/.local/lib/python3.8/site-packages/airflow/example_dags/tutorial.py
[2024-03-21T02:40:59.008+0000] {processor.py:840} INFO - DAG(s) 'tutorial' retrieved from /home/airflow/.local/lib/python3.8/site-packages/airflow/example_dags/tutorial.py
[2024-03-21T02:40:59.031+0000] {logging_mixin.py:188} INFO - [2024-03-21T02:40:59.031+0000] {dag.py:3036} INFO - Sync 1 DAGs
[2024-03-21T02:40:59.056+0000] {logging_mixin.py:188} INFO - [2024-03-21T02:40:59.056+0000] {dag.py:3823} INFO - Setting next_dagrun for tutorial to 2024-03-20 00:00:00+00:00, run_after=2024-03-21 00:00:00+00:00
[2024-03-21T02:40:59.079+0000] {processor.py:183} INFO - Processing /home/airflow/.local/lib/python3.8/site-packages/airflow/example_dags/tutorial.py took 0.085 seconds
[2024-03-21T02:41:29.961+0000] {processor.py:161} INFO - Started process (PID=1135) to work on /home/airflow/.local/lib/python3.8/site-packages/airflow/example_dags/tutorial.py
[2024-03-21T02:41:29.962+0000] {processor.py:830} INFO - Processing file /home/airflow/.local/lib/python3.8/site-packages/airflow/example_dags/tutorial.py for tasks to queue
[2024-03-21T02:41:29.965+0000] {logging_mixin.py:188} INFO - [2024-03-21T02:41:29.964+0000] {dagbag.py:538} INFO - Filling up the DagBag from /home/airflow/.local/lib/python3.8/site-packages/airflow/example_dags/tutorial.py
[2024-03-21T02:41:29.971+0000] {processor.py:840} INFO - DAG(s) 'tutorial' retrieved from /home/airflow/.local/lib/python3.8/site-packages/airflow/example_dags/tutorial.py
[2024-03-21T02:41:29.998+0000] {logging_mixin.py:188} INFO - [2024-03-21T02:41:29.998+0000] {dag.py:3036} INFO - Sync 1 DAGs
[2024-03-21T02:41:30.033+0000] {logging_mixin.py:188} INFO - [2024-03-21T02:41:30.033+0000] {dag.py:3823} INFO - Setting next_dagrun for tutorial to 2024-03-20 00:00:00+00:00, run_after=2024-03-21 00:00:00+00:00
[2024-03-21T02:41:30.060+0000] {processor.py:183} INFO - Processing /home/airflow/.local/lib/python3.8/site-packages/airflow/example_dags/tutorial.py took 0.103 seconds
[2024-03-21T02:42:00.626+0000] {processor.py:161} INFO - Started process (PID=1190) to work on /home/airflow/.local/lib/python3.8/site-packages/airflow/example_dags/tutorial.py
[2024-03-21T02:42:00.627+0000] {processor.py:830} INFO - Processing file /home/airflow/.local/lib/python3.8/site-packages/airflow/example_dags/tutorial.py for tasks to queue
[2024-03-21T02:42:00.630+0000] {logging_mixin.py:188} INFO - [2024-03-21T02:42:00.629+0000] {dagbag.py:538} INFO - Filling up the DagBag from /home/airflow/.local/lib/python3.8/site-packages/airflow/example_dags/tutorial.py
[2024-03-21T02:42:00.637+0000] {processor.py:840} INFO - DAG(s) 'tutorial' retrieved from /home/airflow/.local/lib/python3.8/site-packages/airflow/example_dags/tutorial.py
[2024-03-21T02:42:00.662+0000] {logging_mixin.py:188} INFO - [2024-03-21T02:42:00.662+0000] {dag.py:3036} INFO - Sync 1 DAGs
[2024-03-21T02:42:00.686+0000] {logging_mixin.py:188} INFO - [2024-03-21T02:42:00.686+0000] {dag.py:3823} INFO - Setting next_dagrun for tutorial to 2024-03-20 00:00:00+00:00, run_after=2024-03-21 00:00:00+00:00
[2024-03-21T02:42:00.710+0000] {processor.py:183} INFO - Processing /home/airflow/.local/lib/python3.8/site-packages/airflow/example_dags/tutorial.py took 0.088 seconds
[2024-03-21T02:42:31.137+0000] {processor.py:161} INFO - Started process (PID=1245) to work on /home/airflow/.local/lib/python3.8/site-packages/airflow/example_dags/tutorial.py
[2024-03-21T02:42:31.139+0000] {processor.py:830} INFO - Processing file /home/airflow/.local/lib/python3.8/site-packages/airflow/example_dags/tutorial.py for tasks to queue
[2024-03-21T02:42:31.142+0000] {logging_mixin.py:188} INFO - [2024-03-21T02:42:31.142+0000] {dagbag.py:538} INFO - Filling up the DagBag from /home/airflow/.local/lib/python3.8/site-packages/airflow/example_dags/tutorial.py
[2024-03-21T02:42:31.148+0000] {processor.py:840} INFO - DAG(s) 'tutorial' retrieved from /home/airflow/.local/lib/python3.8/site-packages/airflow/example_dags/tutorial.py
[2024-03-21T02:42:31.166+0000] {logging_mixin.py:188} INFO - [2024-03-21T02:42:31.166+0000] {dag.py:3036} INFO - Sync 1 DAGs
[2024-03-21T02:42:31.191+0000] {logging_mixin.py:188} INFO - [2024-03-21T02:42:31.191+0000] {dag.py:3823} INFO - Setting next_dagrun for tutorial to 2024-03-20 00:00:00+00:00, run_after=2024-03-21 00:00:00+00:00
[2024-03-21T02:42:31.218+0000] {processor.py:183} INFO - Processing /home/airflow/.local/lib/python3.8/site-packages/airflow/example_dags/tutorial.py took 0.084 seconds
[2024-03-21T02:43:01.397+0000] {processor.py:161} INFO - Started process (PID=1300) to work on /home/airflow/.local/lib/python3.8/site-packages/airflow/example_dags/tutorial.py
[2024-03-21T02:43:01.398+0000] {processor.py:830} INFO - Processing file /home/airflow/.local/lib/python3.8/site-packages/airflow/example_dags/tutorial.py for tasks to queue
[2024-03-21T02:43:01.401+0000] {logging_mixin.py:188} INFO - [2024-03-21T02:43:01.400+0000] {dagbag.py:538} INFO - Filling up the DagBag from /home/airflow/.local/lib/python3.8/site-packages/airflow/example_dags/tutorial.py
[2024-03-21T02:43:01.408+0000] {processor.py:840} INFO - DAG(s) 'tutorial' retrieved from /home/airflow/.local/lib/python3.8/site-packages/airflow/example_dags/tutorial.py
[2024-03-21T02:43:01.428+0000] {logging_mixin.py:188} INFO - [2024-03-21T02:43:01.428+0000] {dag.py:3036} INFO - Sync 1 DAGs
[2024-03-21T02:43:01.451+0000] {logging_mixin.py:188} INFO - [2024-03-21T02:43:01.450+0000] {dag.py:3823} INFO - Setting next_dagrun for tutorial to 2024-03-20 00:00:00+00:00, run_after=2024-03-21 00:00:00+00:00
[2024-03-21T02:43:01.471+0000] {processor.py:183} INFO - Processing /home/airflow/.local/lib/python3.8/site-packages/airflow/example_dags/tutorial.py took 0.077 seconds
[2024-03-21T02:43:31.694+0000] {processor.py:161} INFO - Started process (PID=1355) to work on /home/airflow/.local/lib/python3.8/site-packages/airflow/example_dags/tutorial.py
[2024-03-21T02:43:31.695+0000] {processor.py:830} INFO - Processing file /home/airflow/.local/lib/python3.8/site-packages/airflow/example_dags/tutorial.py for tasks to queue
[2024-03-21T02:43:31.698+0000] {logging_mixin.py:188} INFO - [2024-03-21T02:43:31.697+0000] {dagbag.py:538} INFO - Filling up the DagBag from /home/airflow/.local/lib/python3.8/site-packages/airflow/example_dags/tutorial.py
[2024-03-21T02:43:31.705+0000] {processor.py:840} INFO - DAG(s) 'tutorial' retrieved from /home/airflow/.local/lib/python3.8/site-packages/airflow/example_dags/tutorial.py
[2024-03-21T02:43:31.732+0000] {logging_mixin.py:188} INFO - [2024-03-21T02:43:31.732+0000] {dag.py:3036} INFO - Sync 1 DAGs
[2024-03-21T02:43:31.761+0000] {logging_mixin.py:188} INFO - [2024-03-21T02:43:31.761+0000] {dag.py:3823} INFO - Setting next_dagrun for tutorial to 2024-03-20 00:00:00+00:00, run_after=2024-03-21 00:00:00+00:00
[2024-03-21T02:43:31.788+0000] {processor.py:183} INFO - Processing /home/airflow/.local/lib/python3.8/site-packages/airflow/example_dags/tutorial.py took 0.099 seconds
[2024-03-21T02:44:02.111+0000] {processor.py:161} INFO - Started process (PID=1411) to work on /home/airflow/.local/lib/python3.8/site-packages/airflow/example_dags/tutorial.py
[2024-03-21T02:44:02.113+0000] {processor.py:830} INFO - Processing file /home/airflow/.local/lib/python3.8/site-packages/airflow/example_dags/tutorial.py for tasks to queue
[2024-03-21T02:44:02.115+0000] {logging_mixin.py:188} INFO - [2024-03-21T02:44:02.114+0000] {dagbag.py:538} INFO - Filling up the DagBag from /home/airflow/.local/lib/python3.8/site-packages/airflow/example_dags/tutorial.py
[2024-03-21T02:44:02.120+0000] {processor.py:840} INFO - DAG(s) 'tutorial' retrieved from /home/airflow/.local/lib/python3.8/site-packages/airflow/example_dags/tutorial.py
[2024-03-21T02:44:02.141+0000] {logging_mixin.py:188} INFO - [2024-03-21T02:44:02.141+0000] {dag.py:3036} INFO - Sync 1 DAGs
[2024-03-21T02:44:02.167+0000] {logging_mixin.py:188} INFO - [2024-03-21T02:44:02.166+0000] {dag.py:3823} INFO - Setting next_dagrun for tutorial to 2024-03-20 00:00:00+00:00, run_after=2024-03-21 00:00:00+00:00
[2024-03-21T02:44:02.186+0000] {processor.py:183} INFO - Processing /home/airflow/.local/lib/python3.8/site-packages/airflow/example_dags/tutorial.py took 0.077 seconds
[2024-03-21T02:44:32.373+0000] {processor.py:161} INFO - Started process (PID=1465) to work on /home/airflow/.local/lib/python3.8/site-packages/airflow/example_dags/tutorial.py
[2024-03-21T02:44:32.375+0000] {processor.py:830} INFO - Processing file /home/airflow/.local/lib/python3.8/site-packages/airflow/example_dags/tutorial.py for tasks to queue
[2024-03-21T02:44:32.377+0000] {logging_mixin.py:188} INFO - [2024-03-21T02:44:32.377+0000] {dagbag.py:538} INFO - Filling up the DagBag from /home/airflow/.local/lib/python3.8/site-packages/airflow/example_dags/tutorial.py
[2024-03-21T02:44:32.386+0000] {processor.py:840} INFO - DAG(s) 'tutorial' retrieved from /home/airflow/.local/lib/python3.8/site-packages/airflow/example_dags/tutorial.py
[2024-03-21T02:44:32.412+0000] {logging_mixin.py:188} INFO - [2024-03-21T02:44:32.412+0000] {dag.py:3036} INFO - Sync 1 DAGs
[2024-03-21T02:44:32.437+0000] {logging_mixin.py:188} INFO - [2024-03-21T02:44:32.437+0000] {dag.py:3823} INFO - Setting next_dagrun for tutorial to 2024-03-20 00:00:00+00:00, run_after=2024-03-21 00:00:00+00:00
[2024-03-21T02:44:32.462+0000] {processor.py:183} INFO - Processing /home/airflow/.local/lib/python3.8/site-packages/airflow/example_dags/tutorial.py took 0.094 seconds
[2024-03-21T02:45:02.923+0000] {processor.py:161} INFO - Started process (PID=1520) to work on /home/airflow/.local/lib/python3.8/site-packages/airflow/example_dags/tutorial.py
[2024-03-21T02:45:02.924+0000] {processor.py:830} INFO - Processing file /home/airflow/.local/lib/python3.8/site-packages/airflow/example_dags/tutorial.py for tasks to queue
[2024-03-21T02:45:02.927+0000] {logging_mixin.py:188} INFO - [2024-03-21T02:45:02.926+0000] {dagbag.py:538} INFO - Filling up the DagBag from /home/airflow/.local/lib/python3.8/site-packages/airflow/example_dags/tutorial.py
[2024-03-21T02:45:02.934+0000] {processor.py:840} INFO - DAG(s) 'tutorial' retrieved from /home/airflow/.local/lib/python3.8/site-packages/airflow/example_dags/tutorial.py
[2024-03-21T02:45:02.959+0000] {logging_mixin.py:188} INFO - [2024-03-21T02:45:02.958+0000] {dag.py:3036} INFO - Sync 1 DAGs
[2024-03-21T02:45:02.984+0000] {logging_mixin.py:188} INFO - [2024-03-21T02:45:02.984+0000] {dag.py:3823} INFO - Setting next_dagrun for tutorial to 2024-03-20 00:00:00+00:00, run_after=2024-03-21 00:00:00+00:00
[2024-03-21T02:45:03.008+0000] {processor.py:183} INFO - Processing /home/airflow/.local/lib/python3.8/site-packages/airflow/example_dags/tutorial.py took 0.089 seconds
[2024-03-21T02:45:33.295+0000] {processor.py:161} INFO - Started process (PID=1575) to work on /home/airflow/.local/lib/python3.8/site-packages/airflow/example_dags/tutorial.py
[2024-03-21T02:45:33.296+0000] {processor.py:830} INFO - Processing file /home/airflow/.local/lib/python3.8/site-packages/airflow/example_dags/tutorial.py for tasks to queue
[2024-03-21T02:45:33.298+0000] {logging_mixin.py:188} INFO - [2024-03-21T02:45:33.298+0000] {dagbag.py:538} INFO - Filling up the DagBag from /home/airflow/.local/lib/python3.8/site-packages/airflow/example_dags/tutorial.py
[2024-03-21T02:45:33.306+0000] {processor.py:840} INFO - DAG(s) 'tutorial' retrieved from /home/airflow/.local/lib/python3.8/site-packages/airflow/example_dags/tutorial.py
[2024-03-21T02:45:33.334+0000] {logging_mixin.py:188} INFO - [2024-03-21T02:45:33.334+0000] {dag.py:3036} INFO - Sync 1 DAGs
[2024-03-21T02:45:33.362+0000] {logging_mixin.py:188} INFO - [2024-03-21T02:45:33.362+0000] {dag.py:3823} INFO - Setting next_dagrun for tutorial to 2024-03-20 00:00:00+00:00, run_after=2024-03-21 00:00:00+00:00
[2024-03-21T02:45:33.384+0000] {processor.py:183} INFO - Processing /home/airflow/.local/lib/python3.8/site-packages/airflow/example_dags/tutorial.py took 0.094 seconds
[2024-03-21T02:46:03.920+0000] {processor.py:161} INFO - Started process (PID=1630) to work on /home/airflow/.local/lib/python3.8/site-packages/airflow/example_dags/tutorial.py
[2024-03-21T02:46:03.922+0000] {processor.py:830} INFO - Processing file /home/airflow/.local/lib/python3.8/site-packages/airflow/example_dags/tutorial.py for tasks to queue
[2024-03-21T02:46:03.924+0000] {logging_mixin.py:188} INFO - [2024-03-21T02:46:03.924+0000] {dagbag.py:538} INFO - Filling up the DagBag from /home/airflow/.local/lib/python3.8/site-packages/airflow/example_dags/tutorial.py
[2024-03-21T02:46:03.931+0000] {processor.py:840} INFO - DAG(s) 'tutorial' retrieved from /home/airflow/.local/lib/python3.8/site-packages/airflow/example_dags/tutorial.py
[2024-03-21T02:46:03.959+0000] {logging_mixin.py:188} INFO - [2024-03-21T02:46:03.958+0000] {dag.py:3036} INFO - Sync 1 DAGs
[2024-03-21T02:46:03.987+0000] {logging_mixin.py:188} INFO - [2024-03-21T02:46:03.986+0000] {dag.py:3823} INFO - Setting next_dagrun for tutorial to 2024-03-20 00:00:00+00:00, run_after=2024-03-21 00:00:00+00:00
[2024-03-21T02:46:04.013+0000] {processor.py:183} INFO - Processing /home/airflow/.local/lib/python3.8/site-packages/airflow/example_dags/tutorial.py took 0.097 seconds
[2024-03-21T02:46:34.408+0000] {processor.py:161} INFO - Started process (PID=1685) to work on /home/airflow/.local/lib/python3.8/site-packages/airflow/example_dags/tutorial.py
[2024-03-21T02:46:34.410+0000] {processor.py:830} INFO - Processing file /home/airflow/.local/lib/python3.8/site-packages/airflow/example_dags/tutorial.py for tasks to queue
[2024-03-21T02:46:34.413+0000] {logging_mixin.py:188} INFO - [2024-03-21T02:46:34.413+0000] {dagbag.py:538} INFO - Filling up the DagBag from /home/airflow/.local/lib/python3.8/site-packages/airflow/example_dags/tutorial.py
[2024-03-21T02:46:34.421+0000] {processor.py:840} INFO - DAG(s) 'tutorial' retrieved from /home/airflow/.local/lib/python3.8/site-packages/airflow/example_dags/tutorial.py
[2024-03-21T02:46:34.453+0000] {logging_mixin.py:188} INFO - [2024-03-21T02:46:34.452+0000] {dag.py:3036} INFO - Sync 1 DAGs
[2024-03-21T02:46:34.487+0000] {logging_mixin.py:188} INFO - [2024-03-21T02:46:34.487+0000] {dag.py:3823} INFO - Setting next_dagrun for tutorial to 2024-03-20 00:00:00+00:00, run_after=2024-03-21 00:00:00+00:00
[2024-03-21T02:46:34.517+0000] {processor.py:183} INFO - Processing /home/airflow/.local/lib/python3.8/site-packages/airflow/example_dags/tutorial.py took 0.115 seconds
[2024-03-21T02:47:04.696+0000] {processor.py:161} INFO - Started process (PID=1740) to work on /home/airflow/.local/lib/python3.8/site-packages/airflow/example_dags/tutorial.py
[2024-03-21T02:47:04.698+0000] {processor.py:830} INFO - Processing file /home/airflow/.local/lib/python3.8/site-packages/airflow/example_dags/tutorial.py for tasks to queue
[2024-03-21T02:47:04.700+0000] {logging_mixin.py:188} INFO - [2024-03-21T02:47:04.700+0000] {dagbag.py:538} INFO - Filling up the DagBag from /home/airflow/.local/lib/python3.8/site-packages/airflow/example_dags/tutorial.py
[2024-03-21T02:47:04.706+0000] {processor.py:840} INFO - DAG(s) 'tutorial' retrieved from /home/airflow/.local/lib/python3.8/site-packages/airflow/example_dags/tutorial.py
[2024-03-21T02:47:04.728+0000] {logging_mixin.py:188} INFO - [2024-03-21T02:47:04.728+0000] {dag.py:3036} INFO - Sync 1 DAGs
[2024-03-21T02:47:04.753+0000] {logging_mixin.py:188} INFO - [2024-03-21T02:47:04.752+0000] {dag.py:3823} INFO - Setting next_dagrun for tutorial to 2024-03-20 00:00:00+00:00, run_after=2024-03-21 00:00:00+00:00
[2024-03-21T02:47:04.777+0000] {processor.py:183} INFO - Processing /home/airflow/.local/lib/python3.8/site-packages/airflow/example_dags/tutorial.py took 0.084 seconds
[2024-03-21T02:47:35.355+0000] {processor.py:161} INFO - Started process (PID=1795) to work on /home/airflow/.local/lib/python3.8/site-packages/airflow/example_dags/tutorial.py
[2024-03-21T02:47:35.357+0000] {processor.py:830} INFO - Processing file /home/airflow/.local/lib/python3.8/site-packages/airflow/example_dags/tutorial.py for tasks to queue
[2024-03-21T02:47:35.360+0000] {logging_mixin.py:188} INFO - [2024-03-21T02:47:35.359+0000] {dagbag.py:538} INFO - Filling up the DagBag from /home/airflow/.local/lib/python3.8/site-packages/airflow/example_dags/tutorial.py
[2024-03-21T02:47:35.372+0000] {processor.py:840} INFO - DAG(s) 'tutorial' retrieved from /home/airflow/.local/lib/python3.8/site-packages/airflow/example_dags/tutorial.py
[2024-03-21T02:47:35.410+0000] {logging_mixin.py:188} INFO - [2024-03-21T02:47:35.409+0000] {dag.py:3036} INFO - Sync 1 DAGs
[2024-03-21T02:47:35.459+0000] {logging_mixin.py:188} INFO - [2024-03-21T02:47:35.458+0000] {dag.py:3823} INFO - Setting next_dagrun for tutorial to 2024-03-20 00:00:00+00:00, run_after=2024-03-21 00:00:00+00:00
[2024-03-21T02:47:35.483+0000] {processor.py:183} INFO - Processing /home/airflow/.local/lib/python3.8/site-packages/airflow/example_dags/tutorial.py took 0.135 seconds
[2024-03-21T02:48:05.856+0000] {processor.py:161} INFO - Started process (PID=1850) to work on /home/airflow/.local/lib/python3.8/site-packages/airflow/example_dags/tutorial.py
[2024-03-21T02:48:05.857+0000] {processor.py:830} INFO - Processing file /home/airflow/.local/lib/python3.8/site-packages/airflow/example_dags/tutorial.py for tasks to queue
[2024-03-21T02:48:05.860+0000] {logging_mixin.py:188} INFO - [2024-03-21T02:48:05.860+0000] {dagbag.py:538} INFO - Filling up the DagBag from /home/airflow/.local/lib/python3.8/site-packages/airflow/example_dags/tutorial.py
[2024-03-21T02:48:05.870+0000] {processor.py:840} INFO - DAG(s) 'tutorial' retrieved from /home/airflow/.local/lib/python3.8/site-packages/airflow/example_dags/tutorial.py
[2024-03-21T02:48:05.902+0000] {logging_mixin.py:188} INFO - [2024-03-21T02:48:05.901+0000] {dag.py:3036} INFO - Sync 1 DAGs
[2024-03-21T02:48:05.932+0000] {logging_mixin.py:188} INFO - [2024-03-21T02:48:05.931+0000] {dag.py:3823} INFO - Setting next_dagrun for tutorial to 2024-03-20 00:00:00+00:00, run_after=2024-03-21 00:00:00+00:00
[2024-03-21T02:48:05.961+0000] {processor.py:183} INFO - Processing /home/airflow/.local/lib/python3.8/site-packages/airflow/example_dags/tutorial.py took 0.110 seconds
[2024-03-21T02:48:36.061+0000] {processor.py:161} INFO - Started process (PID=1905) to work on /home/airflow/.local/lib/python3.8/site-packages/airflow/example_dags/tutorial.py
[2024-03-21T02:48:36.063+0000] {processor.py:830} INFO - Processing file /home/airflow/.local/lib/python3.8/site-packages/airflow/example_dags/tutorial.py for tasks to queue
[2024-03-21T02:48:36.065+0000] {logging_mixin.py:188} INFO - [2024-03-21T02:48:36.065+0000] {dagbag.py:538} INFO - Filling up the DagBag from /home/airflow/.local/lib/python3.8/site-packages/airflow/example_dags/tutorial.py
[2024-03-21T02:48:36.075+0000] {processor.py:840} INFO - DAG(s) 'tutorial' retrieved from /home/airflow/.local/lib/python3.8/site-packages/airflow/example_dags/tutorial.py
[2024-03-21T02:48:36.104+0000] {logging_mixin.py:188} INFO - [2024-03-21T02:48:36.104+0000] {dag.py:3036} INFO - Sync 1 DAGs
[2024-03-21T02:48:36.132+0000] {logging_mixin.py:188} INFO - [2024-03-21T02:48:36.131+0000] {dag.py:3823} INFO - Setting next_dagrun for tutorial to 2024-03-20 00:00:00+00:00, run_after=2024-03-21 00:00:00+00:00
[2024-03-21T02:48:36.168+0000] {processor.py:183} INFO - Processing /home/airflow/.local/lib/python3.8/site-packages/airflow/example_dags/tutorial.py took 0.111 seconds
[2024-03-21T02:49:06.641+0000] {processor.py:161} INFO - Started process (PID=1960) to work on /home/airflow/.local/lib/python3.8/site-packages/airflow/example_dags/tutorial.py
[2024-03-21T02:49:06.643+0000] {processor.py:830} INFO - Processing file /home/airflow/.local/lib/python3.8/site-packages/airflow/example_dags/tutorial.py for tasks to queue
[2024-03-21T02:49:06.645+0000] {logging_mixin.py:188} INFO - [2024-03-21T02:49:06.645+0000] {dagbag.py:538} INFO - Filling up the DagBag from /home/airflow/.local/lib/python3.8/site-packages/airflow/example_dags/tutorial.py
[2024-03-21T02:49:06.652+0000] {processor.py:840} INFO - DAG(s) 'tutorial' retrieved from /home/airflow/.local/lib/python3.8/site-packages/airflow/example_dags/tutorial.py
[2024-03-21T02:49:06.677+0000] {logging_mixin.py:188} INFO - [2024-03-21T02:49:06.677+0000] {dag.py:3036} INFO - Sync 1 DAGs
[2024-03-21T02:49:06.701+0000] {logging_mixin.py:188} INFO - [2024-03-21T02:49:06.701+0000] {dag.py:3823} INFO - Setting next_dagrun for tutorial to 2024-03-20 00:00:00+00:00, run_after=2024-03-21 00:00:00+00:00
[2024-03-21T02:49:06.726+0000] {processor.py:183} INFO - Processing /home/airflow/.local/lib/python3.8/site-packages/airflow/example_dags/tutorial.py took 0.089 seconds
[2024-03-21T02:49:36.856+0000] {processor.py:161} INFO - Started process (PID=2015) to work on /home/airflow/.local/lib/python3.8/site-packages/airflow/example_dags/tutorial.py
[2024-03-21T02:49:36.858+0000] {processor.py:830} INFO - Processing file /home/airflow/.local/lib/python3.8/site-packages/airflow/example_dags/tutorial.py for tasks to queue
[2024-03-21T02:49:36.859+0000] {logging_mixin.py:188} INFO - [2024-03-21T02:49:36.859+0000] {dagbag.py:538} INFO - Filling up the DagBag from /home/airflow/.local/lib/python3.8/site-packages/airflow/example_dags/tutorial.py
[2024-03-21T02:49:36.866+0000] {processor.py:840} INFO - DAG(s) 'tutorial' retrieved from /home/airflow/.local/lib/python3.8/site-packages/airflow/example_dags/tutorial.py
[2024-03-21T02:49:36.888+0000] {logging_mixin.py:188} INFO - [2024-03-21T02:49:36.887+0000] {dag.py:3036} INFO - Sync 1 DAGs
[2024-03-21T02:49:36.910+0000] {logging_mixin.py:188} INFO - [2024-03-21T02:49:36.910+0000] {dag.py:3823} INFO - Setting next_dagrun for tutorial to 2024-03-20 00:00:00+00:00, run_after=2024-03-21 00:00:00+00:00
[2024-03-21T02:49:36.930+0000] {processor.py:183} INFO - Processing /home/airflow/.local/lib/python3.8/site-packages/airflow/example_dags/tutorial.py took 0.076 seconds
[2024-03-21T02:50:07.318+0000] {processor.py:161} INFO - Started process (PID=2070) to work on /home/airflow/.local/lib/python3.8/site-packages/airflow/example_dags/tutorial.py
[2024-03-21T02:50:07.320+0000] {processor.py:830} INFO - Processing file /home/airflow/.local/lib/python3.8/site-packages/airflow/example_dags/tutorial.py for tasks to queue
[2024-03-21T02:50:07.322+0000] {logging_mixin.py:188} INFO - [2024-03-21T02:50:07.322+0000] {dagbag.py:538} INFO - Filling up the DagBag from /home/airflow/.local/lib/python3.8/site-packages/airflow/example_dags/tutorial.py
[2024-03-21T02:50:07.330+0000] {processor.py:840} INFO - DAG(s) 'tutorial' retrieved from /home/airflow/.local/lib/python3.8/site-packages/airflow/example_dags/tutorial.py
[2024-03-21T02:50:07.359+0000] {logging_mixin.py:188} INFO - [2024-03-21T02:50:07.358+0000] {dag.py:3036} INFO - Sync 1 DAGs
[2024-03-21T02:50:07.389+0000] {logging_mixin.py:188} INFO - [2024-03-21T02:50:07.389+0000] {dag.py:3823} INFO - Setting next_dagrun for tutorial to 2024-03-20 00:00:00+00:00, run_after=2024-03-21 00:00:00+00:00
[2024-03-21T02:50:07.418+0000] {processor.py:183} INFO - Processing /home/airflow/.local/lib/python3.8/site-packages/airflow/example_dags/tutorial.py took 0.104 seconds
[2024-03-21T02:50:38.495+0000] {processor.py:161} INFO - Started process (PID=2125) to work on /home/airflow/.local/lib/python3.8/site-packages/airflow/example_dags/tutorial.py
[2024-03-21T02:50:38.497+0000] {processor.py:830} INFO - Processing file /home/airflow/.local/lib/python3.8/site-packages/airflow/example_dags/tutorial.py for tasks to queue
[2024-03-21T02:50:38.500+0000] {logging_mixin.py:188} INFO - [2024-03-21T02:50:38.500+0000] {dagbag.py:538} INFO - Filling up the DagBag from /home/airflow/.local/lib/python3.8/site-packages/airflow/example_dags/tutorial.py
[2024-03-21T02:50:38.505+0000] {processor.py:840} INFO - DAG(s) 'tutorial' retrieved from /home/airflow/.local/lib/python3.8/site-packages/airflow/example_dags/tutorial.py
[2024-03-21T02:50:38.524+0000] {logging_mixin.py:188} INFO - [2024-03-21T02:50:38.524+0000] {dag.py:3036} INFO - Sync 1 DAGs
[2024-03-21T02:50:38.543+0000] {logging_mixin.py:188} INFO - [2024-03-21T02:50:38.543+0000] {dag.py:3823} INFO - Setting next_dagrun for tutorial to 2024-03-20 00:00:00+00:00, run_after=2024-03-21 00:00:00+00:00
[2024-03-21T02:50:38.569+0000] {processor.py:183} INFO - Processing /home/airflow/.local/lib/python3.8/site-packages/airflow/example_dags/tutorial.py took 0.077 seconds
[2024-03-21T02:51:09.392+0000] {processor.py:161} INFO - Started process (PID=2180) to work on /home/airflow/.local/lib/python3.8/site-packages/airflow/example_dags/tutorial.py
[2024-03-21T02:51:09.393+0000] {processor.py:830} INFO - Processing file /home/airflow/.local/lib/python3.8/site-packages/airflow/example_dags/tutorial.py for tasks to queue
[2024-03-21T02:51:09.397+0000] {logging_mixin.py:188} INFO - [2024-03-21T02:51:09.396+0000] {dagbag.py:538} INFO - Filling up the DagBag from /home/airflow/.local/lib/python3.8/site-packages/airflow/example_dags/tutorial.py
[2024-03-21T02:51:09.404+0000] {processor.py:840} INFO - DAG(s) 'tutorial' retrieved from /home/airflow/.local/lib/python3.8/site-packages/airflow/example_dags/tutorial.py
[2024-03-21T02:51:09.432+0000] {logging_mixin.py:188} INFO - [2024-03-21T02:51:09.432+0000] {dag.py:3036} INFO - Sync 1 DAGs
[2024-03-21T02:51:09.460+0000] {logging_mixin.py:188} INFO - [2024-03-21T02:51:09.460+0000] {dag.py:3823} INFO - Setting next_dagrun for tutorial to 2024-03-20 00:00:00+00:00, run_after=2024-03-21 00:00:00+00:00
[2024-03-21T02:51:09.483+0000] {processor.py:183} INFO - Processing /home/airflow/.local/lib/python3.8/site-packages/airflow/example_dags/tutorial.py took 0.095 seconds
[2024-03-21T02:51:40.004+0000] {processor.py:161} INFO - Started process (PID=2235) to work on /home/airflow/.local/lib/python3.8/site-packages/airflow/example_dags/tutorial.py
[2024-03-21T02:51:40.006+0000] {processor.py:830} INFO - Processing file /home/airflow/.local/lib/python3.8/site-packages/airflow/example_dags/tutorial.py for tasks to queue
[2024-03-21T02:51:40.009+0000] {logging_mixin.py:188} INFO - [2024-03-21T02:51:40.008+0000] {dagbag.py:538} INFO - Filling up the DagBag from /home/airflow/.local/lib/python3.8/site-packages/airflow/example_dags/tutorial.py
[2024-03-21T02:51:40.019+0000] {processor.py:840} INFO - DAG(s) 'tutorial' retrieved from /home/airflow/.local/lib/python3.8/site-packages/airflow/example_dags/tutorial.py
[2024-03-21T02:51:40.053+0000] {logging_mixin.py:188} INFO - [2024-03-21T02:51:40.052+0000] {dag.py:3036} INFO - Sync 1 DAGs
[2024-03-21T02:51:40.090+0000] {logging_mixin.py:188} INFO - [2024-03-21T02:51:40.090+0000] {dag.py:3823} INFO - Setting next_dagrun for tutorial to 2024-03-20 00:00:00+00:00, run_after=2024-03-21 00:00:00+00:00
[2024-03-21T02:51:40.122+0000] {processor.py:183} INFO - Processing /home/airflow/.local/lib/python3.8/site-packages/airflow/example_dags/tutorial.py took 0.124 seconds
[2024-03-21T02:52:10.625+0000] {processor.py:161} INFO - Started process (PID=2292) to work on /home/airflow/.local/lib/python3.8/site-packages/airflow/example_dags/tutorial.py
[2024-03-21T02:52:10.626+0000] {processor.py:830} INFO - Processing file /home/airflow/.local/lib/python3.8/site-packages/airflow/example_dags/tutorial.py for tasks to queue
[2024-03-21T02:52:10.629+0000] {logging_mixin.py:188} INFO - [2024-03-21T02:52:10.629+0000] {dagbag.py:538} INFO - Filling up the DagBag from /home/airflow/.local/lib/python3.8/site-packages/airflow/example_dags/tutorial.py
[2024-03-21T02:52:10.638+0000] {processor.py:840} INFO - DAG(s) 'tutorial' retrieved from /home/airflow/.local/lib/python3.8/site-packages/airflow/example_dags/tutorial.py
[2024-03-21T02:52:10.668+0000] {logging_mixin.py:188} INFO - [2024-03-21T02:52:10.668+0000] {dag.py:3036} INFO - Sync 1 DAGs
[2024-03-21T02:52:10.702+0000] {logging_mixin.py:188} INFO - [2024-03-21T02:52:10.701+0000] {dag.py:3823} INFO - Setting next_dagrun for tutorial to 2024-03-20 00:00:00+00:00, run_after=2024-03-21 00:00:00+00:00
[2024-03-21T02:52:10.730+0000] {processor.py:183} INFO - Processing /home/airflow/.local/lib/python3.8/site-packages/airflow/example_dags/tutorial.py took 0.111 seconds
[2024-03-21T02:52:41.786+0000] {processor.py:161} INFO - Started process (PID=2348) to work on /home/airflow/.local/lib/python3.8/site-packages/airflow/example_dags/tutorial.py
[2024-03-21T02:52:41.788+0000] {processor.py:830} INFO - Processing file /home/airflow/.local/lib/python3.8/site-packages/airflow/example_dags/tutorial.py for tasks to queue
[2024-03-21T02:52:41.791+0000] {logging_mixin.py:188} INFO - [2024-03-21T02:52:41.790+0000] {dagbag.py:538} INFO - Filling up the DagBag from /home/airflow/.local/lib/python3.8/site-packages/airflow/example_dags/tutorial.py
[2024-03-21T02:52:41.798+0000] {processor.py:840} INFO - DAG(s) 'tutorial' retrieved from /home/airflow/.local/lib/python3.8/site-packages/airflow/example_dags/tutorial.py
[2024-03-21T02:52:41.822+0000] {logging_mixin.py:188} INFO - [2024-03-21T02:52:41.821+0000] {dag.py:3036} INFO - Sync 1 DAGs
[2024-03-21T02:52:41.851+0000] {logging_mixin.py:188} INFO - [2024-03-21T02:52:41.850+0000] {dag.py:3823} INFO - Setting next_dagrun for tutorial to 2024-03-20 00:00:00+00:00, run_after=2024-03-21 00:00:00+00:00
[2024-03-21T02:52:41.873+0000] {processor.py:183} INFO - Processing /home/airflow/.local/lib/python3.8/site-packages/airflow/example_dags/tutorial.py took 0.090 seconds
[2024-03-21T02:53:12.422+0000] {processor.py:161} INFO - Started process (PID=2404) to work on /home/airflow/.local/lib/python3.8/site-packages/airflow/example_dags/tutorial.py
[2024-03-21T02:53:12.423+0000] {processor.py:830} INFO - Processing file /home/airflow/.local/lib/python3.8/site-packages/airflow/example_dags/tutorial.py for tasks to queue
[2024-03-21T02:53:12.424+0000] {logging_mixin.py:188} INFO - [2024-03-21T02:53:12.424+0000] {dagbag.py:538} INFO - Filling up the DagBag from /home/airflow/.local/lib/python3.8/site-packages/airflow/example_dags/tutorial.py
[2024-03-21T02:53:12.432+0000] {processor.py:840} INFO - DAG(s) 'tutorial' retrieved from /home/airflow/.local/lib/python3.8/site-packages/airflow/example_dags/tutorial.py
[2024-03-21T02:53:12.454+0000] {logging_mixin.py:188} INFO - [2024-03-21T02:53:12.454+0000] {dag.py:3036} INFO - Sync 1 DAGs
[2024-03-21T02:53:12.478+0000] {logging_mixin.py:188} INFO - [2024-03-21T02:53:12.478+0000] {dag.py:3823} INFO - Setting next_dagrun for tutorial to 2024-03-20 00:00:00+00:00, run_after=2024-03-21 00:00:00+00:00
[2024-03-21T02:53:12.501+0000] {processor.py:183} INFO - Processing /home/airflow/.local/lib/python3.8/site-packages/airflow/example_dags/tutorial.py took 0.083 seconds
[2024-03-21T02:53:42.996+0000] {processor.py:161} INFO - Started process (PID=2460) to work on /home/airflow/.local/lib/python3.8/site-packages/airflow/example_dags/tutorial.py
[2024-03-21T02:53:42.998+0000] {processor.py:830} INFO - Processing file /home/airflow/.local/lib/python3.8/site-packages/airflow/example_dags/tutorial.py for tasks to queue
[2024-03-21T02:53:43.000+0000] {logging_mixin.py:188} INFO - [2024-03-21T02:53:43.000+0000] {dagbag.py:538} INFO - Filling up the DagBag from /home/airflow/.local/lib/python3.8/site-packages/airflow/example_dags/tutorial.py
[2024-03-21T02:53:43.007+0000] {processor.py:840} INFO - DAG(s) 'tutorial' retrieved from /home/airflow/.local/lib/python3.8/site-packages/airflow/example_dags/tutorial.py
[2024-03-21T02:53:43.034+0000] {logging_mixin.py:188} INFO - [2024-03-21T02:53:43.034+0000] {dag.py:3036} INFO - Sync 1 DAGs
[2024-03-21T02:53:43.060+0000] {logging_mixin.py:188} INFO - [2024-03-21T02:53:43.060+0000] {dag.py:3823} INFO - Setting next_dagrun for tutorial to 2024-03-20 00:00:00+00:00, run_after=2024-03-21 00:00:00+00:00
[2024-03-21T02:53:43.087+0000] {processor.py:183} INFO - Processing /home/airflow/.local/lib/python3.8/site-packages/airflow/example_dags/tutorial.py took 0.096 seconds
[2024-03-21T02:54:13.835+0000] {processor.py:161} INFO - Started process (PID=2516) to work on /home/airflow/.local/lib/python3.8/site-packages/airflow/example_dags/tutorial.py
[2024-03-21T02:54:13.836+0000] {processor.py:830} INFO - Processing file /home/airflow/.local/lib/python3.8/site-packages/airflow/example_dags/tutorial.py for tasks to queue
[2024-03-21T02:54:13.838+0000] {logging_mixin.py:188} INFO - [2024-03-21T02:54:13.838+0000] {dagbag.py:538} INFO - Filling up the DagBag from /home/airflow/.local/lib/python3.8/site-packages/airflow/example_dags/tutorial.py
[2024-03-21T02:54:13.844+0000] {processor.py:840} INFO - DAG(s) 'tutorial' retrieved from /home/airflow/.local/lib/python3.8/site-packages/airflow/example_dags/tutorial.py
[2024-03-21T02:54:13.864+0000] {logging_mixin.py:188} INFO - [2024-03-21T02:54:13.864+0000] {dag.py:3036} INFO - Sync 1 DAGs
[2024-03-21T02:54:13.889+0000] {logging_mixin.py:188} INFO - [2024-03-21T02:54:13.888+0000] {dag.py:3823} INFO - Setting next_dagrun for tutorial to 2024-03-20 00:00:00+00:00, run_after=2024-03-21 00:00:00+00:00
[2024-03-21T02:54:13.912+0000] {processor.py:183} INFO - Processing /home/airflow/.local/lib/python3.8/site-packages/airflow/example_dags/tutorial.py took 0.080 seconds
[2024-03-21T02:54:44.112+0000] {processor.py:161} INFO - Started process (PID=2571) to work on /home/airflow/.local/lib/python3.8/site-packages/airflow/example_dags/tutorial.py
[2024-03-21T02:54:44.113+0000] {processor.py:830} INFO - Processing file /home/airflow/.local/lib/python3.8/site-packages/airflow/example_dags/tutorial.py for tasks to queue
[2024-03-21T02:54:44.115+0000] {logging_mixin.py:188} INFO - [2024-03-21T02:54:44.115+0000] {dagbag.py:538} INFO - Filling up the DagBag from /home/airflow/.local/lib/python3.8/site-packages/airflow/example_dags/tutorial.py
[2024-03-21T02:54:44.122+0000] {processor.py:840} INFO - DAG(s) 'tutorial' retrieved from /home/airflow/.local/lib/python3.8/site-packages/airflow/example_dags/tutorial.py
[2024-03-21T02:54:44.142+0000] {logging_mixin.py:188} INFO - [2024-03-21T02:54:44.142+0000] {dag.py:3036} INFO - Sync 1 DAGs
[2024-03-21T02:54:44.167+0000] {logging_mixin.py:188} INFO - [2024-03-21T02:54:44.167+0000] {dag.py:3823} INFO - Setting next_dagrun for tutorial to 2024-03-20 00:00:00+00:00, run_after=2024-03-21 00:00:00+00:00
[2024-03-21T02:54:44.190+0000] {processor.py:183} INFO - Processing /home/airflow/.local/lib/python3.8/site-packages/airflow/example_dags/tutorial.py took 0.083 seconds
[2024-03-21T02:55:14.380+0000] {processor.py:161} INFO - Started process (PID=2627) to work on /home/airflow/.local/lib/python3.8/site-packages/airflow/example_dags/tutorial.py
[2024-03-21T02:55:14.381+0000] {processor.py:830} INFO - Processing file /home/airflow/.local/lib/python3.8/site-packages/airflow/example_dags/tutorial.py for tasks to queue
[2024-03-21T02:55:14.384+0000] {logging_mixin.py:188} INFO - [2024-03-21T02:55:14.383+0000] {dagbag.py:538} INFO - Filling up the DagBag from /home/airflow/.local/lib/python3.8/site-packages/airflow/example_dags/tutorial.py
[2024-03-21T02:55:14.391+0000] {processor.py:840} INFO - DAG(s) 'tutorial' retrieved from /home/airflow/.local/lib/python3.8/site-packages/airflow/example_dags/tutorial.py
[2024-03-21T02:55:14.407+0000] {logging_mixin.py:188} INFO - [2024-03-21T02:55:14.407+0000] {dag.py:3036} INFO - Sync 1 DAGs
[2024-03-21T02:55:14.449+0000] {logging_mixin.py:188} INFO - [2024-03-21T02:55:14.449+0000] {dag.py:3823} INFO - Setting next_dagrun for tutorial to 2024-03-20 00:00:00+00:00, run_after=2024-03-21 00:00:00+00:00
[2024-03-21T02:55:14.474+0000] {processor.py:183} INFO - Processing /home/airflow/.local/lib/python3.8/site-packages/airflow/example_dags/tutorial.py took 0.098 seconds
[2024-03-21T02:55:44.602+0000] {processor.py:161} INFO - Started process (PID=2683) to work on /home/airflow/.local/lib/python3.8/site-packages/airflow/example_dags/tutorial.py
[2024-03-21T02:55:44.603+0000] {processor.py:830} INFO - Processing file /home/airflow/.local/lib/python3.8/site-packages/airflow/example_dags/tutorial.py for tasks to queue
[2024-03-21T02:55:44.606+0000] {logging_mixin.py:188} INFO - [2024-03-21T02:55:44.605+0000] {dagbag.py:538} INFO - Filling up the DagBag from /home/airflow/.local/lib/python3.8/site-packages/airflow/example_dags/tutorial.py
[2024-03-21T02:55:44.613+0000] {processor.py:840} INFO - DAG(s) 'tutorial' retrieved from /home/airflow/.local/lib/python3.8/site-packages/airflow/example_dags/tutorial.py
[2024-03-21T02:55:44.859+0000] {logging_mixin.py:188} INFO - [2024-03-21T02:55:44.859+0000] {dag.py:3036} INFO - Sync 1 DAGs
[2024-03-21T02:55:44.887+0000] {logging_mixin.py:188} INFO - [2024-03-21T02:55:44.887+0000] {dag.py:3823} INFO - Setting next_dagrun for tutorial to 2024-03-20 00:00:00+00:00, run_after=2024-03-21 00:00:00+00:00
[2024-03-21T02:55:44.922+0000] {processor.py:183} INFO - Processing /home/airflow/.local/lib/python3.8/site-packages/airflow/example_dags/tutorial.py took 0.324 seconds
[2024-03-21T02:56:15.005+0000] {processor.py:161} INFO - Started process (PID=2739) to work on /home/airflow/.local/lib/python3.8/site-packages/airflow/example_dags/tutorial.py
[2024-03-21T02:56:15.007+0000] {processor.py:830} INFO - Processing file /home/airflow/.local/lib/python3.8/site-packages/airflow/example_dags/tutorial.py for tasks to queue
[2024-03-21T02:56:15.010+0000] {logging_mixin.py:188} INFO - [2024-03-21T02:56:15.009+0000] {dagbag.py:538} INFO - Filling up the DagBag from /home/airflow/.local/lib/python3.8/site-packages/airflow/example_dags/tutorial.py
[2024-03-21T02:56:15.018+0000] {processor.py:840} INFO - DAG(s) 'tutorial' retrieved from /home/airflow/.local/lib/python3.8/site-packages/airflow/example_dags/tutorial.py
[2024-03-21T02:56:15.047+0000] {logging_mixin.py:188} INFO - [2024-03-21T02:56:15.046+0000] {dag.py:3036} INFO - Sync 1 DAGs
[2024-03-21T02:56:15.077+0000] {logging_mixin.py:188} INFO - [2024-03-21T02:56:15.077+0000] {dag.py:3823} INFO - Setting next_dagrun for tutorial to 2024-03-20 00:00:00+00:00, run_after=2024-03-21 00:00:00+00:00
[2024-03-21T02:56:15.108+0000] {processor.py:183} INFO - Processing /home/airflow/.local/lib/python3.8/site-packages/airflow/example_dags/tutorial.py took 0.109 seconds
[2024-03-21T02:56:45.350+0000] {processor.py:161} INFO - Started process (PID=2795) to work on /home/airflow/.local/lib/python3.8/site-packages/airflow/example_dags/tutorial.py
[2024-03-21T02:56:45.352+0000] {processor.py:830} INFO - Processing file /home/airflow/.local/lib/python3.8/site-packages/airflow/example_dags/tutorial.py for tasks to queue
[2024-03-21T02:56:45.354+0000] {logging_mixin.py:188} INFO - [2024-03-21T02:56:45.354+0000] {dagbag.py:538} INFO - Filling up the DagBag from /home/airflow/.local/lib/python3.8/site-packages/airflow/example_dags/tutorial.py
[2024-03-21T02:56:45.361+0000] {processor.py:840} INFO - DAG(s) 'tutorial' retrieved from /home/airflow/.local/lib/python3.8/site-packages/airflow/example_dags/tutorial.py
[2024-03-21T02:56:45.385+0000] {logging_mixin.py:188} INFO - [2024-03-21T02:56:45.385+0000] {dag.py:3036} INFO - Sync 1 DAGs
[2024-03-21T02:56:45.410+0000] {logging_mixin.py:188} INFO - [2024-03-21T02:56:45.410+0000] {dag.py:3823} INFO - Setting next_dagrun for tutorial to 2024-03-20 00:00:00+00:00, run_after=2024-03-21 00:00:00+00:00
[2024-03-21T02:56:45.432+0000] {processor.py:183} INFO - Processing /home/airflow/.local/lib/python3.8/site-packages/airflow/example_dags/tutorial.py took 0.086 seconds
[2024-03-21T02:57:16.042+0000] {processor.py:161} INFO - Started process (PID=2851) to work on /home/airflow/.local/lib/python3.8/site-packages/airflow/example_dags/tutorial.py
[2024-03-21T02:57:16.043+0000] {processor.py:830} INFO - Processing file /home/airflow/.local/lib/python3.8/site-packages/airflow/example_dags/tutorial.py for tasks to queue
[2024-03-21T02:57:16.046+0000] {logging_mixin.py:188} INFO - [2024-03-21T02:57:16.045+0000] {dagbag.py:538} INFO - Filling up the DagBag from /home/airflow/.local/lib/python3.8/site-packages/airflow/example_dags/tutorial.py
[2024-03-21T02:57:16.054+0000] {processor.py:840} INFO - DAG(s) 'tutorial' retrieved from /home/airflow/.local/lib/python3.8/site-packages/airflow/example_dags/tutorial.py
[2024-03-21T02:57:16.083+0000] {logging_mixin.py:188} INFO - [2024-03-21T02:57:16.082+0000] {dag.py:3036} INFO - Sync 1 DAGs
[2024-03-21T02:57:16.106+0000] {logging_mixin.py:188} INFO - [2024-03-21T02:57:16.106+0000] {dag.py:3823} INFO - Setting next_dagrun for tutorial to 2024-03-20 00:00:00+00:00, run_after=2024-03-21 00:00:00+00:00
[2024-03-21T02:57:16.128+0000] {processor.py:183} INFO - Processing /home/airflow/.local/lib/python3.8/site-packages/airflow/example_dags/tutorial.py took 0.090 seconds
[2024-03-21T02:57:46.521+0000] {processor.py:161} INFO - Started process (PID=2907) to work on /home/airflow/.local/lib/python3.8/site-packages/airflow/example_dags/tutorial.py
[2024-03-21T02:57:46.523+0000] {processor.py:830} INFO - Processing file /home/airflow/.local/lib/python3.8/site-packages/airflow/example_dags/tutorial.py for tasks to queue
[2024-03-21T02:57:46.526+0000] {logging_mixin.py:188} INFO - [2024-03-21T02:57:46.525+0000] {dagbag.py:538} INFO - Filling up the DagBag from /home/airflow/.local/lib/python3.8/site-packages/airflow/example_dags/tutorial.py
[2024-03-21T02:57:46.534+0000] {processor.py:840} INFO - DAG(s) 'tutorial' retrieved from /home/airflow/.local/lib/python3.8/site-packages/airflow/example_dags/tutorial.py
[2024-03-21T02:57:46.571+0000] {logging_mixin.py:188} INFO - [2024-03-21T02:57:46.571+0000] {dag.py:3036} INFO - Sync 1 DAGs
[2024-03-21T02:57:46.620+0000] {logging_mixin.py:188} INFO - [2024-03-21T02:57:46.620+0000] {dag.py:3823} INFO - Setting next_dagrun for tutorial to 2024-03-20 00:00:00+00:00, run_after=2024-03-21 00:00:00+00:00
[2024-03-21T02:57:46.661+0000] {processor.py:183} INFO - Processing /home/airflow/.local/lib/python3.8/site-packages/airflow/example_dags/tutorial.py took 0.146 seconds
[2024-03-21T02:58:17.397+0000] {processor.py:161} INFO - Started process (PID=2963) to work on /home/airflow/.local/lib/python3.8/site-packages/airflow/example_dags/tutorial.py
[2024-03-21T02:58:17.399+0000] {processor.py:830} INFO - Processing file /home/airflow/.local/lib/python3.8/site-packages/airflow/example_dags/tutorial.py for tasks to queue
[2024-03-21T02:58:17.401+0000] {logging_mixin.py:188} INFO - [2024-03-21T02:58:17.401+0000] {dagbag.py:538} INFO - Filling up the DagBag from /home/airflow/.local/lib/python3.8/site-packages/airflow/example_dags/tutorial.py
[2024-03-21T02:58:17.408+0000] {processor.py:840} INFO - DAG(s) 'tutorial' retrieved from /home/airflow/.local/lib/python3.8/site-packages/airflow/example_dags/tutorial.py
[2024-03-21T02:58:17.439+0000] {logging_mixin.py:188} INFO - [2024-03-21T02:58:17.439+0000] {dag.py:3036} INFO - Sync 1 DAGs
[2024-03-21T02:58:17.677+0000] {logging_mixin.py:188} INFO - [2024-03-21T02:58:17.677+0000] {dag.py:3823} INFO - Setting next_dagrun for tutorial to 2024-03-20 00:00:00+00:00, run_after=2024-03-21 00:00:00+00:00
[2024-03-21T02:58:17.711+0000] {processor.py:183} INFO - Processing /home/airflow/.local/lib/python3.8/site-packages/airflow/example_dags/tutorial.py took 0.318 seconds
[2024-03-21T02:58:48.217+0000] {processor.py:161} INFO - Started process (PID=3017) to work on /home/airflow/.local/lib/python3.8/site-packages/airflow/example_dags/tutorial.py
[2024-03-21T02:58:48.219+0000] {processor.py:830} INFO - Processing file /home/airflow/.local/lib/python3.8/site-packages/airflow/example_dags/tutorial.py for tasks to queue
[2024-03-21T02:58:48.224+0000] {logging_mixin.py:188} INFO - [2024-03-21T02:58:48.223+0000] {dagbag.py:538} INFO - Filling up the DagBag from /home/airflow/.local/lib/python3.8/site-packages/airflow/example_dags/tutorial.py
[2024-03-21T02:58:48.236+0000] {processor.py:840} INFO - DAG(s) 'tutorial' retrieved from /home/airflow/.local/lib/python3.8/site-packages/airflow/example_dags/tutorial.py
[2024-03-21T02:58:48.273+0000] {logging_mixin.py:188} INFO - [2024-03-21T02:58:48.272+0000] {dag.py:3036} INFO - Sync 1 DAGs
[2024-03-21T02:58:48.318+0000] {logging_mixin.py:188} INFO - [2024-03-21T02:58:48.317+0000] {dag.py:3823} INFO - Setting next_dagrun for tutorial to 2024-03-20 00:00:00+00:00, run_after=2024-03-21 00:00:00+00:00
[2024-03-21T02:58:48.350+0000] {processor.py:183} INFO - Processing /home/airflow/.local/lib/python3.8/site-packages/airflow/example_dags/tutorial.py took 0.138 seconds
[2024-03-21T02:59:18.879+0000] {processor.py:161} INFO - Started process (PID=3074) to work on /home/airflow/.local/lib/python3.8/site-packages/airflow/example_dags/tutorial.py
[2024-03-21T02:59:18.880+0000] {processor.py:830} INFO - Processing file /home/airflow/.local/lib/python3.8/site-packages/airflow/example_dags/tutorial.py for tasks to queue
[2024-03-21T02:59:18.882+0000] {logging_mixin.py:188} INFO - [2024-03-21T02:59:18.881+0000] {dagbag.py:538} INFO - Filling up the DagBag from /home/airflow/.local/lib/python3.8/site-packages/airflow/example_dags/tutorial.py
[2024-03-21T02:59:18.887+0000] {processor.py:840} INFO - DAG(s) 'tutorial' retrieved from /home/airflow/.local/lib/python3.8/site-packages/airflow/example_dags/tutorial.py
[2024-03-21T02:59:18.907+0000] {logging_mixin.py:188} INFO - [2024-03-21T02:59:18.907+0000] {dag.py:3036} INFO - Sync 1 DAGs
[2024-03-21T02:59:18.929+0000] {logging_mixin.py:188} INFO - [2024-03-21T02:59:18.928+0000] {dag.py:3823} INFO - Setting next_dagrun for tutorial to 2024-03-20 00:00:00+00:00, run_after=2024-03-21 00:00:00+00:00
[2024-03-21T02:59:18.958+0000] {processor.py:183} INFO - Processing /home/airflow/.local/lib/python3.8/site-packages/airflow/example_dags/tutorial.py took 0.082 seconds
[2024-03-21T02:59:49.032+0000] {processor.py:161} INFO - Started process (PID=3130) to work on /home/airflow/.local/lib/python3.8/site-packages/airflow/example_dags/tutorial.py
[2024-03-21T02:59:49.033+0000] {processor.py:830} INFO - Processing file /home/airflow/.local/lib/python3.8/site-packages/airflow/example_dags/tutorial.py for tasks to queue
[2024-03-21T02:59:49.035+0000] {logging_mixin.py:188} INFO - [2024-03-21T02:59:49.035+0000] {dagbag.py:538} INFO - Filling up the DagBag from /home/airflow/.local/lib/python3.8/site-packages/airflow/example_dags/tutorial.py
[2024-03-21T02:59:49.043+0000] {processor.py:840} INFO - DAG(s) 'tutorial' retrieved from /home/airflow/.local/lib/python3.8/site-packages/airflow/example_dags/tutorial.py
[2024-03-21T02:59:49.066+0000] {logging_mixin.py:188} INFO - [2024-03-21T02:59:49.066+0000] {dag.py:3036} INFO - Sync 1 DAGs
[2024-03-21T02:59:49.094+0000] {logging_mixin.py:188} INFO - [2024-03-21T02:59:49.094+0000] {dag.py:3823} INFO - Setting next_dagrun for tutorial to 2024-03-20 00:00:00+00:00, run_after=2024-03-21 00:00:00+00:00
[2024-03-21T02:59:49.117+0000] {processor.py:183} INFO - Processing /home/airflow/.local/lib/python3.8/site-packages/airflow/example_dags/tutorial.py took 0.089 seconds
[2024-03-21T03:00:19.453+0000] {processor.py:161} INFO - Started process (PID=3187) to work on /home/airflow/.local/lib/python3.8/site-packages/airflow/example_dags/tutorial.py
[2024-03-21T03:00:19.454+0000] {processor.py:830} INFO - Processing file /home/airflow/.local/lib/python3.8/site-packages/airflow/example_dags/tutorial.py for tasks to queue
[2024-03-21T03:00:19.456+0000] {logging_mixin.py:188} INFO - [2024-03-21T03:00:19.456+0000] {dagbag.py:538} INFO - Filling up the DagBag from /home/airflow/.local/lib/python3.8/site-packages/airflow/example_dags/tutorial.py
[2024-03-21T03:00:19.462+0000] {processor.py:840} INFO - DAG(s) 'tutorial' retrieved from /home/airflow/.local/lib/python3.8/site-packages/airflow/example_dags/tutorial.py
[2024-03-21T03:00:19.484+0000] {logging_mixin.py:188} INFO - [2024-03-21T03:00:19.484+0000] {dag.py:3036} INFO - Sync 1 DAGs
[2024-03-21T03:00:19.507+0000] {logging_mixin.py:188} INFO - [2024-03-21T03:00:19.507+0000] {dag.py:3823} INFO - Setting next_dagrun for tutorial to 2024-03-20 00:00:00+00:00, run_after=2024-03-21 00:00:00+00:00
[2024-03-21T03:00:19.525+0000] {processor.py:183} INFO - Processing /home/airflow/.local/lib/python3.8/site-packages/airflow/example_dags/tutorial.py took 0.076 seconds
[2024-03-21T03:00:49.644+0000] {processor.py:161} INFO - Started process (PID=3243) to work on /home/airflow/.local/lib/python3.8/site-packages/airflow/example_dags/tutorial.py
[2024-03-21T03:00:49.645+0000] {processor.py:830} INFO - Processing file /home/airflow/.local/lib/python3.8/site-packages/airflow/example_dags/tutorial.py for tasks to queue
[2024-03-21T03:00:49.647+0000] {logging_mixin.py:188} INFO - [2024-03-21T03:00:49.647+0000] {dagbag.py:538} INFO - Filling up the DagBag from /home/airflow/.local/lib/python3.8/site-packages/airflow/example_dags/tutorial.py
[2024-03-21T03:00:49.653+0000] {processor.py:840} INFO - DAG(s) 'tutorial' retrieved from /home/airflow/.local/lib/python3.8/site-packages/airflow/example_dags/tutorial.py
[2024-03-21T03:00:49.680+0000] {logging_mixin.py:188} INFO - [2024-03-21T03:00:49.680+0000] {dag.py:3036} INFO - Sync 1 DAGs
[2024-03-21T03:00:49.713+0000] {logging_mixin.py:188} INFO - [2024-03-21T03:00:49.713+0000] {dag.py:3823} INFO - Setting next_dagrun for tutorial to 2024-03-20 00:00:00+00:00, run_after=2024-03-21 00:00:00+00:00
[2024-03-21T03:00:49.738+0000] {processor.py:183} INFO - Processing /home/airflow/.local/lib/python3.8/site-packages/airflow/example_dags/tutorial.py took 0.098 seconds
[2024-03-21T03:02:46.824+0000] {processor.py:161} INFO - Started process (PID=85) to work on /home/airflow/.local/lib/python3.8/site-packages/airflow/example_dags/tutorial.py
[2024-03-21T03:02:46.825+0000] {processor.py:830} INFO - Processing file /home/airflow/.local/lib/python3.8/site-packages/airflow/example_dags/tutorial.py for tasks to queue
[2024-03-21T03:02:46.828+0000] {logging_mixin.py:188} INFO - [2024-03-21T03:02:46.828+0000] {dagbag.py:538} INFO - Filling up the DagBag from /home/airflow/.local/lib/python3.8/site-packages/airflow/example_dags/tutorial.py
[2024-03-21T03:02:46.835+0000] {processor.py:840} INFO - DAG(s) 'tutorial' retrieved from /home/airflow/.local/lib/python3.8/site-packages/airflow/example_dags/tutorial.py
[2024-03-21T03:02:46.850+0000] {logging_mixin.py:188} INFO - [2024-03-21T03:02:46.850+0000] {dag.py:3036} INFO - Sync 1 DAGs
[2024-03-21T03:02:46.879+0000] {logging_mixin.py:188} INFO - [2024-03-21T03:02:46.879+0000] {dag.py:3823} INFO - Setting next_dagrun for tutorial to 2024-03-20 00:00:00+00:00, run_after=2024-03-21 00:00:00+00:00
[2024-03-21T03:02:46.901+0000] {processor.py:183} INFO - Processing /home/airflow/.local/lib/python3.8/site-packages/airflow/example_dags/tutorial.py took 0.080 seconds
[2024-03-21T03:03:18.472+0000] {processor.py:161} INFO - Started process (PID=141) to work on /home/airflow/.local/lib/python3.8/site-packages/airflow/example_dags/tutorial.py
[2024-03-21T03:03:18.473+0000] {processor.py:830} INFO - Processing file /home/airflow/.local/lib/python3.8/site-packages/airflow/example_dags/tutorial.py for tasks to queue
[2024-03-21T03:03:18.476+0000] {logging_mixin.py:188} INFO - [2024-03-21T03:03:18.475+0000] {dagbag.py:538} INFO - Filling up the DagBag from /home/airflow/.local/lib/python3.8/site-packages/airflow/example_dags/tutorial.py
[2024-03-21T03:03:18.483+0000] {processor.py:840} INFO - DAG(s) 'tutorial' retrieved from /home/airflow/.local/lib/python3.8/site-packages/airflow/example_dags/tutorial.py
[2024-03-21T03:03:18.612+0000] {logging_mixin.py:188} INFO - [2024-03-21T03:03:18.612+0000] {dag.py:3036} INFO - Sync 1 DAGs
[2024-03-21T03:03:18.644+0000] {logging_mixin.py:188} INFO - [2024-03-21T03:03:18.644+0000] {dag.py:3823} INFO - Setting next_dagrun for tutorial to 2024-03-20 00:00:00+00:00, run_after=2024-03-21 00:00:00+00:00
[2024-03-21T03:03:18.669+0000] {processor.py:183} INFO - Processing /home/airflow/.local/lib/python3.8/site-packages/airflow/example_dags/tutorial.py took 0.201 seconds
[2024-03-21T03:03:48.701+0000] {processor.py:161} INFO - Started process (PID=197) to work on /home/airflow/.local/lib/python3.8/site-packages/airflow/example_dags/tutorial.py
[2024-03-21T03:03:48.702+0000] {processor.py:830} INFO - Processing file /home/airflow/.local/lib/python3.8/site-packages/airflow/example_dags/tutorial.py for tasks to queue
[2024-03-21T03:03:48.704+0000] {logging_mixin.py:188} INFO - [2024-03-21T03:03:48.703+0000] {dagbag.py:538} INFO - Filling up the DagBag from /home/airflow/.local/lib/python3.8/site-packages/airflow/example_dags/tutorial.py
[2024-03-21T03:03:48.709+0000] {processor.py:840} INFO - DAG(s) 'tutorial' retrieved from /home/airflow/.local/lib/python3.8/site-packages/airflow/example_dags/tutorial.py
[2024-03-21T03:03:48.727+0000] {logging_mixin.py:188} INFO - [2024-03-21T03:03:48.727+0000] {dag.py:3036} INFO - Sync 1 DAGs
[2024-03-21T03:03:48.748+0000] {logging_mixin.py:188} INFO - [2024-03-21T03:03:48.748+0000] {dag.py:3823} INFO - Setting next_dagrun for tutorial to 2024-03-20 00:00:00+00:00, run_after=2024-03-21 00:00:00+00:00
[2024-03-21T03:03:48.768+0000] {processor.py:183} INFO - Processing /home/airflow/.local/lib/python3.8/site-packages/airflow/example_dags/tutorial.py took 0.071 seconds
[2024-03-21T03:04:19.072+0000] {processor.py:161} INFO - Started process (PID=267) to work on /home/airflow/.local/lib/python3.8/site-packages/airflow/example_dags/tutorial.py
[2024-03-21T03:04:19.073+0000] {processor.py:830} INFO - Processing file /home/airflow/.local/lib/python3.8/site-packages/airflow/example_dags/tutorial.py for tasks to queue
[2024-03-21T03:04:19.076+0000] {logging_mixin.py:188} INFO - [2024-03-21T03:04:19.075+0000] {dagbag.py:538} INFO - Filling up the DagBag from /home/airflow/.local/lib/python3.8/site-packages/airflow/example_dags/tutorial.py
[2024-03-21T03:04:19.083+0000] {processor.py:840} INFO - DAG(s) 'tutorial' retrieved from /home/airflow/.local/lib/python3.8/site-packages/airflow/example_dags/tutorial.py
[2024-03-21T03:04:19.104+0000] {logging_mixin.py:188} INFO - [2024-03-21T03:04:19.103+0000] {dag.py:3036} INFO - Sync 1 DAGs
[2024-03-21T03:04:19.124+0000] {logging_mixin.py:188} INFO - [2024-03-21T03:04:19.124+0000] {dag.py:3823} INFO - Setting next_dagrun for tutorial to 2024-03-20 00:00:00+00:00, run_after=2024-03-21 00:00:00+00:00
[2024-03-21T03:04:19.144+0000] {processor.py:183} INFO - Processing /home/airflow/.local/lib/python3.8/site-packages/airflow/example_dags/tutorial.py took 0.075 seconds
[2024-03-21T03:04:49.272+0000] {processor.py:161} INFO - Started process (PID=323) to work on /home/airflow/.local/lib/python3.8/site-packages/airflow/example_dags/tutorial.py
[2024-03-21T03:04:49.274+0000] {processor.py:830} INFO - Processing file /home/airflow/.local/lib/python3.8/site-packages/airflow/example_dags/tutorial.py for tasks to queue
[2024-03-21T03:04:49.276+0000] {logging_mixin.py:188} INFO - [2024-03-21T03:04:49.276+0000] {dagbag.py:538} INFO - Filling up the DagBag from /home/airflow/.local/lib/python3.8/site-packages/airflow/example_dags/tutorial.py
[2024-03-21T03:04:49.283+0000] {processor.py:840} INFO - DAG(s) 'tutorial' retrieved from /home/airflow/.local/lib/python3.8/site-packages/airflow/example_dags/tutorial.py
[2024-03-21T03:04:49.308+0000] {logging_mixin.py:188} INFO - [2024-03-21T03:04:49.308+0000] {dag.py:3036} INFO - Sync 1 DAGs
[2024-03-21T03:04:49.342+0000] {logging_mixin.py:188} INFO - [2024-03-21T03:04:49.342+0000] {dag.py:3823} INFO - Setting next_dagrun for tutorial to 2024-03-20 00:00:00+00:00, run_after=2024-03-21 00:00:00+00:00
[2024-03-21T03:04:49.368+0000] {processor.py:183} INFO - Processing /home/airflow/.local/lib/python3.8/site-packages/airflow/example_dags/tutorial.py took 0.100 seconds
[2024-03-21T03:05:19.470+0000] {processor.py:161} INFO - Started process (PID=379) to work on /home/airflow/.local/lib/python3.8/site-packages/airflow/example_dags/tutorial.py
[2024-03-21T03:05:19.471+0000] {processor.py:830} INFO - Processing file /home/airflow/.local/lib/python3.8/site-packages/airflow/example_dags/tutorial.py for tasks to queue
[2024-03-21T03:05:19.473+0000] {logging_mixin.py:188} INFO - [2024-03-21T03:05:19.473+0000] {dagbag.py:538} INFO - Filling up the DagBag from /home/airflow/.local/lib/python3.8/site-packages/airflow/example_dags/tutorial.py
[2024-03-21T03:05:19.479+0000] {processor.py:840} INFO - DAG(s) 'tutorial' retrieved from /home/airflow/.local/lib/python3.8/site-packages/airflow/example_dags/tutorial.py
[2024-03-21T03:05:19.499+0000] {logging_mixin.py:188} INFO - [2024-03-21T03:05:19.499+0000] {dag.py:3036} INFO - Sync 1 DAGs
[2024-03-21T03:05:19.524+0000] {logging_mixin.py:188} INFO - [2024-03-21T03:05:19.523+0000] {dag.py:3823} INFO - Setting next_dagrun for tutorial to 2024-03-20 00:00:00+00:00, run_after=2024-03-21 00:00:00+00:00
[2024-03-21T03:05:19.547+0000] {processor.py:183} INFO - Processing /home/airflow/.local/lib/python3.8/site-packages/airflow/example_dags/tutorial.py took 0.080 seconds
[2024-03-21T03:05:50.094+0000] {processor.py:161} INFO - Started process (PID=443) to work on /home/airflow/.local/lib/python3.8/site-packages/airflow/example_dags/tutorial.py
[2024-03-21T03:05:50.095+0000] {processor.py:830} INFO - Processing file /home/airflow/.local/lib/python3.8/site-packages/airflow/example_dags/tutorial.py for tasks to queue
[2024-03-21T03:05:50.097+0000] {logging_mixin.py:188} INFO - [2024-03-21T03:05:50.096+0000] {dagbag.py:538} INFO - Filling up the DagBag from /home/airflow/.local/lib/python3.8/site-packages/airflow/example_dags/tutorial.py
[2024-03-21T03:05:50.102+0000] {processor.py:840} INFO - DAG(s) 'tutorial' retrieved from /home/airflow/.local/lib/python3.8/site-packages/airflow/example_dags/tutorial.py
[2024-03-21T03:05:50.122+0000] {logging_mixin.py:188} INFO - [2024-03-21T03:05:50.121+0000] {dag.py:3036} INFO - Sync 1 DAGs
[2024-03-21T03:05:50.143+0000] {logging_mixin.py:188} INFO - [2024-03-21T03:05:50.143+0000] {dag.py:3823} INFO - Setting next_dagrun for tutorial to 2024-03-20 00:00:00+00:00, run_after=2024-03-21 00:00:00+00:00
[2024-03-21T03:05:50.164+0000] {processor.py:183} INFO - Processing /home/airflow/.local/lib/python3.8/site-packages/airflow/example_dags/tutorial.py took 0.074 seconds
[2024-03-21T03:06:20.915+0000] {processor.py:161} INFO - Started process (PID=499) to work on /home/airflow/.local/lib/python3.8/site-packages/airflow/example_dags/tutorial.py
[2024-03-21T03:06:20.917+0000] {processor.py:830} INFO - Processing file /home/airflow/.local/lib/python3.8/site-packages/airflow/example_dags/tutorial.py for tasks to queue
[2024-03-21T03:06:20.919+0000] {logging_mixin.py:188} INFO - [2024-03-21T03:06:20.919+0000] {dagbag.py:538} INFO - Filling up the DagBag from /home/airflow/.local/lib/python3.8/site-packages/airflow/example_dags/tutorial.py
[2024-03-21T03:06:20.926+0000] {processor.py:840} INFO - DAG(s) 'tutorial' retrieved from /home/airflow/.local/lib/python3.8/site-packages/airflow/example_dags/tutorial.py
[2024-03-21T03:06:20.951+0000] {logging_mixin.py:188} INFO - [2024-03-21T03:06:20.950+0000] {dag.py:3036} INFO - Sync 1 DAGs
[2024-03-21T03:06:20.978+0000] {logging_mixin.py:188} INFO - [2024-03-21T03:06:20.977+0000] {dag.py:3823} INFO - Setting next_dagrun for tutorial to 2024-03-20 00:00:00+00:00, run_after=2024-03-21 00:00:00+00:00
[2024-03-21T03:06:21.006+0000] {processor.py:183} INFO - Processing /home/airflow/.local/lib/python3.8/site-packages/airflow/example_dags/tutorial.py took 0.094 seconds
[2024-03-21T03:06:51.865+0000] {processor.py:161} INFO - Started process (PID=555) to work on /home/airflow/.local/lib/python3.8/site-packages/airflow/example_dags/tutorial.py
[2024-03-21T03:06:51.866+0000] {processor.py:830} INFO - Processing file /home/airflow/.local/lib/python3.8/site-packages/airflow/example_dags/tutorial.py for tasks to queue
[2024-03-21T03:06:51.869+0000] {logging_mixin.py:188} INFO - [2024-03-21T03:06:51.868+0000] {dagbag.py:538} INFO - Filling up the DagBag from /home/airflow/.local/lib/python3.8/site-packages/airflow/example_dags/tutorial.py
[2024-03-21T03:06:51.877+0000] {processor.py:840} INFO - DAG(s) 'tutorial' retrieved from /home/airflow/.local/lib/python3.8/site-packages/airflow/example_dags/tutorial.py
[2024-03-21T03:06:51.905+0000] {logging_mixin.py:188} INFO - [2024-03-21T03:06:51.905+0000] {dag.py:3036} INFO - Sync 1 DAGs
[2024-03-21T03:06:51.940+0000] {logging_mixin.py:188} INFO - [2024-03-21T03:06:51.938+0000] {dag.py:3823} INFO - Setting next_dagrun for tutorial to 2024-03-20 00:00:00+00:00, run_after=2024-03-21 00:00:00+00:00
[2024-03-21T03:06:51.972+0000] {processor.py:183} INFO - Processing /home/airflow/.local/lib/python3.8/site-packages/airflow/example_dags/tutorial.py took 0.113 seconds
[2024-03-21T03:07:22.277+0000] {processor.py:161} INFO - Started process (PID=611) to work on /home/airflow/.local/lib/python3.8/site-packages/airflow/example_dags/tutorial.py
[2024-03-21T03:07:22.278+0000] {processor.py:830} INFO - Processing file /home/airflow/.local/lib/python3.8/site-packages/airflow/example_dags/tutorial.py for tasks to queue
[2024-03-21T03:07:22.281+0000] {logging_mixin.py:188} INFO - [2024-03-21T03:07:22.280+0000] {dagbag.py:538} INFO - Filling up the DagBag from /home/airflow/.local/lib/python3.8/site-packages/airflow/example_dags/tutorial.py
[2024-03-21T03:07:22.288+0000] {processor.py:840} INFO - DAG(s) 'tutorial' retrieved from /home/airflow/.local/lib/python3.8/site-packages/airflow/example_dags/tutorial.py
[2024-03-21T03:07:22.316+0000] {logging_mixin.py:188} INFO - [2024-03-21T03:07:22.316+0000] {dag.py:3036} INFO - Sync 1 DAGs
[2024-03-21T03:07:22.347+0000] {logging_mixin.py:188} INFO - [2024-03-21T03:07:22.346+0000] {dag.py:3823} INFO - Setting next_dagrun for tutorial to 2024-03-20 00:00:00+00:00, run_after=2024-03-21 00:00:00+00:00
[2024-03-21T03:07:22.372+0000] {processor.py:183} INFO - Processing /home/airflow/.local/lib/python3.8/site-packages/airflow/example_dags/tutorial.py took 0.099 seconds
[2024-03-21T03:07:52.527+0000] {processor.py:161} INFO - Started process (PID=667) to work on /home/airflow/.local/lib/python3.8/site-packages/airflow/example_dags/tutorial.py
[2024-03-21T03:07:52.529+0000] {processor.py:830} INFO - Processing file /home/airflow/.local/lib/python3.8/site-packages/airflow/example_dags/tutorial.py for tasks to queue
[2024-03-21T03:07:52.532+0000] {logging_mixin.py:188} INFO - [2024-03-21T03:07:52.531+0000] {dagbag.py:538} INFO - Filling up the DagBag from /home/airflow/.local/lib/python3.8/site-packages/airflow/example_dags/tutorial.py
[2024-03-21T03:07:52.539+0000] {processor.py:840} INFO - DAG(s) 'tutorial' retrieved from /home/airflow/.local/lib/python3.8/site-packages/airflow/example_dags/tutorial.py
[2024-03-21T03:07:52.556+0000] {logging_mixin.py:188} INFO - [2024-03-21T03:07:52.555+0000] {dag.py:3036} INFO - Sync 1 DAGs
[2024-03-21T03:07:52.591+0000] {logging_mixin.py:188} INFO - [2024-03-21T03:07:52.591+0000] {dag.py:3823} INFO - Setting next_dagrun for tutorial to 2024-03-20 00:00:00+00:00, run_after=2024-03-21 00:00:00+00:00
[2024-03-21T03:07:52.621+0000] {processor.py:183} INFO - Processing /home/airflow/.local/lib/python3.8/site-packages/airflow/example_dags/tutorial.py took 0.098 seconds
[2024-03-21T03:08:24.182+0000] {processor.py:161} INFO - Started process (PID=728) to work on /home/airflow/.local/lib/python3.8/site-packages/airflow/example_dags/tutorial.py
[2024-03-21T03:08:24.184+0000] {processor.py:830} INFO - Processing file /home/airflow/.local/lib/python3.8/site-packages/airflow/example_dags/tutorial.py for tasks to queue
[2024-03-21T03:08:24.187+0000] {logging_mixin.py:188} INFO - [2024-03-21T03:08:24.186+0000] {dagbag.py:538} INFO - Filling up the DagBag from /home/airflow/.local/lib/python3.8/site-packages/airflow/example_dags/tutorial.py
[2024-03-21T03:08:24.193+0000] {processor.py:840} INFO - DAG(s) 'tutorial' retrieved from /home/airflow/.local/lib/python3.8/site-packages/airflow/example_dags/tutorial.py
[2024-03-21T03:08:24.332+0000] {logging_mixin.py:188} INFO - [2024-03-21T03:08:24.331+0000] {dag.py:3036} INFO - Sync 1 DAGs
[2024-03-21T03:08:24.361+0000] {logging_mixin.py:188} INFO - [2024-03-21T03:08:24.361+0000] {dag.py:3823} INFO - Setting next_dagrun for tutorial to 2024-03-20 00:00:00+00:00, run_after=2024-03-21 00:00:00+00:00
[2024-03-21T03:08:24.384+0000] {processor.py:183} INFO - Processing /home/airflow/.local/lib/python3.8/site-packages/airflow/example_dags/tutorial.py took 0.207 seconds
[2024-03-21T03:08:54.542+0000] {processor.py:161} INFO - Started process (PID=784) to work on /home/airflow/.local/lib/python3.8/site-packages/airflow/example_dags/tutorial.py
[2024-03-21T03:08:54.544+0000] {processor.py:830} INFO - Processing file /home/airflow/.local/lib/python3.8/site-packages/airflow/example_dags/tutorial.py for tasks to queue
[2024-03-21T03:08:54.547+0000] {logging_mixin.py:188} INFO - [2024-03-21T03:08:54.547+0000] {dagbag.py:538} INFO - Filling up the DagBag from /home/airflow/.local/lib/python3.8/site-packages/airflow/example_dags/tutorial.py
[2024-03-21T03:08:54.556+0000] {processor.py:840} INFO - DAG(s) 'tutorial' retrieved from /home/airflow/.local/lib/python3.8/site-packages/airflow/example_dags/tutorial.py
[2024-03-21T03:08:54.587+0000] {logging_mixin.py:188} INFO - [2024-03-21T03:08:54.587+0000] {dag.py:3036} INFO - Sync 1 DAGs
[2024-03-21T03:08:54.616+0000] {logging_mixin.py:188} INFO - [2024-03-21T03:08:54.616+0000] {dag.py:3823} INFO - Setting next_dagrun for tutorial to 2024-03-20 00:00:00+00:00, run_after=2024-03-21 00:00:00+00:00
[2024-03-21T03:08:54.637+0000] {processor.py:183} INFO - Processing /home/airflow/.local/lib/python3.8/site-packages/airflow/example_dags/tutorial.py took 0.102 seconds
[2024-03-21T03:09:24.722+0000] {processor.py:161} INFO - Started process (PID=840) to work on /home/airflow/.local/lib/python3.8/site-packages/airflow/example_dags/tutorial.py
[2024-03-21T03:09:24.723+0000] {processor.py:830} INFO - Processing file /home/airflow/.local/lib/python3.8/site-packages/airflow/example_dags/tutorial.py for tasks to queue
[2024-03-21T03:09:24.726+0000] {logging_mixin.py:188} INFO - [2024-03-21T03:09:24.725+0000] {dagbag.py:538} INFO - Filling up the DagBag from /home/airflow/.local/lib/python3.8/site-packages/airflow/example_dags/tutorial.py
[2024-03-21T03:09:24.731+0000] {processor.py:840} INFO - DAG(s) 'tutorial' retrieved from /home/airflow/.local/lib/python3.8/site-packages/airflow/example_dags/tutorial.py
[2024-03-21T03:09:24.751+0000] {logging_mixin.py:188} INFO - [2024-03-21T03:09:24.750+0000] {dag.py:3036} INFO - Sync 1 DAGs
[2024-03-21T03:09:24.773+0000] {logging_mixin.py:188} INFO - [2024-03-21T03:09:24.773+0000] {dag.py:3823} INFO - Setting next_dagrun for tutorial to 2024-03-20 00:00:00+00:00, run_after=2024-03-21 00:00:00+00:00
[2024-03-21T03:09:24.795+0000] {processor.py:183} INFO - Processing /home/airflow/.local/lib/python3.8/site-packages/airflow/example_dags/tutorial.py took 0.076 seconds
[2024-03-21T03:09:54.997+0000] {processor.py:161} INFO - Started process (PID=896) to work on /home/airflow/.local/lib/python3.8/site-packages/airflow/example_dags/tutorial.py
[2024-03-21T03:09:54.998+0000] {processor.py:830} INFO - Processing file /home/airflow/.local/lib/python3.8/site-packages/airflow/example_dags/tutorial.py for tasks to queue
[2024-03-21T03:09:54.999+0000] {logging_mixin.py:188} INFO - [2024-03-21T03:09:54.999+0000] {dagbag.py:538} INFO - Filling up the DagBag from /home/airflow/.local/lib/python3.8/site-packages/airflow/example_dags/tutorial.py
[2024-03-21T03:09:55.005+0000] {processor.py:840} INFO - DAG(s) 'tutorial' retrieved from /home/airflow/.local/lib/python3.8/site-packages/airflow/example_dags/tutorial.py
[2024-03-21T03:09:55.024+0000] {logging_mixin.py:188} INFO - [2024-03-21T03:09:55.023+0000] {dag.py:3036} INFO - Sync 1 DAGs
[2024-03-21T03:09:55.043+0000] {logging_mixin.py:188} INFO - [2024-03-21T03:09:55.042+0000] {dag.py:3823} INFO - Setting next_dagrun for tutorial to 2024-03-20 00:00:00+00:00, run_after=2024-03-21 00:00:00+00:00
[2024-03-21T03:09:55.063+0000] {processor.py:183} INFO - Processing /home/airflow/.local/lib/python3.8/site-packages/airflow/example_dags/tutorial.py took 0.069 seconds
[2024-03-21T03:10:25.342+0000] {processor.py:161} INFO - Started process (PID=952) to work on /home/airflow/.local/lib/python3.8/site-packages/airflow/example_dags/tutorial.py
[2024-03-21T03:10:25.343+0000] {processor.py:830} INFO - Processing file /home/airflow/.local/lib/python3.8/site-packages/airflow/example_dags/tutorial.py for tasks to queue
[2024-03-21T03:10:25.345+0000] {logging_mixin.py:188} INFO - [2024-03-21T03:10:25.345+0000] {dagbag.py:538} INFO - Filling up the DagBag from /home/airflow/.local/lib/python3.8/site-packages/airflow/example_dags/tutorial.py
[2024-03-21T03:10:25.353+0000] {processor.py:840} INFO - DAG(s) 'tutorial' retrieved from /home/airflow/.local/lib/python3.8/site-packages/airflow/example_dags/tutorial.py
[2024-03-21T03:10:25.376+0000] {logging_mixin.py:188} INFO - [2024-03-21T03:10:25.376+0000] {dag.py:3036} INFO - Sync 1 DAGs
[2024-03-21T03:10:25.400+0000] {logging_mixin.py:188} INFO - [2024-03-21T03:10:25.399+0000] {dag.py:3823} INFO - Setting next_dagrun for tutorial to 2024-03-20 00:00:00+00:00, run_after=2024-03-21 00:00:00+00:00
[2024-03-21T03:10:25.422+0000] {processor.py:183} INFO - Processing /home/airflow/.local/lib/python3.8/site-packages/airflow/example_dags/tutorial.py took 0.085 seconds
[2024-03-21T03:10:55.561+0000] {processor.py:161} INFO - Started process (PID=1008) to work on /home/airflow/.local/lib/python3.8/site-packages/airflow/example_dags/tutorial.py
[2024-03-21T03:10:55.562+0000] {processor.py:830} INFO - Processing file /home/airflow/.local/lib/python3.8/site-packages/airflow/example_dags/tutorial.py for tasks to queue
[2024-03-21T03:10:55.564+0000] {logging_mixin.py:188} INFO - [2024-03-21T03:10:55.564+0000] {dagbag.py:538} INFO - Filling up the DagBag from /home/airflow/.local/lib/python3.8/site-packages/airflow/example_dags/tutorial.py
[2024-03-21T03:10:55.570+0000] {processor.py:840} INFO - DAG(s) 'tutorial' retrieved from /home/airflow/.local/lib/python3.8/site-packages/airflow/example_dags/tutorial.py
[2024-03-21T03:10:55.590+0000] {logging_mixin.py:188} INFO - [2024-03-21T03:10:55.590+0000] {dag.py:3036} INFO - Sync 1 DAGs
[2024-03-21T03:10:55.614+0000] {logging_mixin.py:188} INFO - [2024-03-21T03:10:55.613+0000] {dag.py:3823} INFO - Setting next_dagrun for tutorial to 2024-03-20 00:00:00+00:00, run_after=2024-03-21 00:00:00+00:00
[2024-03-21T03:10:55.634+0000] {processor.py:183} INFO - Processing /home/airflow/.local/lib/python3.8/site-packages/airflow/example_dags/tutorial.py took 0.076 seconds
[2024-03-21T03:11:25.732+0000] {processor.py:161} INFO - Started process (PID=1064) to work on /home/airflow/.local/lib/python3.8/site-packages/airflow/example_dags/tutorial.py
[2024-03-21T03:11:25.733+0000] {processor.py:830} INFO - Processing file /home/airflow/.local/lib/python3.8/site-packages/airflow/example_dags/tutorial.py for tasks to queue
[2024-03-21T03:11:25.735+0000] {logging_mixin.py:188} INFO - [2024-03-21T03:11:25.735+0000] {dagbag.py:538} INFO - Filling up the DagBag from /home/airflow/.local/lib/python3.8/site-packages/airflow/example_dags/tutorial.py
[2024-03-21T03:11:25.740+0000] {processor.py:840} INFO - DAG(s) 'tutorial' retrieved from /home/airflow/.local/lib/python3.8/site-packages/airflow/example_dags/tutorial.py
[2024-03-21T03:11:25.761+0000] {logging_mixin.py:188} INFO - [2024-03-21T03:11:25.761+0000] {dag.py:3036} INFO - Sync 1 DAGs
[2024-03-21T03:11:25.784+0000] {logging_mixin.py:188} INFO - [2024-03-21T03:11:25.783+0000] {dag.py:3823} INFO - Setting next_dagrun for tutorial to 2024-03-20 00:00:00+00:00, run_after=2024-03-21 00:00:00+00:00
[2024-03-21T03:11:25.800+0000] {processor.py:183} INFO - Processing /home/airflow/.local/lib/python3.8/site-packages/airflow/example_dags/tutorial.py took 0.071 seconds
[2024-03-21T03:11:56.648+0000] {processor.py:161} INFO - Started process (PID=1120) to work on /home/airflow/.local/lib/python3.8/site-packages/airflow/example_dags/tutorial.py
[2024-03-21T03:11:56.649+0000] {processor.py:830} INFO - Processing file /home/airflow/.local/lib/python3.8/site-packages/airflow/example_dags/tutorial.py for tasks to queue
[2024-03-21T03:11:56.651+0000] {logging_mixin.py:188} INFO - [2024-03-21T03:11:56.651+0000] {dagbag.py:538} INFO - Filling up the DagBag from /home/airflow/.local/lib/python3.8/site-packages/airflow/example_dags/tutorial.py
[2024-03-21T03:11:56.658+0000] {processor.py:840} INFO - DAG(s) 'tutorial' retrieved from /home/airflow/.local/lib/python3.8/site-packages/airflow/example_dags/tutorial.py
[2024-03-21T03:11:56.682+0000] {logging_mixin.py:188} INFO - [2024-03-21T03:11:56.682+0000] {dag.py:3036} INFO - Sync 1 DAGs
[2024-03-21T03:11:56.706+0000] {logging_mixin.py:188} INFO - [2024-03-21T03:11:56.705+0000] {dag.py:3823} INFO - Setting next_dagrun for tutorial to 2024-03-20 00:00:00+00:00, run_after=2024-03-21 00:00:00+00:00
[2024-03-21T03:11:56.727+0000] {processor.py:183} INFO - Processing /home/airflow/.local/lib/python3.8/site-packages/airflow/example_dags/tutorial.py took 0.083 seconds
