[2024-03-22T00:05:35.392+0000] {processor.py:161} INFO - Started process (PID=3398) to work on /opt/airflow/dags/taskflow_api.py
[2024-03-22T00:05:35.394+0000] {processor.py:830} INFO - Processing file /opt/airflow/dags/taskflow_api.py for tasks to queue
[2024-03-22T00:05:35.403+0000] {logging_mixin.py:188} INFO - [2024-03-22T00:05:35.402+0000] {dagbag.py:538} INFO - Filling up the DagBag from /opt/airflow/dags/taskflow_api.py
[2024-03-22T00:05:35.423+0000] {processor.py:840} INFO - DAG(s) 'taskflow_api' retrieved from /opt/airflow/dags/taskflow_api.py
[2024-03-22T00:05:35.486+0000] {logging_mixin.py:188} INFO - [2024-03-22T00:05:35.485+0000] {dag.py:3036} INFO - Sync 1 DAGs
[2024-03-22T00:05:35.522+0000] {logging_mixin.py:188} INFO - [2024-03-22T00:05:35.522+0000] {dag.py:3823} INFO - Setting next_dagrun for taskflow_api to None, run_after=None
[2024-03-22T00:05:35.692+0000] {processor.py:183} INFO - Processing /opt/airflow/dags/taskflow_api.py took 0.306 seconds
[2024-03-22T00:10:02.719+0000] {processor.py:161} INFO - Started process (PID=43) to work on /opt/airflow/dags/taskflow_api.py
[2024-03-22T00:10:02.721+0000] {processor.py:830} INFO - Processing file /opt/airflow/dags/taskflow_api.py for tasks to queue
[2024-03-22T00:10:02.722+0000] {logging_mixin.py:188} INFO - [2024-03-22T00:10:02.722+0000] {dagbag.py:538} INFO - Filling up the DagBag from /opt/airflow/dags/taskflow_api.py
[2024-03-22T00:10:02.744+0000] {processor.py:840} INFO - DAG(s) 'taskflow_api' retrieved from /opt/airflow/dags/taskflow_api.py
[2024-03-22T00:10:02.791+0000] {logging_mixin.py:188} INFO - [2024-03-22T00:10:02.791+0000] {dag.py:3036} INFO - Sync 1 DAGs
[2024-03-22T00:10:02.806+0000] {logging_mixin.py:188} INFO - [2024-03-22T00:10:02.806+0000] {dag.py:3823} INFO - Setting next_dagrun for taskflow_api to None, run_after=None
[2024-03-22T00:10:02.827+0000] {processor.py:183} INFO - Processing /opt/airflow/dags/taskflow_api.py took 0.111 seconds
[2024-03-22T00:12:06.926+0000] {processor.py:161} INFO - Started process (PID=43) to work on /opt/airflow/dags/taskflow_api.py
[2024-03-22T00:12:06.926+0000] {processor.py:830} INFO - Processing file /opt/airflow/dags/taskflow_api.py for tasks to queue
[2024-03-22T00:12:06.928+0000] {logging_mixin.py:188} INFO - [2024-03-22T00:12:06.928+0000] {dagbag.py:538} INFO - Filling up the DagBag from /opt/airflow/dags/taskflow_api.py
[2024-03-22T00:12:06.944+0000] {processor.py:840} INFO - DAG(s) 'taskflow_api' retrieved from /opt/airflow/dags/taskflow_api.py
[2024-03-22T00:12:07.054+0000] {logging_mixin.py:188} INFO - [2024-03-22T00:12:07.054+0000] {dag.py:3036} INFO - Sync 1 DAGs
[2024-03-22T00:12:07.063+0000] {logging_mixin.py:188} INFO - [2024-03-22T00:12:07.063+0000] {dag.py:3823} INFO - Setting next_dagrun for taskflow_api to None, run_after=None
[2024-03-22T00:12:07.084+0000] {processor.py:183} INFO - Processing /opt/airflow/dags/taskflow_api.py took 0.162 seconds
[2024-03-22T00:12:37.342+0000] {processor.py:161} INFO - Started process (PID=106) to work on /opt/airflow/dags/taskflow_api.py
[2024-03-22T00:12:37.344+0000] {processor.py:830} INFO - Processing file /opt/airflow/dags/taskflow_api.py for tasks to queue
[2024-03-22T00:12:37.345+0000] {logging_mixin.py:188} INFO - [2024-03-22T00:12:37.345+0000] {dagbag.py:538} INFO - Filling up the DagBag from /opt/airflow/dags/taskflow_api.py
[2024-03-22T00:12:37.359+0000] {processor.py:840} INFO - DAG(s) 'taskflow_api' retrieved from /opt/airflow/dags/taskflow_api.py
[2024-03-22T00:12:37.378+0000] {logging_mixin.py:188} INFO - [2024-03-22T00:12:37.378+0000] {dag.py:3036} INFO - Sync 1 DAGs
[2024-03-22T00:12:37.390+0000] {logging_mixin.py:188} INFO - [2024-03-22T00:12:37.390+0000] {dag.py:3823} INFO - Setting next_dagrun for taskflow_api to None, run_after=None
[2024-03-22T00:12:37.408+0000] {processor.py:183} INFO - Processing /opt/airflow/dags/taskflow_api.py took 0.070 seconds
[2024-03-22T00:13:07.740+0000] {processor.py:161} INFO - Started process (PID=169) to work on /opt/airflow/dags/taskflow_api.py
[2024-03-22T00:13:07.740+0000] {processor.py:830} INFO - Processing file /opt/airflow/dags/taskflow_api.py for tasks to queue
[2024-03-22T00:13:07.743+0000] {logging_mixin.py:188} INFO - [2024-03-22T00:13:07.742+0000] {dagbag.py:538} INFO - Filling up the DagBag from /opt/airflow/dags/taskflow_api.py
[2024-03-22T00:13:07.753+0000] {processor.py:840} INFO - DAG(s) 'taskflow_api' retrieved from /opt/airflow/dags/taskflow_api.py
[2024-03-22T00:13:07.767+0000] {logging_mixin.py:188} INFO - [2024-03-22T00:13:07.767+0000] {dag.py:3036} INFO - Sync 1 DAGs
[2024-03-22T00:13:07.776+0000] {logging_mixin.py:188} INFO - [2024-03-22T00:13:07.776+0000] {dag.py:3823} INFO - Setting next_dagrun for taskflow_api to None, run_after=None
[2024-03-22T00:13:07.792+0000] {processor.py:183} INFO - Processing /opt/airflow/dags/taskflow_api.py took 0.055 seconds
[2024-03-22T00:13:50.332+0000] {processor.py:161} INFO - Started process (PID=43) to work on /opt/airflow/dags/taskflow_api.py
[2024-03-22T00:13:50.333+0000] {processor.py:830} INFO - Processing file /opt/airflow/dags/taskflow_api.py for tasks to queue
[2024-03-22T00:13:50.335+0000] {logging_mixin.py:188} INFO - [2024-03-22T00:13:50.335+0000] {dagbag.py:538} INFO - Filling up the DagBag from /opt/airflow/dags/taskflow_api.py
[2024-03-22T00:13:50.354+0000] {processor.py:840} INFO - DAG(s) 'taskflow_api' retrieved from /opt/airflow/dags/taskflow_api.py
[2024-03-22T00:13:50.473+0000] {logging_mixin.py:188} INFO - [2024-03-22T00:13:50.472+0000] {dag.py:3036} INFO - Sync 1 DAGs
[2024-03-22T00:13:50.485+0000] {logging_mixin.py:188} INFO - [2024-03-22T00:13:50.484+0000] {dag.py:3823} INFO - Setting next_dagrun for taskflow_api to None, run_after=None
[2024-03-22T00:13:50.511+0000] {processor.py:183} INFO - Processing /opt/airflow/dags/taskflow_api.py took 0.182 seconds
[2024-03-22T00:14:20.759+0000] {processor.py:161} INFO - Started process (PID=106) to work on /opt/airflow/dags/taskflow_api.py
[2024-03-22T00:14:20.760+0000] {processor.py:830} INFO - Processing file /opt/airflow/dags/taskflow_api.py for tasks to queue
[2024-03-22T00:14:20.761+0000] {logging_mixin.py:188} INFO - [2024-03-22T00:14:20.761+0000] {dagbag.py:538} INFO - Filling up the DagBag from /opt/airflow/dags/taskflow_api.py
[2024-03-22T00:14:20.773+0000] {processor.py:840} INFO - DAG(s) 'taskflow_api' retrieved from /opt/airflow/dags/taskflow_api.py
[2024-03-22T00:14:20.848+0000] {logging_mixin.py:188} INFO - [2024-03-22T00:14:20.847+0000] {dag.py:3036} INFO - Sync 1 DAGs
[2024-03-22T00:14:20.856+0000] {logging_mixin.py:188} INFO - [2024-03-22T00:14:20.856+0000] {dag.py:3823} INFO - Setting next_dagrun for taskflow_api to None, run_after=None
[2024-03-22T00:14:20.874+0000] {processor.py:183} INFO - Processing /opt/airflow/dags/taskflow_api.py took 0.118 seconds
[2024-03-22T00:14:51.093+0000] {processor.py:161} INFO - Started process (PID=169) to work on /opt/airflow/dags/taskflow_api.py
[2024-03-22T00:14:51.094+0000] {processor.py:830} INFO - Processing file /opt/airflow/dags/taskflow_api.py for tasks to queue
[2024-03-22T00:14:51.095+0000] {logging_mixin.py:188} INFO - [2024-03-22T00:14:51.095+0000] {dagbag.py:538} INFO - Filling up the DagBag from /opt/airflow/dags/taskflow_api.py
[2024-03-22T00:14:51.110+0000] {processor.py:840} INFO - DAG(s) 'taskflow_api' retrieved from /opt/airflow/dags/taskflow_api.py
[2024-03-22T00:14:51.124+0000] {logging_mixin.py:188} INFO - [2024-03-22T00:14:51.124+0000] {dag.py:3036} INFO - Sync 1 DAGs
[2024-03-22T00:14:51.133+0000] {logging_mixin.py:188} INFO - [2024-03-22T00:14:51.133+0000] {dag.py:3823} INFO - Setting next_dagrun for taskflow_api to None, run_after=None
[2024-03-22T00:14:51.151+0000] {processor.py:183} INFO - Processing /opt/airflow/dags/taskflow_api.py took 0.061 seconds
[2024-03-22T00:15:21.429+0000] {processor.py:161} INFO - Started process (PID=236) to work on /opt/airflow/dags/taskflow_api.py
[2024-03-22T00:15:21.430+0000] {processor.py:830} INFO - Processing file /opt/airflow/dags/taskflow_api.py for tasks to queue
[2024-03-22T00:15:21.434+0000] {logging_mixin.py:188} INFO - [2024-03-22T00:15:21.434+0000] {dagbag.py:538} INFO - Filling up the DagBag from /opt/airflow/dags/taskflow_api.py
[2024-03-22T00:15:21.452+0000] {processor.py:840} INFO - DAG(s) 'taskflow_api' retrieved from /opt/airflow/dags/taskflow_api.py
[2024-03-22T00:15:21.479+0000] {logging_mixin.py:188} INFO - [2024-03-22T00:15:21.479+0000] {dag.py:3036} INFO - Sync 1 DAGs
[2024-03-22T00:15:21.495+0000] {logging_mixin.py:188} INFO - [2024-03-22T00:15:21.494+0000] {dag.py:3823} INFO - Setting next_dagrun for taskflow_api to None, run_after=None
[2024-03-22T00:15:21.518+0000] {processor.py:183} INFO - Processing /opt/airflow/dags/taskflow_api.py took 0.094 seconds
[2024-03-22T00:15:51.929+0000] {processor.py:161} INFO - Started process (PID=299) to work on /opt/airflow/dags/taskflow_api.py
[2024-03-22T00:15:51.930+0000] {processor.py:830} INFO - Processing file /opt/airflow/dags/taskflow_api.py for tasks to queue
[2024-03-22T00:15:51.932+0000] {logging_mixin.py:188} INFO - [2024-03-22T00:15:51.932+0000] {dagbag.py:538} INFO - Filling up the DagBag from /opt/airflow/dags/taskflow_api.py
[2024-03-22T00:15:51.943+0000] {processor.py:840} INFO - DAG(s) 'taskflow_api' retrieved from /opt/airflow/dags/taskflow_api.py
[2024-03-22T00:15:51.958+0000] {logging_mixin.py:188} INFO - [2024-03-22T00:15:51.958+0000] {dag.py:3036} INFO - Sync 1 DAGs
[2024-03-22T00:15:51.966+0000] {logging_mixin.py:188} INFO - [2024-03-22T00:15:51.966+0000] {dag.py:3823} INFO - Setting next_dagrun for taskflow_api to None, run_after=None
[2024-03-22T00:15:51.982+0000] {processor.py:183} INFO - Processing /opt/airflow/dags/taskflow_api.py took 0.056 seconds
[2024-03-22T00:16:22.155+0000] {processor.py:161} INFO - Started process (PID=362) to work on /opt/airflow/dags/taskflow_api.py
[2024-03-22T00:16:22.156+0000] {processor.py:830} INFO - Processing file /opt/airflow/dags/taskflow_api.py for tasks to queue
[2024-03-22T00:16:22.159+0000] {logging_mixin.py:188} INFO - [2024-03-22T00:16:22.158+0000] {dagbag.py:538} INFO - Filling up the DagBag from /opt/airflow/dags/taskflow_api.py
[2024-03-22T00:16:22.173+0000] {processor.py:840} INFO - DAG(s) 'taskflow_api' retrieved from /opt/airflow/dags/taskflow_api.py
[2024-03-22T00:16:22.188+0000] {logging_mixin.py:188} INFO - [2024-03-22T00:16:22.187+0000] {dag.py:3036} INFO - Sync 1 DAGs
[2024-03-22T00:16:22.197+0000] {logging_mixin.py:188} INFO - [2024-03-22T00:16:22.197+0000] {dag.py:3823} INFO - Setting next_dagrun for taskflow_api to None, run_after=None
[2024-03-22T00:16:22.215+0000] {processor.py:183} INFO - Processing /opt/airflow/dags/taskflow_api.py took 0.062 seconds
[2024-03-22T00:16:52.323+0000] {processor.py:161} INFO - Started process (PID=425) to work on /opt/airflow/dags/taskflow_api.py
[2024-03-22T00:16:52.323+0000] {processor.py:830} INFO - Processing file /opt/airflow/dags/taskflow_api.py for tasks to queue
[2024-03-22T00:16:52.325+0000] {logging_mixin.py:188} INFO - [2024-03-22T00:16:52.325+0000] {dagbag.py:538} INFO - Filling up the DagBag from /opt/airflow/dags/taskflow_api.py
[2024-03-22T00:16:52.338+0000] {processor.py:840} INFO - DAG(s) 'taskflow_api' retrieved from /opt/airflow/dags/taskflow_api.py
[2024-03-22T00:16:52.351+0000] {logging_mixin.py:188} INFO - [2024-03-22T00:16:52.351+0000] {dag.py:3036} INFO - Sync 1 DAGs
[2024-03-22T00:16:52.359+0000] {logging_mixin.py:188} INFO - [2024-03-22T00:16:52.359+0000] {dag.py:3823} INFO - Setting next_dagrun for taskflow_api to None, run_after=None
[2024-03-22T00:16:52.375+0000] {processor.py:183} INFO - Processing /opt/airflow/dags/taskflow_api.py took 0.054 seconds
[2024-03-22T00:17:22.512+0000] {processor.py:161} INFO - Started process (PID=488) to work on /opt/airflow/dags/taskflow_api.py
[2024-03-22T00:17:22.513+0000] {processor.py:830} INFO - Processing file /opt/airflow/dags/taskflow_api.py for tasks to queue
[2024-03-22T00:17:22.514+0000] {logging_mixin.py:188} INFO - [2024-03-22T00:17:22.514+0000] {dagbag.py:538} INFO - Filling up the DagBag from /opt/airflow/dags/taskflow_api.py
[2024-03-22T00:17:22.525+0000] {processor.py:840} INFO - DAG(s) 'taskflow_api' retrieved from /opt/airflow/dags/taskflow_api.py
[2024-03-22T00:17:22.538+0000] {logging_mixin.py:188} INFO - [2024-03-22T00:17:22.538+0000] {dag.py:3036} INFO - Sync 1 DAGs
[2024-03-22T00:17:22.546+0000] {logging_mixin.py:188} INFO - [2024-03-22T00:17:22.546+0000] {dag.py:3823} INFO - Setting next_dagrun for taskflow_api to None, run_after=None
[2024-03-22T00:17:22.564+0000] {processor.py:183} INFO - Processing /opt/airflow/dags/taskflow_api.py took 0.055 seconds
[2024-03-22T00:17:52.710+0000] {processor.py:161} INFO - Started process (PID=551) to work on /opt/airflow/dags/taskflow_api.py
[2024-03-22T00:17:52.712+0000] {processor.py:830} INFO - Processing file /opt/airflow/dags/taskflow_api.py for tasks to queue
[2024-03-22T00:17:52.714+0000] {logging_mixin.py:188} INFO - [2024-03-22T00:17:52.714+0000] {dagbag.py:538} INFO - Filling up the DagBag from /opt/airflow/dags/taskflow_api.py
[2024-03-22T00:17:52.730+0000] {processor.py:840} INFO - DAG(s) 'taskflow_api' retrieved from /opt/airflow/dags/taskflow_api.py
[2024-03-22T00:17:52.748+0000] {logging_mixin.py:188} INFO - [2024-03-22T00:17:52.748+0000] {dag.py:3036} INFO - Sync 1 DAGs
[2024-03-22T00:17:52.770+0000] {logging_mixin.py:188} INFO - [2024-03-22T00:17:52.770+0000] {dag.py:3823} INFO - Setting next_dagrun for taskflow_api to None, run_after=None
[2024-03-22T00:17:52.794+0000] {processor.py:183} INFO - Processing /opt/airflow/dags/taskflow_api.py took 0.088 seconds
[2024-03-22T00:18:22.883+0000] {processor.py:161} INFO - Started process (PID=614) to work on /opt/airflow/dags/taskflow_api.py
[2024-03-22T00:18:22.884+0000] {processor.py:830} INFO - Processing file /opt/airflow/dags/taskflow_api.py for tasks to queue
[2024-03-22T00:18:22.885+0000] {logging_mixin.py:188} INFO - [2024-03-22T00:18:22.885+0000] {dagbag.py:538} INFO - Filling up the DagBag from /opt/airflow/dags/taskflow_api.py
[2024-03-22T00:18:22.899+0000] {processor.py:840} INFO - DAG(s) 'taskflow_api' retrieved from /opt/airflow/dags/taskflow_api.py
[2024-03-22T00:18:22.912+0000] {logging_mixin.py:188} INFO - [2024-03-22T00:18:22.912+0000] {dag.py:3036} INFO - Sync 1 DAGs
[2024-03-22T00:18:22.921+0000] {logging_mixin.py:188} INFO - [2024-03-22T00:18:22.921+0000] {dag.py:3823} INFO - Setting next_dagrun for taskflow_api to None, run_after=None
[2024-03-22T00:18:22.940+0000] {processor.py:183} INFO - Processing /opt/airflow/dags/taskflow_api.py took 0.060 seconds
[2024-03-22T00:18:53.003+0000] {processor.py:161} INFO - Started process (PID=677) to work on /opt/airflow/dags/taskflow_api.py
[2024-03-22T00:18:53.004+0000] {processor.py:830} INFO - Processing file /opt/airflow/dags/taskflow_api.py for tasks to queue
[2024-03-22T00:18:53.006+0000] {logging_mixin.py:188} INFO - [2024-03-22T00:18:53.005+0000] {dagbag.py:538} INFO - Filling up the DagBag from /opt/airflow/dags/taskflow_api.py
[2024-03-22T00:18:53.018+0000] {processor.py:840} INFO - DAG(s) 'taskflow_api' retrieved from /opt/airflow/dags/taskflow_api.py
[2024-03-22T00:18:53.031+0000] {logging_mixin.py:188} INFO - [2024-03-22T00:18:53.031+0000] {dag.py:3036} INFO - Sync 1 DAGs
[2024-03-22T00:18:53.039+0000] {logging_mixin.py:188} INFO - [2024-03-22T00:18:53.039+0000] {dag.py:3823} INFO - Setting next_dagrun for taskflow_api to None, run_after=None
[2024-03-22T00:18:53.060+0000] {processor.py:183} INFO - Processing /opt/airflow/dags/taskflow_api.py took 0.059 seconds
[2024-03-22T00:19:23.309+0000] {processor.py:161} INFO - Started process (PID=740) to work on /opt/airflow/dags/taskflow_api.py
[2024-03-22T00:19:23.310+0000] {processor.py:830} INFO - Processing file /opt/airflow/dags/taskflow_api.py for tasks to queue
[2024-03-22T00:19:23.312+0000] {logging_mixin.py:188} INFO - [2024-03-22T00:19:23.311+0000] {dagbag.py:538} INFO - Filling up the DagBag from /opt/airflow/dags/taskflow_api.py
[2024-03-22T00:19:23.324+0000] {processor.py:840} INFO - DAG(s) 'taskflow_api' retrieved from /opt/airflow/dags/taskflow_api.py
[2024-03-22T00:19:23.339+0000] {logging_mixin.py:188} INFO - [2024-03-22T00:19:23.339+0000] {dag.py:3036} INFO - Sync 1 DAGs
[2024-03-22T00:19:23.349+0000] {logging_mixin.py:188} INFO - [2024-03-22T00:19:23.349+0000] {dag.py:3823} INFO - Setting next_dagrun for taskflow_api to None, run_after=None
[2024-03-22T00:19:23.366+0000] {processor.py:183} INFO - Processing /opt/airflow/dags/taskflow_api.py took 0.060 seconds
[2024-03-22T00:19:53.709+0000] {processor.py:161} INFO - Started process (PID=803) to work on /opt/airflow/dags/taskflow_api.py
[2024-03-22T00:19:53.710+0000] {processor.py:830} INFO - Processing file /opt/airflow/dags/taskflow_api.py for tasks to queue
[2024-03-22T00:19:53.712+0000] {logging_mixin.py:188} INFO - [2024-03-22T00:19:53.712+0000] {dagbag.py:538} INFO - Filling up the DagBag from /opt/airflow/dags/taskflow_api.py
[2024-03-22T00:19:53.723+0000] {processor.py:840} INFO - DAG(s) 'taskflow_api' retrieved from /opt/airflow/dags/taskflow_api.py
[2024-03-22T00:19:53.740+0000] {logging_mixin.py:188} INFO - [2024-03-22T00:19:53.740+0000] {dag.py:3036} INFO - Sync 1 DAGs
[2024-03-22T00:19:53.750+0000] {logging_mixin.py:188} INFO - [2024-03-22T00:19:53.750+0000] {dag.py:3823} INFO - Setting next_dagrun for taskflow_api to None, run_after=None
[2024-03-22T00:19:53.767+0000] {processor.py:183} INFO - Processing /opt/airflow/dags/taskflow_api.py took 0.061 seconds
[2024-03-22T00:20:23.973+0000] {processor.py:161} INFO - Started process (PID=866) to work on /opt/airflow/dags/taskflow_api.py
[2024-03-22T00:20:23.973+0000] {processor.py:830} INFO - Processing file /opt/airflow/dags/taskflow_api.py for tasks to queue
[2024-03-22T00:20:23.975+0000] {logging_mixin.py:188} INFO - [2024-03-22T00:20:23.974+0000] {dagbag.py:538} INFO - Filling up the DagBag from /opt/airflow/dags/taskflow_api.py
[2024-03-22T00:20:23.986+0000] {processor.py:840} INFO - DAG(s) 'taskflow_api' retrieved from /opt/airflow/dags/taskflow_api.py
[2024-03-22T00:20:24.000+0000] {logging_mixin.py:188} INFO - [2024-03-22T00:20:24.000+0000] {dag.py:3036} INFO - Sync 1 DAGs
[2024-03-22T00:20:24.008+0000] {logging_mixin.py:188} INFO - [2024-03-22T00:20:24.008+0000] {dag.py:3823} INFO - Setting next_dagrun for taskflow_api to None, run_after=None
[2024-03-22T00:20:24.024+0000] {processor.py:183} INFO - Processing /opt/airflow/dags/taskflow_api.py took 0.054 seconds
[2024-03-22T00:20:54.307+0000] {processor.py:161} INFO - Started process (PID=929) to work on /opt/airflow/dags/taskflow_api.py
[2024-03-22T00:20:54.308+0000] {processor.py:830} INFO - Processing file /opt/airflow/dags/taskflow_api.py for tasks to queue
[2024-03-22T00:20:54.309+0000] {logging_mixin.py:188} INFO - [2024-03-22T00:20:54.309+0000] {dagbag.py:538} INFO - Filling up the DagBag from /opt/airflow/dags/taskflow_api.py
[2024-03-22T00:20:54.321+0000] {processor.py:840} INFO - DAG(s) 'taskflow_api' retrieved from /opt/airflow/dags/taskflow_api.py
[2024-03-22T00:20:54.334+0000] {logging_mixin.py:188} INFO - [2024-03-22T00:20:54.333+0000] {dag.py:3036} INFO - Sync 1 DAGs
[2024-03-22T00:20:54.342+0000] {logging_mixin.py:188} INFO - [2024-03-22T00:20:54.342+0000] {dag.py:3823} INFO - Setting next_dagrun for taskflow_api to None, run_after=None
[2024-03-22T00:20:54.361+0000] {processor.py:183} INFO - Processing /opt/airflow/dags/taskflow_api.py took 0.056 seconds
[2024-03-22T00:21:24.411+0000] {processor.py:161} INFO - Started process (PID=992) to work on /opt/airflow/dags/taskflow_api.py
[2024-03-22T00:21:24.411+0000] {processor.py:830} INFO - Processing file /opt/airflow/dags/taskflow_api.py for tasks to queue
[2024-03-22T00:21:24.413+0000] {logging_mixin.py:188} INFO - [2024-03-22T00:21:24.412+0000] {dagbag.py:538} INFO - Filling up the DagBag from /opt/airflow/dags/taskflow_api.py
[2024-03-22T00:21:24.424+0000] {processor.py:840} INFO - DAG(s) 'taskflow_api' retrieved from /opt/airflow/dags/taskflow_api.py
[2024-03-22T00:21:24.440+0000] {logging_mixin.py:188} INFO - [2024-03-22T00:21:24.440+0000] {dag.py:3036} INFO - Sync 1 DAGs
[2024-03-22T00:21:24.448+0000] {logging_mixin.py:188} INFO - [2024-03-22T00:21:24.448+0000] {dag.py:3823} INFO - Setting next_dagrun for taskflow_api to None, run_after=None
[2024-03-22T00:21:24.465+0000] {processor.py:183} INFO - Processing /opt/airflow/dags/taskflow_api.py took 0.057 seconds
[2024-03-22T00:21:54.597+0000] {processor.py:161} INFO - Started process (PID=1055) to work on /opt/airflow/dags/taskflow_api.py
[2024-03-22T00:21:54.598+0000] {processor.py:830} INFO - Processing file /opt/airflow/dags/taskflow_api.py for tasks to queue
[2024-03-22T00:21:54.600+0000] {logging_mixin.py:188} INFO - [2024-03-22T00:21:54.600+0000] {dagbag.py:538} INFO - Filling up the DagBag from /opt/airflow/dags/taskflow_api.py
[2024-03-22T00:21:54.615+0000] {processor.py:840} INFO - DAG(s) 'taskflow_api' retrieved from /opt/airflow/dags/taskflow_api.py
[2024-03-22T00:21:54.635+0000] {logging_mixin.py:188} INFO - [2024-03-22T00:21:54.635+0000] {dag.py:3036} INFO - Sync 1 DAGs
[2024-03-22T00:21:54.651+0000] {logging_mixin.py:188} INFO - [2024-03-22T00:21:54.651+0000] {dag.py:3823} INFO - Setting next_dagrun for taskflow_api to None, run_after=None
[2024-03-22T00:21:54.676+0000] {processor.py:183} INFO - Processing /opt/airflow/dags/taskflow_api.py took 0.081 seconds
[2024-03-22T00:22:24.942+0000] {processor.py:161} INFO - Started process (PID=1118) to work on /opt/airflow/dags/taskflow_api.py
[2024-03-22T00:22:24.943+0000] {processor.py:830} INFO - Processing file /opt/airflow/dags/taskflow_api.py for tasks to queue
[2024-03-22T00:22:24.944+0000] {logging_mixin.py:188} INFO - [2024-03-22T00:22:24.944+0000] {dagbag.py:538} INFO - Filling up the DagBag from /opt/airflow/dags/taskflow_api.py
[2024-03-22T00:22:24.954+0000] {processor.py:840} INFO - DAG(s) 'taskflow_api' retrieved from /opt/airflow/dags/taskflow_api.py
[2024-03-22T00:22:24.968+0000] {logging_mixin.py:188} INFO - [2024-03-22T00:22:24.968+0000] {dag.py:3036} INFO - Sync 1 DAGs
[2024-03-22T00:22:24.976+0000] {logging_mixin.py:188} INFO - [2024-03-22T00:22:24.976+0000] {dag.py:3823} INFO - Setting next_dagrun for taskflow_api to None, run_after=None
[2024-03-22T00:22:24.991+0000] {processor.py:183} INFO - Processing /opt/airflow/dags/taskflow_api.py took 0.052 seconds
[2024-03-22T00:22:55.113+0000] {processor.py:161} INFO - Started process (PID=1181) to work on /opt/airflow/dags/taskflow_api.py
[2024-03-22T00:22:55.113+0000] {processor.py:830} INFO - Processing file /opt/airflow/dags/taskflow_api.py for tasks to queue
[2024-03-22T00:22:55.115+0000] {logging_mixin.py:188} INFO - [2024-03-22T00:22:55.115+0000] {dagbag.py:538} INFO - Filling up the DagBag from /opt/airflow/dags/taskflow_api.py
[2024-03-22T00:22:55.128+0000] {processor.py:840} INFO - DAG(s) 'taskflow_api' retrieved from /opt/airflow/dags/taskflow_api.py
[2024-03-22T00:22:55.145+0000] {logging_mixin.py:188} INFO - [2024-03-22T00:22:55.145+0000] {dag.py:3036} INFO - Sync 1 DAGs
[2024-03-22T00:22:55.154+0000] {logging_mixin.py:188} INFO - [2024-03-22T00:22:55.154+0000] {dag.py:3823} INFO - Setting next_dagrun for taskflow_api to None, run_after=None
[2024-03-22T00:22:55.172+0000] {processor.py:183} INFO - Processing /opt/airflow/dags/taskflow_api.py took 0.062 seconds
[2024-03-22T00:23:25.403+0000] {processor.py:161} INFO - Started process (PID=1244) to work on /opt/airflow/dags/taskflow_api.py
[2024-03-22T00:23:25.404+0000] {processor.py:830} INFO - Processing file /opt/airflow/dags/taskflow_api.py for tasks to queue
[2024-03-22T00:23:25.406+0000] {logging_mixin.py:188} INFO - [2024-03-22T00:23:25.406+0000] {dagbag.py:538} INFO - Filling up the DagBag from /opt/airflow/dags/taskflow_api.py
[2024-03-22T00:23:25.419+0000] {processor.py:840} INFO - DAG(s) 'taskflow_api' retrieved from /opt/airflow/dags/taskflow_api.py
[2024-03-22T00:23:25.432+0000] {logging_mixin.py:188} INFO - [2024-03-22T00:23:25.432+0000] {dag.py:3036} INFO - Sync 1 DAGs
[2024-03-22T00:23:25.443+0000] {logging_mixin.py:188} INFO - [2024-03-22T00:23:25.443+0000] {dag.py:3823} INFO - Setting next_dagrun for taskflow_api to None, run_after=None
[2024-03-22T00:23:25.461+0000] {processor.py:183} INFO - Processing /opt/airflow/dags/taskflow_api.py took 0.060 seconds
[2024-03-22T00:23:55.722+0000] {processor.py:161} INFO - Started process (PID=1307) to work on /opt/airflow/dags/taskflow_api.py
[2024-03-22T00:23:55.723+0000] {processor.py:830} INFO - Processing file /opt/airflow/dags/taskflow_api.py for tasks to queue
[2024-03-22T00:23:55.724+0000] {logging_mixin.py:188} INFO - [2024-03-22T00:23:55.724+0000] {dagbag.py:538} INFO - Filling up the DagBag from /opt/airflow/dags/taskflow_api.py
[2024-03-22T00:23:55.735+0000] {processor.py:840} INFO - DAG(s) 'taskflow_api' retrieved from /opt/airflow/dags/taskflow_api.py
[2024-03-22T00:23:55.747+0000] {logging_mixin.py:188} INFO - [2024-03-22T00:23:55.747+0000] {dag.py:3036} INFO - Sync 1 DAGs
[2024-03-22T00:23:55.755+0000] {logging_mixin.py:188} INFO - [2024-03-22T00:23:55.755+0000] {dag.py:3823} INFO - Setting next_dagrun for taskflow_api to None, run_after=None
[2024-03-22T00:23:55.770+0000] {processor.py:183} INFO - Processing /opt/airflow/dags/taskflow_api.py took 0.050 seconds
[2024-03-22T00:24:26.100+0000] {processor.py:161} INFO - Started process (PID=1370) to work on /opt/airflow/dags/taskflow_api.py
[2024-03-22T00:24:26.101+0000] {processor.py:830} INFO - Processing file /opt/airflow/dags/taskflow_api.py for tasks to queue
[2024-03-22T00:24:26.103+0000] {logging_mixin.py:188} INFO - [2024-03-22T00:24:26.102+0000] {dagbag.py:538} INFO - Filling up the DagBag from /opt/airflow/dags/taskflow_api.py
[2024-03-22T00:24:26.112+0000] {processor.py:840} INFO - DAG(s) 'taskflow_api' retrieved from /opt/airflow/dags/taskflow_api.py
[2024-03-22T00:24:26.125+0000] {logging_mixin.py:188} INFO - [2024-03-22T00:24:26.125+0000] {dag.py:3036} INFO - Sync 1 DAGs
[2024-03-22T00:24:26.133+0000] {logging_mixin.py:188} INFO - [2024-03-22T00:24:26.133+0000] {dag.py:3823} INFO - Setting next_dagrun for taskflow_api to None, run_after=None
[2024-03-22T00:24:26.152+0000] {processor.py:183} INFO - Processing /opt/airflow/dags/taskflow_api.py took 0.054 seconds
[2024-03-22T00:24:56.444+0000] {processor.py:161} INFO - Started process (PID=1433) to work on /opt/airflow/dags/taskflow_api.py
[2024-03-22T00:24:56.445+0000] {processor.py:830} INFO - Processing file /opt/airflow/dags/taskflow_api.py for tasks to queue
[2024-03-22T00:24:56.447+0000] {logging_mixin.py:188} INFO - [2024-03-22T00:24:56.447+0000] {dagbag.py:538} INFO - Filling up the DagBag from /opt/airflow/dags/taskflow_api.py
[2024-03-22T00:24:56.456+0000] {processor.py:840} INFO - DAG(s) 'taskflow_api' retrieved from /opt/airflow/dags/taskflow_api.py
[2024-03-22T00:24:56.469+0000] {logging_mixin.py:188} INFO - [2024-03-22T00:24:56.469+0000] {dag.py:3036} INFO - Sync 1 DAGs
[2024-03-22T00:24:56.478+0000] {logging_mixin.py:188} INFO - [2024-03-22T00:24:56.478+0000] {dag.py:3823} INFO - Setting next_dagrun for taskflow_api to None, run_after=None
[2024-03-22T00:24:56.496+0000] {processor.py:183} INFO - Processing /opt/airflow/dags/taskflow_api.py took 0.054 seconds
[2024-03-22T00:25:26.692+0000] {processor.py:161} INFO - Started process (PID=1496) to work on /opt/airflow/dags/taskflow_api.py
[2024-03-22T00:25:26.693+0000] {processor.py:830} INFO - Processing file /opt/airflow/dags/taskflow_api.py for tasks to queue
[2024-03-22T00:25:26.694+0000] {logging_mixin.py:188} INFO - [2024-03-22T00:25:26.694+0000] {dagbag.py:538} INFO - Filling up the DagBag from /opt/airflow/dags/taskflow_api.py
[2024-03-22T00:25:26.704+0000] {processor.py:840} INFO - DAG(s) 'taskflow_api' retrieved from /opt/airflow/dags/taskflow_api.py
[2024-03-22T00:25:26.718+0000] {logging_mixin.py:188} INFO - [2024-03-22T00:25:26.718+0000] {dag.py:3036} INFO - Sync 1 DAGs
[2024-03-22T00:25:26.726+0000] {logging_mixin.py:188} INFO - [2024-03-22T00:25:26.726+0000] {dag.py:3823} INFO - Setting next_dagrun for taskflow_api to None, run_after=None
[2024-03-22T00:25:26.741+0000] {processor.py:183} INFO - Processing /opt/airflow/dags/taskflow_api.py took 0.052 seconds
[2024-03-22T00:25:56.847+0000] {processor.py:161} INFO - Started process (PID=1559) to work on /opt/airflow/dags/taskflow_api.py
[2024-03-22T00:25:56.847+0000] {processor.py:830} INFO - Processing file /opt/airflow/dags/taskflow_api.py for tasks to queue
[2024-03-22T00:25:56.850+0000] {logging_mixin.py:188} INFO - [2024-03-22T00:25:56.849+0000] {dagbag.py:538} INFO - Filling up the DagBag from /opt/airflow/dags/taskflow_api.py
[2024-03-22T00:25:56.861+0000] {processor.py:840} INFO - DAG(s) 'taskflow_api' retrieved from /opt/airflow/dags/taskflow_api.py
[2024-03-22T00:25:56.880+0000] {logging_mixin.py:188} INFO - [2024-03-22T00:25:56.880+0000] {dag.py:3036} INFO - Sync 1 DAGs
[2024-03-22T00:25:56.891+0000] {logging_mixin.py:188} INFO - [2024-03-22T00:25:56.891+0000] {dag.py:3823} INFO - Setting next_dagrun for taskflow_api to None, run_after=None
[2024-03-22T00:25:56.904+0000] {processor.py:183} INFO - Processing /opt/airflow/dags/taskflow_api.py took 0.060 seconds
[2024-03-22T00:26:26.987+0000] {processor.py:161} INFO - Started process (PID=1628) to work on /opt/airflow/dags/taskflow_api.py
[2024-03-22T00:26:26.988+0000] {processor.py:830} INFO - Processing file /opt/airflow/dags/taskflow_api.py for tasks to queue
[2024-03-22T00:26:26.990+0000] {logging_mixin.py:188} INFO - [2024-03-22T00:26:26.989+0000] {dagbag.py:538} INFO - Filling up the DagBag from /opt/airflow/dags/taskflow_api.py
[2024-03-22T00:26:26.999+0000] {processor.py:840} INFO - DAG(s) 'taskflow_api' retrieved from /opt/airflow/dags/taskflow_api.py
[2024-03-22T00:26:27.012+0000] {logging_mixin.py:188} INFO - [2024-03-22T00:26:27.012+0000] {dag.py:3036} INFO - Sync 1 DAGs
[2024-03-22T00:26:27.020+0000] {logging_mixin.py:188} INFO - [2024-03-22T00:26:27.020+0000] {dag.py:3823} INFO - Setting next_dagrun for taskflow_api to None, run_after=None
[2024-03-22T00:26:27.040+0000] {processor.py:183} INFO - Processing /opt/airflow/dags/taskflow_api.py took 0.056 seconds
[2024-03-22T00:26:57.192+0000] {processor.py:161} INFO - Started process (PID=1691) to work on /opt/airflow/dags/taskflow_api.py
[2024-03-22T00:26:57.192+0000] {processor.py:830} INFO - Processing file /opt/airflow/dags/taskflow_api.py for tasks to queue
[2024-03-22T00:26:57.194+0000] {logging_mixin.py:188} INFO - [2024-03-22T00:26:57.194+0000] {dagbag.py:538} INFO - Filling up the DagBag from /opt/airflow/dags/taskflow_api.py
[2024-03-22T00:26:57.207+0000] {processor.py:840} INFO - DAG(s) 'taskflow_api' retrieved from /opt/airflow/dags/taskflow_api.py
[2024-03-22T00:26:57.222+0000] {logging_mixin.py:188} INFO - [2024-03-22T00:26:57.222+0000] {dag.py:3036} INFO - Sync 1 DAGs
[2024-03-22T00:26:57.230+0000] {logging_mixin.py:188} INFO - [2024-03-22T00:26:57.230+0000] {dag.py:3823} INFO - Setting next_dagrun for taskflow_api to None, run_after=None
[2024-03-22T00:26:57.245+0000] {processor.py:183} INFO - Processing /opt/airflow/dags/taskflow_api.py took 0.056 seconds
[2024-03-22T00:27:27.531+0000] {processor.py:161} INFO - Started process (PID=1753) to work on /opt/airflow/dags/taskflow_api.py
[2024-03-22T00:27:27.531+0000] {processor.py:830} INFO - Processing file /opt/airflow/dags/taskflow_api.py for tasks to queue
[2024-03-22T00:27:27.533+0000] {logging_mixin.py:188} INFO - [2024-03-22T00:27:27.532+0000] {dagbag.py:538} INFO - Filling up the DagBag from /opt/airflow/dags/taskflow_api.py
[2024-03-22T00:27:27.546+0000] {processor.py:840} INFO - DAG(s) 'taskflow_api' retrieved from /opt/airflow/dags/taskflow_api.py
[2024-03-22T00:27:27.561+0000] {logging_mixin.py:188} INFO - [2024-03-22T00:27:27.561+0000] {dag.py:3036} INFO - Sync 1 DAGs
[2024-03-22T00:27:27.571+0000] {logging_mixin.py:188} INFO - [2024-03-22T00:27:27.571+0000] {dag.py:3823} INFO - Setting next_dagrun for taskflow_api to None, run_after=None
[2024-03-22T00:27:27.590+0000] {processor.py:183} INFO - Processing /opt/airflow/dags/taskflow_api.py took 0.062 seconds
[2024-03-22T00:27:57.863+0000] {processor.py:161} INFO - Started process (PID=1816) to work on /opt/airflow/dags/taskflow_api.py
[2024-03-22T00:27:57.863+0000] {processor.py:830} INFO - Processing file /opt/airflow/dags/taskflow_api.py for tasks to queue
[2024-03-22T00:27:57.865+0000] {logging_mixin.py:188} INFO - [2024-03-22T00:27:57.865+0000] {dagbag.py:538} INFO - Filling up the DagBag from /opt/airflow/dags/taskflow_api.py
[2024-03-22T00:27:57.876+0000] {processor.py:840} INFO - DAG(s) 'taskflow_api' retrieved from /opt/airflow/dags/taskflow_api.py
[2024-03-22T00:27:57.889+0000] {logging_mixin.py:188} INFO - [2024-03-22T00:27:57.888+0000] {dag.py:3036} INFO - Sync 1 DAGs
[2024-03-22T00:27:57.897+0000] {logging_mixin.py:188} INFO - [2024-03-22T00:27:57.897+0000] {dag.py:3823} INFO - Setting next_dagrun for taskflow_api to None, run_after=None
[2024-03-22T00:27:57.913+0000] {processor.py:183} INFO - Processing /opt/airflow/dags/taskflow_api.py took 0.053 seconds
[2024-03-22T00:28:28.185+0000] {processor.py:161} INFO - Started process (PID=1879) to work on /opt/airflow/dags/taskflow_api.py
[2024-03-22T00:28:28.186+0000] {processor.py:830} INFO - Processing file /opt/airflow/dags/taskflow_api.py for tasks to queue
[2024-03-22T00:28:28.188+0000] {logging_mixin.py:188} INFO - [2024-03-22T00:28:28.187+0000] {dagbag.py:538} INFO - Filling up the DagBag from /opt/airflow/dags/taskflow_api.py
[2024-03-22T00:28:28.200+0000] {processor.py:840} INFO - DAG(s) 'taskflow_api' retrieved from /opt/airflow/dags/taskflow_api.py
[2024-03-22T00:28:28.213+0000] {logging_mixin.py:188} INFO - [2024-03-22T00:28:28.213+0000] {dag.py:3036} INFO - Sync 1 DAGs
[2024-03-22T00:28:28.221+0000] {logging_mixin.py:188} INFO - [2024-03-22T00:28:28.221+0000] {dag.py:3823} INFO - Setting next_dagrun for taskflow_api to None, run_after=None
[2024-03-22T00:28:28.242+0000] {processor.py:183} INFO - Processing /opt/airflow/dags/taskflow_api.py took 0.059 seconds
[2024-03-22T00:28:58.381+0000] {processor.py:161} INFO - Started process (PID=1942) to work on /opt/airflow/dags/taskflow_api.py
[2024-03-22T00:28:58.382+0000] {processor.py:830} INFO - Processing file /opt/airflow/dags/taskflow_api.py for tasks to queue
[2024-03-22T00:28:58.383+0000] {logging_mixin.py:188} INFO - [2024-03-22T00:28:58.383+0000] {dagbag.py:538} INFO - Filling up the DagBag from /opt/airflow/dags/taskflow_api.py
[2024-03-22T00:28:58.395+0000] {processor.py:840} INFO - DAG(s) 'taskflow_api' retrieved from /opt/airflow/dags/taskflow_api.py
[2024-03-22T00:28:58.408+0000] {logging_mixin.py:188} INFO - [2024-03-22T00:28:58.408+0000] {dag.py:3036} INFO - Sync 1 DAGs
[2024-03-22T00:28:58.416+0000] {logging_mixin.py:188} INFO - [2024-03-22T00:28:58.416+0000] {dag.py:3823} INFO - Setting next_dagrun for taskflow_api to None, run_after=None
[2024-03-22T00:28:58.432+0000] {processor.py:183} INFO - Processing /opt/airflow/dags/taskflow_api.py took 0.053 seconds
[2024-03-22T00:29:28.731+0000] {processor.py:161} INFO - Started process (PID=2005) to work on /opt/airflow/dags/taskflow_api.py
[2024-03-22T00:29:28.732+0000] {processor.py:830} INFO - Processing file /opt/airflow/dags/taskflow_api.py for tasks to queue
[2024-03-22T00:29:28.733+0000] {logging_mixin.py:188} INFO - [2024-03-22T00:29:28.733+0000] {dagbag.py:538} INFO - Filling up the DagBag from /opt/airflow/dags/taskflow_api.py
[2024-03-22T00:29:28.744+0000] {processor.py:840} INFO - DAG(s) 'taskflow_api' retrieved from /opt/airflow/dags/taskflow_api.py
[2024-03-22T00:29:28.757+0000] {logging_mixin.py:188} INFO - [2024-03-22T00:29:28.757+0000] {dag.py:3036} INFO - Sync 1 DAGs
[2024-03-22T00:29:28.765+0000] {logging_mixin.py:188} INFO - [2024-03-22T00:29:28.765+0000] {dag.py:3823} INFO - Setting next_dagrun for taskflow_api to None, run_after=None
[2024-03-22T00:29:28.784+0000] {processor.py:183} INFO - Processing /opt/airflow/dags/taskflow_api.py took 0.055 seconds
[2024-03-22T00:29:58.987+0000] {processor.py:161} INFO - Started process (PID=2068) to work on /opt/airflow/dags/taskflow_api.py
[2024-03-22T00:29:58.988+0000] {processor.py:830} INFO - Processing file /opt/airflow/dags/taskflow_api.py for tasks to queue
[2024-03-22T00:29:58.990+0000] {logging_mixin.py:188} INFO - [2024-03-22T00:29:58.990+0000] {dagbag.py:538} INFO - Filling up the DagBag from /opt/airflow/dags/taskflow_api.py
[2024-03-22T00:29:59.005+0000] {processor.py:840} INFO - DAG(s) 'taskflow_api' retrieved from /opt/airflow/dags/taskflow_api.py
[2024-03-22T00:29:59.026+0000] {logging_mixin.py:188} INFO - [2024-03-22T00:29:59.025+0000] {dag.py:3036} INFO - Sync 1 DAGs
[2024-03-22T00:29:59.038+0000] {logging_mixin.py:188} INFO - [2024-03-22T00:29:59.037+0000] {dag.py:3823} INFO - Setting next_dagrun for taskflow_api to None, run_after=None
[2024-03-22T00:29:59.059+0000] {processor.py:183} INFO - Processing /opt/airflow/dags/taskflow_api.py took 0.074 seconds
[2024-03-22T00:30:29.332+0000] {processor.py:161} INFO - Started process (PID=2131) to work on /opt/airflow/dags/taskflow_api.py
[2024-03-22T00:30:29.333+0000] {processor.py:830} INFO - Processing file /opt/airflow/dags/taskflow_api.py for tasks to queue
[2024-03-22T00:30:29.334+0000] {logging_mixin.py:188} INFO - [2024-03-22T00:30:29.334+0000] {dagbag.py:538} INFO - Filling up the DagBag from /opt/airflow/dags/taskflow_api.py
[2024-03-22T00:30:29.346+0000] {processor.py:840} INFO - DAG(s) 'taskflow_api' retrieved from /opt/airflow/dags/taskflow_api.py
[2024-03-22T00:30:29.361+0000] {logging_mixin.py:188} INFO - [2024-03-22T00:30:29.360+0000] {dag.py:3036} INFO - Sync 1 DAGs
[2024-03-22T00:30:29.368+0000] {logging_mixin.py:188} INFO - [2024-03-22T00:30:29.368+0000] {dag.py:3823} INFO - Setting next_dagrun for taskflow_api to None, run_after=None
[2024-03-22T00:30:29.385+0000] {processor.py:183} INFO - Processing /opt/airflow/dags/taskflow_api.py took 0.056 seconds
[2024-03-22T00:30:59.581+0000] {processor.py:161} INFO - Started process (PID=2194) to work on /opt/airflow/dags/taskflow_api.py
[2024-03-22T00:30:59.582+0000] {processor.py:830} INFO - Processing file /opt/airflow/dags/taskflow_api.py for tasks to queue
[2024-03-22T00:30:59.583+0000] {logging_mixin.py:188} INFO - [2024-03-22T00:30:59.583+0000] {dagbag.py:538} INFO - Filling up the DagBag from /opt/airflow/dags/taskflow_api.py
[2024-03-22T00:30:59.593+0000] {processor.py:840} INFO - DAG(s) 'taskflow_api' retrieved from /opt/airflow/dags/taskflow_api.py
[2024-03-22T00:30:59.607+0000] {logging_mixin.py:188} INFO - [2024-03-22T00:30:59.607+0000] {dag.py:3036} INFO - Sync 1 DAGs
[2024-03-22T00:30:59.616+0000] {logging_mixin.py:188} INFO - [2024-03-22T00:30:59.616+0000] {dag.py:3823} INFO - Setting next_dagrun for taskflow_api to None, run_after=None
[2024-03-22T00:30:59.630+0000] {processor.py:183} INFO - Processing /opt/airflow/dags/taskflow_api.py took 0.051 seconds
[2024-03-22T00:31:29.671+0000] {processor.py:161} INFO - Started process (PID=2254) to work on /opt/airflow/dags/taskflow_api.py
[2024-03-22T00:31:29.673+0000] {processor.py:830} INFO - Processing file /opt/airflow/dags/taskflow_api.py for tasks to queue
[2024-03-22T00:31:29.675+0000] {logging_mixin.py:188} INFO - [2024-03-22T00:31:29.674+0000] {dagbag.py:538} INFO - Filling up the DagBag from /opt/airflow/dags/taskflow_api.py
[2024-03-22T00:31:29.686+0000] {processor.py:840} INFO - DAG(s) 'taskflow_api' retrieved from /opt/airflow/dags/taskflow_api.py
[2024-03-22T00:31:29.706+0000] {logging_mixin.py:188} INFO - [2024-03-22T00:31:29.706+0000] {dag.py:3036} INFO - Sync 1 DAGs
[2024-03-22T00:31:29.716+0000] {logging_mixin.py:188} INFO - [2024-03-22T00:31:29.716+0000] {dag.py:3823} INFO - Setting next_dagrun for taskflow_api to None, run_after=None
[2024-03-22T00:31:29.732+0000] {processor.py:183} INFO - Processing /opt/airflow/dags/taskflow_api.py took 0.063 seconds
[2024-03-22T00:32:00.743+0000] {processor.py:161} INFO - Started process (PID=2318) to work on /opt/airflow/dags/taskflow_api.py
[2024-03-22T00:32:00.744+0000] {processor.py:830} INFO - Processing file /opt/airflow/dags/taskflow_api.py for tasks to queue
[2024-03-22T00:32:00.746+0000] {logging_mixin.py:188} INFO - [2024-03-22T00:32:00.746+0000] {dagbag.py:538} INFO - Filling up the DagBag from /opt/airflow/dags/taskflow_api.py
[2024-03-22T00:32:00.756+0000] {processor.py:840} INFO - DAG(s) 'taskflow_api' retrieved from /opt/airflow/dags/taskflow_api.py
[2024-03-22T00:32:00.769+0000] {logging_mixin.py:188} INFO - [2024-03-22T00:32:00.768+0000] {dag.py:3036} INFO - Sync 1 DAGs
[2024-03-22T00:32:00.777+0000] {logging_mixin.py:188} INFO - [2024-03-22T00:32:00.776+0000] {dag.py:3823} INFO - Setting next_dagrun for taskflow_api to None, run_after=None
[2024-03-22T00:32:00.792+0000] {processor.py:183} INFO - Processing /opt/airflow/dags/taskflow_api.py took 0.050 seconds
[2024-03-22T00:32:30.916+0000] {processor.py:161} INFO - Started process (PID=2381) to work on /opt/airflow/dags/taskflow_api.py
[2024-03-22T00:32:30.917+0000] {processor.py:830} INFO - Processing file /opt/airflow/dags/taskflow_api.py for tasks to queue
[2024-03-22T00:32:30.919+0000] {logging_mixin.py:188} INFO - [2024-03-22T00:32:30.918+0000] {dagbag.py:538} INFO - Filling up the DagBag from /opt/airflow/dags/taskflow_api.py
[2024-03-22T00:32:30.931+0000] {processor.py:840} INFO - DAG(s) 'taskflow_api' retrieved from /opt/airflow/dags/taskflow_api.py
[2024-03-22T00:32:30.946+0000] {logging_mixin.py:188} INFO - [2024-03-22T00:32:30.946+0000] {dag.py:3036} INFO - Sync 1 DAGs
[2024-03-22T00:32:30.958+0000] {logging_mixin.py:188} INFO - [2024-03-22T00:32:30.958+0000] {dag.py:3823} INFO - Setting next_dagrun for taskflow_api to None, run_after=None
[2024-03-22T00:32:30.982+0000] {processor.py:183} INFO - Processing /opt/airflow/dags/taskflow_api.py took 0.069 seconds
[2024-03-22T00:33:01.532+0000] {processor.py:161} INFO - Started process (PID=2444) to work on /opt/airflow/dags/taskflow_api.py
[2024-03-22T00:33:01.533+0000] {processor.py:830} INFO - Processing file /opt/airflow/dags/taskflow_api.py for tasks to queue
[2024-03-22T00:33:01.535+0000] {logging_mixin.py:188} INFO - [2024-03-22T00:33:01.535+0000] {dagbag.py:538} INFO - Filling up the DagBag from /opt/airflow/dags/taskflow_api.py
[2024-03-22T00:33:01.546+0000] {processor.py:840} INFO - DAG(s) 'taskflow_api' retrieved from /opt/airflow/dags/taskflow_api.py
[2024-03-22T00:33:01.561+0000] {logging_mixin.py:188} INFO - [2024-03-22T00:33:01.561+0000] {dag.py:3036} INFO - Sync 1 DAGs
[2024-03-22T00:33:01.570+0000] {logging_mixin.py:188} INFO - [2024-03-22T00:33:01.570+0000] {dag.py:3823} INFO - Setting next_dagrun for taskflow_api to None, run_after=None
[2024-03-22T00:33:01.595+0000] {processor.py:183} INFO - Processing /opt/airflow/dags/taskflow_api.py took 0.065 seconds
[2024-03-22T00:33:31.891+0000] {processor.py:161} INFO - Started process (PID=2507) to work on /opt/airflow/dags/taskflow_api.py
[2024-03-22T00:33:31.891+0000] {processor.py:830} INFO - Processing file /opt/airflow/dags/taskflow_api.py for tasks to queue
[2024-03-22T00:33:31.893+0000] {logging_mixin.py:188} INFO - [2024-03-22T00:33:31.893+0000] {dagbag.py:538} INFO - Filling up the DagBag from /opt/airflow/dags/taskflow_api.py
[2024-03-22T00:33:31.903+0000] {processor.py:840} INFO - DAG(s) 'taskflow_api' retrieved from /opt/airflow/dags/taskflow_api.py
[2024-03-22T00:33:31.916+0000] {logging_mixin.py:188} INFO - [2024-03-22T00:33:31.916+0000] {dag.py:3036} INFO - Sync 1 DAGs
[2024-03-22T00:33:31.924+0000] {logging_mixin.py:188} INFO - [2024-03-22T00:33:31.924+0000] {dag.py:3823} INFO - Setting next_dagrun for taskflow_api to None, run_after=None
[2024-03-22T00:33:31.941+0000] {processor.py:183} INFO - Processing /opt/airflow/dags/taskflow_api.py took 0.053 seconds
[2024-03-22T00:34:02.730+0000] {processor.py:161} INFO - Started process (PID=2570) to work on /opt/airflow/dags/taskflow_api.py
[2024-03-22T00:34:02.731+0000] {processor.py:830} INFO - Processing file /opt/airflow/dags/taskflow_api.py for tasks to queue
[2024-03-22T00:34:02.733+0000] {logging_mixin.py:188} INFO - [2024-03-22T00:34:02.732+0000] {dagbag.py:538} INFO - Filling up the DagBag from /opt/airflow/dags/taskflow_api.py
[2024-03-22T00:34:02.742+0000] {processor.py:840} INFO - DAG(s) 'taskflow_api' retrieved from /opt/airflow/dags/taskflow_api.py
[2024-03-22T00:34:02.755+0000] {logging_mixin.py:188} INFO - [2024-03-22T00:34:02.754+0000] {dag.py:3036} INFO - Sync 1 DAGs
[2024-03-22T00:34:02.762+0000] {logging_mixin.py:188} INFO - [2024-03-22T00:34:02.762+0000] {dag.py:3823} INFO - Setting next_dagrun for taskflow_api to None, run_after=None
[2024-03-22T00:34:02.786+0000] {processor.py:183} INFO - Processing /opt/airflow/dags/taskflow_api.py took 0.057 seconds
[2024-03-22T00:34:32.857+0000] {processor.py:161} INFO - Started process (PID=2633) to work on /opt/airflow/dags/taskflow_api.py
[2024-03-22T00:34:32.858+0000] {processor.py:830} INFO - Processing file /opt/airflow/dags/taskflow_api.py for tasks to queue
[2024-03-22T00:34:32.860+0000] {logging_mixin.py:188} INFO - [2024-03-22T00:34:32.859+0000] {dagbag.py:538} INFO - Filling up the DagBag from /opt/airflow/dags/taskflow_api.py
[2024-03-22T00:34:32.871+0000] {processor.py:840} INFO - DAG(s) 'taskflow_api' retrieved from /opt/airflow/dags/taskflow_api.py
[2024-03-22T00:34:32.886+0000] {logging_mixin.py:188} INFO - [2024-03-22T00:34:32.886+0000] {dag.py:3036} INFO - Sync 1 DAGs
[2024-03-22T00:34:32.894+0000] {logging_mixin.py:188} INFO - [2024-03-22T00:34:32.894+0000] {dag.py:3823} INFO - Setting next_dagrun for taskflow_api to None, run_after=None
[2024-03-22T00:34:32.915+0000] {processor.py:183} INFO - Processing /opt/airflow/dags/taskflow_api.py took 0.061 seconds
[2024-03-22T00:35:03.136+0000] {processor.py:161} INFO - Started process (PID=2696) to work on /opt/airflow/dags/taskflow_api.py
[2024-03-22T00:35:03.137+0000] {processor.py:830} INFO - Processing file /opt/airflow/dags/taskflow_api.py for tasks to queue
[2024-03-22T00:35:03.139+0000] {logging_mixin.py:188} INFO - [2024-03-22T00:35:03.139+0000] {dagbag.py:538} INFO - Filling up the DagBag from /opt/airflow/dags/taskflow_api.py
[2024-03-22T00:35:03.152+0000] {processor.py:840} INFO - DAG(s) 'taskflow_api' retrieved from /opt/airflow/dags/taskflow_api.py
[2024-03-22T00:35:03.174+0000] {logging_mixin.py:188} INFO - [2024-03-22T00:35:03.173+0000] {dag.py:3036} INFO - Sync 1 DAGs
[2024-03-22T00:35:03.185+0000] {logging_mixin.py:188} INFO - [2024-03-22T00:35:03.185+0000] {dag.py:3823} INFO - Setting next_dagrun for taskflow_api to None, run_after=None
[2024-03-22T00:35:03.321+0000] {processor.py:183} INFO - Processing /opt/airflow/dags/taskflow_api.py took 0.188 seconds
[2024-03-22T00:35:33.666+0000] {processor.py:161} INFO - Started process (PID=2759) to work on /opt/airflow/dags/taskflow_api.py
[2024-03-22T00:35:33.667+0000] {processor.py:830} INFO - Processing file /opt/airflow/dags/taskflow_api.py for tasks to queue
[2024-03-22T00:35:33.671+0000] {logging_mixin.py:188} INFO - [2024-03-22T00:35:33.670+0000] {dagbag.py:538} INFO - Filling up the DagBag from /opt/airflow/dags/taskflow_api.py
[2024-03-22T00:35:33.687+0000] {processor.py:840} INFO - DAG(s) 'taskflow_api' retrieved from /opt/airflow/dags/taskflow_api.py
[2024-03-22T00:35:33.706+0000] {logging_mixin.py:188} INFO - [2024-03-22T00:35:33.706+0000] {dag.py:3036} INFO - Sync 1 DAGs
[2024-03-22T00:35:33.716+0000] {logging_mixin.py:188} INFO - [2024-03-22T00:35:33.716+0000] {dag.py:3823} INFO - Setting next_dagrun for taskflow_api to None, run_after=None
[2024-03-22T00:35:33.845+0000] {processor.py:183} INFO - Processing /opt/airflow/dags/taskflow_api.py took 0.183 seconds
[2024-03-22T00:36:04.585+0000] {processor.py:161} INFO - Started process (PID=2822) to work on /opt/airflow/dags/taskflow_api.py
[2024-03-22T00:36:04.587+0000] {processor.py:830} INFO - Processing file /opt/airflow/dags/taskflow_api.py for tasks to queue
[2024-03-22T00:36:04.589+0000] {logging_mixin.py:188} INFO - [2024-03-22T00:36:04.589+0000] {dagbag.py:538} INFO - Filling up the DagBag from /opt/airflow/dags/taskflow_api.py
[2024-03-22T00:36:04.607+0000] {processor.py:840} INFO - DAG(s) 'taskflow_api' retrieved from /opt/airflow/dags/taskflow_api.py
[2024-03-22T00:36:04.627+0000] {logging_mixin.py:188} INFO - [2024-03-22T00:36:04.627+0000] {dag.py:3036} INFO - Sync 1 DAGs
[2024-03-22T00:36:04.640+0000] {logging_mixin.py:188} INFO - [2024-03-22T00:36:04.640+0000] {dag.py:3823} INFO - Setting next_dagrun for taskflow_api to None, run_after=None
[2024-03-22T00:36:04.669+0000] {processor.py:183} INFO - Processing /opt/airflow/dags/taskflow_api.py took 0.086 seconds
[2024-03-22T00:36:34.875+0000] {processor.py:161} INFO - Started process (PID=2885) to work on /opt/airflow/dags/taskflow_api.py
[2024-03-22T00:36:34.876+0000] {processor.py:830} INFO - Processing file /opt/airflow/dags/taskflow_api.py for tasks to queue
[2024-03-22T00:36:34.878+0000] {logging_mixin.py:188} INFO - [2024-03-22T00:36:34.877+0000] {dagbag.py:538} INFO - Filling up the DagBag from /opt/airflow/dags/taskflow_api.py
[2024-03-22T00:36:34.889+0000] {processor.py:840} INFO - DAG(s) 'taskflow_api' retrieved from /opt/airflow/dags/taskflow_api.py
[2024-03-22T00:36:34.904+0000] {logging_mixin.py:188} INFO - [2024-03-22T00:36:34.904+0000] {dag.py:3036} INFO - Sync 1 DAGs
[2024-03-22T00:36:34.915+0000] {logging_mixin.py:188} INFO - [2024-03-22T00:36:34.915+0000] {dag.py:3823} INFO - Setting next_dagrun for taskflow_api to None, run_after=None
[2024-03-22T00:36:34.932+0000] {processor.py:183} INFO - Processing /opt/airflow/dags/taskflow_api.py took 0.059 seconds
[2024-03-22T00:37:05.310+0000] {processor.py:161} INFO - Started process (PID=2948) to work on /opt/airflow/dags/taskflow_api.py
[2024-03-22T00:37:05.311+0000] {processor.py:830} INFO - Processing file /opt/airflow/dags/taskflow_api.py for tasks to queue
[2024-03-22T00:37:05.313+0000] {logging_mixin.py:188} INFO - [2024-03-22T00:37:05.313+0000] {dagbag.py:538} INFO - Filling up the DagBag from /opt/airflow/dags/taskflow_api.py
[2024-03-22T00:37:05.323+0000] {processor.py:840} INFO - DAG(s) 'taskflow_api' retrieved from /opt/airflow/dags/taskflow_api.py
[2024-03-22T00:37:05.338+0000] {logging_mixin.py:188} INFO - [2024-03-22T00:37:05.337+0000] {dag.py:3036} INFO - Sync 1 DAGs
[2024-03-22T00:37:05.347+0000] {logging_mixin.py:188} INFO - [2024-03-22T00:37:05.347+0000] {dag.py:3823} INFO - Setting next_dagrun for taskflow_api to None, run_after=None
[2024-03-22T00:37:05.361+0000] {processor.py:183} INFO - Processing /opt/airflow/dags/taskflow_api.py took 0.055 seconds
[2024-03-22T00:37:36.316+0000] {processor.py:161} INFO - Started process (PID=3012) to work on /opt/airflow/dags/taskflow_api.py
[2024-03-22T00:37:36.317+0000] {processor.py:830} INFO - Processing file /opt/airflow/dags/taskflow_api.py for tasks to queue
[2024-03-22T00:37:36.319+0000] {logging_mixin.py:188} INFO - [2024-03-22T00:37:36.319+0000] {dagbag.py:538} INFO - Filling up the DagBag from /opt/airflow/dags/taskflow_api.py
[2024-03-22T00:37:36.330+0000] {processor.py:840} INFO - DAG(s) 'taskflow_api' retrieved from /opt/airflow/dags/taskflow_api.py
[2024-03-22T00:37:36.343+0000] {logging_mixin.py:188} INFO - [2024-03-22T00:37:36.343+0000] {dag.py:3036} INFO - Sync 1 DAGs
[2024-03-22T00:37:36.352+0000] {logging_mixin.py:188} INFO - [2024-03-22T00:37:36.352+0000] {dag.py:3823} INFO - Setting next_dagrun for taskflow_api to None, run_after=None
[2024-03-22T00:37:36.369+0000] {processor.py:183} INFO - Processing /opt/airflow/dags/taskflow_api.py took 0.055 seconds
[2024-03-22T00:38:07.163+0000] {processor.py:161} INFO - Started process (PID=3075) to work on /opt/airflow/dags/taskflow_api.py
[2024-03-22T00:38:07.164+0000] {processor.py:830} INFO - Processing file /opt/airflow/dags/taskflow_api.py for tasks to queue
[2024-03-22T00:38:07.166+0000] {logging_mixin.py:188} INFO - [2024-03-22T00:38:07.165+0000] {dagbag.py:538} INFO - Filling up the DagBag from /opt/airflow/dags/taskflow_api.py
[2024-03-22T00:38:07.178+0000] {processor.py:840} INFO - DAG(s) 'taskflow_api' retrieved from /opt/airflow/dags/taskflow_api.py
[2024-03-22T00:38:07.195+0000] {logging_mixin.py:188} INFO - [2024-03-22T00:38:07.195+0000] {dag.py:3036} INFO - Sync 1 DAGs
[2024-03-22T00:38:07.206+0000] {logging_mixin.py:188} INFO - [2024-03-22T00:38:07.206+0000] {dag.py:3823} INFO - Setting next_dagrun for taskflow_api to None, run_after=None
[2024-03-22T00:38:07.223+0000] {processor.py:183} INFO - Processing /opt/airflow/dags/taskflow_api.py took 0.062 seconds
[2024-03-22T00:38:38.106+0000] {processor.py:161} INFO - Started process (PID=3138) to work on /opt/airflow/dags/taskflow_api.py
[2024-03-22T00:38:38.107+0000] {processor.py:830} INFO - Processing file /opt/airflow/dags/taskflow_api.py for tasks to queue
[2024-03-22T00:38:38.110+0000] {logging_mixin.py:188} INFO - [2024-03-22T00:38:38.109+0000] {dagbag.py:538} INFO - Filling up the DagBag from /opt/airflow/dags/taskflow_api.py
[2024-03-22T00:38:38.123+0000] {processor.py:840} INFO - DAG(s) 'taskflow_api' retrieved from /opt/airflow/dags/taskflow_api.py
[2024-03-22T00:38:38.140+0000] {logging_mixin.py:188} INFO - [2024-03-22T00:38:38.140+0000] {dag.py:3036} INFO - Sync 1 DAGs
[2024-03-22T00:38:38.150+0000] {logging_mixin.py:188} INFO - [2024-03-22T00:38:38.150+0000] {dag.py:3823} INFO - Setting next_dagrun for taskflow_api to None, run_after=None
[2024-03-22T00:38:38.168+0000] {processor.py:183} INFO - Processing /opt/airflow/dags/taskflow_api.py took 0.064 seconds
[2024-03-22T00:39:08.697+0000] {processor.py:161} INFO - Started process (PID=3201) to work on /opt/airflow/dags/taskflow_api.py
[2024-03-22T00:39:08.698+0000] {processor.py:830} INFO - Processing file /opt/airflow/dags/taskflow_api.py for tasks to queue
[2024-03-22T00:39:08.700+0000] {logging_mixin.py:188} INFO - [2024-03-22T00:39:08.700+0000] {dagbag.py:538} INFO - Filling up the DagBag from /opt/airflow/dags/taskflow_api.py
[2024-03-22T00:39:08.714+0000] {processor.py:840} INFO - DAG(s) 'taskflow_api' retrieved from /opt/airflow/dags/taskflow_api.py
[2024-03-22T00:39:08.732+0000] {logging_mixin.py:188} INFO - [2024-03-22T00:39:08.732+0000] {dag.py:3036} INFO - Sync 1 DAGs
[2024-03-22T00:39:08.745+0000] {logging_mixin.py:188} INFO - [2024-03-22T00:39:08.744+0000] {dag.py:3823} INFO - Setting next_dagrun for taskflow_api to None, run_after=None
[2024-03-22T00:39:08.770+0000] {processor.py:183} INFO - Processing /opt/airflow/dags/taskflow_api.py took 0.076 seconds
[2024-03-22T00:39:39.305+0000] {processor.py:161} INFO - Started process (PID=3264) to work on /opt/airflow/dags/taskflow_api.py
[2024-03-22T00:39:39.306+0000] {processor.py:830} INFO - Processing file /opt/airflow/dags/taskflow_api.py for tasks to queue
[2024-03-22T00:39:39.309+0000] {logging_mixin.py:188} INFO - [2024-03-22T00:39:39.308+0000] {dagbag.py:538} INFO - Filling up the DagBag from /opt/airflow/dags/taskflow_api.py
[2024-03-22T00:39:39.323+0000] {processor.py:840} INFO - DAG(s) 'taskflow_api' retrieved from /opt/airflow/dags/taskflow_api.py
[2024-03-22T00:39:39.346+0000] {logging_mixin.py:188} INFO - [2024-03-22T00:39:39.345+0000] {dag.py:3036} INFO - Sync 1 DAGs
[2024-03-22T00:39:39.359+0000] {logging_mixin.py:188} INFO - [2024-03-22T00:39:39.358+0000] {dag.py:3823} INFO - Setting next_dagrun for taskflow_api to None, run_after=None
[2024-03-22T00:39:39.380+0000] {processor.py:183} INFO - Processing /opt/airflow/dags/taskflow_api.py took 0.077 seconds
[2024-03-22T00:40:10.168+0000] {processor.py:161} INFO - Started process (PID=3327) to work on /opt/airflow/dags/taskflow_api.py
[2024-03-22T00:40:10.169+0000] {processor.py:830} INFO - Processing file /opt/airflow/dags/taskflow_api.py for tasks to queue
[2024-03-22T00:40:10.171+0000] {logging_mixin.py:188} INFO - [2024-03-22T00:40:10.170+0000] {dagbag.py:538} INFO - Filling up the DagBag from /opt/airflow/dags/taskflow_api.py
[2024-03-22T00:40:10.184+0000] {processor.py:840} INFO - DAG(s) 'taskflow_api' retrieved from /opt/airflow/dags/taskflow_api.py
[2024-03-22T00:40:10.200+0000] {logging_mixin.py:188} INFO - [2024-03-22T00:40:10.200+0000] {dag.py:3036} INFO - Sync 1 DAGs
[2024-03-22T00:40:10.211+0000] {logging_mixin.py:188} INFO - [2024-03-22T00:40:10.211+0000] {dag.py:3823} INFO - Setting next_dagrun for taskflow_api to None, run_after=None
[2024-03-22T00:40:10.238+0000] {processor.py:183} INFO - Processing /opt/airflow/dags/taskflow_api.py took 0.073 seconds
[2024-03-22T00:40:40.759+0000] {processor.py:161} INFO - Started process (PID=3390) to work on /opt/airflow/dags/taskflow_api.py
[2024-03-22T00:40:40.760+0000] {processor.py:830} INFO - Processing file /opt/airflow/dags/taskflow_api.py for tasks to queue
[2024-03-22T00:40:40.764+0000] {logging_mixin.py:188} INFO - [2024-03-22T00:40:40.764+0000] {dagbag.py:538} INFO - Filling up the DagBag from /opt/airflow/dags/taskflow_api.py
[2024-03-22T00:40:40.777+0000] {processor.py:840} INFO - DAG(s) 'taskflow_api' retrieved from /opt/airflow/dags/taskflow_api.py
[2024-03-22T00:40:40.800+0000] {logging_mixin.py:188} INFO - [2024-03-22T00:40:40.800+0000] {dag.py:3036} INFO - Sync 1 DAGs
[2024-03-22T00:40:40.813+0000] {logging_mixin.py:188} INFO - [2024-03-22T00:40:40.813+0000] {dag.py:3823} INFO - Setting next_dagrun for taskflow_api to None, run_after=None
[2024-03-22T00:40:40.839+0000] {processor.py:183} INFO - Processing /opt/airflow/dags/taskflow_api.py took 0.082 seconds
[2024-03-22T00:41:11.338+0000] {processor.py:161} INFO - Started process (PID=3453) to work on /opt/airflow/dags/taskflow_api.py
[2024-03-22T00:41:11.339+0000] {processor.py:830} INFO - Processing file /opt/airflow/dags/taskflow_api.py for tasks to queue
[2024-03-22T00:41:11.341+0000] {logging_mixin.py:188} INFO - [2024-03-22T00:41:11.340+0000] {dagbag.py:538} INFO - Filling up the DagBag from /opt/airflow/dags/taskflow_api.py
[2024-03-22T00:41:11.354+0000] {processor.py:840} INFO - DAG(s) 'taskflow_api' retrieved from /opt/airflow/dags/taskflow_api.py
[2024-03-22T00:41:11.372+0000] {logging_mixin.py:188} INFO - [2024-03-22T00:41:11.371+0000] {dag.py:3036} INFO - Sync 1 DAGs
[2024-03-22T00:41:11.383+0000] {logging_mixin.py:188} INFO - [2024-03-22T00:41:11.383+0000] {dag.py:3823} INFO - Setting next_dagrun for taskflow_api to None, run_after=None
[2024-03-22T00:41:11.402+0000] {processor.py:183} INFO - Processing /opt/airflow/dags/taskflow_api.py took 0.067 seconds
[2024-03-22T00:41:42.195+0000] {processor.py:161} INFO - Started process (PID=3516) to work on /opt/airflow/dags/taskflow_api.py
[2024-03-22T00:41:42.196+0000] {processor.py:830} INFO - Processing file /opt/airflow/dags/taskflow_api.py for tasks to queue
[2024-03-22T00:41:42.198+0000] {logging_mixin.py:188} INFO - [2024-03-22T00:41:42.198+0000] {dagbag.py:538} INFO - Filling up the DagBag from /opt/airflow/dags/taskflow_api.py
[2024-03-22T00:41:42.212+0000] {processor.py:840} INFO - DAG(s) 'taskflow_api' retrieved from /opt/airflow/dags/taskflow_api.py
[2024-03-22T00:41:42.230+0000] {logging_mixin.py:188} INFO - [2024-03-22T00:41:42.230+0000] {dag.py:3036} INFO - Sync 1 DAGs
[2024-03-22T00:41:42.243+0000] {logging_mixin.py:188} INFO - [2024-03-22T00:41:42.243+0000] {dag.py:3823} INFO - Setting next_dagrun for taskflow_api to None, run_after=None
[2024-03-22T00:41:42.262+0000] {processor.py:183} INFO - Processing /opt/airflow/dags/taskflow_api.py took 0.070 seconds
[2024-03-22T00:42:12.444+0000] {processor.py:161} INFO - Started process (PID=3579) to work on /opt/airflow/dags/taskflow_api.py
[2024-03-22T00:42:12.445+0000] {processor.py:830} INFO - Processing file /opt/airflow/dags/taskflow_api.py for tasks to queue
[2024-03-22T00:42:12.447+0000] {logging_mixin.py:188} INFO - [2024-03-22T00:42:12.447+0000] {dagbag.py:538} INFO - Filling up the DagBag from /opt/airflow/dags/taskflow_api.py
[2024-03-22T00:42:12.458+0000] {processor.py:840} INFO - DAG(s) 'taskflow_api' retrieved from /opt/airflow/dags/taskflow_api.py
[2024-03-22T00:42:12.472+0000] {logging_mixin.py:188} INFO - [2024-03-22T00:42:12.472+0000] {dag.py:3036} INFO - Sync 1 DAGs
[2024-03-22T00:42:12.481+0000] {logging_mixin.py:188} INFO - [2024-03-22T00:42:12.480+0000] {dag.py:3823} INFO - Setting next_dagrun for taskflow_api to None, run_after=None
[2024-03-22T00:42:12.495+0000] {processor.py:183} INFO - Processing /opt/airflow/dags/taskflow_api.py took 0.054 seconds
[2024-03-22T00:42:42.821+0000] {processor.py:161} INFO - Started process (PID=3642) to work on /opt/airflow/dags/taskflow_api.py
[2024-03-22T00:42:42.822+0000] {processor.py:830} INFO - Processing file /opt/airflow/dags/taskflow_api.py for tasks to queue
[2024-03-22T00:42:42.823+0000] {logging_mixin.py:188} INFO - [2024-03-22T00:42:42.823+0000] {dagbag.py:538} INFO - Filling up the DagBag from /opt/airflow/dags/taskflow_api.py
[2024-03-22T00:42:42.833+0000] {processor.py:840} INFO - DAG(s) 'taskflow_api' retrieved from /opt/airflow/dags/taskflow_api.py
[2024-03-22T00:42:42.846+0000] {logging_mixin.py:188} INFO - [2024-03-22T00:42:42.846+0000] {dag.py:3036} INFO - Sync 1 DAGs
[2024-03-22T00:42:42.855+0000] {logging_mixin.py:188} INFO - [2024-03-22T00:42:42.854+0000] {dag.py:3823} INFO - Setting next_dagrun for taskflow_api to None, run_after=None
[2024-03-22T00:42:42.869+0000] {processor.py:183} INFO - Processing /opt/airflow/dags/taskflow_api.py took 0.051 seconds
[2024-03-22T00:43:13.130+0000] {processor.py:161} INFO - Started process (PID=3705) to work on /opt/airflow/dags/taskflow_api.py
[2024-03-22T00:43:13.130+0000] {processor.py:830} INFO - Processing file /opt/airflow/dags/taskflow_api.py for tasks to queue
[2024-03-22T00:43:13.132+0000] {logging_mixin.py:188} INFO - [2024-03-22T00:43:13.132+0000] {dagbag.py:538} INFO - Filling up the DagBag from /opt/airflow/dags/taskflow_api.py
[2024-03-22T00:43:13.142+0000] {processor.py:840} INFO - DAG(s) 'taskflow_api' retrieved from /opt/airflow/dags/taskflow_api.py
[2024-03-22T00:43:13.155+0000] {logging_mixin.py:188} INFO - [2024-03-22T00:43:13.154+0000] {dag.py:3036} INFO - Sync 1 DAGs
[2024-03-22T00:43:13.163+0000] {logging_mixin.py:188} INFO - [2024-03-22T00:43:13.163+0000] {dag.py:3823} INFO - Setting next_dagrun for taskflow_api to None, run_after=None
[2024-03-22T00:43:13.184+0000] {processor.py:183} INFO - Processing /opt/airflow/dags/taskflow_api.py took 0.056 seconds
[2024-03-22T00:43:44.187+0000] {processor.py:161} INFO - Started process (PID=3768) to work on /opt/airflow/dags/taskflow_api.py
[2024-03-22T00:43:44.188+0000] {processor.py:830} INFO - Processing file /opt/airflow/dags/taskflow_api.py for tasks to queue
[2024-03-22T00:43:44.190+0000] {logging_mixin.py:188} INFO - [2024-03-22T00:43:44.190+0000] {dagbag.py:538} INFO - Filling up the DagBag from /opt/airflow/dags/taskflow_api.py
[2024-03-22T00:43:44.203+0000] {processor.py:840} INFO - DAG(s) 'taskflow_api' retrieved from /opt/airflow/dags/taskflow_api.py
[2024-03-22T00:43:44.218+0000] {logging_mixin.py:188} INFO - [2024-03-22T00:43:44.218+0000] {dag.py:3036} INFO - Sync 1 DAGs
[2024-03-22T00:43:44.234+0000] {logging_mixin.py:188} INFO - [2024-03-22T00:43:44.234+0000] {dag.py:3823} INFO - Setting next_dagrun for taskflow_api to None, run_after=None
[2024-03-22T00:43:44.255+0000] {processor.py:183} INFO - Processing /opt/airflow/dags/taskflow_api.py took 0.071 seconds
[2024-03-22T00:44:14.363+0000] {processor.py:161} INFO - Started process (PID=3831) to work on /opt/airflow/dags/taskflow_api.py
[2024-03-22T00:44:14.364+0000] {processor.py:830} INFO - Processing file /opt/airflow/dags/taskflow_api.py for tasks to queue
[2024-03-22T00:44:14.366+0000] {logging_mixin.py:188} INFO - [2024-03-22T00:44:14.366+0000] {dagbag.py:538} INFO - Filling up the DagBag from /opt/airflow/dags/taskflow_api.py
[2024-03-22T00:44:14.377+0000] {processor.py:840} INFO - DAG(s) 'taskflow_api' retrieved from /opt/airflow/dags/taskflow_api.py
[2024-03-22T00:44:14.389+0000] {logging_mixin.py:188} INFO - [2024-03-22T00:44:14.389+0000] {dag.py:3036} INFO - Sync 1 DAGs
[2024-03-22T00:44:14.398+0000] {logging_mixin.py:188} INFO - [2024-03-22T00:44:14.398+0000] {dag.py:3823} INFO - Setting next_dagrun for taskflow_api to None, run_after=None
[2024-03-22T00:44:14.415+0000] {processor.py:183} INFO - Processing /opt/airflow/dags/taskflow_api.py took 0.054 seconds
[2024-03-22T00:44:44.596+0000] {processor.py:161} INFO - Started process (PID=3894) to work on /opt/airflow/dags/taskflow_api.py
[2024-03-22T00:44:44.597+0000] {processor.py:830} INFO - Processing file /opt/airflow/dags/taskflow_api.py for tasks to queue
[2024-03-22T00:44:44.598+0000] {logging_mixin.py:188} INFO - [2024-03-22T00:44:44.598+0000] {dagbag.py:538} INFO - Filling up the DagBag from /opt/airflow/dags/taskflow_api.py
[2024-03-22T00:44:44.612+0000] {processor.py:840} INFO - DAG(s) 'taskflow_api' retrieved from /opt/airflow/dags/taskflow_api.py
[2024-03-22T00:44:44.628+0000] {logging_mixin.py:188} INFO - [2024-03-22T00:44:44.628+0000] {dag.py:3036} INFO - Sync 1 DAGs
[2024-03-22T00:44:44.638+0000] {logging_mixin.py:188} INFO - [2024-03-22T00:44:44.638+0000] {dag.py:3823} INFO - Setting next_dagrun for taskflow_api to None, run_after=None
[2024-03-22T00:44:44.660+0000] {processor.py:183} INFO - Processing /opt/airflow/dags/taskflow_api.py took 0.067 seconds
[2024-03-22T00:45:14.964+0000] {processor.py:161} INFO - Started process (PID=3957) to work on /opt/airflow/dags/taskflow_api.py
[2024-03-22T00:45:14.964+0000] {processor.py:830} INFO - Processing file /opt/airflow/dags/taskflow_api.py for tasks to queue
[2024-03-22T00:45:14.966+0000] {logging_mixin.py:188} INFO - [2024-03-22T00:45:14.966+0000] {dagbag.py:538} INFO - Filling up the DagBag from /opt/airflow/dags/taskflow_api.py
[2024-03-22T00:45:14.977+0000] {processor.py:840} INFO - DAG(s) 'taskflow_api' retrieved from /opt/airflow/dags/taskflow_api.py
[2024-03-22T00:45:14.989+0000] {logging_mixin.py:188} INFO - [2024-03-22T00:45:14.989+0000] {dag.py:3036} INFO - Sync 1 DAGs
[2024-03-22T00:45:14.998+0000] {logging_mixin.py:188} INFO - [2024-03-22T00:45:14.998+0000] {dag.py:3823} INFO - Setting next_dagrun for taskflow_api to None, run_after=None
[2024-03-22T00:45:15.015+0000] {processor.py:183} INFO - Processing /opt/airflow/dags/taskflow_api.py took 0.053 seconds
[2024-03-22T00:45:45.219+0000] {processor.py:161} INFO - Started process (PID=4020) to work on /opt/airflow/dags/taskflow_api.py
[2024-03-22T00:45:45.220+0000] {processor.py:830} INFO - Processing file /opt/airflow/dags/taskflow_api.py for tasks to queue
[2024-03-22T00:45:45.222+0000] {logging_mixin.py:188} INFO - [2024-03-22T00:45:45.221+0000] {dagbag.py:538} INFO - Filling up the DagBag from /opt/airflow/dags/taskflow_api.py
[2024-03-22T00:45:45.232+0000] {processor.py:840} INFO - DAG(s) 'taskflow_api' retrieved from /opt/airflow/dags/taskflow_api.py
[2024-03-22T00:45:45.245+0000] {logging_mixin.py:188} INFO - [2024-03-22T00:45:45.245+0000] {dag.py:3036} INFO - Sync 1 DAGs
[2024-03-22T00:45:45.254+0000] {logging_mixin.py:188} INFO - [2024-03-22T00:45:45.254+0000] {dag.py:3823} INFO - Setting next_dagrun for taskflow_api to None, run_after=None
[2024-03-22T00:45:45.269+0000] {processor.py:183} INFO - Processing /opt/airflow/dags/taskflow_api.py took 0.052 seconds
[2024-03-22T00:46:16.268+0000] {processor.py:161} INFO - Started process (PID=4083) to work on /opt/airflow/dags/taskflow_api.py
[2024-03-22T00:46:16.269+0000] {processor.py:830} INFO - Processing file /opt/airflow/dags/taskflow_api.py for tasks to queue
[2024-03-22T00:46:16.271+0000] {logging_mixin.py:188} INFO - [2024-03-22T00:46:16.270+0000] {dagbag.py:538} INFO - Filling up the DagBag from /opt/airflow/dags/taskflow_api.py
[2024-03-22T00:46:16.281+0000] {processor.py:840} INFO - DAG(s) 'taskflow_api' retrieved from /opt/airflow/dags/taskflow_api.py
[2024-03-22T00:46:16.293+0000] {logging_mixin.py:188} INFO - [2024-03-22T00:46:16.293+0000] {dag.py:3036} INFO - Sync 1 DAGs
[2024-03-22T00:46:16.301+0000] {logging_mixin.py:188} INFO - [2024-03-22T00:46:16.301+0000] {dag.py:3823} INFO - Setting next_dagrun for taskflow_api to None, run_after=None
[2024-03-22T00:46:16.325+0000] {processor.py:183} INFO - Processing /opt/airflow/dags/taskflow_api.py took 0.059 seconds
[2024-03-22T00:46:47.150+0000] {processor.py:161} INFO - Started process (PID=4146) to work on /opt/airflow/dags/taskflow_api.py
[2024-03-22T00:46:47.151+0000] {processor.py:830} INFO - Processing file /opt/airflow/dags/taskflow_api.py for tasks to queue
[2024-03-22T00:46:47.153+0000] {logging_mixin.py:188} INFO - [2024-03-22T00:46:47.152+0000] {dagbag.py:538} INFO - Filling up the DagBag from /opt/airflow/dags/taskflow_api.py
[2024-03-22T00:46:47.163+0000] {processor.py:840} INFO - DAG(s) 'taskflow_api' retrieved from /opt/airflow/dags/taskflow_api.py
[2024-03-22T00:46:47.176+0000] {logging_mixin.py:188} INFO - [2024-03-22T00:46:47.176+0000] {dag.py:3036} INFO - Sync 1 DAGs
[2024-03-22T00:46:47.184+0000] {logging_mixin.py:188} INFO - [2024-03-22T00:46:47.184+0000] {dag.py:3823} INFO - Setting next_dagrun for taskflow_api to None, run_after=None
[2024-03-22T00:46:47.200+0000] {processor.py:183} INFO - Processing /opt/airflow/dags/taskflow_api.py took 0.052 seconds
[2024-03-22T00:47:17.539+0000] {processor.py:161} INFO - Started process (PID=4209) to work on /opt/airflow/dags/taskflow_api.py
[2024-03-22T00:47:17.540+0000] {processor.py:830} INFO - Processing file /opt/airflow/dags/taskflow_api.py for tasks to queue
[2024-03-22T00:47:17.542+0000] {logging_mixin.py:188} INFO - [2024-03-22T00:47:17.541+0000] {dagbag.py:538} INFO - Filling up the DagBag from /opt/airflow/dags/taskflow_api.py
[2024-03-22T00:47:17.553+0000] {processor.py:840} INFO - DAG(s) 'taskflow_api' retrieved from /opt/airflow/dags/taskflow_api.py
[2024-03-22T00:47:17.566+0000] {logging_mixin.py:188} INFO - [2024-03-22T00:47:17.566+0000] {dag.py:3036} INFO - Sync 1 DAGs
[2024-03-22T00:47:17.575+0000] {logging_mixin.py:188} INFO - [2024-03-22T00:47:17.574+0000] {dag.py:3823} INFO - Setting next_dagrun for taskflow_api to None, run_after=None
[2024-03-22T00:47:17.591+0000] {processor.py:183} INFO - Processing /opt/airflow/dags/taskflow_api.py took 0.054 seconds
[2024-03-22T00:47:48.096+0000] {processor.py:161} INFO - Started process (PID=4272) to work on /opt/airflow/dags/taskflow_api.py
[2024-03-22T00:47:48.097+0000] {processor.py:830} INFO - Processing file /opt/airflow/dags/taskflow_api.py for tasks to queue
[2024-03-22T00:47:48.099+0000] {logging_mixin.py:188} INFO - [2024-03-22T00:47:48.099+0000] {dagbag.py:538} INFO - Filling up the DagBag from /opt/airflow/dags/taskflow_api.py
[2024-03-22T00:47:48.109+0000] {processor.py:840} INFO - DAG(s) 'taskflow_api' retrieved from /opt/airflow/dags/taskflow_api.py
[2024-03-22T00:47:48.123+0000] {logging_mixin.py:188} INFO - [2024-03-22T00:47:48.122+0000] {dag.py:3036} INFO - Sync 1 DAGs
[2024-03-22T00:47:48.131+0000] {logging_mixin.py:188} INFO - [2024-03-22T00:47:48.131+0000] {dag.py:3823} INFO - Setting next_dagrun for taskflow_api to None, run_after=None
[2024-03-22T00:47:48.146+0000] {processor.py:183} INFO - Processing /opt/airflow/dags/taskflow_api.py took 0.052 seconds
[2024-03-22T00:48:18.259+0000] {processor.py:161} INFO - Started process (PID=4335) to work on /opt/airflow/dags/taskflow_api.py
[2024-03-22T00:48:18.260+0000] {processor.py:830} INFO - Processing file /opt/airflow/dags/taskflow_api.py for tasks to queue
[2024-03-22T00:48:18.262+0000] {logging_mixin.py:188} INFO - [2024-03-22T00:48:18.262+0000] {dagbag.py:538} INFO - Filling up the DagBag from /opt/airflow/dags/taskflow_api.py
[2024-03-22T00:48:18.272+0000] {processor.py:840} INFO - DAG(s) 'taskflow_api' retrieved from /opt/airflow/dags/taskflow_api.py
[2024-03-22T00:48:18.286+0000] {logging_mixin.py:188} INFO - [2024-03-22T00:48:18.286+0000] {dag.py:3036} INFO - Sync 1 DAGs
[2024-03-22T00:48:18.295+0000] {logging_mixin.py:188} INFO - [2024-03-22T00:48:18.294+0000] {dag.py:3823} INFO - Setting next_dagrun for taskflow_api to None, run_after=None
[2024-03-22T00:48:18.309+0000] {processor.py:183} INFO - Processing /opt/airflow/dags/taskflow_api.py took 0.053 seconds
[2024-03-22T00:48:48.388+0000] {processor.py:161} INFO - Started process (PID=4398) to work on /opt/airflow/dags/taskflow_api.py
[2024-03-22T00:48:48.389+0000] {processor.py:830} INFO - Processing file /opt/airflow/dags/taskflow_api.py for tasks to queue
[2024-03-22T00:48:48.392+0000] {logging_mixin.py:188} INFO - [2024-03-22T00:48:48.392+0000] {dagbag.py:538} INFO - Filling up the DagBag from /opt/airflow/dags/taskflow_api.py
[2024-03-22T00:48:48.406+0000] {processor.py:840} INFO - DAG(s) 'taskflow_api' retrieved from /opt/airflow/dags/taskflow_api.py
[2024-03-22T00:48:48.431+0000] {logging_mixin.py:188} INFO - [2024-03-22T00:48:48.430+0000] {dag.py:3036} INFO - Sync 1 DAGs
[2024-03-22T00:48:48.446+0000] {logging_mixin.py:188} INFO - [2024-03-22T00:48:48.446+0000] {dag.py:3823} INFO - Setting next_dagrun for taskflow_api to None, run_after=None
[2024-03-22T00:48:48.465+0000] {processor.py:183} INFO - Processing /opt/airflow/dags/taskflow_api.py took 0.080 seconds
[2024-03-22T00:49:18.793+0000] {processor.py:161} INFO - Started process (PID=4461) to work on /opt/airflow/dags/taskflow_api.py
[2024-03-22T00:49:18.794+0000] {processor.py:830} INFO - Processing file /opt/airflow/dags/taskflow_api.py for tasks to queue
[2024-03-22T00:49:18.795+0000] {logging_mixin.py:188} INFO - [2024-03-22T00:49:18.795+0000] {dagbag.py:538} INFO - Filling up the DagBag from /opt/airflow/dags/taskflow_api.py
[2024-03-22T00:49:18.805+0000] {processor.py:840} INFO - DAG(s) 'taskflow_api' retrieved from /opt/airflow/dags/taskflow_api.py
[2024-03-22T00:49:18.818+0000] {logging_mixin.py:188} INFO - [2024-03-22T00:49:18.818+0000] {dag.py:3036} INFO - Sync 1 DAGs
[2024-03-22T00:49:18.826+0000] {logging_mixin.py:188} INFO - [2024-03-22T00:49:18.826+0000] {dag.py:3823} INFO - Setting next_dagrun for taskflow_api to None, run_after=None
[2024-03-22T00:49:18.845+0000] {processor.py:183} INFO - Processing /opt/airflow/dags/taskflow_api.py took 0.054 seconds
[2024-03-22T00:49:49.249+0000] {processor.py:161} INFO - Started process (PID=4524) to work on /opt/airflow/dags/taskflow_api.py
[2024-03-22T00:49:49.250+0000] {processor.py:830} INFO - Processing file /opt/airflow/dags/taskflow_api.py for tasks to queue
[2024-03-22T00:49:49.252+0000] {logging_mixin.py:188} INFO - [2024-03-22T00:49:49.252+0000] {dagbag.py:538} INFO - Filling up the DagBag from /opt/airflow/dags/taskflow_api.py
[2024-03-22T00:49:49.265+0000] {processor.py:840} INFO - DAG(s) 'taskflow_api' retrieved from /opt/airflow/dags/taskflow_api.py
[2024-03-22T00:49:49.285+0000] {logging_mixin.py:188} INFO - [2024-03-22T00:49:49.285+0000] {dag.py:3036} INFO - Sync 1 DAGs
[2024-03-22T00:49:49.296+0000] {logging_mixin.py:188} INFO - [2024-03-22T00:49:49.296+0000] {dag.py:3823} INFO - Setting next_dagrun for taskflow_api to None, run_after=None
[2024-03-22T00:49:49.314+0000] {processor.py:183} INFO - Processing /opt/airflow/dags/taskflow_api.py took 0.069 seconds
[2024-03-22T00:50:19.460+0000] {processor.py:161} INFO - Started process (PID=4587) to work on /opt/airflow/dags/taskflow_api.py
[2024-03-22T00:50:19.460+0000] {processor.py:830} INFO - Processing file /opt/airflow/dags/taskflow_api.py for tasks to queue
[2024-03-22T00:50:19.466+0000] {logging_mixin.py:188} INFO - [2024-03-22T00:50:19.465+0000] {dagbag.py:538} INFO - Filling up the DagBag from /opt/airflow/dags/taskflow_api.py
[2024-03-22T00:50:19.490+0000] {processor.py:840} INFO - DAG(s) 'taskflow_api' retrieved from /opt/airflow/dags/taskflow_api.py
[2024-03-22T00:50:19.514+0000] {logging_mixin.py:188} INFO - [2024-03-22T00:50:19.514+0000] {dag.py:3036} INFO - Sync 1 DAGs
[2024-03-22T00:50:19.526+0000] {logging_mixin.py:188} INFO - [2024-03-22T00:50:19.525+0000] {dag.py:3823} INFO - Setting next_dagrun for taskflow_api to None, run_after=None
[2024-03-22T00:50:19.546+0000] {processor.py:183} INFO - Processing /opt/airflow/dags/taskflow_api.py took 0.090 seconds
[2024-03-22T00:50:49.779+0000] {processor.py:161} INFO - Started process (PID=4650) to work on /opt/airflow/dags/taskflow_api.py
[2024-03-22T00:50:49.780+0000] {processor.py:830} INFO - Processing file /opt/airflow/dags/taskflow_api.py for tasks to queue
[2024-03-22T00:50:49.782+0000] {logging_mixin.py:188} INFO - [2024-03-22T00:50:49.782+0000] {dagbag.py:538} INFO - Filling up the DagBag from /opt/airflow/dags/taskflow_api.py
[2024-03-22T00:50:49.794+0000] {processor.py:840} INFO - DAG(s) 'taskflow_api' retrieved from /opt/airflow/dags/taskflow_api.py
[2024-03-22T00:50:49.811+0000] {logging_mixin.py:188} INFO - [2024-03-22T00:50:49.811+0000] {dag.py:3036} INFO - Sync 1 DAGs
[2024-03-22T00:50:49.825+0000] {logging_mixin.py:188} INFO - [2024-03-22T00:50:49.825+0000] {dag.py:3823} INFO - Setting next_dagrun for taskflow_api to None, run_after=None
[2024-03-22T00:50:49.853+0000] {processor.py:183} INFO - Processing /opt/airflow/dags/taskflow_api.py took 0.076 seconds
[2024-03-22T00:51:20.124+0000] {processor.py:161} INFO - Started process (PID=4713) to work on /opt/airflow/dags/taskflow_api.py
[2024-03-22T00:51:20.125+0000] {processor.py:830} INFO - Processing file /opt/airflow/dags/taskflow_api.py for tasks to queue
[2024-03-22T00:51:20.127+0000] {logging_mixin.py:188} INFO - [2024-03-22T00:51:20.127+0000] {dagbag.py:538} INFO - Filling up the DagBag from /opt/airflow/dags/taskflow_api.py
[2024-03-22T00:51:20.139+0000] {processor.py:840} INFO - DAG(s) 'taskflow_api' retrieved from /opt/airflow/dags/taskflow_api.py
[2024-03-22T00:51:20.155+0000] {logging_mixin.py:188} INFO - [2024-03-22T00:51:20.154+0000] {dag.py:3036} INFO - Sync 1 DAGs
[2024-03-22T00:51:20.165+0000] {logging_mixin.py:188} INFO - [2024-03-22T00:51:20.164+0000] {dag.py:3823} INFO - Setting next_dagrun for taskflow_api to None, run_after=None
[2024-03-22T00:51:20.181+0000] {processor.py:183} INFO - Processing /opt/airflow/dags/taskflow_api.py took 0.061 seconds
[2024-03-22T00:51:50.378+0000] {processor.py:161} INFO - Started process (PID=4776) to work on /opt/airflow/dags/taskflow_api.py
[2024-03-22T00:51:50.380+0000] {processor.py:830} INFO - Processing file /opt/airflow/dags/taskflow_api.py for tasks to queue
[2024-03-22T00:51:50.382+0000] {logging_mixin.py:188} INFO - [2024-03-22T00:51:50.382+0000] {dagbag.py:538} INFO - Filling up the DagBag from /opt/airflow/dags/taskflow_api.py
[2024-03-22T00:51:50.397+0000] {processor.py:840} INFO - DAG(s) 'taskflow_api' retrieved from /opt/airflow/dags/taskflow_api.py
[2024-03-22T00:51:50.416+0000] {logging_mixin.py:188} INFO - [2024-03-22T00:51:50.415+0000] {dag.py:3036} INFO - Sync 1 DAGs
[2024-03-22T00:51:50.431+0000] {logging_mixin.py:188} INFO - [2024-03-22T00:51:50.431+0000] {dag.py:3823} INFO - Setting next_dagrun for taskflow_api to None, run_after=None
[2024-03-22T00:51:50.452+0000] {processor.py:183} INFO - Processing /opt/airflow/dags/taskflow_api.py took 0.076 seconds
[2024-03-22T00:52:20.676+0000] {processor.py:161} INFO - Started process (PID=4839) to work on /opt/airflow/dags/taskflow_api.py
[2024-03-22T00:52:20.677+0000] {processor.py:830} INFO - Processing file /opt/airflow/dags/taskflow_api.py for tasks to queue
[2024-03-22T00:52:20.679+0000] {logging_mixin.py:188} INFO - [2024-03-22T00:52:20.678+0000] {dagbag.py:538} INFO - Filling up the DagBag from /opt/airflow/dags/taskflow_api.py
[2024-03-22T00:52:20.690+0000] {processor.py:840} INFO - DAG(s) 'taskflow_api' retrieved from /opt/airflow/dags/taskflow_api.py
[2024-03-22T00:52:20.703+0000] {logging_mixin.py:188} INFO - [2024-03-22T00:52:20.703+0000] {dag.py:3036} INFO - Sync 1 DAGs
[2024-03-22T00:52:20.712+0000] {logging_mixin.py:188} INFO - [2024-03-22T00:52:20.712+0000] {dag.py:3823} INFO - Setting next_dagrun for taskflow_api to None, run_after=None
[2024-03-22T00:52:20.726+0000] {processor.py:183} INFO - Processing /opt/airflow/dags/taskflow_api.py took 0.053 seconds
[2024-03-22T00:52:50.818+0000] {processor.py:161} INFO - Started process (PID=4902) to work on /opt/airflow/dags/taskflow_api.py
[2024-03-22T00:52:50.818+0000] {processor.py:830} INFO - Processing file /opt/airflow/dags/taskflow_api.py for tasks to queue
[2024-03-22T00:52:50.820+0000] {logging_mixin.py:188} INFO - [2024-03-22T00:52:50.820+0000] {dagbag.py:538} INFO - Filling up the DagBag from /opt/airflow/dags/taskflow_api.py
[2024-03-22T00:52:50.830+0000] {processor.py:840} INFO - DAG(s) 'taskflow_api' retrieved from /opt/airflow/dags/taskflow_api.py
[2024-03-22T00:52:50.843+0000] {logging_mixin.py:188} INFO - [2024-03-22T00:52:50.843+0000] {dag.py:3036} INFO - Sync 1 DAGs
[2024-03-22T00:52:50.852+0000] {logging_mixin.py:188} INFO - [2024-03-22T00:52:50.851+0000] {dag.py:3823} INFO - Setting next_dagrun for taskflow_api to None, run_after=None
[2024-03-22T00:52:50.870+0000] {processor.py:183} INFO - Processing /opt/airflow/dags/taskflow_api.py took 0.055 seconds
[2024-03-22T00:53:21.579+0000] {processor.py:161} INFO - Started process (PID=4965) to work on /opt/airflow/dags/taskflow_api.py
[2024-03-22T00:53:21.581+0000] {processor.py:830} INFO - Processing file /opt/airflow/dags/taskflow_api.py for tasks to queue
[2024-03-22T00:53:21.583+0000] {logging_mixin.py:188} INFO - [2024-03-22T00:53:21.582+0000] {dagbag.py:538} INFO - Filling up the DagBag from /opt/airflow/dags/taskflow_api.py
[2024-03-22T00:53:21.595+0000] {processor.py:840} INFO - DAG(s) 'taskflow_api' retrieved from /opt/airflow/dags/taskflow_api.py
[2024-03-22T00:53:21.611+0000] {logging_mixin.py:188} INFO - [2024-03-22T00:53:21.611+0000] {dag.py:3036} INFO - Sync 1 DAGs
[2024-03-22T00:53:21.621+0000] {logging_mixin.py:188} INFO - [2024-03-22T00:53:21.621+0000] {dag.py:3823} INFO - Setting next_dagrun for taskflow_api to None, run_after=None
[2024-03-22T00:53:21.641+0000] {processor.py:183} INFO - Processing /opt/airflow/dags/taskflow_api.py took 0.066 seconds
[2024-03-22T00:53:52.424+0000] {processor.py:161} INFO - Started process (PID=5028) to work on /opt/airflow/dags/taskflow_api.py
[2024-03-22T00:53:52.425+0000] {processor.py:830} INFO - Processing file /opt/airflow/dags/taskflow_api.py for tasks to queue
[2024-03-22T00:53:52.427+0000] {logging_mixin.py:188} INFO - [2024-03-22T00:53:52.426+0000] {dagbag.py:538} INFO - Filling up the DagBag from /opt/airflow/dags/taskflow_api.py
[2024-03-22T00:53:52.439+0000] {processor.py:840} INFO - DAG(s) 'taskflow_api' retrieved from /opt/airflow/dags/taskflow_api.py
[2024-03-22T00:53:52.456+0000] {logging_mixin.py:188} INFO - [2024-03-22T00:53:52.456+0000] {dag.py:3036} INFO - Sync 1 DAGs
[2024-03-22T00:53:52.465+0000] {logging_mixin.py:188} INFO - [2024-03-22T00:53:52.465+0000] {dag.py:3823} INFO - Setting next_dagrun for taskflow_api to None, run_after=None
[2024-03-22T00:53:52.481+0000] {processor.py:183} INFO - Processing /opt/airflow/dags/taskflow_api.py took 0.060 seconds
[2024-03-22T00:54:22.641+0000] {processor.py:161} INFO - Started process (PID=5092) to work on /opt/airflow/dags/taskflow_api.py
[2024-03-22T00:54:22.642+0000] {processor.py:830} INFO - Processing file /opt/airflow/dags/taskflow_api.py for tasks to queue
[2024-03-22T00:54:22.642+0000] {logging_mixin.py:188} INFO - [2024-03-22T00:54:22.642+0000] {dagbag.py:538} INFO - Filling up the DagBag from /opt/airflow/dags/taskflow_api.py
[2024-03-22T00:54:22.653+0000] {processor.py:840} INFO - DAG(s) 'taskflow_api' retrieved from /opt/airflow/dags/taskflow_api.py
[2024-03-22T00:54:22.667+0000] {logging_mixin.py:188} INFO - [2024-03-22T00:54:22.667+0000] {dag.py:3036} INFO - Sync 1 DAGs
[2024-03-22T00:54:22.676+0000] {logging_mixin.py:188} INFO - [2024-03-22T00:54:22.676+0000] {dag.py:3823} INFO - Setting next_dagrun for taskflow_api to None, run_after=None
[2024-03-22T00:54:22.690+0000] {processor.py:183} INFO - Processing /opt/airflow/dags/taskflow_api.py took 0.052 seconds
[2024-03-22T00:54:52.910+0000] {processor.py:161} INFO - Started process (PID=5156) to work on /opt/airflow/dags/taskflow_api.py
[2024-03-22T00:54:52.911+0000] {processor.py:830} INFO - Processing file /opt/airflow/dags/taskflow_api.py for tasks to queue
[2024-03-22T00:54:52.912+0000] {logging_mixin.py:188} INFO - [2024-03-22T00:54:52.912+0000] {dagbag.py:538} INFO - Filling up the DagBag from /opt/airflow/dags/taskflow_api.py
[2024-03-22T00:54:52.924+0000] {processor.py:840} INFO - DAG(s) 'taskflow_api' retrieved from /opt/airflow/dags/taskflow_api.py
[2024-03-22T00:54:52.941+0000] {logging_mixin.py:188} INFO - [2024-03-22T00:54:52.940+0000] {dag.py:3036} INFO - Sync 1 DAGs
[2024-03-22T00:54:52.951+0000] {logging_mixin.py:188} INFO - [2024-03-22T00:54:52.951+0000] {dag.py:3823} INFO - Setting next_dagrun for taskflow_api to None, run_after=None
[2024-03-22T00:54:52.968+0000] {processor.py:183} INFO - Processing /opt/airflow/dags/taskflow_api.py took 0.061 seconds
[2024-03-22T00:56:00.846+0000] {processor.py:161} INFO - Started process (PID=44) to work on /opt/airflow/dags/taskflow_api.py
[2024-03-22T00:56:00.849+0000] {processor.py:830} INFO - Processing file /opt/airflow/dags/taskflow_api.py for tasks to queue
[2024-03-22T00:56:00.857+0000] {logging_mixin.py:188} INFO - [2024-03-22T00:56:00.857+0000] {dagbag.py:538} INFO - Filling up the DagBag from /opt/airflow/dags/taskflow_api.py
[2024-03-22T00:56:00.878+0000] {processor.py:840} INFO - DAG(s) 'taskflow_api' retrieved from /opt/airflow/dags/taskflow_api.py
[2024-03-22T00:56:01.016+0000] {logging_mixin.py:188} INFO - [2024-03-22T00:56:01.015+0000] {dag.py:3036} INFO - Sync 1 DAGs
[2024-03-22T00:56:01.029+0000] {logging_mixin.py:188} INFO - [2024-03-22T00:56:01.029+0000] {dag.py:3823} INFO - Setting next_dagrun for taskflow_api to None, run_after=None
[2024-03-22T00:56:01.053+0000] {processor.py:183} INFO - Processing /opt/airflow/dags/taskflow_api.py took 0.213 seconds
[2024-03-22T00:56:31.468+0000] {processor.py:161} INFO - Started process (PID=108) to work on /opt/airflow/dags/taskflow_api.py
[2024-03-22T00:56:31.469+0000] {processor.py:830} INFO - Processing file /opt/airflow/dags/taskflow_api.py for tasks to queue
[2024-03-22T00:56:31.471+0000] {logging_mixin.py:188} INFO - [2024-03-22T00:56:31.471+0000] {dagbag.py:538} INFO - Filling up the DagBag from /opt/airflow/dags/taskflow_api.py
[2024-03-22T00:56:31.486+0000] {processor.py:840} INFO - DAG(s) 'taskflow_api' retrieved from /opt/airflow/dags/taskflow_api.py
[2024-03-22T00:56:31.506+0000] {logging_mixin.py:188} INFO - [2024-03-22T00:56:31.505+0000] {dag.py:3036} INFO - Sync 1 DAGs
[2024-03-22T00:56:31.517+0000] {logging_mixin.py:188} INFO - [2024-03-22T00:56:31.517+0000] {dag.py:3823} INFO - Setting next_dagrun for taskflow_api to None, run_after=None
[2024-03-22T00:56:31.533+0000] {processor.py:183} INFO - Processing /opt/airflow/dags/taskflow_api.py took 0.067 seconds
[2024-03-22T00:57:01.716+0000] {processor.py:161} INFO - Started process (PID=172) to work on /opt/airflow/dags/taskflow_api.py
[2024-03-22T00:57:01.718+0000] {processor.py:830} INFO - Processing file /opt/airflow/dags/taskflow_api.py for tasks to queue
[2024-03-22T00:57:01.719+0000] {logging_mixin.py:188} INFO - [2024-03-22T00:57:01.718+0000] {dagbag.py:538} INFO - Filling up the DagBag from /opt/airflow/dags/taskflow_api.py
[2024-03-22T00:57:01.731+0000] {processor.py:840} INFO - DAG(s) 'taskflow_api' retrieved from /opt/airflow/dags/taskflow_api.py
[2024-03-22T00:57:01.745+0000] {logging_mixin.py:188} INFO - [2024-03-22T00:57:01.745+0000] {dag.py:3036} INFO - Sync 1 DAGs
[2024-03-22T00:57:01.756+0000] {logging_mixin.py:188} INFO - [2024-03-22T00:57:01.756+0000] {dag.py:3823} INFO - Setting next_dagrun for taskflow_api to None, run_after=None
[2024-03-22T00:57:01.773+0000] {processor.py:183} INFO - Processing /opt/airflow/dags/taskflow_api.py took 0.060 seconds
[2024-03-22T00:57:50.385+0000] {processor.py:161} INFO - Started process (PID=44) to work on /opt/airflow/dags/taskflow_api.py
[2024-03-22T00:57:50.386+0000] {processor.py:830} INFO - Processing file /opt/airflow/dags/taskflow_api.py for tasks to queue
[2024-03-22T00:57:50.387+0000] {logging_mixin.py:188} INFO - [2024-03-22T00:57:50.387+0000] {dagbag.py:538} INFO - Filling up the DagBag from /opt/airflow/dags/taskflow_api.py
[2024-03-22T00:57:50.402+0000] {processor.py:840} INFO - DAG(s) 'taskflow_api' retrieved from /opt/airflow/dags/taskflow_api.py
[2024-03-22T00:57:50.490+0000] {logging_mixin.py:188} INFO - [2024-03-22T00:57:50.489+0000] {dag.py:3036} INFO - Sync 1 DAGs
[2024-03-22T00:57:50.499+0000] {logging_mixin.py:188} INFO - [2024-03-22T00:57:50.498+0000] {dag.py:3823} INFO - Setting next_dagrun for taskflow_api to None, run_after=None
[2024-03-22T00:57:50.520+0000] {processor.py:183} INFO - Processing /opt/airflow/dags/taskflow_api.py took 0.138 seconds
[2024-03-22T00:58:20.669+0000] {processor.py:161} INFO - Started process (PID=108) to work on /opt/airflow/dags/taskflow_api.py
[2024-03-22T00:58:20.670+0000] {processor.py:830} INFO - Processing file /opt/airflow/dags/taskflow_api.py for tasks to queue
[2024-03-22T00:58:20.671+0000] {logging_mixin.py:188} INFO - [2024-03-22T00:58:20.671+0000] {dagbag.py:538} INFO - Filling up the DagBag from /opt/airflow/dags/taskflow_api.py
[2024-03-22T00:58:20.681+0000] {processor.py:840} INFO - DAG(s) 'taskflow_api' retrieved from /opt/airflow/dags/taskflow_api.py
[2024-03-22T00:58:20.752+0000] {logging_mixin.py:188} INFO - [2024-03-22T00:58:20.752+0000] {dag.py:3036} INFO - Sync 1 DAGs
[2024-03-22T00:58:20.760+0000] {logging_mixin.py:188} INFO - [2024-03-22T00:58:20.760+0000] {dag.py:3823} INFO - Setting next_dagrun for taskflow_api to None, run_after=None
[2024-03-22T00:58:20.776+0000] {processor.py:183} INFO - Processing /opt/airflow/dags/taskflow_api.py took 0.110 seconds
[2024-03-22T00:58:50.906+0000] {processor.py:161} INFO - Started process (PID=172) to work on /opt/airflow/dags/taskflow_api.py
[2024-03-22T00:58:50.907+0000] {processor.py:830} INFO - Processing file /opt/airflow/dags/taskflow_api.py for tasks to queue
[2024-03-22T00:58:50.909+0000] {logging_mixin.py:188} INFO - [2024-03-22T00:58:50.908+0000] {dagbag.py:538} INFO - Filling up the DagBag from /opt/airflow/dags/taskflow_api.py
[2024-03-22T00:58:50.919+0000] {processor.py:840} INFO - DAG(s) 'taskflow_api' retrieved from /opt/airflow/dags/taskflow_api.py
[2024-03-22T00:58:50.934+0000] {logging_mixin.py:188} INFO - [2024-03-22T00:58:50.933+0000] {dag.py:3036} INFO - Sync 1 DAGs
[2024-03-22T00:58:50.943+0000] {logging_mixin.py:188} INFO - [2024-03-22T00:58:50.943+0000] {dag.py:3823} INFO - Setting next_dagrun for taskflow_api to None, run_after=None
[2024-03-22T00:58:50.959+0000] {processor.py:183} INFO - Processing /opt/airflow/dags/taskflow_api.py took 0.055 seconds
[2024-03-22T00:59:46.641+0000] {processor.py:161} INFO - Started process (PID=44) to work on /opt/airflow/dags/taskflow_api.py
[2024-03-22T00:59:46.642+0000] {processor.py:830} INFO - Processing file /opt/airflow/dags/taskflow_api.py for tasks to queue
[2024-03-22T00:59:46.644+0000] {logging_mixin.py:188} INFO - [2024-03-22T00:59:46.644+0000] {dagbag.py:538} INFO - Filling up the DagBag from /opt/airflow/dags/taskflow_api.py
[2024-03-22T00:59:46.664+0000] {processor.py:840} INFO - DAG(s) 'taskflow_api' retrieved from /opt/airflow/dags/taskflow_api.py
[2024-03-22T00:59:46.789+0000] {logging_mixin.py:188} INFO - [2024-03-22T00:59:46.788+0000] {dag.py:3036} INFO - Sync 1 DAGs
[2024-03-22T00:59:46.801+0000] {logging_mixin.py:188} INFO - [2024-03-22T00:59:46.801+0000] {dag.py:3823} INFO - Setting next_dagrun for taskflow_api to None, run_after=None
[2024-03-22T00:59:46.822+0000] {processor.py:183} INFO - Processing /opt/airflow/dags/taskflow_api.py took 0.186 seconds
[2024-03-22T01:00:17.290+0000] {processor.py:161} INFO - Started process (PID=108) to work on /opt/airflow/dags/taskflow_api.py
[2024-03-22T01:00:17.291+0000] {processor.py:830} INFO - Processing file /opt/airflow/dags/taskflow_api.py for tasks to queue
[2024-03-22T01:00:17.293+0000] {logging_mixin.py:188} INFO - [2024-03-22T01:00:17.293+0000] {dagbag.py:538} INFO - Filling up the DagBag from /opt/airflow/dags/taskflow_api.py
[2024-03-22T01:00:17.302+0000] {processor.py:840} INFO - DAG(s) 'taskflow_api' retrieved from /opt/airflow/dags/taskflow_api.py
[2024-03-22T01:00:17.369+0000] {logging_mixin.py:188} INFO - [2024-03-22T01:00:17.369+0000] {dag.py:3036} INFO - Sync 1 DAGs
[2024-03-22T01:00:17.377+0000] {logging_mixin.py:188} INFO - [2024-03-22T01:00:17.376+0000] {dag.py:3823} INFO - Setting next_dagrun for taskflow_api to None, run_after=None
[2024-03-22T01:00:17.396+0000] {processor.py:183} INFO - Processing /opt/airflow/dags/taskflow_api.py took 0.108 seconds
[2024-03-22T01:00:48.351+0000] {processor.py:161} INFO - Started process (PID=172) to work on /opt/airflow/dags/taskflow_api.py
[2024-03-22T01:00:48.352+0000] {processor.py:830} INFO - Processing file /opt/airflow/dags/taskflow_api.py for tasks to queue
[2024-03-22T01:00:48.353+0000] {logging_mixin.py:188} INFO - [2024-03-22T01:00:48.353+0000] {dagbag.py:538} INFO - Filling up the DagBag from /opt/airflow/dags/taskflow_api.py
[2024-03-22T01:00:48.363+0000] {processor.py:840} INFO - DAG(s) 'taskflow_api' retrieved from /opt/airflow/dags/taskflow_api.py
[2024-03-22T01:00:48.378+0000] {logging_mixin.py:188} INFO - [2024-03-22T01:00:48.377+0000] {dag.py:3036} INFO - Sync 1 DAGs
[2024-03-22T01:00:48.387+0000] {logging_mixin.py:188} INFO - [2024-03-22T01:00:48.386+0000] {dag.py:3823} INFO - Setting next_dagrun for taskflow_api to None, run_after=None
[2024-03-22T01:00:48.405+0000] {processor.py:183} INFO - Processing /opt/airflow/dags/taskflow_api.py took 0.056 seconds
