[2024-03-21T20:24:32.885+0000] {taskinstance.py:1956} INFO - Dependencies all met for dep_context=non-requeueable deps ti=<TaskInstance: fundamental_concepts.templated manual__2024-03-21T20:24:27.582514+00:00 [queued]>
[2024-03-21T20:24:32.899+0000] {taskinstance.py:1956} INFO - Dependencies all met for dep_context=requeueable deps ti=<TaskInstance: fundamental_concepts.templated manual__2024-03-21T20:24:27.582514+00:00 [queued]>
[2024-03-21T20:24:32.900+0000] {taskinstance.py:2170} INFO - Starting attempt 1 of 2
[2024-03-21T20:24:32.922+0000] {taskinstance.py:2191} INFO - Executing <Task(BashOperator): templated> on 2024-03-21 20:24:27.582514+00:00
[2024-03-21T20:24:32.932+0000] {standard_task_runner.py:60} INFO - Started process 117 to run task
[2024-03-21T20:24:32.937+0000] {standard_task_runner.py:87} INFO - Running: ['***', 'tasks', 'run', 'fundamental_concepts', 'templated', 'manual__2024-03-21T20:24:27.582514+00:00', '--job-id', '37', '--raw', '--subdir', 'DAGS_FOLDER/fundamental_concepts.py', '--cfg-path', '/tmp/tmp0jl_ywc8']
[2024-03-21T20:24:32.941+0000] {standard_task_runner.py:88} INFO - Job 37: Subtask templated
[2024-03-21T20:24:33.004+0000] {task_command.py:423} INFO - Running <TaskInstance: fundamental_concepts.templated manual__2024-03-21T20:24:27.582514+00:00 [running]> on host 2bc1158d847b
[2024-03-21T20:24:33.088+0000] {taskinstance.py:2480} INFO - Exporting env vars: AIRFLOW_CTX_DAG_EMAIL='***@example.com' AIRFLOW_CTX_DAG_OWNER='***' AIRFLOW_CTX_DAG_ID='fundamental_concepts' AIRFLOW_CTX_TASK_ID='templated' AIRFLOW_CTX_EXECUTION_DATE='2024-03-21T20:24:27.582514+00:00' AIRFLOW_CTX_TRY_NUMBER='1' AIRFLOW_CTX_DAG_RUN_ID='manual__2024-03-21T20:24:27.582514+00:00'
[2024-03-21T20:24:33.091+0000] {subprocess.py:63} INFO - Tmp dir root location: /tmp
[2024-03-21T20:24:33.092+0000] {subprocess.py:75} INFO - Running command: ['/usr/bin/bash', '-c', '\n\n    echo "2024-03-21"\n    echo "2024-03-28"\n\n    echo "2024-03-21"\n    echo "2024-03-28"\n\n    echo "2024-03-21"\n    echo "2024-03-28"\n\n    echo "2024-03-21"\n    echo "2024-03-28"\n\n    echo "2024-03-21"\n    echo "2024-03-28"\n']
[2024-03-21T20:24:33.103+0000] {subprocess.py:86} INFO - Output:
[2024-03-21T20:24:33.105+0000] {subprocess.py:93} INFO - 2024-03-21
[2024-03-21T20:24:33.106+0000] {subprocess.py:93} INFO - 2024-03-28
[2024-03-21T20:24:33.106+0000] {subprocess.py:93} INFO - 2024-03-21
[2024-03-21T20:24:33.107+0000] {subprocess.py:93} INFO - 2024-03-28
[2024-03-21T20:24:33.107+0000] {subprocess.py:93} INFO - 2024-03-21
[2024-03-21T20:24:33.107+0000] {subprocess.py:93} INFO - 2024-03-28
[2024-03-21T20:24:33.107+0000] {subprocess.py:93} INFO - 2024-03-21
[2024-03-21T20:24:33.108+0000] {subprocess.py:93} INFO - 2024-03-28
[2024-03-21T20:24:33.108+0000] {subprocess.py:93} INFO - 2024-03-21
[2024-03-21T20:24:33.109+0000] {subprocess.py:93} INFO - 2024-03-28
[2024-03-21T20:24:33.110+0000] {subprocess.py:97} INFO - Command exited with return code 0
[2024-03-21T20:24:33.134+0000] {taskinstance.py:1138} INFO - Marking task as SUCCESS. dag_id=fundamental_concepts, task_id=templated, execution_date=20240321T202427, start_date=20240321T202432, end_date=20240321T202433
[2024-03-21T20:24:33.190+0000] {local_task_job_runner.py:234} INFO - Task exited with return code 0
[2024-03-21T20:24:33.209+0000] {taskinstance.py:3280} INFO - 0 downstream tasks scheduled from follow-on schedule check
